[DEBUG] Executing hooks for SessionStart:clear
[DEBUG] Getting matching hook commands for SessionStart with query: clear
[DEBUG] Found 0 hook matchers in settings
[DEBUG] Matched 0 unique hooks for query "clear" (0 before deduplication)
[DEBUG] Found 0 hook commands to execute
[DEBUG] FileHistory: Added snapshot for 2c41665d-7e9e-4b73-97fc-17dff3ce6af7, tracking 0 files
[DEBUG] Writing to temp file: /Users/walterday/.claude.json.tmp.2189.1760384421975
[DEBUG] Preserving file permissions: 100644
[DEBUG] Temp file written successfully, size: 1979522 bytes
[DEBUG] Applied original permissions to temp file
[DEBUG] Renaming /Users/walterday/.claude.json.tmp.2189.1760384421975 to /Users/walterday/.claude.json
[DEBUG] File /Users/walterday/.claude.json written atomically
[DEBUG] Writing to temp file: /Users/walterday/.claude.json.tmp.2189.1760384422024
[DEBUG] Preserving file permissions: 100644
[DEBUG] Temp file written successfully, size: 1979319 bytes
[DEBUG] Applied original permissions to temp file
[DEBUG] Renaming /Users/walterday/.claude.json.tmp.2189.1760384422024 to /Users/walterday/.claude.json
[DEBUG] File /Users/walterday/.claude.json written atomically
[DEBUG] AutoUpdaterWrapper: Installation type: npm-global, using native: false
[DEBUG] Hooks: getAsyncHookResponseAttachments called
[DEBUG] Hooks: checkForNewResponses called
[DEBUG] Hooks: Found 0 total hooks in registry
[DEBUG] Hooks: checkForNewResponses returning 0 responses
[DEBUG] Executing hooks for UserPromptSubmit
[DEBUG] Getting matching hook commands for UserPromptSubmit with query: undefined
[DEBUG] Found 1 hook matchers in settings
[DEBUG] Matched 1 unique hooks for query "no match query" (1 before deduplication)
[DEBUG] Found 1 hook commands to execute
[DEBUG] Executing hook command: /Users/walterday/.claude/hooks/post-branch-create.sh with timeout 60000ms
[DEBUG] Hook command completed with status 0: /Users/walterday/.claude/hooks/post-branch-create.sh
[DEBUG] Hook output does not start with {, treating as plain text
[DEBUG] FileHistory: Making snapshot for message 2ebae5e2-1129-4234-8c89-eb0741714211
[DEBUG] FileHistory: Added snapshot for 2ebae5e2-1129-4234-8c89-eb0741714211, tracking 0 files
[DEBUG] Slash commands included in SlashCommand tool: /bug, /seek, /implement
[DEBUG] AutoUpdaterWrapper: Installation type: npm-global, using native: false
[DEBUG] Writing to temp file: /Users/walterday/.claude.json.tmp.2189.1760384426531
[DEBUG] Preserving file permissions: 100644
[DEBUG] Temp file written successfully, size: 1979319 bytes
[DEBUG] Applied original permissions to temp file
[DEBUG] Renaming /Users/walterday/.claude.json.tmp.2189.1760384426531 to /Users/walterday/.claude.json
[DEBUG] File /Users/walterday/.claude.json written atomically
[DEBUG] Stream started - received first chunk
[DEBUG] Getting matching hook commands for SessionEnd with query: undefined
[DEBUG] Found 0 hook matchers in settings
[DEBUG] Matched 0 unique hooks for query "no match query" (0 before deduplication)
[DEBUG] Cleaned up session snapshot: /Users/walterday/.claude/shell-snapshots/snapshot-bash-1760378459601-ubuwl6.sh
[DEBUG] MCP server "basic-memory": Sending SIGINT to MCP server process
[DEBUG] MCP server "basic-memory": SIGINT failed, sending SIGTERM to MCP server process
[ERROR] MCP server "basic-memory" Server stderr: /opt/homebrew/Cellar/python@3.13/3.13.7/Frameworks/Python.framework/Versions/3.13/lib/python3.13/multiprocessing/resource_tracker.py:324: UserWarning: resource_tracker: There appear to be 8 leaked semaphore objects to clean up at shutdown: {'/mp-va4p20vq', '/mp-vrzs2vqh', '/mp-71yml1mu', '/mp-ox1to7jn', '/mp-ldv8dvwz', '/mp-jhrogeuk', '/mp-cey8yb4t', '/mp-hq7u953y'}
  warnings.warn(
[DEBUG] MCP server "basic-memory": MCP server process exited cleanly
[DEBUG] Writing to temp file: /Users/walterday/.claude.json.tmp.2189.1760384430127
[DEBUG] Preserving file permissions: 100644
[DEBUG] Temp file written successfully, size: 1979330 bytes
[DEBUG] Applied original permissions to temp file
[DEBUG] Renaming /Users/walterday/.claude.json.tmp.2189.1760384430127 to /Users/walterday/.claude.json
[DEBUG] File /Users/walterday/.claude.json written atomically
[DEBUG] Writing to temp file: /Users/walterday/.claude.json.tmp.11251.1760384432912
[DEBUG] Preserving file permissions: 100644
[DEBUG] Temp file written successfully, size: 1978792 bytes
[DEBUG] Applied original permissions to temp file
[DEBUG] Renaming /Users/walterday/.claude.json.tmp.11251.1760384432912 to /Users/walterday/.claude.json
[DEBUG] File /Users/walterday/.claude.json written atomically
[DEBUG] Writing to temp file: /Users/walterday/.claude.json.tmp.11251.1760384432952
[DEBUG] Preserving file permissions: 100644
[DEBUG] Temp file written successfully, size: 1978792 bytes
[DEBUG] Applied original permissions to temp file
[DEBUG] Renaming /Users/walterday/.claude.json.tmp.11251.1760384432952 to /Users/walterday/.claude.json
[DEBUG] File /Users/walterday/.claude.json written atomically
[DEBUG] AutoUpdaterWrapper: Installation type: npm-global, using native: false
[DEBUG] performStartupChecks called, ENABLE_PLUGINS=true
[DEBUG] Starting background plugin installations
[DEBUG] performBackgroundPluginInstallations called
[DEBUG] Writing to temp file: /Users/walterday/.claude.json.tmp.11251.1760384433028
[DEBUG] Preserving file permissions: 100644
[DEBUG] Temp file written successfully, size: 1978900 bytes
[DEBUG] Applied original permissions to temp file
[DEBUG] Renaming /Users/walterday/.claude.json.tmp.11251.1760384433028 to /Users/walterday/.claude.json
[DEBUG] File /Users/walterday/.claude.json written atomically
[DEBUG] Setting installation status: 0 marketplaces, 0 installable plugins, 0 uninstallable plugins
[DEBUG] Loaded plugins - Enabled: 0, Disabled: 0, Commands: 0, Agents: 0, Errors: 0
[ERROR] MCP server "basic-memory" Server stderr: 2025-10-13 15:40:33.070 | INFO     | basic_memory.utils:setup_logging:167 - ENV: 'dev' Log level: 'INFO' Logging to .basic-memory/basic-memory-mcp.log
[ERROR] MCP server "basic-memory" Server stderr: 2025-10-13 15:40:33.070 | INFO     | basic_memory.config:setup_basic_memory_logging:367 - Basic Memory 0.14.3 (Project: subagents)
[DEBUG] Summarizing last 4 of 86 messages (~117075 tokens)
[ERROR] MCP server "basic-memory" Server stderr: 2025-10-13 15:40:34.327 | DEBUG    | basic_memory.api.template_loader:__init__:235 - Initialized template loader with directory: /Users/walterday/.local/share/uv/tools/basic-memory/lib/python3.13/site-packages/basic_memory/templates
[ERROR] MCP server "basic-memory" Server stderr: 2025-10-13 15:40:34.443 | DEBUG    | basic_memory.mcp.async_client:create_client:23 - Creating ASGI client for local Basic Memory API
[ERROR] MCP server "basic-memory" Server stderr: 2025-10-13 15:40:34.500 | INFO     | basic_memory.services.initialization:initialize_app:156 - Initializing app...
[ERROR] MCP server "basic-memory" Server stderr: 2025-10-13 15:40:34.501 | DEBUG    | basic_memory.db:_create_engine_and_session:81 - Creating engine for db_url: sqlite+aiosqlite:////Users/walterday/.basic-memory/memory.db
[ERROR] MCP server "basic-memory" Server stderr: 2025-10-13 15:40:34.509 | INFO     | basic_memory.db:run_migrations:176 - Running database migrations...
[ERROR] MCP server "basic-memory" Server stderr: 2025-10-13 15:40:34.518 | ERROR    | basic_memory.db:run_migrations:210 - Error running migrations: Can't locate revision identified by 'a1b2c3d4e5f6'
[ERROR] MCP server "basic-memory" Server stderr: 2025-10-13 15:40:34.518 | ERROR    | basic_memory.services.initialization:initialize_database:32 - Error initializing database: Can't locate revision identified by 'a1b2c3d4e5f6'
2025-10-13 15:40:34.518 | INFO     | basic_memory.services.initialization:reconcile_projects_with_config:47 - Reconciling projects from config with database...
[ERROR] MCP server "basic-memory" Server stderr: 2025-10-13 15:40:34.519 | INFO     | basic_memory.services.project_service:synchronize_projects:233 - Synchronizing projects between database and configuration
[ERROR] MCP server "basic-memory" Server stderr: 2025-10-13 15:40:34.530 | DEBUG    | basic_memory.repository.repository:find_all:157 - Finding all Project (skip=0, limit=None)
[ERROR] MCP server "basic-memory" Server stderr: 2025-10-13 15:40:34.533 | DEBUG    | basic_memory.repository.repository:find_all:170 - Found 4 Project records
[ERROR] MCP server "basic-memory" Server stderr: 2025-10-13 15:40:34.537 | INFO     | basic_memory.services.project_service:synchronize_projects:301 - Project synchronization complete
[ERROR] MCP server "basic-memory" Server stderr: 2025-10-13 15:40:34.538 | INFO     | basic_memory.mcp.project_session:initialize:34 - Initialized project session with default project: subagents
[ERROR] MCP server "basic-memory" Server stderr: 2025-10-13 15:40:34.538 | INFO     | basic_memory.mcp.project_session:refresh_from_config:81 - Refreshed project session from config, new default: subagents
2025-10-13 15:40:34.538 | INFO     | basic_memory.services.initialization:reconcile_projects_with_config:64 - Projects successfully reconciled between config and database
[ERROR] MCP server "basic-memory" Server stderr: 2025-10-13 15:40:34.538 | INFO     | basic_memory.services.initialization:initialize_app:163 - App initialization completed (migration running in background if needed)
[ERROR] MCP server "basic-memory" Server stderr: 2025-10-13 15:40:34.539 | INFO     | basic_memory.services.initialization:ensure_initialization:177 - Initialization completed successfully: result=None
[ERROR] MCP server "basic-memory" Server stderr: 2025-10-13 15:40:34.539 | INFO     | basic_memory.mcp.project_session:set_current_project:53 - Switched project context: subagents -> subagents
[ERROR] MCP server "basic-memory" Server stderr: 2025-10-13 15:40:34.540 | INFO     | basic_memory.cli.commands.mcp:mcp:56 - Sync changes enabled: True
[ERROR] MCP server "basic-memory" Server stderr: 2025-10-13 15:40:34.541 | INFO     | basic_memory.cli.commands.mcp:mcp:61 - Started file sync in background
[ERROR] MCP server "basic-memory" Server stderr: 2025-10-13 15:40:34.541 | INFO     | basic_memory.cli.commands.mcp:mcp:64 - Starting MCP server with STDIO transport
[ERROR] MCP server "basic-memory" Server stderr: 2025-10-13 15:40:34.546 | INFO     | basic_memory.services.initialization:initialize_file_sync:109 - Starting sync for project: main
[ERROR] MCP server "basic-memory" Server stderr: ‚ï≠‚îÄ FastMCP 2.0 ‚îÄ‚îÄ‚îÄ‚îÄ‚îÄ‚îÄ‚îÄ‚îÄ‚îÄ‚îÄ‚îÄ‚îÄ‚îÄ‚îÄ‚îÄ‚îÄ‚îÄ‚îÄ‚îÄ‚îÄ‚îÄ‚îÄ‚îÄ‚îÄ‚îÄ‚îÄ‚îÄ‚îÄ‚îÄ‚îÄ‚îÄ‚îÄ‚îÄ‚îÄ‚îÄ‚îÄ‚îÄ‚îÄ‚îÄ‚îÄ‚îÄ‚îÄ‚îÄ‚îÄ‚îÄ‚îÄ‚îÄ‚îÄ‚îÄ‚îÄ‚îÄ‚îÄ‚îÄ‚îÄ‚îÄ‚îÄ‚îÄ‚îÄ‚îÄ‚îÄ‚îÄ‚îÄ‚îÄ‚îÄ‚ïÆ
‚îÇ                                                                              ‚îÇ
‚îÇ                                                                              ‚îÇ
‚îÇ         _ __ ___ ______           __  __  _____________       ____           ‚îÇ
‚îÇ     ____                                                                     ‚îÇ
‚îÇ        _ __ ___ / ____/___ ______/ /_/  |/  / ____/ __ \     |___ \  /       ‚îÇ
‚îÇ     __ \                                                                     ‚îÇ
‚îÇ       _ __ ___ / /_  / __ `/ ___/ __/ /|_/ / /   / /_/ /     ___/ / / /      ‚îÇ
‚îÇ     / /                                                                      ‚îÇ
‚îÇ      _ __ ___ / __/ / /_/ (__  ) /_/ /  / / /___/ ____/     /  __/_/ /_/     ‚îÇ
‚îÇ     /                                                                        ‚îÇ
‚îÇ     _ __ ___ /_/    \__,_/____/\__/_/  /_/\____/_/                           ‚îÇ
‚îÇ     /_____(_)____/                                                           ‚îÇ
‚îÇ                                                                              ‚îÇ
‚îÇ                                                                              ‚îÇ
‚îÇ                                                                              ‚îÇ
‚îÇ     üñ•Ô∏è  Server name:     Basic Memory                                         ‚îÇ
‚îÇ     üì¶ Transport:       STDIO                                                ‚îÇ
‚îÇ                                                                              ‚îÇ
‚îÇ     üìö Docs:            https://gofastmcp.com                                ‚îÇ
‚îÇ     üöÄ Deploy:          https://fastmcp.cloud                                ‚îÇ
‚îÇ                                                                              ‚îÇ
‚îÇ     üèéÔ∏è  FastMCP version: 2.10.2                                               ‚îÇ
‚îÇ     ü§ù MCP version:     1.13.0                                               ‚îÇ
‚îÇ                                                                              ‚îÇ
‚îÇ                                                                              ‚îÇ
‚ï∞‚îÄ‚îÄ‚îÄ‚îÄ‚îÄ‚îÄ‚îÄ‚îÄ‚îÄ‚îÄ‚îÄ‚îÄ‚îÄ‚îÄ‚îÄ‚îÄ‚îÄ‚îÄ‚îÄ‚îÄ‚îÄ‚îÄ‚îÄ‚îÄ‚îÄ‚îÄ‚îÄ‚îÄ‚îÄ‚îÄ‚îÄ‚îÄ‚îÄ‚îÄ‚îÄ‚îÄ‚îÄ‚îÄ‚îÄ‚îÄ‚îÄ‚îÄ‚îÄ‚îÄ‚îÄ‚îÄ‚îÄ‚îÄ‚îÄ‚îÄ‚îÄ‚îÄ‚îÄ‚îÄ‚îÄ‚îÄ‚îÄ‚îÄ‚îÄ‚îÄ‚îÄ‚îÄ‚îÄ‚îÄ‚îÄ‚îÄ‚îÄ‚îÄ‚îÄ‚îÄ‚îÄ‚îÄ‚îÄ‚îÄ‚îÄ‚îÄ‚îÄ‚îÄ‚ïØ
[ERROR] MCP server "basic-memory" Server stderr: [10/13/25 15:40:34] INFO     Starting MCP server 'Basic Memory'   server.py:1352
                             with transport 'stdio'
[ERROR] MCP server "basic-memory" Server stderr: 2025-10-13 15:40:34.558 | INFO     | basic_memory.services.initialization:initialize_app:156 - Initializing app...
[ERROR] MCP server "basic-memory" Server stderr: 2025-10-13 15:40:34.558 | INFO     | basic_memory.sync.sync_service:sync:88 - Sync operation started for directory: /Users/walterday/basic-memory
[ERROR] MCP server "basic-memory" Server stderr: 2025-10-13 15:40:34.558 | DEBUG    | basic_memory.repository.repository:find_all:157 - Finding all Entity (skip=0, limit=None)
[ERROR] MCP server "basic-memory" Server stderr: 2025-10-13 15:40:34.560 | INFO     | basic_memory.services.initialization:initialize_database:30 - Database initialization completed
[ERROR] MCP server "basic-memory" Server stderr: 2025-10-13 15:40:34.560 | INFO     | basic_memory.services.initialization:reconcile_projects_with_config:47 - Reconciling projects from config with database...
[ERROR] MCP server "basic-memory" Server stderr: 2025-10-13 15:40:34.564 | INFO     | basic_memory.services.project_service:synchronize_projects:233 - Synchronizing projects between database and configuration
[ERROR] MCP server "basic-memory" Server stderr: 2025-10-13 15:40:34.565 | DEBUG    | basic_memory.repository.repository:find_all:170 - Found 0 Entity records
[ERROR] MCP server "basic-memory" Server stderr: 2025-10-13 15:40:34.566 | INFO     | basic_memory.sync.sync_service:get_db_file_state:241 - Found 0 db records
[ERROR] MCP server "basic-memory" Server stderr: 2025-10-13 15:40:34.566 | INFO     | basic_memory.sync.sync_service:scan:189 - Scanning directory /Users/walterday/basic-memory. Found 0 db paths
2025-10-13 15:40:34.566 | DEBUG    | basic_memory.sync.sync_service:scan_directory:609 - Scanning directory /Users/walterday/basic-memory
[ERROR] MCP server "basic-memory" Server stderr: 2025-10-13 15:40:34.566 | DEBUG    | basic_memory.sync.sync_service:scan_directory:630 - /Users/walterday/basic-memory scan completed directory=/Users/walterday/basic-memory files_found=0 duration_ms=0
2025-10-13 15:40:34.566 | INFO     | basic_memory.sync.sync_service:scan:229 - Completed scan for directory /Users/walterday/basic-memory, found 0 changes.
[ERROR] MCP server "basic-memory" Server stderr: 2025-10-13 15:40:34.566 | INFO     | basic_memory.sync.sync_service:sync:109 - Sync changes detected: new_files=0, modified_files=0, deleted_files=0, moved_files=0
[ERROR] MCP server "basic-memory" Server stderr: 2025-10-13 15:40:34.569 | INFO     | basic_memory.sync.sync_service:resolve_relations:556 - Resolving forward references
[ERROR] MCP server "basic-memory" Server stderr: 2025-10-13 15:40:34.569 | INFO     | basic_memory.sync.sync_service:sync:179 - Sync operation completed: directory=/Users/walterday/basic-memory, total_changes=0, duration_ms=10
2025-10-13 15:40:34.569 | INFO     | basic_memory.services.initialization:initialize_file_sync:115 - Sync completed successfully for project: main
2025-10-13 15:40:34.569 | INFO     | basic_memory.services.initialization:initialize_file_sync:121 - Project main is now watching for changes
2025-10-13 15:40:34.570 | INFO     | basic_memory.services.initialization:initialize_file_sync:109 - Starting sync for project: tauri-docs
[ERROR] MCP server "basic-memory" Server stderr: 2025-10-13 15:40:34.574 | DEBUG    | basic_memory.repository.repository:find_all:157 - Finding all Project (skip=0, limit=None)
[ERROR] MCP server "basic-memory" Server stderr: 2025-10-13 15:40:34.574 | INFO     | basic_memory.sync.sync_service:sync:88 - Sync operation started for directory: /Users/walterday/Git/MerlinMines/Demos/tauri-demo-aug/first-project/docs
[ERROR] MCP server "basic-memory" Server stderr: 2025-10-13 15:40:34.574 | DEBUG    | basic_memory.repository.repository:find_all:157 - Finding all Entity (skip=0, limit=None)
[ERROR] MCP server "basic-memory" Server stderr: 2025-10-13 15:40:34.576 | DEBUG    | basic_memory.repository.repository:find_all:170 - Found 4 Project records
[ERROR] MCP server "basic-memory" Server stderr: 2025-10-13 15:40:34.581 | INFO     | basic_memory.services.project_service:synchronize_projects:301 - Project synchronization complete
[ERROR] MCP server "basic-memory" Server stderr: 2025-10-13 15:40:34.583 | INFO     | basic_memory.mcp.project_session:initialize:34 - Initialized project session with default project: subagents
[ERROR] MCP server "basic-memory" Server stderr: 2025-10-13 15:40:34.584 | INFO     | basic_memory.mcp.project_session:refresh_from_config:81 - Refreshed project session from config, new default: subagents
2025-10-13 15:40:34.584 | INFO     | basic_memory.services.initialization:reconcile_projects_with_config:64 - Projects successfully reconciled between config and database
2025-10-13 15:40:34.584 | INFO     | basic_memory.services.initialization:initialize_app:163 - App initialization completed (migration running in background if needed)
2025-10-13 15:40:34.584 | INFO     | basic_memory.mcp.project_session:initialize:34 - Initialized project session with default project: subagents
[DEBUG] MCP server "basic-memory": Successfully connected to stdio server in 1976ms
[DEBUG] MCP server "basic-memory": Connection established with capabilities: {"hasTools":true,"hasPrompts":true,"hasResources":true,"serverVersion":{"name":"Basic Memory","version":"1.13.0"}}
[ERROR] MCP server "basic-memory" Server stderr: 2025-10-13 15:40:34.593 | DEBUG    | basic_memory.repository.repository:find_all:170 - Found 7 Entity records
2025-10-13 15:40:34.594 | INFO     | basic_memory.sync.sync_service:get_db_file_state:241 - Found 7 db records
2025-10-13 15:40:34.594 | INFO     | basic_memory.sync.sync_service:scan:189 - Scanning directory /Users/walterday/Git/MerlinMines/Demos/tauri-demo-aug/first-project/docs. Found 7 db paths
2025-10-13 15:40:34.594 | DEBUG    | basic_memory.sync.sync_service:scan_directory:609 - Scanning directory /Users/walterday/Git/MerlinMines/Demos/tauri-demo-aug/first-project/docs
2025-10-13 15:40:34.598 | DEBUG    | basic_memory.sync.sync_service:scan_directory:630 - /Users/walterday/Git/MerlinMines/Demos/tauri-demo-aug/first-project/docs scan completed directory=/Users/walterday/Git/MerlinMines/Demos/tauri-demo-aug/first-project/docs files_found=7 duration_ms=4
2025-10-13 15:40:34.598 | INFO     | basic_memory.sync.sync_service:scan:229 - Completed scan for directory /Users/walterday/Git/MerlinMines/Demos/tauri-demo-aug/first-project/docs, found 0 changes.
2025-10-13 15:40:34.598 | INFO     | basic_memory.sync.sync_service:sync:109 - Sync changes detected: new_files=0, modified_files=0, deleted_files=0, moved_files=0
[ERROR] MCP server "basic-memory" Server stderr: 2025-10-13 15:40:34.600 | INFO     | basic_memory.sync.sync_service:resolve_relations:556 - Resolving forward references
2025-10-13 15:40:34.600 | INFO     | basic_memory.sync.sync_service:sync:179 - Sync operation completed: directory=/Users/walterday/Git/MerlinMines/Demos/tauri-demo-aug/first-project/docs, total_changes=0, duration_ms=25
2025-10-13 15:40:34.600 | INFO     | basic_memory.services.initialization:initialize_file_sync:115 - Sync completed successfully for project: tauri-docs
2025-10-13 15:40:34.600 | INFO     | basic_memory.services.initialization:initialize_file_sync:121 - Project tauri-docs is now watching for changes
2025-10-13 15:40:34.600 | INFO     | basic_memory.services.initialization:initialize_file_sync:109 - Starting sync for project: subagents
2025-10-13 15:40:34.603 | INFO     | basic_memory.sync.sync_service:sync:88 - Sync operation started for directory: /Users/walterday/projects/subagents
2025-10-13 15:40:34.603 | DEBUG    | basic_memory.repository.repository:find_all:157 - Finding all Entity (skip=0, limit=None)
[ERROR] MCP server "basic-memory" Server stderr: 2025-10-13 15:40:34.611 | DEBUG    | basic_memory.repository.repository:find_all:170 - Found 17 Entity records
[ERROR] MCP server "basic-memory" Server stderr: 2025-10-13 15:40:34.612 | INFO     | basic_memory.sync.sync_service:get_db_file_state:241 - Found 17 db records
[ERROR] MCP server "basic-memory" Server stderr: 2025-10-13 15:40:34.612 | INFO     | basic_memory.sync.sync_service:scan:189 - Scanning directory /Users/walterday/projects/subagents. Found 17 db paths
2025-10-13 15:40:34.612 | DEBUG    | basic_memory.sync.sync_service:scan_directory:609 - Scanning directory /Users/walterday/projects/subagents
[ERROR] MCP server "basic-memory" Server stderr: 2025-10-13 15:40:34.621 | DEBUG    | basic_memory.sync.sync_service:scan_directory:630 - /Users/walterday/projects/subagents scan completed directory=/Users/walterday/projects/subagents files_found=17 duration_ms=8
[ERROR] MCP server "basic-memory" Server stderr: 2025-10-13 15:40:34.621 | INFO     | basic_memory.sync.sync_service:scan:229 - Completed scan for directory /Users/walterday/projects/subagents, found 0 changes.
2025-10-13 15:40:34.621 | INFO     | basic_memory.sync.sync_service:sync:109 - Sync changes detected: new_files=0, modified_files=0, deleted_files=0, moved_files=0
[ERROR] MCP server "basic-memory" Server stderr: 2025-10-13 15:40:34.624 | INFO     | basic_memory.sync.sync_service:resolve_relations:556 - Resolving forward references
[ERROR] MCP server "basic-memory" Server stderr: 2025-10-13 15:40:34.624 | INFO     | basic_memory.sync.sync_service:sync:179 - Sync operation completed: directory=/Users/walterday/projects/subagents, total_changes=0, duration_ms=20
2025-10-13 15:40:34.624 | INFO     | basic_memory.services.initialization:initialize_file_sync:115 - Sync completed successfully for project: subagents
2025-10-13 15:40:34.624 | INFO     | basic_memory.services.initialization:initialize_file_sync:121 - Project subagents is now watching for changes
2025-10-13 15:40:34.624 | INFO     | basic_memory.services.initialization:initialize_file_sync:109 - Starting sync for project: firecrawl-docs
[ERROR] MCP server "basic-memory" Server stderr: 2025-10-13 15:40:34.628 | INFO     | basic_memory.sync.sync_service:sync:88 - Sync operation started for directory: /Users/walterday/Documents/firecrawl-knowledge
[ERROR] MCP server "basic-memory" Server stderr: 2025-10-13 15:40:34.628 | DEBUG    | basic_memory.repository.repository:find_all:157 - Finding all Entity (skip=0, limit=None)
[ERROR] MCP server "basic-memory" Server stderr: 2025-10-13 15:40:34.632 | DEBUG    | basic_memory.repository.repository:find_all:170 - Found 2 Entity records
[ERROR] MCP server "basic-memory" Server stderr: 2025-10-13 15:40:34.633 | INFO     | basic_memory.sync.sync_service:get_db_file_state:241 - Found 2 db records
2025-10-13 15:40:34.633 | INFO     | basic_memory.sync.sync_service:scan:189 - Scanning directory /Users/walterday/Documents/firecrawl-knowledge. Found 2 db paths
2025-10-13 15:40:34.633 | DEBUG    | basic_memory.sync.sync_service:scan_directory:609 - Scanning directory /Users/walterday/Documents/firecrawl-knowledge
[ERROR] MCP server "basic-memory" Server stderr: 2025-10-13 15:40:34.634 | DEBUG    | basic_memory.sync.sync_service:scan_directory:630 - /Users/walterday/Documents/firecrawl-knowledge scan completed directory=/Users/walterday/Documents/firecrawl-knowledge files_found=2 duration_ms=1
2025-10-13 15:40:34.635 | INFO     | basic_memory.sync.sync_service:scan:229 - Completed scan for directory /Users/walterday/Documents/firecrawl-knowledge, found 0 changes.
2025-10-13 15:40:34.635 | INFO     | basic_memory.sync.sync_service:sync:109 - Sync changes detected: new_files=0, modified_files=0, deleted_files=0, moved_files=0
2025-10-13 15:40:34.637 | INFO     | basic_memory.sync.sync_service:resolve_relations:556 - Resolving forward references
2025-10-13 15:40:34.637 | INFO     | basic_memory.sync.sync_service:sync:179 - Sync operation completed: directory=/Users/walterday/Documents/firecrawl-knowledge, total_changes=0, duration_ms=9
2025-10-13 15:40:34.637 | INFO     | basic_memory.services.initialization:initialize_file_sync:115 - Sync completed successfully for project: firecrawl-docs
2025-10-13 15:40:34.637 | INFO     | basic_memory.services.initialization:initialize_file_sync:121 - Project firecrawl-docs is now watching for changes
2025-10-13 15:40:34.637 | INFO     | basic_memory.services.initialization:initialize_file_sync:131 - Starting watch service for all projects
[ERROR] MCP server "basic-memory" Server stderr: 2025-10-13 15:40:34.639 | INFO     | basic_memory.sync.watch_service:run:94 - Watch service started
[DEBUG] AutoUpdaterWrapper: Installation type: npm-global, using native: false
[DEBUG] Hooks: getAsyncHookResponseAttachments called
[DEBUG] Hooks: checkForNewResponses called
[DEBUG] Hooks: Found 0 total hooks in registry
[DEBUG] Hooks: checkForNewResponses returning 0 responses
[DEBUG] Executing hooks for UserPromptSubmit
[DEBUG] Getting matching hook commands for UserPromptSubmit with query: undefined
[DEBUG] Found 1 hook matchers in settings
[DEBUG] Matched 1 unique hooks for query "no match query" (1 before deduplication)
[DEBUG] Found 1 hook commands to execute
[DEBUG] Executing hook command: /Users/walterday/.claude/hooks/post-branch-create.sh with timeout 60000ms
[DEBUG] Hook command completed with status 0: /Users/walterday/.claude/hooks/post-branch-create.sh
[DEBUG] Hook output does not start with {, treating as plain text
[DEBUG] FileHistory: Making snapshot for message 5c45792d-e551-4c1c-9692-eada6ba2af26
[DEBUG] FileHistory: Added snapshot for 5c45792d-e551-4c1c-9692-eada6ba2af26, tracking 0 files
[DEBUG] Slash commands included in SlashCommand tool: /bug, /seek, /implement
[DEBUG] AutoUpdaterWrapper: Installation type: npm-global, using native: false
[DEBUG] AutoUpdaterWrapper: Installation type: npm-global, using native: false
[DEBUG] Stream started - received first chunk
[DEBUG] AutoUpdaterWrapper: Installation type: npm-global, using native: false
[DEBUG] Writing to temp file: /Users/walterday/.claude.json.tmp.11251.1760384443686
[DEBUG] Preserving file permissions: 100644
[DEBUG] Temp file written successfully, size: 1978900 bytes
[DEBUG] Applied original permissions to temp file
[DEBUG] Renaming /Users/walterday/.claude.json.tmp.11251.1760384443686 to /Users/walterday/.claude.json
[DEBUG] File /Users/walterday/.claude.json written atomically
[DEBUG] executePreToolHooks called for tool: TodoWrite
[DEBUG] Executing hooks for PreToolUse:TodoWrite
[DEBUG] Getting matching hook commands for PreToolUse with query: TodoWrite
[DEBUG] Found 1 hook matchers in settings
[DEBUG] Matched 0 unique hooks for query "TodoWrite" (0 before deduplication)
[DEBUG] Found 0 hook commands to execute
[DEBUG] Writing to temp file: /Users/walterday/.claude/todos/2a03a9ab-f885-4883-8529-05f395d8695c-agent-2efa6156-9f45-4b58-9822-50aae4fe9092.json.tmp.11251.1760384444543
[DEBUG] Temp file written successfully, size: 2 bytes
[DEBUG] Renaming /Users/walterday/.claude/todos/2a03a9ab-f885-4883-8529-05f395d8695c-agent-2efa6156-9f45-4b58-9822-50aae4fe9092.json.tmp.11251.1760384444543 to /Users/walterday/.claude/todos/2a03a9ab-f885-4883-8529-05f395d8695c-agent-2efa6156-9f45-4b58-9822-50aae4fe9092.json
[DEBUG] File /Users/walterday/.claude/todos/2a03a9ab-f885-4883-8529-05f395d8695c-agent-2efa6156-9f45-4b58-9822-50aae4fe9092.json written atomically
[DEBUG] Writing to temp file: /Users/walterday/.claude/todos/2a03a9ab-f885-4883-8529-05f395d8695c-agent-2a03a9ab-f885-4883-8529-05f395d8695c.json.tmp.11251.1760384444553
[DEBUG] Temp file written successfully, size: 548 bytes
[DEBUG] Renaming /Users/walterday/.claude/todos/2a03a9ab-f885-4883-8529-05f395d8695c-agent-2a03a9ab-f885-4883-8529-05f395d8695c.json.tmp.11251.1760384444553 to /Users/walterday/.claude/todos/2a03a9ab-f885-4883-8529-05f395d8695c-agent-2a03a9ab-f885-4883-8529-05f395d8695c.json
[DEBUG] File /Users/walterday/.claude/todos/2a03a9ab-f885-4883-8529-05f395d8695c-agent-2a03a9ab-f885-4883-8529-05f395d8695c.json written atomically
[DEBUG] Executing hooks for PostToolUse:TodoWrite
[DEBUG] Getting matching hook commands for PostToolUse with query: TodoWrite
[DEBUG] Found 0 hook matchers in settings
[DEBUG] Matched 0 unique hooks for query "TodoWrite" (0 before deduplication)
[DEBUG] Found 0 hook commands to execute
[DEBUG] Hooks: getAsyncHookResponseAttachments called
[DEBUG] Hooks: checkForNewResponses called
[DEBUG] Hooks: Found 0 total hooks in registry
[DEBUG] Hooks: checkForNewResponses returning 0 responses
[DEBUG] Slash commands included in SlashCommand tool: /bug, /seek, /implement
[DEBUG] Stream started - received first chunk
[DEBUG] executePreToolHooks called for tool: TodoWrite
[DEBUG] Executing hooks for PreToolUse:TodoWrite
[DEBUG] Getting matching hook commands for PreToolUse with query: TodoWrite
[DEBUG] Found 1 hook matchers in settings
[DEBUG] Matched 0 unique hooks for query "TodoWrite" (0 before deduplication)
[DEBUG] Found 0 hook commands to execute
[DEBUG] Writing to temp file: /Users/walterday/.claude/todos/2a03a9ab-f885-4883-8529-05f395d8695c-agent-2efa6156-9f45-4b58-9822-50aae4fe9092.json.tmp.11251.1760384451602
[DEBUG] Preserving file permissions: 100644
[DEBUG] Temp file written successfully, size: 2 bytes
[DEBUG] Applied original permissions to temp file
[DEBUG] Renaming /Users/walterday/.claude/todos/2a03a9ab-f885-4883-8529-05f395d8695c-agent-2efa6156-9f45-4b58-9822-50aae4fe9092.json.tmp.11251.1760384451602 to /Users/walterday/.claude/todos/2a03a9ab-f885-4883-8529-05f395d8695c-agent-2efa6156-9f45-4b58-9822-50aae4fe9092.json
[DEBUG] File /Users/walterday/.claude/todos/2a03a9ab-f885-4883-8529-05f395d8695c-agent-2efa6156-9f45-4b58-9822-50aae4fe9092.json written atomically
[DEBUG] Writing to temp file: /Users/walterday/.claude/todos/2a03a9ab-f885-4883-8529-05f395d8695c-agent-2a03a9ab-f885-4883-8529-05f395d8695c.json.tmp.11251.1760384451610
[DEBUG] Preserving file permissions: 100644
[DEBUG] Temp file written successfully, size: 552 bytes
[DEBUG] Applied original permissions to temp file
[DEBUG] Renaming /Users/walterday/.claude/todos/2a03a9ab-f885-4883-8529-05f395d8695c-agent-2a03a9ab-f885-4883-8529-05f395d8695c.json.tmp.11251.1760384451610 to /Users/walterday/.claude/todos/2a03a9ab-f885-4883-8529-05f395d8695c-agent-2a03a9ab-f885-4883-8529-05f395d8695c.json
[DEBUG] File /Users/walterday/.claude/todos/2a03a9ab-f885-4883-8529-05f395d8695c-agent-2a03a9ab-f885-4883-8529-05f395d8695c.json written atomically
[DEBUG] Executing hooks for PostToolUse:TodoWrite
[DEBUG] Getting matching hook commands for PostToolUse with query: TodoWrite
[DEBUG] Found 0 hook matchers in settings
[DEBUG] Matched 0 unique hooks for query "TodoWrite" (0 before deduplication)
[DEBUG] Found 0 hook commands to execute
[DEBUG] Hooks: getAsyncHookResponseAttachments called
[DEBUG] Hooks: checkForNewResponses called
[DEBUG] Hooks: Found 0 total hooks in registry
[DEBUG] Hooks: checkForNewResponses returning 0 responses
[DEBUG] Slash commands included in SlashCommand tool: /bug, /seek, /implement
[DEBUG] Stream started - received first chunk
[DEBUG] executePreToolHooks called for tool: Bash
[DEBUG] Executing hooks for PreToolUse:Bash
[DEBUG] Getting matching hook commands for PreToolUse with query: Bash
[DEBUG] Found 1 hook matchers in settings
[DEBUG] Matched 0 unique hooks for query "Bash" (0 before deduplication)
[DEBUG] Found 0 hook commands to execute
[DEBUG] Bash tool invoked with command: git ls-files
[DEBUG] Bash tool description: List all tracked files in repository
[DEBUG] Executing hooks for PostToolUse:Bash
[DEBUG] Getting matching hook commands for PostToolUse with query: Bash
[DEBUG] Found 0 hook matchers in settings
[DEBUG] Matched 0 unique hooks for query "Bash" (0 before deduplication)
[DEBUG] Found 0 hook commands to execute
[DEBUG] Hooks: getAsyncHookResponseAttachments called
[DEBUG] Hooks: checkForNewResponses called
[DEBUG] Hooks: Found 0 total hooks in registry
[DEBUG] Hooks: checkForNewResponses returning 0 responses
[DEBUG] Slash commands included in SlashCommand tool: /bug, /seek, /implement
[DEBUG] Stream started - received first chunk
[DEBUG] executePreToolHooks called for tool: TodoWrite
[DEBUG] Executing hooks for PreToolUse:TodoWrite
[DEBUG] Getting matching hook commands for PreToolUse with query: TodoWrite
[DEBUG] Found 1 hook matchers in settings
[DEBUG] Matched 0 unique hooks for query "TodoWrite" (0 before deduplication)
[DEBUG] Found 0 hook commands to execute
[DEBUG] Writing to temp file: /Users/walterday/.claude/todos/2a03a9ab-f885-4883-8529-05f395d8695c-agent-2efa6156-9f45-4b58-9822-50aae4fe9092.json.tmp.11251.1760384462623
[DEBUG] Preserving file permissions: 100644
[DEBUG] Temp file written successfully, size: 2 bytes
[DEBUG] Applied original permissions to temp file
[DEBUG] Renaming /Users/walterday/.claude/todos/2a03a9ab-f885-4883-8529-05f395d8695c-agent-2efa6156-9f45-4b58-9822-50aae4fe9092.json.tmp.11251.1760384462623 to /Users/walterday/.claude/todos/2a03a9ab-f885-4883-8529-05f395d8695c-agent-2efa6156-9f45-4b58-9822-50aae4fe9092.json
[DEBUG] File /Users/walterday/.claude/todos/2a03a9ab-f885-4883-8529-05f395d8695c-agent-2efa6156-9f45-4b58-9822-50aae4fe9092.json written atomically
[DEBUG] Writing to temp file: /Users/walterday/.claude/todos/2a03a9ab-f885-4883-8529-05f395d8695c-agent-2a03a9ab-f885-4883-8529-05f395d8695c.json.tmp.11251.1760384462639
[DEBUG] Preserving file permissions: 100644
[DEBUG] Temp file written successfully, size: 554 bytes
[DEBUG] Applied original permissions to temp file
[DEBUG] Renaming /Users/walterday/.claude/todos/2a03a9ab-f885-4883-8529-05f395d8695c-agent-2a03a9ab-f885-4883-8529-05f395d8695c.json.tmp.11251.1760384462639 to /Users/walterday/.claude/todos/2a03a9ab-f885-4883-8529-05f395d8695c-agent-2a03a9ab-f885-4883-8529-05f395d8695c.json
[DEBUG] File /Users/walterday/.claude/todos/2a03a9ab-f885-4883-8529-05f395d8695c-agent-2a03a9ab-f885-4883-8529-05f395d8695c.json written atomically
[DEBUG] Executing hooks for PostToolUse:TodoWrite
[DEBUG] Getting matching hook commands for PostToolUse with query: TodoWrite
[DEBUG] Found 0 hook matchers in settings
[DEBUG] Matched 0 unique hooks for query "TodoWrite" (0 before deduplication)
[DEBUG] Found 0 hook commands to execute
[DEBUG] Hooks: getAsyncHookResponseAttachments called
[DEBUG] Hooks: checkForNewResponses called
[DEBUG] Hooks: Found 0 total hooks in registry
[DEBUG] Hooks: checkForNewResponses returning 0 responses
[DEBUG] Slash commands included in SlashCommand tool: /bug, /seek, /implement
[DEBUG] Stream started - received first chunk
[DEBUG] executePreToolHooks called for tool: Read
[DEBUG] Executing hooks for PreToolUse:Read
[DEBUG] Getting matching hook commands for PreToolUse with query: Read
[DEBUG] Found 1 hook matchers in settings
[DEBUG] Matched 0 unique hooks for query "Read" (0 before deduplication)
[DEBUG] Found 0 hook commands to execute
[DEBUG] Executing hooks for PostToolUse:Read
[DEBUG] Getting matching hook commands for PostToolUse with query: Read
[DEBUG] Found 0 hook matchers in settings
[DEBUG] Matched 0 unique hooks for query "Read" (0 before deduplication)
[DEBUG] Found 0 hook commands to execute
[DEBUG] Hooks: getAsyncHookResponseAttachments called
[DEBUG] Hooks: checkForNewResponses called
[DEBUG] Hooks: Found 0 total hooks in registry
[DEBUG] Hooks: checkForNewResponses returning 0 responses
[DEBUG] Slash commands included in SlashCommand tool: /bug, /seek, /implement
[DEBUG] Stream started - received first chunk
[DEBUG] executePreToolHooks called for tool: TodoWrite
[DEBUG] Executing hooks for PreToolUse:TodoWrite
[DEBUG] Getting matching hook commands for PreToolUse with query: TodoWrite
[DEBUG] Found 1 hook matchers in settings
[DEBUG] Matched 0 unique hooks for query "TodoWrite" (0 before deduplication)
[DEBUG] Found 0 hook commands to execute
[DEBUG] Writing to temp file: /Users/walterday/.claude/todos/2a03a9ab-f885-4883-8529-05f395d8695c-agent-2efa6156-9f45-4b58-9822-50aae4fe9092.json.tmp.11251.1760384475196
[DEBUG] Preserving file permissions: 100644
[DEBUG] Temp file written successfully, size: 2 bytes
[DEBUG] Applied original permissions to temp file
[DEBUG] Renaming /Users/walterday/.claude/todos/2a03a9ab-f885-4883-8529-05f395d8695c-agent-2efa6156-9f45-4b58-9822-50aae4fe9092.json.tmp.11251.1760384475196 to /Users/walterday/.claude/todos/2a03a9ab-f885-4883-8529-05f395d8695c-agent-2efa6156-9f45-4b58-9822-50aae4fe9092.json
[DEBUG] File /Users/walterday/.claude/todos/2a03a9ab-f885-4883-8529-05f395d8695c-agent-2efa6156-9f45-4b58-9822-50aae4fe9092.json written atomically
[DEBUG] Writing to temp file: /Users/walterday/.claude/todos/2a03a9ab-f885-4883-8529-05f395d8695c-agent-2a03a9ab-f885-4883-8529-05f395d8695c.json.tmp.11251.1760384475203
[DEBUG] Preserving file permissions: 100644
[DEBUG] Temp file written successfully, size: 556 bytes
[DEBUG] Applied original permissions to temp file
[DEBUG] Renaming /Users/walterday/.claude/todos/2a03a9ab-f885-4883-8529-05f395d8695c-agent-2a03a9ab-f885-4883-8529-05f395d8695c.json.tmp.11251.1760384475203 to /Users/walterday/.claude/todos/2a03a9ab-f885-4883-8529-05f395d8695c-agent-2a03a9ab-f885-4883-8529-05f395d8695c.json
[DEBUG] File /Users/walterday/.claude/todos/2a03a9ab-f885-4883-8529-05f395d8695c-agent-2a03a9ab-f885-4883-8529-05f395d8695c.json written atomically
[DEBUG] Executing hooks for PostToolUse:TodoWrite
[DEBUG] Getting matching hook commands for PostToolUse with query: TodoWrite
[DEBUG] Found 0 hook matchers in settings
[DEBUG] Matched 0 unique hooks for query "TodoWrite" (0 before deduplication)
[DEBUG] Found 0 hook commands to execute
[DEBUG] Hooks: getAsyncHookResponseAttachments called
[DEBUG] Hooks: checkForNewResponses called
[DEBUG] Hooks: Found 0 total hooks in registry
[DEBUG] Hooks: checkForNewResponses returning 0 responses
[DEBUG] Slash commands included in SlashCommand tool: /bug, /seek, /implement
[DEBUG] Stream started - received first chunk
[DEBUG] executePreToolHooks called for tool: Read
[DEBUG] Executing hooks for PreToolUse:Read
[DEBUG] Getting matching hook commands for PreToolUse with query: Read
[DEBUG] Found 1 hook matchers in settings
[DEBUG] Matched 0 unique hooks for query "Read" (0 before deduplication)
[DEBUG] Found 0 hook commands to execute
[DEBUG] Executing hooks for PostToolUse:Read
[DEBUG] Getting matching hook commands for PostToolUse with query: Read
[DEBUG] Found 0 hook matchers in settings
[DEBUG] Matched 0 unique hooks for query "Read" (0 before deduplication)
[DEBUG] Found 0 hook commands to execute
[DEBUG] Hooks: getAsyncHookResponseAttachments called
[DEBUG] Hooks: checkForNewResponses called
[DEBUG] Hooks: Found 0 total hooks in registry
[DEBUG] Hooks: checkForNewResponses returning 0 responses
[DEBUG] Slash commands included in SlashCommand tool: /bug, /seek, /implement
[DEBUG] Stream started - received first chunk
[DEBUG] executePreToolHooks called for tool: TodoWrite
[DEBUG] Executing hooks for PreToolUse:TodoWrite
[DEBUG] Getting matching hook commands for PreToolUse with query: TodoWrite
[DEBUG] Found 1 hook matchers in settings
[DEBUG] Matched 0 unique hooks for query "TodoWrite" (0 before deduplication)
[DEBUG] Found 0 hook commands to execute
[DEBUG] Writing to temp file: /Users/walterday/.claude/todos/2a03a9ab-f885-4883-8529-05f395d8695c-agent-2efa6156-9f45-4b58-9822-50aae4fe9092.json.tmp.11251.1760384488518
[DEBUG] Preserving file permissions: 100644
[DEBUG] Temp file written successfully, size: 2 bytes
[DEBUG] Applied original permissions to temp file
[DEBUG] Renaming /Users/walterday/.claude/todos/2a03a9ab-f885-4883-8529-05f395d8695c-agent-2efa6156-9f45-4b58-9822-50aae4fe9092.json.tmp.11251.1760384488518 to /Users/walterday/.claude/todos/2a03a9ab-f885-4883-8529-05f395d8695c-agent-2efa6156-9f45-4b58-9822-50aae4fe9092.json
[DEBUG] File /Users/walterday/.claude/todos/2a03a9ab-f885-4883-8529-05f395d8695c-agent-2efa6156-9f45-4b58-9822-50aae4fe9092.json written atomically
[DEBUG] Writing to temp file: /Users/walterday/.claude/todos/2a03a9ab-f885-4883-8529-05f395d8695c-agent-2a03a9ab-f885-4883-8529-05f395d8695c.json.tmp.11251.1760384488526
[DEBUG] Preserving file permissions: 100644
[DEBUG] Temp file written successfully, size: 558 bytes
[DEBUG] Applied original permissions to temp file
[DEBUG] Renaming /Users/walterday/.claude/todos/2a03a9ab-f885-4883-8529-05f395d8695c-agent-2a03a9ab-f885-4883-8529-05f395d8695c.json.tmp.11251.1760384488526 to /Users/walterday/.claude/todos/2a03a9ab-f885-4883-8529-05f395d8695c-agent-2a03a9ab-f885-4883-8529-05f395d8695c.json
[DEBUG] File /Users/walterday/.claude/todos/2a03a9ab-f885-4883-8529-05f395d8695c-agent-2a03a9ab-f885-4883-8529-05f395d8695c.json written atomically
[DEBUG] Executing hooks for PostToolUse:TodoWrite
[DEBUG] Getting matching hook commands for PostToolUse with query: TodoWrite
[DEBUG] Found 0 hook matchers in settings
[DEBUG] Matched 0 unique hooks for query "TodoWrite" (0 before deduplication)
[DEBUG] Found 0 hook commands to execute
[DEBUG] Hooks: getAsyncHookResponseAttachments called
[DEBUG] Hooks: checkForNewResponses called
[DEBUG] Hooks: Found 0 total hooks in registry
[DEBUG] Hooks: checkForNewResponses returning 0 responses
[DEBUG] Slash commands included in SlashCommand tool: /bug, /seek, /implement
[DEBUG] Stream started - received first chunk
[DEBUG] executePreToolHooks called for tool: TodoWrite
[DEBUG] Executing hooks for PreToolUse:TodoWrite
[DEBUG] Getting matching hook commands for PreToolUse with query: TodoWrite
[DEBUG] Found 1 hook matchers in settings
[DEBUG] Matched 0 unique hooks for query "TodoWrite" (0 before deduplication)
[DEBUG] Found 0 hook commands to execute
[DEBUG] Writing to temp file: /Users/walterday/.claude/todos/2a03a9ab-f885-4883-8529-05f395d8695c-agent-2efa6156-9f45-4b58-9822-50aae4fe9092.json.tmp.11251.1760384522855
[DEBUG] Preserving file permissions: 100644
[DEBUG] Temp file written successfully, size: 2 bytes
[DEBUG] Applied original permissions to temp file
[DEBUG] Renaming /Users/walterday/.claude/todos/2a03a9ab-f885-4883-8529-05f395d8695c-agent-2efa6156-9f45-4b58-9822-50aae4fe9092.json.tmp.11251.1760384522855 to /Users/walterday/.claude/todos/2a03a9ab-f885-4883-8529-05f395d8695c-agent-2efa6156-9f45-4b58-9822-50aae4fe9092.json
[DEBUG] File /Users/walterday/.claude/todos/2a03a9ab-f885-4883-8529-05f395d8695c-agent-2efa6156-9f45-4b58-9822-50aae4fe9092.json written atomically
[DEBUG] Writing to temp file: /Users/walterday/.claude/todos/2a03a9ab-f885-4883-8529-05f395d8695c-agent-2a03a9ab-f885-4883-8529-05f395d8695c.json.tmp.11251.1760384522863
[DEBUG] Preserving file permissions: 100644
[DEBUG] Temp file written successfully, size: 2 bytes
[DEBUG] Applied original permissions to temp file
[DEBUG] Renaming /Users/walterday/.claude/todos/2a03a9ab-f885-4883-8529-05f395d8695c-agent-2a03a9ab-f885-4883-8529-05f395d8695c.json.tmp.11251.1760384522863 to /Users/walterday/.claude/todos/2a03a9ab-f885-4883-8529-05f395d8695c-agent-2a03a9ab-f885-4883-8529-05f395d8695c.json
[DEBUG] File /Users/walterday/.claude/todos/2a03a9ab-f885-4883-8529-05f395d8695c-agent-2a03a9ab-f885-4883-8529-05f395d8695c.json written atomically
[DEBUG] Executing hooks for PostToolUse:TodoWrite
[DEBUG] Getting matching hook commands for PostToolUse with query: TodoWrite
[DEBUG] Found 0 hook matchers in settings
[DEBUG] Matched 0 unique hooks for query "TodoWrite" (0 before deduplication)
[DEBUG] Found 0 hook commands to execute
[DEBUG] Hooks: getAsyncHookResponseAttachments called
[DEBUG] Hooks: checkForNewResponses called
[DEBUG] Hooks: Found 0 total hooks in registry
[DEBUG] Hooks: checkForNewResponses returning 0 responses
[DEBUG] Slash commands included in SlashCommand tool: /bug, /seek, /implement
[DEBUG] Stream started - received first chunk
[DEBUG] Writing to temp file: /Users/walterday/.claude.json.tmp.11251.1760384526866
[DEBUG] Preserving file permissions: 100644
[DEBUG] Temp file written successfully, size: 1978900 bytes
[DEBUG] Applied original permissions to temp file
[DEBUG] Renaming /Users/walterday/.claude.json.tmp.11251.1760384526866 to /Users/walterday/.claude.json
[DEBUG] File /Users/walterday/.claude.json written atomically
[DEBUG] Executing hooks for Stop
[DEBUG] Getting matching hook commands for Stop with query: undefined
[DEBUG] Found 0 hook matchers in settings
[DEBUG] Matched 0 unique hooks for query "no match query" (0 before deduplication)
[DEBUG] Found 0 hook commands to execute
[DEBUG] Writing to temp file: /Users/walterday/.claude.json.tmp.11251.1760384526917
[DEBUG] Preserving file permissions: 100644
[DEBUG] Temp file written successfully, size: 1978900 bytes
[DEBUG] Applied original permissions to temp file
[DEBUG] Renaming /Users/walterday/.claude.json.tmp.11251.1760384526917 to /Users/walterday/.claude.json
[DEBUG] File /Users/walterday/.claude.json written atomically
[DEBUG] Writing to temp file: /Users/walterday/.claude.json.tmp.11251.1760384526970
[DEBUG] Preserving file permissions: 100644
[DEBUG] Temp file written successfully, size: 1977684 bytes
[DEBUG] Applied original permissions to temp file
[DEBUG] Renaming /Users/walterday/.claude.json.tmp.11251.1760384526970 to /Users/walterday/.claude.json
[DEBUG] File /Users/walterday/.claude.json written atomically
[DEBUG] Getting matching hook commands for Notification with query: undefined
[DEBUG] Found 0 hook matchers in settings
[DEBUG] Matched 0 unique hooks for query "no match query" (0 before deduplication)
[DEBUG] AutoUpdaterWrapper: Installation type: npm-global, using native: false
[DEBUG] AutoUpdaterWrapper: Installation type: npm-global, using native: false
[DEBUG] Hooks: getAsyncHookResponseAttachments called
[DEBUG] Hooks: checkForNewResponses called
[DEBUG] Hooks: Found 0 total hooks in registry
[DEBUG] Hooks: checkForNewResponses returning 0 responses
[DEBUG] Executing hooks for UserPromptSubmit
[DEBUG] Getting matching hook commands for UserPromptSubmit with query: undefined
[DEBUG] Found 1 hook matchers in settings
[DEBUG] Matched 1 unique hooks for query "no match query" (1 before deduplication)
[DEBUG] Found 1 hook commands to execute
[DEBUG] Executing hook command: /Users/walterday/.claude/hooks/post-branch-create.sh with timeout 60000ms
[DEBUG] Hook command completed with status 0: /Users/walterday/.claude/hooks/post-branch-create.sh
[DEBUG] Hook output does not start with {, treating as plain text
[DEBUG] FileHistory: Making snapshot for message fa200b21-a96d-4bc7-99af-86e249840033
[DEBUG] FileHistory: Added snapshot for fa200b21-a96d-4bc7-99af-86e249840033, tracking 0 files
[DEBUG] Slash commands included in SlashCommand tool: /bug, /seek, /implement
[DEBUG] Stream started - received first chunk
[DEBUG] executePreToolHooks called for tool: TodoWrite
[DEBUG] Executing hooks for PreToolUse:TodoWrite
[DEBUG] Getting matching hook commands for PreToolUse with query: TodoWrite
[DEBUG] Found 1 hook matchers in settings
[DEBUG] Matched 0 unique hooks for query "TodoWrite" (0 before deduplication)
[DEBUG] Found 0 hook commands to execute
[DEBUG] Writing to temp file: /Users/walterday/.claude/todos/2a03a9ab-f885-4883-8529-05f395d8695c-agent-2efa6156-9f45-4b58-9822-50aae4fe9092.json.tmp.11251.1760384550007
[DEBUG] Preserving file permissions: 100644
[DEBUG] Temp file written successfully, size: 2 bytes
[DEBUG] Applied original permissions to temp file
[DEBUG] Renaming /Users/walterday/.claude/todos/2a03a9ab-f885-4883-8529-05f395d8695c-agent-2efa6156-9f45-4b58-9822-50aae4fe9092.json.tmp.11251.1760384550007 to /Users/walterday/.claude/todos/2a03a9ab-f885-4883-8529-05f395d8695c-agent-2efa6156-9f45-4b58-9822-50aae4fe9092.json
[DEBUG] File /Users/walterday/.claude/todos/2a03a9ab-f885-4883-8529-05f395d8695c-agent-2efa6156-9f45-4b58-9822-50aae4fe9092.json written atomically
[DEBUG] Writing to temp file: /Users/walterday/.claude/todos/2a03a9ab-f885-4883-8529-05f395d8695c-agent-2a03a9ab-f885-4883-8529-05f395d8695c.json.tmp.11251.1760384550017
[DEBUG] Preserving file permissions: 100644
[DEBUG] Temp file written successfully, size: 1326 bytes
[DEBUG] Applied original permissions to temp file
[DEBUG] Renaming /Users/walterday/.claude/todos/2a03a9ab-f885-4883-8529-05f395d8695c-agent-2a03a9ab-f885-4883-8529-05f395d8695c.json.tmp.11251.1760384550017 to /Users/walterday/.claude/todos/2a03a9ab-f885-4883-8529-05f395d8695c-agent-2a03a9ab-f885-4883-8529-05f395d8695c.json
[DEBUG] File /Users/walterday/.claude/todos/2a03a9ab-f885-4883-8529-05f395d8695c-agent-2a03a9ab-f885-4883-8529-05f395d8695c.json written atomically
[DEBUG] Executing hooks for PostToolUse:TodoWrite
[DEBUG] Getting matching hook commands for PostToolUse with query: TodoWrite
[DEBUG] Found 0 hook matchers in settings
[DEBUG] Matched 0 unique hooks for query "TodoWrite" (0 before deduplication)
[DEBUG] Found 0 hook commands to execute
[DEBUG] Hooks: getAsyncHookResponseAttachments called
[DEBUG] Hooks: checkForNewResponses called
[DEBUG] Hooks: Found 0 total hooks in registry
[DEBUG] Hooks: checkForNewResponses returning 0 responses
[DEBUG] Slash commands included in SlashCommand tool: /bug, /seek, /implement
[DEBUG] Stream started - received first chunk
[DEBUG] executePreToolHooks called for tool: Read
[DEBUG] Executing hooks for PreToolUse:Read
[DEBUG] Getting matching hook commands for PreToolUse with query: Read
[DEBUG] Found 1 hook matchers in settings
[DEBUG] Matched 0 unique hooks for query "Read" (0 before deduplication)
[DEBUG] Found 0 hook commands to execute
[DEBUG] Executing hooks for PostToolUse:Read
[DEBUG] Getting matching hook commands for PostToolUse with query: Read
[DEBUG] Found 0 hook matchers in settings
[DEBUG] Matched 0 unique hooks for query "Read" (0 before deduplication)
[DEBUG] Found 0 hook commands to execute
[DEBUG] Hooks: getAsyncHookResponseAttachments called
[DEBUG] Hooks: checkForNewResponses called
[DEBUG] Hooks: Found 0 total hooks in registry
[DEBUG] Hooks: checkForNewResponses returning 0 responses
[DEBUG] Slash commands included in SlashCommand tool: /bug, /seek, /implement
[DEBUG] Stream started - received first chunk
[DEBUG] executePreToolHooks called for tool: TodoWrite
[DEBUG] Executing hooks for PreToolUse:TodoWrite
[DEBUG] Getting matching hook commands for PreToolUse with query: TodoWrite
[DEBUG] Found 1 hook matchers in settings
[DEBUG] Matched 0 unique hooks for query "TodoWrite" (0 before deduplication)
[DEBUG] Found 0 hook commands to execute
[DEBUG] Writing to temp file: /Users/walterday/.claude/todos/2a03a9ab-f885-4883-8529-05f395d8695c-agent-2efa6156-9f45-4b58-9822-50aae4fe9092.json.tmp.11251.1760384565856
[DEBUG] Preserving file permissions: 100644
[DEBUG] Temp file written successfully, size: 2 bytes
[DEBUG] Applied original permissions to temp file
[DEBUG] Renaming /Users/walterday/.claude/todos/2a03a9ab-f885-4883-8529-05f395d8695c-agent-2efa6156-9f45-4b58-9822-50aae4fe9092.json.tmp.11251.1760384565856 to /Users/walterday/.claude/todos/2a03a9ab-f885-4883-8529-05f395d8695c-agent-2efa6156-9f45-4b58-9822-50aae4fe9092.json
[DEBUG] File /Users/walterday/.claude/todos/2a03a9ab-f885-4883-8529-05f395d8695c-agent-2efa6156-9f45-4b58-9822-50aae4fe9092.json written atomically
[DEBUG] Writing to temp file: /Users/walterday/.claude/todos/2a03a9ab-f885-4883-8529-05f395d8695c-agent-2a03a9ab-f885-4883-8529-05f395d8695c.json.tmp.11251.1760384565871
[DEBUG] Preserving file permissions: 100644
[DEBUG] Temp file written successfully, size: 1423 bytes
[DEBUG] Applied original permissions to temp file
[DEBUG] Renaming /Users/walterday/.claude/todos/2a03a9ab-f885-4883-8529-05f395d8695c-agent-2a03a9ab-f885-4883-8529-05f395d8695c.json.tmp.11251.1760384565871 to /Users/walterday/.claude/todos/2a03a9ab-f885-4883-8529-05f395d8695c-agent-2a03a9ab-f885-4883-8529-05f395d8695c.json
[DEBUG] File /Users/walterday/.claude/todos/2a03a9ab-f885-4883-8529-05f395d8695c-agent-2a03a9ab-f885-4883-8529-05f395d8695c.json written atomically
[DEBUG] Executing hooks for PostToolUse:TodoWrite
[DEBUG] Getting matching hook commands for PostToolUse with query: TodoWrite
[DEBUG] Found 0 hook matchers in settings
[DEBUG] Matched 0 unique hooks for query "TodoWrite" (0 before deduplication)
[DEBUG] Found 0 hook commands to execute
[DEBUG] Hooks: getAsyncHookResponseAttachments called
[DEBUG] Hooks: checkForNewResponses called
[DEBUG] Hooks: Found 0 total hooks in registry
[DEBUG] Hooks: checkForNewResponses returning 0 responses
[DEBUG] Slash commands included in SlashCommand tool: /bug, /seek, /implement
[DEBUG] Stream started - received first chunk
[DEBUG] executePreToolHooks called for tool: SlashCommand
[DEBUG] Executing hooks for PreToolUse:SlashCommand
[DEBUG] Getting matching hook commands for PreToolUse with query: SlashCommand
[DEBUG] Found 1 hook matchers in settings
[DEBUG] Matched 0 unique hooks for query "SlashCommand" (0 before deduplication)
[DEBUG] Found 0 hook commands to execute
[DEBUG] Hooks: getAsyncHookResponseAttachments called
[DEBUG] Hooks: checkForNewResponses called
[DEBUG] Hooks: Found 0 total hooks in registry
[DEBUG] Hooks: checkForNewResponses returning 0 responses
[DEBUG] Executing hooks for PostToolUse:SlashCommand
[DEBUG] Getting matching hook commands for PostToolUse with query: SlashCommand
[DEBUG] Found 0 hook matchers in settings
[DEBUG] Matched 0 unique hooks for query "SlashCommand" (0 before deduplication)
[DEBUG] Found 0 hook commands to execute
[DEBUG] Hooks: getAsyncHookResponseAttachments called
[DEBUG] Hooks: checkForNewResponses called
[DEBUG] Hooks: Found 0 total hooks in registry
[DEBUG] Hooks: checkForNewResponses returning 0 responses
[DEBUG] Slash commands included in SlashCommand tool: /bug, /seek, /implement
[DEBUG] Stream started - received first chunk
[DEBUG] executePreToolHooks called for tool: Glob
[DEBUG] Executing hooks for PreToolUse:Glob
[DEBUG] Getting matching hook commands for PreToolUse with query: Glob
[DEBUG] Found 1 hook matchers in settings
[DEBUG] Matched 0 unique hooks for query "Glob" (0 before deduplication)
[DEBUG] Found 0 hook commands to execute
[DEBUG] Executing hooks for PostToolUse:Glob
[DEBUG] Getting matching hook commands for PostToolUse with query: Glob
[DEBUG] Found 0 hook matchers in settings
[DEBUG] Matched 0 unique hooks for query "Glob" (0 before deduplication)
[DEBUG] Found 0 hook commands to execute
[DEBUG] Hooks: getAsyncHookResponseAttachments called
[DEBUG] Hooks: checkForNewResponses called
[DEBUG] Hooks: Found 0 total hooks in registry
[DEBUG] Hooks: checkForNewResponses returning 0 responses
[DEBUG] Slash commands included in SlashCommand tool: /bug, /seek, /implement
[DEBUG] Stream started - received first chunk
[DEBUG] executePreToolHooks called for tool: Glob
[DEBUG] Executing hooks for PreToolUse:Glob
[DEBUG] Getting matching hook commands for PreToolUse with query: Glob
[DEBUG] Found 1 hook matchers in settings
[DEBUG] Matched 0 unique hooks for query "Glob" (0 before deduplication)
[DEBUG] Found 0 hook commands to execute
[DEBUG] Executing hooks for PostToolUse:Glob
[DEBUG] Getting matching hook commands for PostToolUse with query: Glob
[DEBUG] Found 0 hook matchers in settings
[DEBUG] Matched 0 unique hooks for query "Glob" (0 before deduplication)
[DEBUG] Found 0 hook commands to execute
[DEBUG] Hooks: getAsyncHookResponseAttachments called
[DEBUG] Hooks: checkForNewResponses called
[DEBUG] Hooks: Found 0 total hooks in registry
[DEBUG] Hooks: checkForNewResponses returning 0 responses
[DEBUG] Slash commands included in SlashCommand tool: /bug, /seek, /implement
[DEBUG] Stream started - received first chunk
[DEBUG] executePreToolHooks called for tool: Grep
[DEBUG] Executing hooks for PreToolUse:Grep
[DEBUG] Getting matching hook commands for PreToolUse with query: Grep
[DEBUG] Found 1 hook matchers in settings
[DEBUG] Matched 0 unique hooks for query "Grep" (0 before deduplication)
[DEBUG] Found 0 hook commands to execute
[DEBUG] Executing hooks for PostToolUse:Grep
[DEBUG] Getting matching hook commands for PostToolUse with query: Grep
[DEBUG] Found 0 hook matchers in settings
[DEBUG] Matched 0 unique hooks for query "Grep" (0 before deduplication)
[DEBUG] Found 0 hook commands to execute
[DEBUG] Hooks: getAsyncHookResponseAttachments called
[DEBUG] Hooks: checkForNewResponses called
[DEBUG] Hooks: Found 0 total hooks in registry
[DEBUG] Hooks: checkForNewResponses returning 0 responses
[DEBUG] Slash commands included in SlashCommand tool: /bug, /seek, /implement
[DEBUG] Stream started - received first chunk
[DEBUG] executePreToolHooks called for tool: Glob
[DEBUG] Executing hooks for PreToolUse:Glob
[DEBUG] Getting matching hook commands for PreToolUse with query: Glob
[DEBUG] Found 1 hook matchers in settings
[DEBUG] Matched 0 unique hooks for query "Glob" (0 before deduplication)
[DEBUG] Found 0 hook commands to execute
[DEBUG] Executing hooks for PostToolUse:Glob
[DEBUG] Getting matching hook commands for PostToolUse with query: Glob
[DEBUG] Found 0 hook matchers in settings
[DEBUG] Matched 0 unique hooks for query "Glob" (0 before deduplication)
[DEBUG] Found 0 hook commands to execute
[DEBUG] Hooks: getAsyncHookResponseAttachments called
[DEBUG] Hooks: checkForNewResponses called
[DEBUG] Hooks: Found 0 total hooks in registry
[DEBUG] Hooks: checkForNewResponses returning 0 responses
[DEBUG] Slash commands included in SlashCommand tool: /bug, /seek, /implement
[DEBUG] Stream started - received first chunk
[DEBUG] executePreToolHooks called for tool: Grep
[DEBUG] Executing hooks for PreToolUse:Grep
[DEBUG] Getting matching hook commands for PreToolUse with query: Grep
[DEBUG] Found 1 hook matchers in settings
[DEBUG] Matched 0 unique hooks for query "Grep" (0 before deduplication)
[DEBUG] Found 0 hook commands to execute
[DEBUG] Executing hooks for PostToolUse:Grep
[DEBUG] Getting matching hook commands for PostToolUse with query: Grep
[DEBUG] Found 0 hook matchers in settings
[DEBUG] Matched 0 unique hooks for query "Grep" (0 before deduplication)
[DEBUG] Found 0 hook commands to execute
[DEBUG] Hooks: getAsyncHookResponseAttachments called
[DEBUG] Hooks: checkForNewResponses called
[DEBUG] Hooks: Found 0 total hooks in registry
[DEBUG] Hooks: checkForNewResponses returning 0 responses
[DEBUG] Slash commands included in SlashCommand tool: /bug, /seek, /implement
[DEBUG] Stream started - received first chunk
[DEBUG] executePreToolHooks called for tool: Grep
[DEBUG] Executing hooks for PreToolUse:Grep
[DEBUG] Getting matching hook commands for PreToolUse with query: Grep
[DEBUG] Found 1 hook matchers in settings
[DEBUG] Matched 0 unique hooks for query "Grep" (0 before deduplication)
[DEBUG] Found 0 hook commands to execute
[DEBUG] Executing hooks for PostToolUse:Grep
[DEBUG] Getting matching hook commands for PostToolUse with query: Grep
[DEBUG] Found 0 hook matchers in settings
[DEBUG] Matched 0 unique hooks for query "Grep" (0 before deduplication)
[DEBUG] Found 0 hook commands to execute
[DEBUG] Hooks: getAsyncHookResponseAttachments called
[DEBUG] Hooks: checkForNewResponses called
[DEBUG] Hooks: Found 0 total hooks in registry
[DEBUG] Hooks: checkForNewResponses returning 0 responses
[DEBUG] Slash commands included in SlashCommand tool: /bug, /seek, /implement
[DEBUG] Stream started - received first chunk
[DEBUG] executePreToolHooks called for tool: Read
[DEBUG] Executing hooks for PreToolUse:Read
[DEBUG] Getting matching hook commands for PreToolUse with query: Read
[DEBUG] Found 1 hook matchers in settings
[DEBUG] Matched 0 unique hooks for query "Read" (0 before deduplication)
[DEBUG] Found 0 hook commands to execute
[DEBUG] Executing hooks for PostToolUse:Read
[DEBUG] Getting matching hook commands for PostToolUse with query: Read
[DEBUG] Found 0 hook matchers in settings
[DEBUG] Matched 0 unique hooks for query "Read" (0 before deduplication)
[DEBUG] Found 0 hook commands to execute
[DEBUG] Hooks: getAsyncHookResponseAttachments called
[DEBUG] Hooks: checkForNewResponses called
[DEBUG] Hooks: Found 0 total hooks in registry
[DEBUG] Hooks: checkForNewResponses returning 0 responses
[DEBUG] Slash commands included in SlashCommand tool: /bug, /seek, /implement
[DEBUG] Stream started - received first chunk
[DEBUG] executePreToolHooks called for tool: Grep
[DEBUG] Executing hooks for PreToolUse:Grep
[DEBUG] Getting matching hook commands for PreToolUse with query: Grep
[DEBUG] Found 1 hook matchers in settings
[DEBUG] Matched 0 unique hooks for query "Grep" (0 before deduplication)
[DEBUG] Found 0 hook commands to execute
[DEBUG] Executing hooks for PostToolUse:Grep
[DEBUG] Getting matching hook commands for PostToolUse with query: Grep
[DEBUG] Found 0 hook matchers in settings
[DEBUG] Matched 0 unique hooks for query "Grep" (0 before deduplication)
[DEBUG] Found 0 hook commands to execute
[DEBUG] Hooks: getAsyncHookResponseAttachments called
[DEBUG] Hooks: checkForNewResponses called
[DEBUG] Hooks: Found 0 total hooks in registry
[DEBUG] Hooks: checkForNewResponses returning 0 responses
[DEBUG] Slash commands included in SlashCommand tool: /bug, /seek, /implement
[DEBUG] Stream started - received first chunk
[DEBUG] executePreToolHooks called for tool: TodoWrite
[DEBUG] Executing hooks for PreToolUse:TodoWrite
[DEBUG] Getting matching hook commands for PreToolUse with query: TodoWrite
[DEBUG] Found 1 hook matchers in settings
[DEBUG] Matched 0 unique hooks for query "TodoWrite" (0 before deduplication)
[DEBUG] Found 0 hook commands to execute
[DEBUG] Writing to temp file: /Users/walterday/.claude/todos/2a03a9ab-f885-4883-8529-05f395d8695c-agent-2efa6156-9f45-4b58-9822-50aae4fe9092.json.tmp.11251.1760384617598
[DEBUG] Preserving file permissions: 100644
[DEBUG] Temp file written successfully, size: 2 bytes
[DEBUG] Applied original permissions to temp file
[DEBUG] Renaming /Users/walterday/.claude/todos/2a03a9ab-f885-4883-8529-05f395d8695c-agent-2efa6156-9f45-4b58-9822-50aae4fe9092.json.tmp.11251.1760384617598 to /Users/walterday/.claude/todos/2a03a9ab-f885-4883-8529-05f395d8695c-agent-2efa6156-9f45-4b58-9822-50aae4fe9092.json
[DEBUG] File /Users/walterday/.claude/todos/2a03a9ab-f885-4883-8529-05f395d8695c-agent-2efa6156-9f45-4b58-9822-50aae4fe9092.json written atomically
[DEBUG] Writing to temp file: /Users/walterday/.claude/todos/2a03a9ab-f885-4883-8529-05f395d8695c-agent-2a03a9ab-f885-4883-8529-05f395d8695c.json.tmp.11251.1760384617623
[DEBUG] Preserving file permissions: 100644
[DEBUG] Temp file written successfully, size: 1425 bytes
[DEBUG] Applied original permissions to temp file
[DEBUG] Renaming /Users/walterday/.claude/todos/2a03a9ab-f885-4883-8529-05f395d8695c-agent-2a03a9ab-f885-4883-8529-05f395d8695c.json.tmp.11251.1760384617623 to /Users/walterday/.claude/todos/2a03a9ab-f885-4883-8529-05f395d8695c-agent-2a03a9ab-f885-4883-8529-05f395d8695c.json
[DEBUG] File /Users/walterday/.claude/todos/2a03a9ab-f885-4883-8529-05f395d8695c-agent-2a03a9ab-f885-4883-8529-05f395d8695c.json written atomically
[DEBUG] Executing hooks for PostToolUse:TodoWrite
[DEBUG] Getting matching hook commands for PostToolUse with query: TodoWrite
[DEBUG] Found 0 hook matchers in settings
[DEBUG] Matched 0 unique hooks for query "TodoWrite" (0 before deduplication)
[DEBUG] Found 0 hook commands to execute
[DEBUG] Hooks: getAsyncHookResponseAttachments called
[DEBUG] Hooks: checkForNewResponses called
[DEBUG] Hooks: Found 0 total hooks in registry
[DEBUG] Hooks: checkForNewResponses returning 0 responses
[DEBUG] Slash commands included in SlashCommand tool: /bug, /seek, /implement
[DEBUG] Stream started - received first chunk
[DEBUG] executePreToolHooks called for tool: Write
[DEBUG] Executing hooks for PreToolUse:Write
[DEBUG] Getting matching hook commands for PreToolUse with query: Write
[DEBUG] Found 1 hook matchers in settings
[DEBUG] Matched 1 unique hooks for query "Write" (1 before deduplication)
[DEBUG] Found 1 hook commands to execute
[DEBUG] Executing hook command: /Users/walterday/.claude/scripts/validate-claude.sh with timeout 60000ms
[DEBUG] Hook command completed with status 0: /Users/walterday/.claude/scripts/validate-claude.sh
[DEBUG] Hook output does not start with {, treating as plain text
[DEBUG] Permission suggestions for Write: [
  {
    "type": "setMode",
    "mode": "acceptEdits",
    "destination": "session"
  }
]
[DEBUG] Getting matching hook commands for Notification with query: undefined
[DEBUG] Found 0 hook matchers in settings
[DEBUG] Matched 0 unique hooks for query "no match query" (0 before deduplication)
[DEBUG] Applying permission update: Setting mode to 'acceptEdits'
[DEBUG] AutoUpdaterWrapper: Installation type: npm-global, using native: false
[DEBUG] FileHistory: Tracked file modification for /Users/walterday/Git/MerlinMines/cromie/adw/core/surgical_analyzer.py
[DEBUG] Writing to temp file: /Users/walterday/Git/MerlinMines/cromie/adw/core/surgical_analyzer.py.tmp.11251.1760384757537
[DEBUG] Temp file written successfully, size: 15370 bytes
[DEBUG] Renaming /Users/walterday/Git/MerlinMines/cromie/adw/core/surgical_analyzer.py.tmp.11251.1760384757537 to /Users/walterday/Git/MerlinMines/cromie/adw/core/surgical_analyzer.py
[DEBUG] File /Users/walterday/Git/MerlinMines/cromie/adw/core/surgical_analyzer.py written atomically
[DEBUG] Executing hooks for PostToolUse:Write
[DEBUG] Getting matching hook commands for PostToolUse with query: Write
[DEBUG] Found 0 hook matchers in settings
[DEBUG] Matched 0 unique hooks for query "Write" (0 before deduplication)
[DEBUG] Found 0 hook commands to execute
[DEBUG] Hooks: getAsyncHookResponseAttachments called
[DEBUG] Hooks: checkForNewResponses called
[DEBUG] Hooks: Found 0 total hooks in registry
[DEBUG] Hooks: checkForNewResponses returning 0 responses
[DEBUG] Slash commands included in SlashCommand tool: /bug, /seek, /implement
[DEBUG] Stream started - received first chunk
[DEBUG] executePreToolHooks called for tool: Write
[DEBUG] Executing hooks for PreToolUse:Write
[DEBUG] Getting matching hook commands for PreToolUse with query: Write
[DEBUG] Found 1 hook matchers in settings
[DEBUG] Matched 1 unique hooks for query "Write" (1 before deduplication)
[DEBUG] Found 1 hook commands to execute
[DEBUG] Executing hook command: /Users/walterday/.claude/scripts/validate-claude.sh with timeout 60000ms
[DEBUG] Hook command completed with status 0: /Users/walterday/.claude/scripts/validate-claude.sh
[DEBUG] Hook output does not start with {, treating as plain text
[DEBUG] FileHistory: Tracked file modification for /Users/walterday/Git/MerlinMines/cromie/adw/core/__init__.py
[DEBUG] Writing to temp file: /Users/walterday/Git/MerlinMines/cromie/adw/core/__init__.py.tmp.11251.1760384764352
[DEBUG] Temp file written successfully, size: 416 bytes
[DEBUG] Renaming /Users/walterday/Git/MerlinMines/cromie/adw/core/__init__.py.tmp.11251.1760384764352 to /Users/walterday/Git/MerlinMines/cromie/adw/core/__init__.py
[DEBUG] File /Users/walterday/Git/MerlinMines/cromie/adw/core/__init__.py written atomically
[DEBUG] Executing hooks for PostToolUse:Write
[DEBUG] Getting matching hook commands for PostToolUse with query: Write
[DEBUG] Found 0 hook matchers in settings
[DEBUG] Matched 0 unique hooks for query "Write" (0 before deduplication)
[DEBUG] Found 0 hook commands to execute
[DEBUG] Hooks: getAsyncHookResponseAttachments called
[DEBUG] Hooks: checkForNewResponses called
[DEBUG] Hooks: Found 0 total hooks in registry
[DEBUG] Hooks: checkForNewResponses returning 0 responses
[DEBUG] Slash commands included in SlashCommand tool: /bug, /seek, /implement
[DEBUG] Stream started - received first chunk
[DEBUG] executePreToolHooks called for tool: TodoWrite
[DEBUG] Executing hooks for PreToolUse:TodoWrite
[DEBUG] Getting matching hook commands for PreToolUse with query: TodoWrite
[DEBUG] Found 1 hook matchers in settings
[DEBUG] Matched 0 unique hooks for query "TodoWrite" (0 before deduplication)
[DEBUG] Found 0 hook commands to execute
[DEBUG] Writing to temp file: /Users/walterday/.claude/todos/2a03a9ab-f885-4883-8529-05f395d8695c-agent-2efa6156-9f45-4b58-9822-50aae4fe9092.json.tmp.11251.1760384771197
[DEBUG] Preserving file permissions: 100644
[DEBUG] Temp file written successfully, size: 2 bytes
[DEBUG] Applied original permissions to temp file
[DEBUG] Renaming /Users/walterday/.claude/todos/2a03a9ab-f885-4883-8529-05f395d8695c-agent-2efa6156-9f45-4b58-9822-50aae4fe9092.json.tmp.11251.1760384771197 to /Users/walterday/.claude/todos/2a03a9ab-f885-4883-8529-05f395d8695c-agent-2efa6156-9f45-4b58-9822-50aae4fe9092.json
[DEBUG] File /Users/walterday/.claude/todos/2a03a9ab-f885-4883-8529-05f395d8695c-agent-2efa6156-9f45-4b58-9822-50aae4fe9092.json written atomically
[DEBUG] Writing to temp file: /Users/walterday/.claude/todos/2a03a9ab-f885-4883-8529-05f395d8695c-agent-2a03a9ab-f885-4883-8529-05f395d8695c.json.tmp.11251.1760384771215
[DEBUG] Preserving file permissions: 100644
[DEBUG] Temp file written successfully, size: 1427 bytes
[DEBUG] Applied original permissions to temp file
[DEBUG] Renaming /Users/walterday/.claude/todos/2a03a9ab-f885-4883-8529-05f395d8695c-agent-2a03a9ab-f885-4883-8529-05f395d8695c.json.tmp.11251.1760384771215 to /Users/walterday/.claude/todos/2a03a9ab-f885-4883-8529-05f395d8695c-agent-2a03a9ab-f885-4883-8529-05f395d8695c.json
[DEBUG] File /Users/walterday/.claude/todos/2a03a9ab-f885-4883-8529-05f395d8695c-agent-2a03a9ab-f885-4883-8529-05f395d8695c.json written atomically
[DEBUG] Executing hooks for PostToolUse:TodoWrite
[DEBUG] Getting matching hook commands for PostToolUse with query: TodoWrite
[DEBUG] Found 0 hook matchers in settings
[DEBUG] Matched 0 unique hooks for query "TodoWrite" (0 before deduplication)
[DEBUG] Found 0 hook commands to execute
[DEBUG] Hooks: getAsyncHookResponseAttachments called
[DEBUG] Hooks: checkForNewResponses called
[DEBUG] Hooks: Found 0 total hooks in registry
[DEBUG] Hooks: checkForNewResponses returning 0 responses
[DEBUG] Slash commands included in SlashCommand tool: /bug, /seek, /implement
[DEBUG] Stream started - received first chunk
[DEBUG] executePreToolHooks called for tool: Write
[DEBUG] Executing hooks for PreToolUse:Write
[DEBUG] Getting matching hook commands for PreToolUse with query: Write
[DEBUG] Found 1 hook matchers in settings
[DEBUG] Matched 1 unique hooks for query "Write" (1 before deduplication)
[DEBUG] Found 1 hook commands to execute
[DEBUG] Executing hook command: /Users/walterday/.claude/scripts/validate-claude.sh with timeout 60000ms
[DEBUG] Hook command completed with status 0: /Users/walterday/.claude/scripts/validate-claude.sh
[DEBUG] Hook output does not start with {, treating as plain text
[DEBUG] FileHistory: Tracked file modification for /Users/walterday/Git/MerlinMines/cromie/adw/core/prompt_builder.py
[DEBUG] Writing to temp file: /Users/walterday/Git/MerlinMines/cromie/adw/core/prompt_builder.py.tmp.11251.1760384815899
[DEBUG] Temp file written successfully, size: 12449 bytes
[DEBUG] Renaming /Users/walterday/Git/MerlinMines/cromie/adw/core/prompt_builder.py.tmp.11251.1760384815899 to /Users/walterday/Git/MerlinMines/cromie/adw/core/prompt_builder.py
[DEBUG] File /Users/walterday/Git/MerlinMines/cromie/adw/core/prompt_builder.py written atomically
[DEBUG] Executing hooks for PostToolUse:Write
[DEBUG] Getting matching hook commands for PostToolUse with query: Write
[DEBUG] Found 0 hook matchers in settings
[DEBUG] Matched 0 unique hooks for query "Write" (0 before deduplication)
[DEBUG] Found 0 hook commands to execute
[DEBUG] Hooks: getAsyncHookResponseAttachments called
[DEBUG] Hooks: checkForNewResponses called
[DEBUG] Hooks: Found 0 total hooks in registry
[DEBUG] Hooks: checkForNewResponses returning 0 responses
[DEBUG] Slash commands included in SlashCommand tool: /bug, /seek, /implement
[DEBUG] Stream started - received first chunk
[DEBUG] executePreToolHooks called for tool: Write
[DEBUG] Executing hooks for PreToolUse:Write
[DEBUG] Getting matching hook commands for PreToolUse with query: Write
[DEBUG] Found 1 hook matchers in settings
[DEBUG] Matched 1 unique hooks for query "Write" (1 before deduplication)
[DEBUG] Found 1 hook commands to execute
[DEBUG] Executing hook command: /Users/walterday/.claude/scripts/validate-claude.sh with timeout 60000ms
[DEBUG] Hook command completed with status 0: /Users/walterday/.claude/scripts/validate-claude.sh
[DEBUG] Hook output does not start with {, treating as plain text
[DEBUG] FileHistory: Tracked file modification for /Users/walterday/Git/MerlinMines/cromie/adw/workflows/adw_single_agent_implementation.py
[DEBUG] Writing to temp file: /Users/walterday/Git/MerlinMines/cromie/adw/workflows/adw_single_agent_implementation.py.tmp.11251.1760384871548
[DEBUG] Temp file written successfully, size: 17689 bytes
[DEBUG] Renaming /Users/walterday/Git/MerlinMines/cromie/adw/workflows/adw_single_agent_implementation.py.tmp.11251.1760384871548 to /Users/walterday/Git/MerlinMines/cromie/adw/workflows/adw_single_agent_implementation.py
[DEBUG] File /Users/walterday/Git/MerlinMines/cromie/adw/workflows/adw_single_agent_implementation.py written atomically
[DEBUG] Executing hooks for PostToolUse:Write
[DEBUG] Getting matching hook commands for PostToolUse with query: Write
[DEBUG] Found 0 hook matchers in settings
[DEBUG] Matched 0 unique hooks for query "Write" (0 before deduplication)
[DEBUG] Found 0 hook commands to execute
[DEBUG] Hooks: getAsyncHookResponseAttachments called
[DEBUG] Hooks: checkForNewResponses called
[DEBUG] Hooks: Found 0 total hooks in registry
[DEBUG] Hooks: checkForNewResponses returning 0 responses
[DEBUG] Slash commands included in SlashCommand tool: /bug, /seek, /implement
[DEBUG] Stream started - received first chunk
[DEBUG] executePreToolHooks called for tool: TodoWrite
[DEBUG] Executing hooks for PreToolUse:TodoWrite
[DEBUG] Getting matching hook commands for PreToolUse with query: TodoWrite
[DEBUG] Found 1 hook matchers in settings
[DEBUG] Matched 0 unique hooks for query "TodoWrite" (0 before deduplication)
[DEBUG] Found 0 hook commands to execute
[DEBUG] Writing to temp file: /Users/walterday/.claude/todos/2a03a9ab-f885-4883-8529-05f395d8695c-agent-2efa6156-9f45-4b58-9822-50aae4fe9092.json.tmp.11251.1760384878734
[DEBUG] Preserving file permissions: 100644
[DEBUG] Temp file written successfully, size: 2 bytes
[DEBUG] Applied original permissions to temp file
[DEBUG] Renaming /Users/walterday/.claude/todos/2a03a9ab-f885-4883-8529-05f395d8695c-agent-2efa6156-9f45-4b58-9822-50aae4fe9092.json.tmp.11251.1760384878734 to /Users/walterday/.claude/todos/2a03a9ab-f885-4883-8529-05f395d8695c-agent-2efa6156-9f45-4b58-9822-50aae4fe9092.json
[DEBUG] File /Users/walterday/.claude/todos/2a03a9ab-f885-4883-8529-05f395d8695c-agent-2efa6156-9f45-4b58-9822-50aae4fe9092.json written atomically
[DEBUG] Writing to temp file: /Users/walterday/.claude/todos/2a03a9ab-f885-4883-8529-05f395d8695c-agent-2a03a9ab-f885-4883-8529-05f395d8695c.json.tmp.11251.1760384878741
[DEBUG] Preserving file permissions: 100644
[DEBUG] Temp file written successfully, size: 1429 bytes
[DEBUG] Applied original permissions to temp file
[DEBUG] Renaming /Users/walterday/.claude/todos/2a03a9ab-f885-4883-8529-05f395d8695c-agent-2a03a9ab-f885-4883-8529-05f395d8695c.json.tmp.11251.1760384878741 to /Users/walterday/.claude/todos/2a03a9ab-f885-4883-8529-05f395d8695c-agent-2a03a9ab-f885-4883-8529-05f395d8695c.json
[DEBUG] File /Users/walterday/.claude/todos/2a03a9ab-f885-4883-8529-05f395d8695c-agent-2a03a9ab-f885-4883-8529-05f395d8695c.json written atomically
[DEBUG] Executing hooks for PostToolUse:TodoWrite
[DEBUG] Getting matching hook commands for PostToolUse with query: TodoWrite
[DEBUG] Found 0 hook matchers in settings
[DEBUG] Matched 0 unique hooks for query "TodoWrite" (0 before deduplication)
[DEBUG] Found 0 hook commands to execute
[DEBUG] Hooks: getAsyncHookResponseAttachments called
[DEBUG] Hooks: checkForNewResponses called
[DEBUG] Hooks: Found 0 total hooks in registry
[DEBUG] Hooks: checkForNewResponses returning 0 responses
[DEBUG] Slash commands included in SlashCommand tool: /bug, /seek, /implement
[DEBUG] Stream started - received first chunk
[DEBUG] executePreToolHooks called for tool: Read
[DEBUG] Executing hooks for PreToolUse:Read
[DEBUG] Getting matching hook commands for PreToolUse with query: Read
[DEBUG] Found 1 hook matchers in settings
[DEBUG] Matched 0 unique hooks for query "Read" (0 before deduplication)
[DEBUG] Found 0 hook commands to execute
[DEBUG] Executing hooks for PostToolUse:Read
[DEBUG] Getting matching hook commands for PostToolUse with query: Read
[DEBUG] Found 0 hook matchers in settings
[DEBUG] Matched 0 unique hooks for query "Read" (0 before deduplication)
[DEBUG] Found 0 hook commands to execute
[DEBUG] Hooks: getAsyncHookResponseAttachments called
[DEBUG] Hooks: checkForNewResponses called
[DEBUG] Hooks: Found 0 total hooks in registry
[DEBUG] Hooks: checkForNewResponses returning 0 responses
[DEBUG] Slash commands included in SlashCommand tool: /bug, /seek, /implement
[DEBUG] Stream started - received first chunk
[DEBUG] executePreToolHooks called for tool: Edit
[DEBUG] Executing hooks for PreToolUse:Edit
[DEBUG] Getting matching hook commands for PreToolUse with query: Edit
[DEBUG] Found 1 hook matchers in settings
[DEBUG] Matched 1 unique hooks for query "Edit" (1 before deduplication)
[DEBUG] Found 1 hook commands to execute
[DEBUG] Executing hook command: /Users/walterday/.claude/scripts/validate-claude.sh with timeout 60000ms
[DEBUG] Hook command completed with status 0: /Users/walterday/.claude/scripts/validate-claude.sh
[DEBUG] Hook output does not start with {, treating as plain text
[DEBUG] FileHistory: Tracked file modification for /Users/walterday/Git/MerlinMines/cromie/adw/core/agent.py
[DEBUG] Writing to temp file: /Users/walterday/Git/MerlinMines/cromie/adw/core/agent.py.tmp.11251.1760384894461
[DEBUG] Preserving file permissions: 100644
[DEBUG] Temp file written successfully, size: 11303 bytes
[DEBUG] Applied original permissions to temp file
[DEBUG] Renaming /Users/walterday/Git/MerlinMines/cromie/adw/core/agent.py.tmp.11251.1760384894461 to /Users/walterday/Git/MerlinMines/cromie/adw/core/agent.py
[DEBUG] File /Users/walterday/Git/MerlinMines/cromie/adw/core/agent.py written atomically
[DEBUG] Executing hooks for PostToolUse:Edit
[DEBUG] Getting matching hook commands for PostToolUse with query: Edit
[DEBUG] Found 0 hook matchers in settings
[DEBUG] Matched 0 unique hooks for query "Edit" (0 before deduplication)
[DEBUG] Found 0 hook commands to execute
[DEBUG] Hooks: getAsyncHookResponseAttachments called
[DEBUG] Hooks: checkForNewResponses called
[DEBUG] Hooks: Found 0 total hooks in registry
[DEBUG] Hooks: checkForNewResponses returning 0 responses
[DEBUG] Slash commands included in SlashCommand tool: /bug, /seek, /implement
[DEBUG] Stream started - received first chunk
[DEBUG] executePreToolHooks called for tool: Edit
[DEBUG] Executing hooks for PreToolUse:Edit
[DEBUG] Getting matching hook commands for PreToolUse with query: Edit
[DEBUG] Found 1 hook matchers in settings
[DEBUG] Matched 1 unique hooks for query "Edit" (1 before deduplication)
[DEBUG] Found 1 hook commands to execute
[DEBUG] Executing hook command: /Users/walterday/.claude/scripts/validate-claude.sh with timeout 60000ms
[DEBUG] Hook command completed with status 0: /Users/walterday/.claude/scripts/validate-claude.sh
[DEBUG] Hook output does not start with {, treating as plain text
[DEBUG] Writing to temp file: /Users/walterday/Git/MerlinMines/cromie/adw/core/agent.py.tmp.11251.1760384902449
[DEBUG] Preserving file permissions: 100644
[DEBUG] Temp file written successfully, size: 11953 bytes
[DEBUG] Applied original permissions to temp file
[DEBUG] Renaming /Users/walterday/Git/MerlinMines/cromie/adw/core/agent.py.tmp.11251.1760384902449 to /Users/walterday/Git/MerlinMines/cromie/adw/core/agent.py
[DEBUG] File /Users/walterday/Git/MerlinMines/cromie/adw/core/agent.py written atomically
[DEBUG] Executing hooks for PostToolUse:Edit
[DEBUG] Getting matching hook commands for PostToolUse with query: Edit
[DEBUG] Found 0 hook matchers in settings
[DEBUG] Matched 0 unique hooks for query "Edit" (0 before deduplication)
[DEBUG] Found 0 hook commands to execute
[DEBUG] Hooks: getAsyncHookResponseAttachments called
[DEBUG] Hooks: checkForNewResponses called
[DEBUG] Hooks: Found 0 total hooks in registry
[DEBUG] Hooks: checkForNewResponses returning 0 responses
[DEBUG] Slash commands included in SlashCommand tool: /bug, /seek, /implement
[DEBUG] Stream started - received first chunk
[DEBUG] executePreToolHooks called for tool: Read
[DEBUG] Executing hooks for PreToolUse:Read
[DEBUG] Getting matching hook commands for PreToolUse with query: Read
[DEBUG] Found 1 hook matchers in settings
[DEBUG] Matched 0 unique hooks for query "Read" (0 before deduplication)
[DEBUG] Found 0 hook commands to execute
[DEBUG] Executing hooks for PostToolUse:Read
[DEBUG] Getting matching hook commands for PostToolUse with query: Read
[DEBUG] Found 0 hook matchers in settings
[DEBUG] Matched 0 unique hooks for query "Read" (0 before deduplication)
[DEBUG] Found 0 hook commands to execute
[DEBUG] Hooks: getAsyncHookResponseAttachments called
[DEBUG] Hooks: checkForNewResponses called
[DEBUG] Hooks: Found 0 total hooks in registry
[DEBUG] Hooks: checkForNewResponses returning 0 responses
[DEBUG] Slash commands included in SlashCommand tool: /bug, /seek, /implement
[DEBUG] Stream started - received first chunk
[DEBUG] executePreToolHooks called for tool: Edit
[DEBUG] Executing hooks for PreToolUse:Edit
[DEBUG] Getting matching hook commands for PreToolUse with query: Edit
[DEBUG] Found 1 hook matchers in settings
[DEBUG] Matched 1 unique hooks for query "Edit" (1 before deduplication)
[DEBUG] Found 1 hook commands to execute
[DEBUG] Executing hook command: /Users/walterday/.claude/scripts/validate-claude.sh with timeout 60000ms
[DEBUG] Hook command completed with status 0: /Users/walterday/.claude/scripts/validate-claude.sh
[DEBUG] Hook output does not start with {, treating as plain text
[DEBUG] Writing to temp file: /Users/walterday/Git/MerlinMines/cromie/adw/core/agent.py.tmp.11251.1760384927838
[DEBUG] Preserving file permissions: 100644
[DEBUG] Temp file written successfully, size: 15683 bytes
[DEBUG] Applied original permissions to temp file
[DEBUG] Renaming /Users/walterday/Git/MerlinMines/cromie/adw/core/agent.py.tmp.11251.1760384927838 to /Users/walterday/Git/MerlinMines/cromie/adw/core/agent.py
[DEBUG] File /Users/walterday/Git/MerlinMines/cromie/adw/core/agent.py written atomically
[DEBUG] Executing hooks for PostToolUse:Edit
[DEBUG] Getting matching hook commands for PostToolUse with query: Edit
[DEBUG] Found 0 hook matchers in settings
[DEBUG] Matched 0 unique hooks for query "Edit" (0 before deduplication)
[DEBUG] Found 0 hook commands to execute
[DEBUG] Hooks: getAsyncHookResponseAttachments called
[DEBUG] Hooks: checkForNewResponses called
[DEBUG] Hooks: Found 0 total hooks in registry
[DEBUG] Hooks: checkForNewResponses returning 0 responses
[DEBUG] Slash commands included in SlashCommand tool: /bug, /seek, /implement
[DEBUG] Stream started - received first chunk
[DEBUG] executePreToolHooks called for tool: Edit
[DEBUG] Executing hooks for PreToolUse:Edit
[DEBUG] Getting matching hook commands for PreToolUse with query: Edit
[DEBUG] Found 1 hook matchers in settings
[DEBUG] Matched 1 unique hooks for query "Edit" (1 before deduplication)
[DEBUG] Found 1 hook commands to execute
[DEBUG] Executing hook command: /Users/walterday/.claude/scripts/validate-claude.sh with timeout 60000ms
[DEBUG] Hook command completed with status 0: /Users/walterday/.claude/scripts/validate-claude.sh
[DEBUG] Hook output does not start with {, treating as plain text
[DEBUG] Writing to temp file: /Users/walterday/Git/MerlinMines/cromie/adw/core/agent.py.tmp.11251.1760384935252
[DEBUG] Preserving file permissions: 100644
[DEBUG] Temp file written successfully, size: 15693 bytes
[DEBUG] Applied original permissions to temp file
[DEBUG] Renaming /Users/walterday/Git/MerlinMines/cromie/adw/core/agent.py.tmp.11251.1760384935252 to /Users/walterday/Git/MerlinMines/cromie/adw/core/agent.py
[DEBUG] File /Users/walterday/Git/MerlinMines/cromie/adw/core/agent.py written atomically
[DEBUG] Executing hooks for PostToolUse:Edit
[DEBUG] Getting matching hook commands for PostToolUse with query: Edit
[DEBUG] Found 0 hook matchers in settings
[DEBUG] Matched 0 unique hooks for query "Edit" (0 before deduplication)
[DEBUG] Found 0 hook commands to execute
[DEBUG] Hooks: getAsyncHookResponseAttachments called
[DEBUG] Hooks: checkForNewResponses called
[DEBUG] Hooks: Found 0 total hooks in registry
[DEBUG] Hooks: checkForNewResponses returning 0 responses
[DEBUG] Slash commands included in SlashCommand tool: /bug, /seek, /implement
[DEBUG] Stream started - received first chunk
[DEBUG] executePreToolHooks called for tool: Edit
[DEBUG] Executing hooks for PreToolUse:Edit
[DEBUG] Getting matching hook commands for PreToolUse with query: Edit
[DEBUG] Found 1 hook matchers in settings
[DEBUG] Matched 1 unique hooks for query "Edit" (1 before deduplication)
[DEBUG] Found 1 hook commands to execute
[DEBUG] Executing hook command: /Users/walterday/.claude/scripts/validate-claude.sh with timeout 60000ms
[DEBUG] Hook command completed with status 0: /Users/walterday/.claude/scripts/validate-claude.sh
[DEBUG] Hook output does not start with {, treating as plain text
[DEBUG] FileHistory: Tracked file modification for /Users/walterday/Git/MerlinMines/cromie/adw/core/cromie_context.py
[DEBUG] Writing to temp file: /Users/walterday/Git/MerlinMines/cromie/adw/core/cromie_context.py.tmp.11251.1760384954525
[DEBUG] Preserving file permissions: 100644
[DEBUG] Temp file written successfully, size: 14198 bytes
[DEBUG] Applied original permissions to temp file
[DEBUG] Renaming /Users/walterday/Git/MerlinMines/cromie/adw/core/cromie_context.py.tmp.11251.1760384954525 to /Users/walterday/Git/MerlinMines/cromie/adw/core/cromie_context.py
[DEBUG] File /Users/walterday/Git/MerlinMines/cromie/adw/core/cromie_context.py written atomically
[DEBUG] Executing hooks for PostToolUse:Edit
[DEBUG] Getting matching hook commands for PostToolUse with query: Edit
[DEBUG] Found 0 hook matchers in settings
[DEBUG] Matched 0 unique hooks for query "Edit" (0 before deduplication)
[DEBUG] Found 0 hook commands to execute
[DEBUG] Hooks: getAsyncHookResponseAttachments called
[DEBUG] Hooks: checkForNewResponses called
[DEBUG] Hooks: Found 0 total hooks in registry
[DEBUG] Hooks: checkForNewResponses returning 0 responses
[DEBUG] Slash commands included in SlashCommand tool: /bug, /seek, /implement
[DEBUG] Stream started - received first chunk
[DEBUG] executePreToolHooks called for tool: TodoWrite
[DEBUG] Executing hooks for PreToolUse:TodoWrite
[DEBUG] Getting matching hook commands for PreToolUse with query: TodoWrite
[DEBUG] Found 1 hook matchers in settings
[DEBUG] Matched 0 unique hooks for query "TodoWrite" (0 before deduplication)
[DEBUG] Found 0 hook commands to execute
[DEBUG] Writing to temp file: /Users/walterday/.claude/todos/2a03a9ab-f885-4883-8529-05f395d8695c-agent-2efa6156-9f45-4b58-9822-50aae4fe9092.json.tmp.11251.1760384960889
[DEBUG] Preserving file permissions: 100644
[DEBUG] Temp file written successfully, size: 2 bytes
[DEBUG] Applied original permissions to temp file
[DEBUG] Renaming /Users/walterday/.claude/todos/2a03a9ab-f885-4883-8529-05f395d8695c-agent-2efa6156-9f45-4b58-9822-50aae4fe9092.json.tmp.11251.1760384960889 to /Users/walterday/.claude/todos/2a03a9ab-f885-4883-8529-05f395d8695c-agent-2efa6156-9f45-4b58-9822-50aae4fe9092.json
[DEBUG] File /Users/walterday/.claude/todos/2a03a9ab-f885-4883-8529-05f395d8695c-agent-2efa6156-9f45-4b58-9822-50aae4fe9092.json written atomically
[DEBUG] Writing to temp file: /Users/walterday/.claude/todos/2a03a9ab-f885-4883-8529-05f395d8695c-agent-2a03a9ab-f885-4883-8529-05f395d8695c.json.tmp.11251.1760384960900
[DEBUG] Preserving file permissions: 100644
[DEBUG] Temp file written successfully, size: 1431 bytes
[DEBUG] Applied original permissions to temp file
[DEBUG] Renaming /Users/walterday/.claude/todos/2a03a9ab-f885-4883-8529-05f395d8695c-agent-2a03a9ab-f885-4883-8529-05f395d8695c.json.tmp.11251.1760384960900 to /Users/walterday/.claude/todos/2a03a9ab-f885-4883-8529-05f395d8695c-agent-2a03a9ab-f885-4883-8529-05f395d8695c.json
[DEBUG] File /Users/walterday/.claude/todos/2a03a9ab-f885-4883-8529-05f395d8695c-agent-2a03a9ab-f885-4883-8529-05f395d8695c.json written atomically
[DEBUG] Executing hooks for PostToolUse:TodoWrite
[DEBUG] Getting matching hook commands for PostToolUse with query: TodoWrite
[DEBUG] Found 0 hook matchers in settings
[DEBUG] Matched 0 unique hooks for query "TodoWrite" (0 before deduplication)
[DEBUG] Found 0 hook commands to execute
[DEBUG] Hooks: getAsyncHookResponseAttachments called
[DEBUG] Hooks: checkForNewResponses called
[DEBUG] Hooks: Found 0 total hooks in registry
[DEBUG] Hooks: checkForNewResponses returning 0 responses
[DEBUG] Slash commands included in SlashCommand tool: /bug, /seek, /implement
[DEBUG] Stream started - received first chunk
[DEBUG] Writing to temp file: /Users/walterday/.claude.json.tmp.11251.1760384979747
[DEBUG] Preserving file permissions: 100644
[DEBUG] Temp file written successfully, size: 1977684 bytes
[DEBUG] Applied original permissions to temp file
[DEBUG] Renaming /Users/walterday/.claude.json.tmp.11251.1760384979747 to /Users/walterday/.claude.json
[DEBUG] File /Users/walterday/.claude.json written atomically
[DEBUG] Streaming aborted by user: Request was aborted.
[ERROR] Error in non-streaming fallback: Request was aborted.
[DEBUG] Writing to temp file: /Users/walterday/.claude.json.tmp.11251.1760384979799
[DEBUG] Preserving file permissions: 100644
[DEBUG] Temp file written successfully, size: 1977684 bytes
[DEBUG] Applied original permissions to temp file
[DEBUG] Renaming /Users/walterday/.claude.json.tmp.11251.1760384979799 to /Users/walterday/.claude.json
[DEBUG] File /Users/walterday/.claude.json written atomically
[DEBUG] Writing to temp file: /Users/walterday/.claude.json.tmp.11251.1760384979848
[DEBUG] Preserving file permissions: 100644
[DEBUG] Temp file written successfully, size: 1969355 bytes
[DEBUG] Applied original permissions to temp file
[DEBUG] Renaming /Users/walterday/.claude.json.tmp.11251.1760384979848 to /Users/walterday/.claude.json
[DEBUG] File /Users/walterday/.claude.json written atomically
[DEBUG] AutoUpdaterWrapper: Installation type: npm-global, using native: false
[DEBUG] Writing to temp file: /Users/walterday/.claude/settings.json.tmp.11251.1760384986009
[DEBUG] Preserving file permissions: 100644
[DEBUG] Temp file written successfully, size: 631 bytes
[DEBUG] Applied original permissions to temp file
[DEBUG] Renaming /Users/walterday/.claude/settings.json.tmp.11251.1760384986009 to /Users/walterday/.claude/settings.json
[DEBUG] File /Users/walterday/.claude/settings.json written atomically
[DEBUG] AutoUpdaterWrapper: Installation type: npm-global, using native: false
[DEBUG] FileHistory: Making snapshot for message c55a9b9f-3102-45bb-9941-1f5f53850007
[DEBUG] FileHistory: Added snapshot for c55a9b9f-3102-45bb-9941-1f5f53850007, tracking 6 files
[DEBUG] Writing to temp file: /Users/walterday/.claude.json.tmp.11251.1760384986109
[DEBUG] Preserving file permissions: 100644
[DEBUG] Temp file written successfully, size: 1969355 bytes
[DEBUG] Applied original permissions to temp file
[DEBUG] Renaming /Users/walterday/.claude.json.tmp.11251.1760384986109 to /Users/walterday/.claude.json
[DEBUG] File /Users/walterday/.claude.json written atomically
[DEBUG] Writing to temp file: /Users/walterday/.claude.json.tmp.11251.1760384986160
[DEBUG] Preserving file permissions: 100644
[DEBUG] Temp file written successfully, size: 1969305 bytes
[DEBUG] Applied original permissions to temp file
[DEBUG] Renaming /Users/walterday/.claude.json.tmp.11251.1760384986160 to /Users/walterday/.claude.json
[DEBUG] File /Users/walterday/.claude.json written atomically
[DEBUG] Hooks: getAsyncHookResponseAttachments called
[DEBUG] Hooks: checkForNewResponses called
[DEBUG] Hooks: Found 0 total hooks in registry
[DEBUG] Hooks: checkForNewResponses returning 0 responses
[DEBUG] Executing hooks for UserPromptSubmit
[DEBUG] Getting matching hook commands for UserPromptSubmit with query: undefined
[DEBUG] Found 1 hook matchers in settings
[DEBUG] Matched 1 unique hooks for query "no match query" (1 before deduplication)
[DEBUG] Found 1 hook commands to execute
[DEBUG] Executing hook command: /Users/walterday/.claude/hooks/post-branch-create.sh with timeout 60000ms
[DEBUG] Hook command completed with status 0: /Users/walterday/.claude/hooks/post-branch-create.sh
[DEBUG] Hook output does not start with {, treating as plain text
[DEBUG] FileHistory: Making snapshot for message f24bdbaa-aef2-418e-a87d-64b4eebe0bcd
[DEBUG] FileHistory: Added snapshot for f24bdbaa-aef2-418e-a87d-64b4eebe0bcd, tracking 6 files
[DEBUG] Slash commands included in SlashCommand tool: /bug, /seek, /implement
[DEBUG] Stream started - received first chunk
[DEBUG] executePreToolHooks called for tool: TodoWrite
[DEBUG] Executing hooks for PreToolUse:TodoWrite
[DEBUG] Getting matching hook commands for PreToolUse with query: TodoWrite
[DEBUG] Found 1 hook matchers in settings
[DEBUG] Matched 0 unique hooks for query "TodoWrite" (0 before deduplication)
[DEBUG] Found 0 hook commands to execute
[DEBUG] Writing to temp file: /Users/walterday/.claude/todos/2a03a9ab-f885-4883-8529-05f395d8695c-agent-2efa6156-9f45-4b58-9822-50aae4fe9092.json.tmp.11251.1760385003626
[DEBUG] Preserving file permissions: 100644
[DEBUG] Temp file written successfully, size: 2 bytes
[DEBUG] Applied original permissions to temp file
[DEBUG] Renaming /Users/walterday/.claude/todos/2a03a9ab-f885-4883-8529-05f395d8695c-agent-2efa6156-9f45-4b58-9822-50aae4fe9092.json.tmp.11251.1760385003626 to /Users/walterday/.claude/todos/2a03a9ab-f885-4883-8529-05f395d8695c-agent-2efa6156-9f45-4b58-9822-50aae4fe9092.json
[DEBUG] File /Users/walterday/.claude/todos/2a03a9ab-f885-4883-8529-05f395d8695c-agent-2efa6156-9f45-4b58-9822-50aae4fe9092.json written atomically
[DEBUG] Writing to temp file: /Users/walterday/.claude/todos/2a03a9ab-f885-4883-8529-05f395d8695c-agent-2a03a9ab-f885-4883-8529-05f395d8695c.json.tmp.11251.1760385003632
[DEBUG] Preserving file permissions: 100644
[DEBUG] Temp file written successfully, size: 1565 bytes
[DEBUG] Applied original permissions to temp file
[DEBUG] Renaming /Users/walterday/.claude/todos/2a03a9ab-f885-4883-8529-05f395d8695c-agent-2a03a9ab-f885-4883-8529-05f395d8695c.json.tmp.11251.1760385003632 to /Users/walterday/.claude/todos/2a03a9ab-f885-4883-8529-05f395d8695c-agent-2a03a9ab-f885-4883-8529-05f395d8695c.json
[DEBUG] File /Users/walterday/.claude/todos/2a03a9ab-f885-4883-8529-05f395d8695c-agent-2a03a9ab-f885-4883-8529-05f395d8695c.json written atomically
[DEBUG] Executing hooks for PostToolUse:TodoWrite
[DEBUG] Getting matching hook commands for PostToolUse with query: TodoWrite
[DEBUG] Found 0 hook matchers in settings
[DEBUG] Matched 0 unique hooks for query "TodoWrite" (0 before deduplication)
[DEBUG] Found 0 hook commands to execute
[DEBUG] Hooks: getAsyncHookResponseAttachments called
[DEBUG] Hooks: checkForNewResponses called
[DEBUG] Hooks: Found 0 total hooks in registry
[DEBUG] Hooks: checkForNewResponses returning 0 responses
[DEBUG] Slash commands included in SlashCommand tool: /bug, /seek, /implement
[DEBUG] Stream started - received first chunk
[DEBUG] executePreToolHooks called for tool: Write
[DEBUG] Executing hooks for PreToolUse:Write
[DEBUG] Getting matching hook commands for PreToolUse with query: Write
[DEBUG] Found 1 hook matchers in settings
[DEBUG] Matched 1 unique hooks for query "Write" (1 before deduplication)
[DEBUG] Found 1 hook commands to execute
[DEBUG] Executing hook command: /Users/walterday/.claude/scripts/validate-claude.sh with timeout 60000ms
[DEBUG] Hook command completed with status 0: /Users/walterday/.claude/scripts/validate-claude.sh
[DEBUG] Hook output does not start with {, treating as plain text
[DEBUG] FileHistory: Tracked file modification for /Users/walterday/Git/MerlinMines/cromie/adw/tests/test_surgical_analyzer.py
[DEBUG] Writing to temp file: /Users/walterday/Git/MerlinMines/cromie/adw/tests/test_surgical_analyzer.py.tmp.11251.1760385036843
[DEBUG] Temp file written successfully, size: 7399 bytes
[DEBUG] Renaming /Users/walterday/Git/MerlinMines/cromie/adw/tests/test_surgical_analyzer.py.tmp.11251.1760385036843 to /Users/walterday/Git/MerlinMines/cromie/adw/tests/test_surgical_analyzer.py
[DEBUG] File /Users/walterday/Git/MerlinMines/cromie/adw/tests/test_surgical_analyzer.py written atomically
[DEBUG] Executing hooks for PostToolUse:Write
[DEBUG] Getting matching hook commands for PostToolUse with query: Write
[DEBUG] Found 0 hook matchers in settings
[DEBUG] Matched 0 unique hooks for query "Write" (0 before deduplication)
[DEBUG] Found 0 hook commands to execute
[DEBUG] Hooks: getAsyncHookResponseAttachments called
[DEBUG] Hooks: checkForNewResponses called
[DEBUG] Hooks: Found 0 total hooks in registry
[DEBUG] Hooks: checkForNewResponses returning 0 responses
[DEBUG] Slash commands included in SlashCommand tool: /bug, /seek, /implement
[DEBUG] Stream started - received first chunk
[DEBUG] executePreToolHooks called for tool: Write
[DEBUG] Executing hooks for PreToolUse:Write
[DEBUG] Getting matching hook commands for PreToolUse with query: Write
[DEBUG] Found 1 hook matchers in settings
[DEBUG] Matched 1 unique hooks for query "Write" (1 before deduplication)
[DEBUG] Found 1 hook commands to execute
[DEBUG] Executing hook command: /Users/walterday/.claude/scripts/validate-claude.sh with timeout 60000ms
[DEBUG] Hook command completed with status 0: /Users/walterday/.claude/scripts/validate-claude.sh
[DEBUG] Hook output does not start with {, treating as plain text
[DEBUG] FileHistory: Tracked file modification for /Users/walterday/Git/MerlinMines/cromie/adw/tests/test_single_agent_workflow.py
[DEBUG] Writing to temp file: /Users/walterday/Git/MerlinMines/cromie/adw/tests/test_single_agent_workflow.py.tmp.11251.1760385059910
[DEBUG] Temp file written successfully, size: 6116 bytes
[DEBUG] Renaming /Users/walterday/Git/MerlinMines/cromie/adw/tests/test_single_agent_workflow.py.tmp.11251.1760385059910 to /Users/walterday/Git/MerlinMines/cromie/adw/tests/test_single_agent_workflow.py
[DEBUG] File /Users/walterday/Git/MerlinMines/cromie/adw/tests/test_single_agent_workflow.py written atomically
[DEBUG] Executing hooks for PostToolUse:Write
[DEBUG] Getting matching hook commands for PostToolUse with query: Write
[DEBUG] Found 0 hook matchers in settings
[DEBUG] Matched 0 unique hooks for query "Write" (0 before deduplication)
[DEBUG] Found 0 hook commands to execute
[DEBUG] Hooks: getAsyncHookResponseAttachments called
[DEBUG] Hooks: checkForNewResponses called
[DEBUG] Hooks: Found 0 total hooks in registry
[DEBUG] Hooks: checkForNewResponses returning 0 responses
[DEBUG] Slash commands included in SlashCommand tool: /bug, /seek, /implement
[DEBUG] Stream started - received first chunk
[DEBUG] executePreToolHooks called for tool: TodoWrite
[DEBUG] Executing hooks for PreToolUse:TodoWrite
[DEBUG] Getting matching hook commands for PreToolUse with query: TodoWrite
[DEBUG] Found 1 hook matchers in settings
[DEBUG] Matched 0 unique hooks for query "TodoWrite" (0 before deduplication)
[DEBUG] Found 0 hook commands to execute
[DEBUG] Writing to temp file: /Users/walterday/.claude/todos/2a03a9ab-f885-4883-8529-05f395d8695c-agent-2efa6156-9f45-4b58-9822-50aae4fe9092.json.tmp.11251.1760385068393
[DEBUG] Preserving file permissions: 100644
[DEBUG] Temp file written successfully, size: 2 bytes
[DEBUG] Applied original permissions to temp file
[DEBUG] Renaming /Users/walterday/.claude/todos/2a03a9ab-f885-4883-8529-05f395d8695c-agent-2efa6156-9f45-4b58-9822-50aae4fe9092.json.tmp.11251.1760385068393 to /Users/walterday/.claude/todos/2a03a9ab-f885-4883-8529-05f395d8695c-agent-2efa6156-9f45-4b58-9822-50aae4fe9092.json
[DEBUG] File /Users/walterday/.claude/todos/2a03a9ab-f885-4883-8529-05f395d8695c-agent-2efa6156-9f45-4b58-9822-50aae4fe9092.json written atomically
[DEBUG] Writing to temp file: /Users/walterday/.claude/todos/2a03a9ab-f885-4883-8529-05f395d8695c-agent-2a03a9ab-f885-4883-8529-05f395d8695c.json.tmp.11251.1760385068411
[DEBUG] Preserving file permissions: 100644
[DEBUG] Temp file written successfully, size: 1567 bytes
[DEBUG] Applied original permissions to temp file
[DEBUG] Renaming /Users/walterday/.claude/todos/2a03a9ab-f885-4883-8529-05f395d8695c-agent-2a03a9ab-f885-4883-8529-05f395d8695c.json.tmp.11251.1760385068411 to /Users/walterday/.claude/todos/2a03a9ab-f885-4883-8529-05f395d8695c-agent-2a03a9ab-f885-4883-8529-05f395d8695c.json
[DEBUG] File /Users/walterday/.claude/todos/2a03a9ab-f885-4883-8529-05f395d8695c-agent-2a03a9ab-f885-4883-8529-05f395d8695c.json written atomically
[DEBUG] Executing hooks for PostToolUse:TodoWrite
[DEBUG] Getting matching hook commands for PostToolUse with query: TodoWrite
[DEBUG] Found 0 hook matchers in settings
[DEBUG] Matched 0 unique hooks for query "TodoWrite" (0 before deduplication)
[DEBUG] Found 0 hook commands to execute
[DEBUG] Hooks: getAsyncHookResponseAttachments called
[DEBUG] Hooks: checkForNewResponses called
[DEBUG] Hooks: Found 0 total hooks in registry
[DEBUG] Hooks: checkForNewResponses returning 0 responses
[DEBUG] Slash commands included in SlashCommand tool: /bug, /seek, /implement
[DEBUG] Stream started - received first chunk
[DEBUG] executePreToolHooks called for tool: Read
[DEBUG] Executing hooks for PreToolUse:Read
[DEBUG] Getting matching hook commands for PreToolUse with query: Read
[DEBUG] Found 1 hook matchers in settings
[DEBUG] Matched 0 unique hooks for query "Read" (0 before deduplication)
[DEBUG] Found 0 hook commands to execute
[DEBUG] Executing hooks for PostToolUse:Read
[DEBUG] Getting matching hook commands for PostToolUse with query: Read
[DEBUG] Found 0 hook matchers in settings
[DEBUG] Matched 0 unique hooks for query "Read" (0 before deduplication)
[DEBUG] Found 0 hook commands to execute
[DEBUG] Hooks: getAsyncHookResponseAttachments called
[DEBUG] Hooks: checkForNewResponses called
[DEBUG] Hooks: Found 0 total hooks in registry
[DEBUG] Hooks: checkForNewResponses returning 0 responses
[DEBUG] Slash commands included in SlashCommand tool: /bug, /seek, /implement
[DEBUG] Stream started - received first chunk
[DEBUG] executePreToolHooks called for tool: Edit
[DEBUG] Executing hooks for PreToolUse:Edit
[DEBUG] Getting matching hook commands for PreToolUse with query: Edit
[DEBUG] Found 1 hook matchers in settings
[DEBUG] Matched 1 unique hooks for query "Edit" (1 before deduplication)
[DEBUG] Found 1 hook commands to execute
[DEBUG] Executing hook command: /Users/walterday/.claude/scripts/validate-claude.sh with timeout 60000ms
[DEBUG] Hook command completed with status 0: /Users/walterday/.claude/scripts/validate-claude.sh
[DEBUG] Hook output does not start with {, treating as plain text
[DEBUG] FileHistory: Tracked file modification for /Users/walterday/Git/MerlinMines/cromie/adw/README.md
[DEBUG] Writing to temp file: /Users/walterday/Git/MerlinMines/cromie/adw/README.md.tmp.11251.1760385087693
[DEBUG] Preserving file permissions: 100644
[DEBUG] Temp file written successfully, size: 12436 bytes
[DEBUG] Applied original permissions to temp file
[DEBUG] Renaming /Users/walterday/Git/MerlinMines/cromie/adw/README.md.tmp.11251.1760385087693 to /Users/walterday/Git/MerlinMines/cromie/adw/README.md
[DEBUG] File /Users/walterday/Git/MerlinMines/cromie/adw/README.md written atomically
[DEBUG] Executing hooks for PostToolUse:Edit
[DEBUG] Getting matching hook commands for PostToolUse with query: Edit
[DEBUG] Found 0 hook matchers in settings
[DEBUG] Matched 0 unique hooks for query "Edit" (0 before deduplication)
[DEBUG] Found 0 hook commands to execute
[DEBUG] Hooks: getAsyncHookResponseAttachments called
[DEBUG] Hooks: checkForNewResponses called
[DEBUG] Hooks: Found 0 total hooks in registry
[DEBUG] Hooks: checkForNewResponses returning 0 responses
[DEBUG] Slash commands included in SlashCommand tool: /bug, /seek, /implement
[DEBUG] Stream started - received first chunk
[DEBUG] executePreToolHooks called for tool: Edit
[DEBUG] Executing hooks for PreToolUse:Edit
[DEBUG] Getting matching hook commands for PreToolUse with query: Edit
[DEBUG] Found 1 hook matchers in settings
[DEBUG] Matched 1 unique hooks for query "Edit" (1 before deduplication)
[DEBUG] Found 1 hook commands to execute
[DEBUG] Executing hook command: /Users/walterday/.claude/scripts/validate-claude.sh with timeout 60000ms
[DEBUG] Hook command completed with status 0: /Users/walterday/.claude/scripts/validate-claude.sh
[DEBUG] Hook output does not start with {, treating as plain text
[DEBUG] Writing to temp file: /Users/walterday/Git/MerlinMines/cromie/adw/README.md.tmp.11251.1760385105457
[DEBUG] Preserving file permissions: 100644
[DEBUG] Temp file written successfully, size: 13950 bytes
[DEBUG] Applied original permissions to temp file
[DEBUG] Renaming /Users/walterday/Git/MerlinMines/cromie/adw/README.md.tmp.11251.1760385105457 to /Users/walterday/Git/MerlinMines/cromie/adw/README.md
[DEBUG] File /Users/walterday/Git/MerlinMines/cromie/adw/README.md written atomically
[DEBUG] Executing hooks for PostToolUse:Edit
[DEBUG] Getting matching hook commands for PostToolUse with query: Edit
[DEBUG] Found 0 hook matchers in settings
[DEBUG] Matched 0 unique hooks for query "Edit" (0 before deduplication)
[DEBUG] Found 0 hook commands to execute
[DEBUG] Hooks: getAsyncHookResponseAttachments called
[DEBUG] Hooks: checkForNewResponses called
[DEBUG] Hooks: Found 0 total hooks in registry
[DEBUG] Hooks: checkForNewResponses returning 0 responses
[DEBUG] Slash commands included in SlashCommand tool: /bug, /seek, /implement
[DEBUG] Stream started - received first chunk
[DEBUG] executePreToolHooks called for tool: Read
[DEBUG] Executing hooks for PreToolUse:Read
[DEBUG] Getting matching hook commands for PreToolUse with query: Read
[DEBUG] Found 1 hook matchers in settings
[DEBUG] Matched 0 unique hooks for query "Read" (0 before deduplication)
[DEBUG] Found 0 hook commands to execute
[DEBUG] Executing hooks for PostToolUse:Read
[DEBUG] Getting matching hook commands for PostToolUse with query: Read
[DEBUG] Found 0 hook matchers in settings
[DEBUG] Matched 0 unique hooks for query "Read" (0 before deduplication)
[DEBUG] Found 0 hook commands to execute
[DEBUG] Hooks: getAsyncHookResponseAttachments called
[DEBUG] Hooks: checkForNewResponses called
[DEBUG] Hooks: Found 0 total hooks in registry
[DEBUG] Hooks: checkForNewResponses returning 0 responses
[DEBUG] Slash commands included in SlashCommand tool: /bug, /seek, /implement
[DEBUG] Stream started - received first chunk
[DEBUG] executePreToolHooks called for tool: Edit
[DEBUG] Executing hooks for PreToolUse:Edit
[DEBUG] Getting matching hook commands for PreToolUse with query: Edit
[DEBUG] Found 1 hook matchers in settings
[DEBUG] Matched 1 unique hooks for query "Edit" (1 before deduplication)
[DEBUG] Found 1 hook commands to execute
[DEBUG] Executing hook command: /Users/walterday/.claude/scripts/validate-claude.sh with timeout 60000ms
[DEBUG] Hook command completed with status 0: /Users/walterday/.claude/scripts/validate-claude.sh
[DEBUG] Hook output does not start with {, treating as plain text
[DEBUG] FileHistory: Tracked file modification for /Users/walterday/Git/MerlinMines/cromie/adw/adw
[DEBUG] Writing to temp file: /Users/walterday/Git/MerlinMines/cromie/adw/adw.tmp.11251.1760385119203
[DEBUG] Preserving file permissions: 100755
[DEBUG] Temp file written successfully, size: 2743 bytes
[DEBUG] Applied original permissions to temp file
[DEBUG] Renaming /Users/walterday/Git/MerlinMines/cromie/adw/adw.tmp.11251.1760385119203 to /Users/walterday/Git/MerlinMines/cromie/adw/adw
[DEBUG] File /Users/walterday/Git/MerlinMines/cromie/adw/adw written atomically
[DEBUG] Executing hooks for PostToolUse:Edit
[DEBUG] Getting matching hook commands for PostToolUse with query: Edit
[DEBUG] Found 0 hook matchers in settings
[DEBUG] Matched 0 unique hooks for query "Edit" (0 before deduplication)
[DEBUG] Found 0 hook commands to execute
[DEBUG] Hooks: getAsyncHookResponseAttachments called
[DEBUG] Hooks: checkForNewResponses called
[DEBUG] Hooks: Found 0 total hooks in registry
[DEBUG] Hooks: checkForNewResponses returning 0 responses
[DEBUG] Slash commands included in SlashCommand tool: /bug, /seek, /implement
[DEBUG] Stream started - received first chunk
[DEBUG] executePreToolHooks called for tool: Edit
[DEBUG] Executing hooks for PreToolUse:Edit
[DEBUG] Getting matching hook commands for PreToolUse with query: Edit
[DEBUG] Found 1 hook matchers in settings
[DEBUG] Matched 1 unique hooks for query "Edit" (1 before deduplication)
[DEBUG] Found 1 hook commands to execute
[DEBUG] Executing hook command: /Users/walterday/.claude/scripts/validate-claude.sh with timeout 60000ms
[DEBUG] Hook command completed with status 0: /Users/walterday/.claude/scripts/validate-claude.sh
[DEBUG] Hook output does not start with {, treating as plain text
[DEBUG] Writing to temp file: /Users/walterday/Git/MerlinMines/cromie/adw/adw.tmp.11251.1760385129957
[DEBUG] Preserving file permissions: 100755
[DEBUG] Temp file written successfully, size: 2988 bytes
[DEBUG] Applied original permissions to temp file
[DEBUG] Renaming /Users/walterday/Git/MerlinMines/cromie/adw/adw.tmp.11251.1760385129957 to /Users/walterday/Git/MerlinMines/cromie/adw/adw
[DEBUG] File /Users/walterday/Git/MerlinMines/cromie/adw/adw written atomically
[DEBUG] Executing hooks for PostToolUse:Edit
[DEBUG] Getting matching hook commands for PostToolUse with query: Edit
[DEBUG] Found 0 hook matchers in settings
[DEBUG] Matched 0 unique hooks for query "Edit" (0 before deduplication)
[DEBUG] Found 0 hook commands to execute
[DEBUG] Hooks: getAsyncHookResponseAttachments called
[DEBUG] Hooks: checkForNewResponses called
[DEBUG] Hooks: Found 0 total hooks in registry
[DEBUG] Hooks: checkForNewResponses returning 0 responses
[DEBUG] Slash commands included in SlashCommand tool: /bug, /seek, /implement
[DEBUG] Stream started - received first chunk
[DEBUG] executePreToolHooks called for tool: TodoWrite
[DEBUG] Executing hooks for PreToolUse:TodoWrite
[DEBUG] Getting matching hook commands for PreToolUse with query: TodoWrite
[DEBUG] Found 1 hook matchers in settings
[DEBUG] Matched 0 unique hooks for query "TodoWrite" (0 before deduplication)
[DEBUG] Found 0 hook commands to execute
[DEBUG] Writing to temp file: /Users/walterday/.claude/todos/2a03a9ab-f885-4883-8529-05f395d8695c-agent-2efa6156-9f45-4b58-9822-50aae4fe9092.json.tmp.11251.1760385138057
[DEBUG] Preserving file permissions: 100644
[DEBUG] Temp file written successfully, size: 2 bytes
[DEBUG] Applied original permissions to temp file
[DEBUG] Renaming /Users/walterday/.claude/todos/2a03a9ab-f885-4883-8529-05f395d8695c-agent-2efa6156-9f45-4b58-9822-50aae4fe9092.json.tmp.11251.1760385138057 to /Users/walterday/.claude/todos/2a03a9ab-f885-4883-8529-05f395d8695c-agent-2efa6156-9f45-4b58-9822-50aae4fe9092.json
[DEBUG] File /Users/walterday/.claude/todos/2a03a9ab-f885-4883-8529-05f395d8695c-agent-2efa6156-9f45-4b58-9822-50aae4fe9092.json written atomically
[DEBUG] Writing to temp file: /Users/walterday/.claude/todos/2a03a9ab-f885-4883-8529-05f395d8695c-agent-2a03a9ab-f885-4883-8529-05f395d8695c.json.tmp.11251.1760385138069
[DEBUG] Preserving file permissions: 100644
[DEBUG] Temp file written successfully, size: 1571 bytes
[DEBUG] Applied original permissions to temp file
[DEBUG] Renaming /Users/walterday/.claude/todos/2a03a9ab-f885-4883-8529-05f395d8695c-agent-2a03a9ab-f885-4883-8529-05f395d8695c.json.tmp.11251.1760385138069 to /Users/walterday/.claude/todos/2a03a9ab-f885-4883-8529-05f395d8695c-agent-2a03a9ab-f885-4883-8529-05f395d8695c.json
[DEBUG] File /Users/walterday/.claude/todos/2a03a9ab-f885-4883-8529-05f395d8695c-agent-2a03a9ab-f885-4883-8529-05f395d8695c.json written atomically
[DEBUG] Executing hooks for PostToolUse:TodoWrite
[DEBUG] Getting matching hook commands for PostToolUse with query: TodoWrite
[DEBUG] Found 0 hook matchers in settings
[DEBUG] Matched 0 unique hooks for query "TodoWrite" (0 before deduplication)
[DEBUG] Found 0 hook commands to execute
[DEBUG] Hooks: getAsyncHookResponseAttachments called
[DEBUG] Hooks: checkForNewResponses called
[DEBUG] Hooks: Found 0 total hooks in registry
[DEBUG] Hooks: checkForNewResponses returning 0 responses
[DEBUG] Slash commands included in SlashCommand tool: /bug, /seek, /implement
[DEBUG] Stream started - received first chunk
[DEBUG] executePreToolHooks called for tool: Bash
[DEBUG] Executing hooks for PreToolUse:Bash
[DEBUG] Getting matching hook commands for PreToolUse with query: Bash
[DEBUG] Found 1 hook matchers in settings
[DEBUG] Matched 0 unique hooks for query "Bash" (0 before deduplication)
[DEBUG] Found 0 hook commands to execute
[DEBUG] Bash tool invoked with command: python3 -m py_compile adw/core/surgical_analyzer.py
[DEBUG] Bash tool description: Check Python syntax for surgical_analyzer.py
[DEBUG] Executing hooks for PostToolUse:Bash
[DEBUG] Getting matching hook commands for PostToolUse with query: Bash
[DEBUG] Found 0 hook matchers in settings
[DEBUG] Matched 0 unique hooks for query "Bash" (0 before deduplication)
[DEBUG] Found 0 hook commands to execute
[DEBUG] Hooks: getAsyncHookResponseAttachments called
[DEBUG] Hooks: checkForNewResponses called
[DEBUG] Hooks: Found 0 total hooks in registry
[DEBUG] Hooks: checkForNewResponses returning 0 responses
[DEBUG] Slash commands included in SlashCommand tool: /bug, /seek, /implement
[DEBUG] Stream started - received first chunk
[DEBUG] executePreToolHooks called for tool: Bash
[DEBUG] Executing hooks for PreToolUse:Bash
[DEBUG] Getting matching hook commands for PreToolUse with query: Bash
[DEBUG] Found 1 hook matchers in settings
[DEBUG] Matched 0 unique hooks for query "Bash" (0 before deduplication)
[DEBUG] Found 0 hook commands to execute
[DEBUG] Bash tool invoked with command: python3 -m py_compile adw/core/prompt_builder.py && python3 -m py_compile adw/workflows/adw_single_agent_implementation.py
[DEBUG] Bash tool description: Check Python syntax for other new files
[DEBUG] Executing hooks for PostToolUse:Bash
[DEBUG] Getting matching hook commands for PostToolUse with query: Bash
[DEBUG] Found 0 hook matchers in settings
[DEBUG] Matched 0 unique hooks for query "Bash" (0 before deduplication)
[DEBUG] Found 0 hook commands to execute
[DEBUG] Hooks: getAsyncHookResponseAttachments called
[DEBUG] Hooks: checkForNewResponses called
[DEBUG] Hooks: Found 0 total hooks in registry
[DEBUG] Hooks: checkForNewResponses returning 0 responses
[DEBUG] Slash commands included in SlashCommand tool: /bug, /seek, /implement
[DEBUG] Stream started - received first chunk
[DEBUG] executePreToolHooks called for tool: Bash
[DEBUG] Executing hooks for PreToolUse:Bash
[DEBUG] Getting matching hook commands for PreToolUse with query: Bash
[DEBUG] Found 1 hook matchers in settings
[DEBUG] Matched 0 unique hooks for query "Bash" (0 before deduplication)
[DEBUG] Found 0 hook commands to execute
[DEBUG] Bash tool invoked with command: ls -lh adw/core/surgical_analyzer.py adw/core/prompt_builder.py adw/workflows/adw_single_agent_implementation.py adw/core/__init__.py
[DEBUG] Bash tool description: Verify new files exist and check permissions
[DEBUG] Executing hooks for PostToolUse:Bash
[DEBUG] Getting matching hook commands for PostToolUse with query: Bash
[DEBUG] Found 0 hook matchers in settings
[DEBUG] Matched 0 unique hooks for query "Bash" (0 before deduplication)
[DEBUG] Found 0 hook commands to execute
[DEBUG] Hooks: getAsyncHookResponseAttachments called
[DEBUG] Hooks: checkForNewResponses called
[DEBUG] Hooks: Found 0 total hooks in registry
[DEBUG] Hooks: checkForNewResponses returning 0 responses
[DEBUG] Slash commands included in SlashCommand tool: /bug, /seek, /implement
[DEBUG] Stream started - received first chunk
[DEBUG] executePreToolHooks called for tool: Bash
[DEBUG] Executing hooks for PreToolUse:Bash
[DEBUG] Getting matching hook commands for PreToolUse with query: Bash
[DEBUG] Found 1 hook matchers in settings
[DEBUG] Matched 0 unique hooks for query "Bash" (0 before deduplication)
[DEBUG] Found 0 hook commands to execute
[DEBUG] Permission suggestions for Bash: [
  {
    "type": "addRules",
    "rules": [
      {
        "toolName": "Bash",
        "ruleContent": "./adw/adw help:*"
      }
    ],
    "behavior": "allow",
    "destination": "localSettings"
  }
]
[DEBUG] Getting matching hook commands for Notification with query: undefined
[DEBUG] Found 0 hook matchers in settings
[DEBUG] Matched 0 unique hooks for query "no match query" (0 before deduplication)
[DEBUG] Persisting permission update: addRules to source 'localSettings'
[DEBUG] Persisting 1 allow rule(s) to localSettings
[DEBUG] Writing to temp file: /Users/walterday/Git/MerlinMines/cromie/.claude/settings.local.json.tmp.11251.1760385180650
[DEBUG] Preserving file permissions: 100644
[DEBUG] Temp file written successfully, size: 1629 bytes
[DEBUG] Applied original permissions to temp file
[DEBUG] Renaming /Users/walterday/Git/MerlinMines/cromie/.claude/settings.local.json.tmp.11251.1760385180650 to /Users/walterday/Git/MerlinMines/cromie/.claude/settings.local.json
[DEBUG] File /Users/walterday/Git/MerlinMines/cromie/.claude/settings.local.json written atomically
[DEBUG] Applying permission update: Adding 1 allow rule(s) to destination 'localSettings': ["Bash(./adw/adw help:*)"]
[DEBUG] AutoUpdaterWrapper: Installation type: npm-global, using native: false
[DEBUG] Bash tool invoked with command: chmod +x adw/adw && ./adw/adw help
[DEBUG] Bash tool description: Make ADW wrapper executable and test help
[DEBUG] Executing hooks for PostToolUse:Bash
[DEBUG] Getting matching hook commands for PostToolUse with query: Bash
[DEBUG] Found 0 hook matchers in settings
[DEBUG] Matched 0 unique hooks for query "Bash" (0 before deduplication)
[DEBUG] Found 0 hook commands to execute
[DEBUG] Hooks: getAsyncHookResponseAttachments called
[DEBUG] Hooks: checkForNewResponses called
[DEBUG] Hooks: Found 0 total hooks in registry
[DEBUG] Hooks: checkForNewResponses returning 0 responses
[DEBUG] Slash commands included in SlashCommand tool: /bug, /seek, /implement
[DEBUG] Stream started - received first chunk
[DEBUG] executePreToolHooks called for tool: TodoWrite
[DEBUG] Executing hooks for PreToolUse:TodoWrite
[DEBUG] Getting matching hook commands for PreToolUse with query: TodoWrite
[DEBUG] Found 1 hook matchers in settings
[DEBUG] Matched 0 unique hooks for query "TodoWrite" (0 before deduplication)
[DEBUG] Found 0 hook commands to execute
[DEBUG] Writing to temp file: /Users/walterday/.claude/todos/2a03a9ab-f885-4883-8529-05f395d8695c-agent-2efa6156-9f45-4b58-9822-50aae4fe9092.json.tmp.11251.1760385188662
[DEBUG] Preserving file permissions: 100644
[DEBUG] Temp file written successfully, size: 2 bytes
[DEBUG] Applied original permissions to temp file
[DEBUG] Renaming /Users/walterday/.claude/todos/2a03a9ab-f885-4883-8529-05f395d8695c-agent-2efa6156-9f45-4b58-9822-50aae4fe9092.json.tmp.11251.1760385188662 to /Users/walterday/.claude/todos/2a03a9ab-f885-4883-8529-05f395d8695c-agent-2efa6156-9f45-4b58-9822-50aae4fe9092.json
[DEBUG] File /Users/walterday/.claude/todos/2a03a9ab-f885-4883-8529-05f395d8695c-agent-2efa6156-9f45-4b58-9822-50aae4fe9092.json written atomically
[DEBUG] Writing to temp file: /Users/walterday/.claude/todos/2a03a9ab-f885-4883-8529-05f395d8695c-agent-2a03a9ab-f885-4883-8529-05f395d8695c.json.tmp.11251.1760385188676
[DEBUG] Preserving file permissions: 100644
[DEBUG] Temp file written successfully, size: 2 bytes
[DEBUG] Applied original permissions to temp file
[DEBUG] Renaming /Users/walterday/.claude/todos/2a03a9ab-f885-4883-8529-05f395d8695c-agent-2a03a9ab-f885-4883-8529-05f395d8695c.json.tmp.11251.1760385188676 to /Users/walterday/.claude/todos/2a03a9ab-f885-4883-8529-05f395d8695c-agent-2a03a9ab-f885-4883-8529-05f395d8695c.json
[DEBUG] File /Users/walterday/.claude/todos/2a03a9ab-f885-4883-8529-05f395d8695c-agent-2a03a9ab-f885-4883-8529-05f395d8695c.json written atomically
[DEBUG] Executing hooks for PostToolUse:TodoWrite
[DEBUG] Getting matching hook commands for PostToolUse with query: TodoWrite
[DEBUG] Found 0 hook matchers in settings
[DEBUG] Matched 0 unique hooks for query "TodoWrite" (0 before deduplication)
[DEBUG] Found 0 hook commands to execute
[DEBUG] Hooks: getAsyncHookResponseAttachments called
[DEBUG] Hooks: checkForNewResponses called
[DEBUG] Hooks: Found 0 total hooks in registry
[DEBUG] Hooks: checkForNewResponses returning 0 responses
[DEBUG] Slash commands included in SlashCommand tool: /bug, /seek, /implement
[DEBUG] Stream started - received first chunk
[DEBUG] Writing to temp file: /Users/walterday/.claude.json.tmp.11251.1760385195571
[DEBUG] Preserving file permissions: 100644
[DEBUG] Temp file written successfully, size: 1969305 bytes
[DEBUG] Applied original permissions to temp file
[DEBUG] Renaming /Users/walterday/.claude.json.tmp.11251.1760385195571 to /Users/walterday/.claude.json
[DEBUG] File /Users/walterday/.claude.json written atomically
[DEBUG] Writing to temp file: /Users/walterday/.claude.json.tmp.11251.1760385219280
[DEBUG] Preserving file permissions: 100644
[DEBUG] Temp file written successfully, size: 1969305 bytes
[DEBUG] Applied original permissions to temp file
[DEBUG] Renaming /Users/walterday/.claude.json.tmp.11251.1760385219280 to /Users/walterday/.claude.json
[DEBUG] File /Users/walterday/.claude.json written atomically
[DEBUG] Executing hooks for Stop
[DEBUG] Getting matching hook commands for Stop with query: undefined
[DEBUG] Found 0 hook matchers in settings
[DEBUG] Matched 0 unique hooks for query "no match query" (0 before deduplication)
[DEBUG] Found 0 hook commands to execute
[DEBUG] Writing to temp file: /Users/walterday/.claude.json.tmp.11251.1760385219333
[DEBUG] Preserving file permissions: 100644
[DEBUG] Temp file written successfully, size: 1969305 bytes
[DEBUG] Applied original permissions to temp file
[DEBUG] Renaming /Users/walterday/.claude.json.tmp.11251.1760385219333 to /Users/walterday/.claude.json
[DEBUG] File /Users/walterday/.claude.json written atomically
[DEBUG] Hooks: getAsyncHookResponseAttachments called
[DEBUG] Hooks: checkForNewResponses called
[DEBUG] Hooks: Found 0 total hooks in registry
[DEBUG] Hooks: checkForNewResponses returning 0 responses
[DEBUG] Executing hooks for UserPromptSubmit
[DEBUG] Getting matching hook commands for UserPromptSubmit with query: undefined
[DEBUG] Found 1 hook matchers in settings
[DEBUG] Matched 1 unique hooks for query "no match query" (1 before deduplication)
[DEBUG] Found 1 hook commands to execute
[DEBUG] Executing hook command: /Users/walterday/.claude/hooks/post-branch-create.sh with timeout 60000ms
[DEBUG] Hook command completed with status 0: /Users/walterday/.claude/hooks/post-branch-create.sh
[DEBUG] Hook output does not start with {, treating as plain text
[DEBUG] FileHistory: Making snapshot for message 150f50ec-971e-4686-82a1-60b944a7ff18
[DEBUG] FileHistory: Added snapshot for 150f50ec-971e-4686-82a1-60b944a7ff18, tracking 10 files
[DEBUG] Slash commands included in SlashCommand tool: /bug, /seek, /implement
[DEBUG] Stream started - received first chunk
[DEBUG] executePreToolHooks called for tool: Read
[DEBUG] Executing hooks for PreToolUse:Read
[DEBUG] Getting matching hook commands for PreToolUse with query: Read
[DEBUG] Found 1 hook matchers in settings
[DEBUG] Matched 0 unique hooks for query "Read" (0 before deduplication)
[DEBUG] Found 0 hook commands to execute
[DEBUG] Executing hooks for PostToolUse:Read
[DEBUG] Getting matching hook commands for PostToolUse with query: Read
[DEBUG] Found 0 hook matchers in settings
[DEBUG] Matched 0 unique hooks for query "Read" (0 before deduplication)
[DEBUG] Found 0 hook commands to execute
[DEBUG] Hooks: getAsyncHookResponseAttachments called
[DEBUG] Hooks: checkForNewResponses called
[DEBUG] Hooks: Found 0 total hooks in registry
[DEBUG] Hooks: checkForNewResponses returning 0 responses
[DEBUG] Slash commands included in SlashCommand tool: /bug, /seek, /implement
[DEBUG] Stream started - received first chunk
[DEBUG] executePreToolHooks called for tool: Edit
[DEBUG] Executing hooks for PreToolUse:Edit
[DEBUG] Getting matching hook commands for PreToolUse with query: Edit
[DEBUG] Found 1 hook matchers in settings
[DEBUG] Matched 1 unique hooks for query "Edit" (1 before deduplication)
[DEBUG] Found 1 hook commands to execute
[DEBUG] Executing hook command: /Users/walterday/.claude/scripts/validate-claude.sh with timeout 60000ms
[DEBUG] Hook command completed with status 0: /Users/walterday/.claude/scripts/validate-claude.sh
[DEBUG] Hook output does not start with {, treating as plain text
[DEBUG] Writing to temp file: /Users/walterday/Git/MerlinMines/cromie/adw/workflows/adw_single_agent_implementation.py.tmp.11251.1760385245168
[DEBUG] Preserving file permissions: 100644
[DEBUG] Temp file written successfully, size: 17807 bytes
[DEBUG] Applied original permissions to temp file
[DEBUG] Renaming /Users/walterday/Git/MerlinMines/cromie/adw/workflows/adw_single_agent_implementation.py.tmp.11251.1760385245168 to /Users/walterday/Git/MerlinMines/cromie/adw/workflows/adw_single_agent_implementation.py
[DEBUG] File /Users/walterday/Git/MerlinMines/cromie/adw/workflows/adw_single_agent_implementation.py written atomically
[DEBUG] Executing hooks for PostToolUse:Edit
[DEBUG] Getting matching hook commands for PostToolUse with query: Edit
[DEBUG] Found 0 hook matchers in settings
[DEBUG] Matched 0 unique hooks for query "Edit" (0 before deduplication)
[DEBUG] Found 0 hook commands to execute
[DEBUG] Hooks: getAsyncHookResponseAttachments called
[DEBUG] Hooks: checkForNewResponses called
[DEBUG] Hooks: Found 0 total hooks in registry
[DEBUG] Hooks: checkForNewResponses returning 0 responses
[DEBUG] Slash commands included in SlashCommand tool: /bug, /seek, /implement
[DEBUG] Stream started - received first chunk
[DEBUG] executePreToolHooks called for tool: Read
[DEBUG] Executing hooks for PreToolUse:Read
[DEBUG] Getting matching hook commands for PreToolUse with query: Read
[DEBUG] Found 1 hook matchers in settings
[DEBUG] Matched 0 unique hooks for query "Read" (0 before deduplication)
[DEBUG] Found 0 hook commands to execute
[DEBUG] Executing hooks for PostToolUse:Read
[DEBUG] Getting matching hook commands for PostToolUse with query: Read
[DEBUG] Found 0 hook matchers in settings
[DEBUG] Matched 0 unique hooks for query "Read" (0 before deduplication)
[DEBUG] Found 0 hook commands to execute
[DEBUG] Hooks: getAsyncHookResponseAttachments called
[DEBUG] Hooks: checkForNewResponses called
[DEBUG] Hooks: Found 0 total hooks in registry
[DEBUG] Hooks: checkForNewResponses returning 0 responses
[DEBUG] Slash commands included in SlashCommand tool: /bug, /seek, /implement
[DEBUG] Stream started - received first chunk
[DEBUG] executePreToolHooks called for tool: Edit
[DEBUG] Executing hooks for PreToolUse:Edit
[DEBUG] Getting matching hook commands for PreToolUse with query: Edit
[DEBUG] Found 1 hook matchers in settings
[DEBUG] Matched 1 unique hooks for query "Edit" (1 before deduplication)
[DEBUG] Found 1 hook commands to execute
[DEBUG] Executing hook command: /Users/walterday/.claude/scripts/validate-claude.sh with timeout 60000ms
[DEBUG] Hook command completed with status 0: /Users/walterday/.claude/scripts/validate-claude.sh
[DEBUG] Hook output does not start with {, treating as plain text
[DEBUG] Writing to temp file: /Users/walterday/Git/MerlinMines/cromie/adw/core/agent.py.tmp.11251.1760385275824
[DEBUG] Preserving file permissions: 100644
[DEBUG] Temp file written successfully, size: 15863 bytes
[DEBUG] Applied original permissions to temp file
[DEBUG] Renaming /Users/walterday/Git/MerlinMines/cromie/adw/core/agent.py.tmp.11251.1760385275824 to /Users/walterday/Git/MerlinMines/cromie/adw/core/agent.py
[DEBUG] File /Users/walterday/Git/MerlinMines/cromie/adw/core/agent.py written atomically
[DEBUG] Executing hooks for PostToolUse:Edit
[DEBUG] Getting matching hook commands for PostToolUse with query: Edit
[DEBUG] Found 0 hook matchers in settings
[DEBUG] Matched 0 unique hooks for query "Edit" (0 before deduplication)
[DEBUG] Found 0 hook commands to execute
[DEBUG] Hooks: getAsyncHookResponseAttachments called
[DEBUG] Hooks: checkForNewResponses called
[DEBUG] Hooks: Found 0 total hooks in registry
[DEBUG] Hooks: checkForNewResponses returning 0 responses
[DEBUG] Slash commands included in SlashCommand tool: /bug, /seek, /implement
[DEBUG] Stream started - received first chunk
[DEBUG] Writing to temp file: /Users/walterday/.claude.json.tmp.11251.1760385290721
[DEBUG] Preserving file permissions: 100644
[DEBUG] Temp file written successfully, size: 1969305 bytes
[DEBUG] Applied original permissions to temp file
[DEBUG] Renaming /Users/walterday/.claude.json.tmp.11251.1760385290721 to /Users/walterday/.claude.json
[DEBUG] File /Users/walterday/.claude.json written atomically
[DEBUG] Executing hooks for Stop
[DEBUG] Getting matching hook commands for Stop with query: undefined
[DEBUG] Found 0 hook matchers in settings
[DEBUG] Matched 0 unique hooks for query "no match query" (0 before deduplication)
[DEBUG] Found 0 hook commands to execute
[DEBUG] Writing to temp file: /Users/walterday/.claude.json.tmp.11251.1760385290775
[DEBUG] Preserving file permissions: 100644
[DEBUG] Temp file written successfully, size: 1969305 bytes
[DEBUG] Applied original permissions to temp file
[DEBUG] Renaming /Users/walterday/.claude.json.tmp.11251.1760385290775 to /Users/walterday/.claude.json
[DEBUG] File /Users/walterday/.claude.json written atomically
[DEBUG] Writing to temp file: /Users/walterday/.claude.json.tmp.11251.1760385290825
[DEBUG] Preserving file permissions: 100644
[DEBUG] Temp file written successfully, size: 1967763 bytes
[DEBUG] Applied original permissions to temp file
[DEBUG] Renaming /Users/walterday/.claude.json.tmp.11251.1760385290825 to /Users/walterday/.claude.json
[DEBUG] File /Users/walterday/.claude.json written atomically
[DEBUG] Writing to temp file: /Users/walterday/.claude.json.tmp.11251.1760385290871
[DEBUG] Preserving file permissions: 100644
[DEBUG] Temp file written successfully, size: 1967766 bytes
[DEBUG] Applied original permissions to temp file
[DEBUG] Renaming /Users/walterday/.claude.json.tmp.11251.1760385290871 to /Users/walterday/.claude.json
[DEBUG] File /Users/walterday/.claude.json written atomically
[DEBUG] Getting matching hook commands for Notification with query: undefined
[DEBUG] Found 0 hook matchers in settings
[DEBUG] Matched 0 unique hooks for query "no match query" (0 before deduplication)
[DEBUG] Hooks: getAsyncHookResponseAttachments called
[DEBUG] Hooks: checkForNewResponses called
[DEBUG] Hooks: Found 0 total hooks in registry
[DEBUG] Hooks: checkForNewResponses returning 0 responses
[DEBUG] Executing hooks for UserPromptSubmit
[DEBUG] Getting matching hook commands for UserPromptSubmit with query: undefined
[DEBUG] Found 1 hook matchers in settings
[DEBUG] Matched 1 unique hooks for query "no match query" (1 before deduplication)
[DEBUG] Found 1 hook commands to execute
[DEBUG] Executing hook command: /Users/walterday/.claude/hooks/post-branch-create.sh with timeout 60000ms
[DEBUG] Hook command completed with status 0: /Users/walterday/.claude/hooks/post-branch-create.sh
[DEBUG] Hook output does not start with {, treating as plain text
[DEBUG] FileHistory: Making snapshot for message 279b0f9e-72b0-457a-93e4-a8d1120b0efe
[DEBUG] FileHistory: Added snapshot for 279b0f9e-72b0-457a-93e4-a8d1120b0efe, tracking 10 files
[DEBUG] Slash commands included in SlashCommand tool: /bug, /seek, /implement
[DEBUG] Stream started - received first chunk
[DEBUG] Writing to temp file: /Users/walterday/.claude.json.tmp.11251.1760385530726
[DEBUG] Preserving file permissions: 100644
[DEBUG] Temp file written successfully, size: 1967766 bytes
[DEBUG] Applied original permissions to temp file
[DEBUG] Renaming /Users/walterday/.claude.json.tmp.11251.1760385530726 to /Users/walterday/.claude.json
[DEBUG] File /Users/walterday/.claude.json written atomically
[DEBUG] Executing hooks for Stop
[DEBUG] Getting matching hook commands for Stop with query: undefined
[DEBUG] Found 0 hook matchers in settings
[DEBUG] Matched 0 unique hooks for query "no match query" (0 before deduplication)
[DEBUG] Found 0 hook commands to execute
[DEBUG] Writing to temp file: /Users/walterday/.claude.json.tmp.11251.1760385530781
[DEBUG] Preserving file permissions: 100644
[DEBUG] Temp file written successfully, size: 1967766 bytes
[DEBUG] Applied original permissions to temp file
[DEBUG] Renaming /Users/walterday/.claude.json.tmp.11251.1760385530781 to /Users/walterday/.claude.json
[DEBUG] File /Users/walterday/.claude.json written atomically
[DEBUG] Writing to temp file: /Users/walterday/.claude.json.tmp.11251.1760385530831
[DEBUG] Preserving file permissions: 100644
[DEBUG] Temp file written successfully, size: 1967797 bytes
[DEBUG] Applied original permissions to temp file
[DEBUG] Renaming /Users/walterday/.claude.json.tmp.11251.1760385530831 to /Users/walterday/.claude.json
[DEBUG] File /Users/walterday/.claude.json written atomically
[DEBUG] Hooks: getAsyncHookResponseAttachments called
[DEBUG] Hooks: checkForNewResponses called
[DEBUG] Hooks: Found 0 total hooks in registry
[DEBUG] Hooks: checkForNewResponses returning 0 responses
[DEBUG] Executing hooks for UserPromptSubmit
[DEBUG] Getting matching hook commands for UserPromptSubmit with query: undefined
[DEBUG] Found 1 hook matchers in settings
[DEBUG] Matched 1 unique hooks for query "no match query" (1 before deduplication)
[DEBUG] Found 1 hook commands to execute
[DEBUG] Executing hook command: /Users/walterday/.claude/hooks/post-branch-create.sh with timeout 60000ms
[DEBUG] Hook command completed with status 0: /Users/walterday/.claude/hooks/post-branch-create.sh
[DEBUG] Hook output does not start with {, treating as plain text
[DEBUG] FileHistory: Making snapshot for message 9b961b62-db12-4766-9905-6dcb67b3fc8d
[DEBUG] FileHistory: Added snapshot for 9b961b62-db12-4766-9905-6dcb67b3fc8d, tracking 10 files
[DEBUG] Slash commands included in SlashCommand tool: /bug, /seek, /implement
[DEBUG] Writing to temp file: /Users/walterday/.claude/settings.json.tmp.11251.1760386758341
[DEBUG] Preserving file permissions: 100644
[DEBUG] Temp file written successfully, size: 632 bytes
[DEBUG] Applied original permissions to temp file
[DEBUG] Renaming /Users/walterday/.claude/settings.json.tmp.11251.1760386758341 to /Users/walterday/.claude/settings.json
[DEBUG] File /Users/walterday/.claude/settings.json written atomically
[DEBUG] Stream started - received first chunk
[DEBUG] executePreToolHooks called for tool: Read
[DEBUG] Executing hooks for PreToolUse:Read
[DEBUG] Getting matching hook commands for PreToolUse with query: Read
[DEBUG] Found 1 hook matchers in settings
[DEBUG] Matched 0 unique hooks for query "Read" (0 before deduplication)
[DEBUG] Found 0 hook commands to execute
[DEBUG] Executing hooks for PostToolUse:Read
[DEBUG] Getting matching hook commands for PostToolUse with query: Read
[DEBUG] Found 0 hook matchers in settings
[DEBUG] Matched 0 unique hooks for query "Read" (0 before deduplication)
[DEBUG] Found 0 hook commands to execute
[DEBUG] Hooks: getAsyncHookResponseAttachments called
[DEBUG] Hooks: checkForNewResponses called
[DEBUG] Hooks: Found 0 total hooks in registry
[DEBUG] Hooks: checkForNewResponses returning 0 responses
[DEBUG] Slash commands included in SlashCommand tool: /bug, /seek, /implement
[DEBUG] Stream started - received first chunk
[DEBUG] executePreToolHooks called for tool: Bash
[DEBUG] Executing hooks for PreToolUse:Bash
[DEBUG] Getting matching hook commands for PreToolUse with query: Bash
[DEBUG] Found 1 hook matchers in settings
[DEBUG] Matched 0 unique hooks for query "Bash" (0 before deduplication)
[DEBUG] Found 0 hook commands to execute
[DEBUG] Permission suggestions for Bash: [
  {
    "type": "addRules",
    "rules": [
      {
        "toolName": "Bash",
        "ruleContent": "deactivate"
      }
    ],
    "behavior": "allow",
    "destination": "localSettings"
  }
]
[DEBUG] Getting matching hook commands for Notification with query: undefined
[DEBUG] Found 0 hook matchers in settings
[DEBUG] Matched 0 unique hooks for query "no match query" (0 before deduplication)
[DEBUG] Persisting permission update: addRules to source 'localSettings'
[DEBUG] Persisting 1 allow rule(s) to localSettings
[DEBUG] Writing to temp file: /Users/walterday/Git/MerlinMines/cromie/.claude/settings.local.json.tmp.11251.1760386886999
[DEBUG] Preserving file permissions: 100644
[DEBUG] Temp file written successfully, size: 1655 bytes
[DEBUG] Applied original permissions to temp file
[DEBUG] Renaming /Users/walterday/Git/MerlinMines/cromie/.claude/settings.local.json.tmp.11251.1760386886999 to /Users/walterday/Git/MerlinMines/cromie/.claude/settings.local.json
[DEBUG] File /Users/walterday/Git/MerlinMines/cromie/.claude/settings.local.json written atomically
[DEBUG] Applying permission update: Adding 1 allow rule(s) to destination 'localSettings': ["Bash(deactivate)"]
[DEBUG] AutoUpdaterWrapper: Installation type: npm-global, using native: false
[DEBUG] Bash tool invoked with command: cd adw && source venv/bin/activate && pip install -r requirements.txt && deactivate
[DEBUG] Bash tool description: Install missing dependencies in ADW venv
[DEBUG] Executing hooks for PostToolUse:Bash
[DEBUG] Getting matching hook commands for PostToolUse with query: Bash
[DEBUG] Found 0 hook matchers in settings
[DEBUG] Matched 0 unique hooks for query "Bash" (0 before deduplication)
[DEBUG] Found 0 hook commands to execute
[DEBUG] Hooks: getAsyncHookResponseAttachments called
[DEBUG] Hooks: checkForNewResponses called
[DEBUG] Hooks: Found 0 total hooks in registry
[DEBUG] Hooks: checkForNewResponses returning 0 responses
[DEBUG] Slash commands included in SlashCommand tool: /bug, /seek, /implement
[DEBUG] Stream started - received first chunk
[DEBUG] executePreToolHooks called for tool: Bash
[DEBUG] Executing hooks for PreToolUse:Bash
[DEBUG] Getting matching hook commands for PreToolUse with query: Bash
[DEBUG] Found 1 hook matchers in settings
[DEBUG] Matched 0 unique hooks for query "Bash" (0 before deduplication)
[DEBUG] Found 0 hook commands to execute
[DEBUG] Permission suggestions for Bash: [
  {
    "type": "addRules",
    "rules": [
      {
        "toolName": "Bash",
        "ruleContent": "./adw/adw:*"
      }
    ],
    "behavior": "allow",
    "destination": "localSettings"
  }
]
[DEBUG] Getting matching hook commands for Notification with query: undefined
[DEBUG] Found 0 hook matchers in settings
[DEBUG] Matched 0 unique hooks for query "no match query" (0 before deduplication)
[DEBUG] AutoUpdaterWrapper: Installation type: npm-global, using native: false
[DEBUG] Bash tool invoked with command: ./adw/adw surgical --help
[DEBUG] Bash tool description: Test surgical command help
[DEBUG] Hooks: getAsyncHookResponseAttachments called
[DEBUG] Hooks: checkForNewResponses called
[DEBUG] Hooks: Found 0 total hooks in registry
[DEBUG] Hooks: checkForNewResponses returning 0 responses
[DEBUG] Slash commands included in SlashCommand tool: /bug, /seek, /implement
[DEBUG] Stream started - received first chunk
[DEBUG] executePreToolHooks called for tool: Bash
[DEBUG] Executing hooks for PreToolUse:Bash
[DEBUG] Getting matching hook commands for PreToolUse with query: Bash
[DEBUG] Found 1 hook matchers in settings
[DEBUG] Matched 0 unique hooks for query "Bash" (0 before deduplication)
[DEBUG] Found 0 hook commands to execute
[DEBUG] Bash tool invoked with command: ls -la adw/ | grep -E "^-.*adw$|^d"
[DEBUG] Bash tool description: Check adw directory for the wrapper script
[DEBUG] Executing hooks for PostToolUse:Bash
[DEBUG] Getting matching hook commands for PostToolUse with query: Bash
[DEBUG] Found 0 hook matchers in settings
[DEBUG] Matched 0 unique hooks for query "Bash" (0 before deduplication)
[DEBUG] Found 0 hook commands to execute
[DEBUG] Hooks: getAsyncHookResponseAttachments called
[DEBUG] Hooks: checkForNewResponses called
[DEBUG] Hooks: Found 0 total hooks in registry
[DEBUG] Hooks: checkForNewResponses returning 0 responses
[DEBUG] Slash commands included in SlashCommand tool: /bug, /seek, /implement
[DEBUG] Stream started - received first chunk
[DEBUG] executePreToolHooks called for tool: Bash
[DEBUG] Executing hooks for PreToolUse:Bash
[DEBUG] Getting matching hook commands for PreToolUse with query: Bash
[DEBUG] Found 1 hook matchers in settings
[DEBUG] Matched 0 unique hooks for query "Bash" (0 before deduplication)
[DEBUG] Found 0 hook commands to execute
[DEBUG] Bash tool invoked with command: pwd && ls -la | grep adw
[DEBUG] Bash tool description: Check current directory and adw location
[DEBUG] Executing hooks for PostToolUse:Bash
[DEBUG] Getting matching hook commands for PostToolUse with query: Bash
[DEBUG] Found 0 hook matchers in settings
[DEBUG] Matched 0 unique hooks for query "Bash" (0 before deduplication)
[DEBUG] Found 0 hook commands to execute
[DEBUG] Hooks: getAsyncHookResponseAttachments called
[DEBUG] Hooks: checkForNewResponses called
[DEBUG] Hooks: Found 0 total hooks in registry
[DEBUG] Hooks: checkForNewResponses returning 0 responses
[DEBUG] Slash commands included in SlashCommand tool: /bug, /seek, /implement
[DEBUG] Stream started - received first chunk
[DEBUG] executePreToolHooks called for tool: Bash
[DEBUG] Executing hooks for PreToolUse:Bash
[DEBUG] Getting matching hook commands for PreToolUse with query: Bash
[DEBUG] Found 1 hook matchers in settings
[DEBUG] Matched 0 unique hooks for query "Bash" (0 before deduplication)
[DEBUG] Found 0 hook commands to execute
[DEBUG] Permission suggestions for Bash: [
  {
    "type": "addRules",
    "rules": [
      {
        "toolName": "Bash",
        "ruleContent": "./adw/adw:*"
      }
    ],
    "behavior": "allow",
    "destination": "localSettings"
  }
]
[DEBUG] AutoUpdaterWrapper: Installation type: npm-global, using native: false
[DEBUG] Bash tool invoked with command: cd /Users/walterday/Git/MerlinMines/cromie && ./adw/adw surgical --help
[DEBUG] Bash tool description: Run surgical help from project root
[DEBUG] Hooks: getAsyncHookResponseAttachments called
[DEBUG] Hooks: checkForNewResponses called
[DEBUG] Hooks: Found 0 total hooks in registry
[DEBUG] Hooks: checkForNewResponses returning 0 responses
[DEBUG] Slash commands included in SlashCommand tool: /bug, /seek, /implement
[DEBUG] Stream started - received first chunk
[DEBUG] executePreToolHooks called for tool: Read
[DEBUG] Executing hooks for PreToolUse:Read
[DEBUG] Getting matching hook commands for PreToolUse with query: Read
[DEBUG] Found 1 hook matchers in settings
[DEBUG] Matched 0 unique hooks for query "Read" (0 before deduplication)
[DEBUG] Found 0 hook commands to execute
[DEBUG] Executing hooks for PostToolUse:Read
[DEBUG] Getting matching hook commands for PostToolUse with query: Read
[DEBUG] Found 0 hook matchers in settings
[DEBUG] Matched 0 unique hooks for query "Read" (0 before deduplication)
[DEBUG] Found 0 hook commands to execute
[DEBUG] Hooks: getAsyncHookResponseAttachments called
[DEBUG] Hooks: checkForNewResponses called
[DEBUG] Hooks: Found 0 total hooks in registry
[DEBUG] Hooks: checkForNewResponses returning 0 responses
[DEBUG] Slash commands included in SlashCommand tool: /bug, /seek, /implement
[DEBUG] Stream started - received first chunk
[DEBUG] Hooks: getAsyncHookResponseAttachments called
[DEBUG] Hooks: checkForNewResponses called
[DEBUG] Hooks: Found 0 total hooks in registry
[DEBUG] Hooks: checkForNewResponses returning 0 responses
[DEBUG] Slash commands included in SlashCommand tool: /bug, /seek, /implement
[DEBUG] Stream started - received first chunk
[DEBUG] executePreToolHooks called for tool: Grep
[DEBUG] Executing hooks for PreToolUse:Grep
[DEBUG] Getting matching hook commands for PreToolUse with query: Grep
[DEBUG] Found 1 hook matchers in settings
[DEBUG] Matched 0 unique hooks for query "Grep" (0 before deduplication)
[DEBUG] Found 0 hook commands to execute
[DEBUG] Executing hooks for PostToolUse:Grep
[DEBUG] Getting matching hook commands for PostToolUse with query: Grep
[DEBUG] Found 0 hook matchers in settings
[DEBUG] Matched 0 unique hooks for query "Grep" (0 before deduplication)
[DEBUG] Found 0 hook commands to execute
[DEBUG] Hooks: getAsyncHookResponseAttachments called
[DEBUG] Hooks: checkForNewResponses called
[DEBUG] Hooks: Found 0 total hooks in registry
[DEBUG] Hooks: checkForNewResponses returning 0 responses
[DEBUG] Slash commands included in SlashCommand tool: /bug, /seek, /implement
[DEBUG] Stream started - received first chunk
[DEBUG] executePreToolHooks called for tool: Edit
[DEBUG] Executing hooks for PreToolUse:Edit
[DEBUG] Getting matching hook commands for PreToolUse with query: Edit
[DEBUG] Found 1 hook matchers in settings
[DEBUG] Matched 1 unique hooks for query "Edit" (1 before deduplication)
[DEBUG] Found 1 hook commands to execute
[DEBUG] Executing hook command: /Users/walterday/.claude/scripts/validate-claude.sh with timeout 60000ms
[DEBUG] Hook command completed with status 0: /Users/walterday/.claude/scripts/validate-claude.sh
[DEBUG] Hook output does not start with {, treating as plain text
[DEBUG] FileHistory: Tracked file modification for /Users/walterday/Git/MerlinMines/cromie/adw/core/logging/__init__.py
[DEBUG] Writing to temp file: /Users/walterday/Git/MerlinMines/cromie/adw/core/logging/__init__.py.tmp.11251.1760387027331
[DEBUG] Preserving file permissions: 100644
[DEBUG] Temp file written successfully, size: 939 bytes
[DEBUG] Applied original permissions to temp file
[DEBUG] Renaming /Users/walterday/Git/MerlinMines/cromie/adw/core/logging/__init__.py.tmp.11251.1760387027331 to /Users/walterday/Git/MerlinMines/cromie/adw/core/logging/__init__.py
[DEBUG] File /Users/walterday/Git/MerlinMines/cromie/adw/core/logging/__init__.py written atomically
[DEBUG] Executing hooks for PostToolUse:Edit
[DEBUG] Getting matching hook commands for PostToolUse with query: Edit
[DEBUG] Found 0 hook matchers in settings
[DEBUG] Matched 0 unique hooks for query "Edit" (0 before deduplication)
[DEBUG] Found 0 hook commands to execute
[DEBUG] Hooks: getAsyncHookResponseAttachments called
[DEBUG] Hooks: checkForNewResponses called
[DEBUG] Hooks: Found 0 total hooks in registry
[DEBUG] Hooks: checkForNewResponses returning 0 responses
[DEBUG] Slash commands included in SlashCommand tool: /bug, /seek, /implement
[DEBUG] Stream started - received first chunk
[DEBUG] executePreToolHooks called for tool: Edit
[DEBUG] Executing hooks for PreToolUse:Edit
[DEBUG] Getting matching hook commands for PreToolUse with query: Edit
[DEBUG] Found 1 hook matchers in settings
[DEBUG] Matched 1 unique hooks for query "Edit" (1 before deduplication)
[DEBUG] Found 1 hook commands to execute
[DEBUG] Executing hook command: /Users/walterday/.claude/scripts/validate-claude.sh with timeout 60000ms
[DEBUG] Hook command completed with status 0: /Users/walterday/.claude/scripts/validate-claude.sh
[DEBUG] Hook output does not start with {, treating as plain text
[DEBUG] Writing to temp file: /Users/walterday/Git/MerlinMines/cromie/adw/core/logging/__init__.py.tmp.11251.1760387034570
[DEBUG] Preserving file permissions: 100644
[DEBUG] Temp file written successfully, size: 958 bytes
[DEBUG] Applied original permissions to temp file
[DEBUG] Renaming /Users/walterday/Git/MerlinMines/cromie/adw/core/logging/__init__.py.tmp.11251.1760387034570 to /Users/walterday/Git/MerlinMines/cromie/adw/core/logging/__init__.py
[DEBUG] File /Users/walterday/Git/MerlinMines/cromie/adw/core/logging/__init__.py written atomically
[DEBUG] Executing hooks for PostToolUse:Edit
[DEBUG] Getting matching hook commands for PostToolUse with query: Edit
[DEBUG] Found 0 hook matchers in settings
[DEBUG] Matched 0 unique hooks for query "Edit" (0 before deduplication)
[DEBUG] Found 0 hook commands to execute
[DEBUG] Hooks: getAsyncHookResponseAttachments called
[DEBUG] Hooks: checkForNewResponses called
[DEBUG] Hooks: Found 0 total hooks in registry
[DEBUG] Hooks: checkForNewResponses returning 0 responses
[DEBUG] Slash commands included in SlashCommand tool: /bug, /seek, /implement
[DEBUG] Stream started - received first chunk
[DEBUG] executePreToolHooks called for tool: Bash
[DEBUG] Executing hooks for PreToolUse:Bash
[DEBUG] Getting matching hook commands for PreToolUse with query: Bash
[DEBUG] Found 1 hook matchers in settings
[DEBUG] Matched 0 unique hooks for query "Bash" (0 before deduplication)
[DEBUG] Found 0 hook commands to execute
[DEBUG] Permission suggestions for Bash: [
  {
    "type": "addRules",
    "rules": [
      {
        "toolName": "Bash",
        "ruleContent": "./adw/adw:*"
      }
    ],
    "behavior": "allow",
    "destination": "localSettings"
  }
]
[DEBUG] Persisting permission update: addRules to source 'localSettings'
[DEBUG] Persisting 1 allow rule(s) to localSettings
[DEBUG] Writing to temp file: /Users/walterday/Git/MerlinMines/cromie/.claude/settings.local.json.tmp.11251.1760387041781
[DEBUG] Preserving file permissions: 100644
[DEBUG] Temp file written successfully, size: 1682 bytes
[DEBUG] Applied original permissions to temp file
[DEBUG] Renaming /Users/walterday/Git/MerlinMines/cromie/.claude/settings.local.json.tmp.11251.1760387041781 to /Users/walterday/Git/MerlinMines/cromie/.claude/settings.local.json
[DEBUG] File /Users/walterday/Git/MerlinMines/cromie/.claude/settings.local.json written atomically
[DEBUG] Applying permission update: Adding 1 allow rule(s) to destination 'localSettings': ["Bash(./adw/adw:*)"]
[DEBUG] AutoUpdaterWrapper: Installation type: npm-global, using native: false
[DEBUG] Bash tool invoked with command: cd /Users/walterday/Git/MerlinMines/cromie && ./adw/adw surgical --help
[DEBUG] Bash tool description: Test surgical command help after fixes
[DEBUG] Hooks: getAsyncHookResponseAttachments called
[DEBUG] Hooks: checkForNewResponses called
[DEBUG] Hooks: Found 0 total hooks in registry
[DEBUG] Hooks: checkForNewResponses returning 0 responses
[DEBUG] Slash commands included in SlashCommand tool: /bug, /seek, /implement
[DEBUG] Stream started - received first chunk
[DEBUG] executePreToolHooks called for tool: Edit
[DEBUG] Executing hooks for PreToolUse:Edit
[DEBUG] Getting matching hook commands for PreToolUse with query: Edit
[DEBUG] Found 1 hook matchers in settings
[DEBUG] Matched 1 unique hooks for query "Edit" (1 before deduplication)
[DEBUG] Found 1 hook commands to execute
[DEBUG] Executing hook command: /Users/walterday/.claude/scripts/validate-claude.sh with timeout 60000ms
[DEBUG] Hook command completed with status 0: /Users/walterday/.claude/scripts/validate-claude.sh
[DEBUG] Hook output does not start with {, treating as plain text
[DEBUG] Writing to temp file: /Users/walterday/Git/MerlinMines/cromie/adw/workflows/adw_single_agent_implementation.py.tmp.11251.1760387050210
[DEBUG] Preserving file permissions: 100644
[DEBUG] Temp file written successfully, size: 17832 bytes
[DEBUG] Applied original permissions to temp file
[DEBUG] Renaming /Users/walterday/Git/MerlinMines/cromie/adw/workflows/adw_single_agent_implementation.py.tmp.11251.1760387050210 to /Users/walterday/Git/MerlinMines/cromie/adw/workflows/adw_single_agent_implementation.py
[DEBUG] File /Users/walterday/Git/MerlinMines/cromie/adw/workflows/adw_single_agent_implementation.py written atomically
[DEBUG] Executing hooks for PostToolUse:Edit
[DEBUG] Getting matching hook commands for PostToolUse with query: Edit
[DEBUG] Found 0 hook matchers in settings
[DEBUG] Matched 0 unique hooks for query "Edit" (0 before deduplication)
[DEBUG] Found 0 hook commands to execute
[DEBUG] Hooks: getAsyncHookResponseAttachments called
[DEBUG] Hooks: checkForNewResponses called
[DEBUG] Hooks: Found 0 total hooks in registry
[DEBUG] Hooks: checkForNewResponses returning 0 responses
[DEBUG] Slash commands included in SlashCommand tool: /bug, /seek, /implement
[DEBUG] Stream started - received first chunk
[DEBUG] executePreToolHooks called for tool: Bash
[DEBUG] Executing hooks for PreToolUse:Bash
[DEBUG] Getting matching hook commands for PreToolUse with query: Bash
[DEBUG] Found 1 hook matchers in settings
[DEBUG] Matched 0 unique hooks for query "Bash" (0 before deduplication)
[DEBUG] Found 0 hook commands to execute
[DEBUG] Bash tool invoked with command: cd /Users/walterday/Git/MerlinMines/cromie && ./adw/adw surgical --help
[DEBUG] Bash tool description: Test surgical command help with logger fix
[DEBUG] Hooks: getAsyncHookResponseAttachments called
[DEBUG] Hooks: checkForNewResponses called
[DEBUG] Hooks: Found 0 total hooks in registry
[DEBUG] Hooks: checkForNewResponses returning 0 responses
[DEBUG] Slash commands included in SlashCommand tool: /bug, /seek, /implement
[DEBUG] Stream started - received first chunk
[DEBUG] executePreToolHooks called for tool: Edit
[DEBUG] Executing hooks for PreToolUse:Edit
[DEBUG] Getting matching hook commands for PreToolUse with query: Edit
[DEBUG] Found 1 hook matchers in settings
[DEBUG] Matched 1 unique hooks for query "Edit" (1 before deduplication)
[DEBUG] Found 1 hook commands to execute
[DEBUG] Executing hook command: /Users/walterday/.claude/scripts/validate-claude.sh with timeout 60000ms
[DEBUG] Hook command completed with status 0: /Users/walterday/.claude/scripts/validate-claude.sh
[DEBUG] Hook output does not start with {, treating as plain text
[DEBUG] Writing to temp file: /Users/walterday/Git/MerlinMines/cromie/adw/workflows/adw_single_agent_implementation.py.tmp.11251.1760387064102
[DEBUG] Preserving file permissions: 100644
[DEBUG] Temp file written successfully, size: 17803 bytes
[DEBUG] Applied original permissions to temp file
[DEBUG] Renaming /Users/walterday/Git/MerlinMines/cromie/adw/workflows/adw_single_agent_implementation.py.tmp.11251.1760387064102 to /Users/walterday/Git/MerlinMines/cromie/adw/workflows/adw_single_agent_implementation.py
[DEBUG] File /Users/walterday/Git/MerlinMines/cromie/adw/workflows/adw_single_agent_implementation.py written atomically
[DEBUG] Executing hooks for PostToolUse:Edit
[DEBUG] Getting matching hook commands for PostToolUse with query: Edit
[DEBUG] Found 0 hook matchers in settings
[DEBUG] Matched 0 unique hooks for query "Edit" (0 before deduplication)
[DEBUG] Found 0 hook commands to execute
[DEBUG] Hooks: getAsyncHookResponseAttachments called
[DEBUG] Hooks: checkForNewResponses called
[DEBUG] Hooks: Found 0 total hooks in registry
[DEBUG] Hooks: checkForNewResponses returning 0 responses
[DEBUG] Slash commands included in SlashCommand tool: /bug, /seek, /implement
[DEBUG] Stream started - received first chunk
[DEBUG] executePreToolHooks called for tool: Edit
[DEBUG] Executing hooks for PreToolUse:Edit
[DEBUG] Getting matching hook commands for PreToolUse with query: Edit
[DEBUG] Found 1 hook matchers in settings
[DEBUG] Matched 1 unique hooks for query "Edit" (1 before deduplication)
[DEBUG] Found 1 hook commands to execute
[DEBUG] Executing hook command: /Users/walterday/.claude/scripts/validate-claude.sh with timeout 60000ms
[DEBUG] Hook command completed with status 0: /Users/walterday/.claude/scripts/validate-claude.sh
[DEBUG] Hook output does not start with {, treating as plain text
[DEBUG] Writing to temp file: /Users/walterday/Git/MerlinMines/cromie/adw/workflows/adw_single_agent_implementation.py.tmp.11251.1760387077207
[DEBUG] Preserving file permissions: 100644
[DEBUG] Temp file written successfully, size: 17854 bytes
[DEBUG] Applied original permissions to temp file
[DEBUG] Renaming /Users/walterday/Git/MerlinMines/cromie/adw/workflows/adw_single_agent_implementation.py.tmp.11251.1760387077207 to /Users/walterday/Git/MerlinMines/cromie/adw/workflows/adw_single_agent_implementation.py
[DEBUG] File /Users/walterday/Git/MerlinMines/cromie/adw/workflows/adw_single_agent_implementation.py written atomically
[DEBUG] Executing hooks for PostToolUse:Edit
[DEBUG] Getting matching hook commands for PostToolUse with query: Edit
[DEBUG] Found 0 hook matchers in settings
[DEBUG] Matched 0 unique hooks for query "Edit" (0 before deduplication)
[DEBUG] Found 0 hook commands to execute
[DEBUG] Hooks: getAsyncHookResponseAttachments called
[DEBUG] Hooks: checkForNewResponses called
[DEBUG] Hooks: Found 0 total hooks in registry
[DEBUG] Hooks: checkForNewResponses returning 0 responses
[DEBUG] Slash commands included in SlashCommand tool: /bug, /seek, /implement
[DEBUG] Stream started - received first chunk
[DEBUG] executePreToolHooks called for tool: Edit
[DEBUG] Executing hooks for PreToolUse:Edit
[DEBUG] Getting matching hook commands for PreToolUse with query: Edit
[DEBUG] Found 1 hook matchers in settings
[DEBUG] Matched 1 unique hooks for query "Edit" (1 before deduplication)
[DEBUG] Found 1 hook commands to execute
[DEBUG] Executing hook command: /Users/walterday/.claude/scripts/validate-claude.sh with timeout 60000ms
[DEBUG] Hook command completed with status 0: /Users/walterday/.claude/scripts/validate-claude.sh
[DEBUG] Hook output does not start with {, treating as plain text
[DEBUG] Writing to temp file: /Users/walterday/Git/MerlinMines/cromie/adw/workflows/adw_single_agent_implementation.py.tmp.11251.1760387083478
[DEBUG] Preserving file permissions: 100644
[DEBUG] Temp file written successfully, size: 17854 bytes
[DEBUG] Applied original permissions to temp file
[DEBUG] Renaming /Users/walterday/Git/MerlinMines/cromie/adw/workflows/adw_single_agent_implementation.py.tmp.11251.1760387083478 to /Users/walterday/Git/MerlinMines/cromie/adw/workflows/adw_single_agent_implementation.py
[DEBUG] File /Users/walterday/Git/MerlinMines/cromie/adw/workflows/adw_single_agent_implementation.py written atomically
[DEBUG] Executing hooks for PostToolUse:Edit
[DEBUG] Getting matching hook commands for PostToolUse with query: Edit
[DEBUG] Found 0 hook matchers in settings
[DEBUG] Matched 0 unique hooks for query "Edit" (0 before deduplication)
[DEBUG] Found 0 hook commands to execute
[DEBUG] Hooks: getAsyncHookResponseAttachments called
[DEBUG] Hooks: checkForNewResponses called
[DEBUG] Hooks: Found 0 total hooks in registry
[DEBUG] Hooks: checkForNewResponses returning 0 responses
[DEBUG] Slash commands included in SlashCommand tool: /bug, /seek, /implement
[DEBUG] Stream started - received first chunk
[DEBUG] executePreToolHooks called for tool: Edit
[DEBUG] Executing hooks for PreToolUse:Edit
[DEBUG] Getting matching hook commands for PreToolUse with query: Edit
[DEBUG] Found 1 hook matchers in settings
[DEBUG] Matched 1 unique hooks for query "Edit" (1 before deduplication)
[DEBUG] Found 1 hook commands to execute
[DEBUG] Executing hook command: /Users/walterday/.claude/scripts/validate-claude.sh with timeout 60000ms
[DEBUG] Hook command completed with status 0: /Users/walterday/.claude/scripts/validate-claude.sh
[DEBUG] Hook output does not start with {, treating as plain text
[DEBUG] Writing to temp file: /Users/walterday/Git/MerlinMines/cromie/adw/workflows/adw_single_agent_implementation.py.tmp.11251.1760387091259
[DEBUG] Preserving file permissions: 100644
[DEBUG] Temp file written successfully, size: 17768 bytes
[DEBUG] Applied original permissions to temp file
[DEBUG] Renaming /Users/walterday/Git/MerlinMines/cromie/adw/workflows/adw_single_agent_implementation.py.tmp.11251.1760387091259 to /Users/walterday/Git/MerlinMines/cromie/adw/workflows/adw_single_agent_implementation.py
[DEBUG] File /Users/walterday/Git/MerlinMines/cromie/adw/workflows/adw_single_agent_implementation.py written atomically
[DEBUG] Executing hooks for PostToolUse:Edit
[DEBUG] Getting matching hook commands for PostToolUse with query: Edit
[DEBUG] Found 0 hook matchers in settings
[DEBUG] Matched 0 unique hooks for query "Edit" (0 before deduplication)
[DEBUG] Found 0 hook commands to execute
[DEBUG] Hooks: getAsyncHookResponseAttachments called
[DEBUG] Hooks: checkForNewResponses called
[DEBUG] Hooks: Found 0 total hooks in registry
[DEBUG] Hooks: checkForNewResponses returning 0 responses
[DEBUG] Slash commands included in SlashCommand tool: /bug, /seek, /implement
[DEBUG] Stream started - received first chunk
[DEBUG] executePreToolHooks called for tool: Edit
[DEBUG] Executing hooks for PreToolUse:Edit
[DEBUG] Getting matching hook commands for PreToolUse with query: Edit
[DEBUG] Found 1 hook matchers in settings
[DEBUG] Matched 1 unique hooks for query "Edit" (1 before deduplication)
[DEBUG] Found 1 hook commands to execute
[DEBUG] Executing hook command: /Users/walterday/.claude/scripts/validate-claude.sh with timeout 60000ms
[DEBUG] Hook command completed with status 0: /Users/walterday/.claude/scripts/validate-claude.sh
[DEBUG] Hook output does not start with {, treating as plain text
[DEBUG] Writing to temp file: /Users/walterday/Git/MerlinMines/cromie/adw/workflows/adw_single_agent_implementation.py.tmp.11251.1760387100547
[DEBUG] Preserving file permissions: 100644
[DEBUG] Temp file written successfully, size: 17532 bytes
[DEBUG] Applied original permissions to temp file
[DEBUG] Renaming /Users/walterday/Git/MerlinMines/cromie/adw/workflows/adw_single_agent_implementation.py.tmp.11251.1760387100547 to /Users/walterday/Git/MerlinMines/cromie/adw/workflows/adw_single_agent_implementation.py
[DEBUG] File /Users/walterday/Git/MerlinMines/cromie/adw/workflows/adw_single_agent_implementation.py written atomically
[DEBUG] Executing hooks for PostToolUse:Edit
[DEBUG] Getting matching hook commands for PostToolUse with query: Edit
[DEBUG] Found 0 hook matchers in settings
[DEBUG] Matched 0 unique hooks for query "Edit" (0 before deduplication)
[DEBUG] Found 0 hook commands to execute
[DEBUG] Hooks: getAsyncHookResponseAttachments called
[DEBUG] Hooks: checkForNewResponses called
[DEBUG] Hooks: Found 0 total hooks in registry
[DEBUG] Hooks: checkForNewResponses returning 0 responses
[DEBUG] Slash commands included in SlashCommand tool: /bug, /seek, /implement
[DEBUG] Stream started - received first chunk
[DEBUG] executePreToolHooks called for tool: Edit
[DEBUG] Executing hooks for PreToolUse:Edit
[DEBUG] Getting matching hook commands for PreToolUse with query: Edit
[DEBUG] Found 1 hook matchers in settings
[DEBUG] Matched 1 unique hooks for query "Edit" (1 before deduplication)
[DEBUG] Found 1 hook commands to execute
[DEBUG] Executing hook command: /Users/walterday/.claude/scripts/validate-claude.sh with timeout 60000ms
[DEBUG] Hook command completed with status 0: /Users/walterday/.claude/scripts/validate-claude.sh
[DEBUG] Hook output does not start with {, treating as plain text
[DEBUG] Writing to temp file: /Users/walterday/Git/MerlinMines/cromie/adw/workflows/adw_single_agent_implementation.py.tmp.11251.1760387106280
[DEBUG] Preserving file permissions: 100644
[DEBUG] Temp file written successfully, size: 17532 bytes
[DEBUG] Applied original permissions to temp file
[DEBUG] Renaming /Users/walterday/Git/MerlinMines/cromie/adw/workflows/adw_single_agent_implementation.py.tmp.11251.1760387106280 to /Users/walterday/Git/MerlinMines/cromie/adw/workflows/adw_single_agent_implementation.py
[DEBUG] File /Users/walterday/Git/MerlinMines/cromie/adw/workflows/adw_single_agent_implementation.py written atomically
[DEBUG] Executing hooks for PostToolUse:Edit
[DEBUG] Getting matching hook commands for PostToolUse with query: Edit
[DEBUG] Found 0 hook matchers in settings
[DEBUG] Matched 0 unique hooks for query "Edit" (0 before deduplication)
[DEBUG] Found 0 hook commands to execute
[DEBUG] Hooks: getAsyncHookResponseAttachments called
[DEBUG] Hooks: checkForNewResponses called
[DEBUG] Hooks: Found 0 total hooks in registry
[DEBUG] Hooks: checkForNewResponses returning 0 responses
[DEBUG] Slash commands included in SlashCommand tool: /bug, /seek, /implement
[DEBUG] Stream started - received first chunk
[DEBUG] executePreToolHooks called for tool: Edit
[DEBUG] Executing hooks for PreToolUse:Edit
[DEBUG] Getting matching hook commands for PreToolUse with query: Edit
[DEBUG] Found 1 hook matchers in settings
[DEBUG] Matched 1 unique hooks for query "Edit" (1 before deduplication)
[DEBUG] Found 1 hook commands to execute
[DEBUG] Executing hook command: /Users/walterday/.claude/scripts/validate-claude.sh with timeout 60000ms
[DEBUG] Hook command completed with status 0: /Users/walterday/.claude/scripts/validate-claude.sh
[DEBUG] Hook output does not start with {, treating as plain text
[DEBUG] Writing to temp file: /Users/walterday/Git/MerlinMines/cromie/adw/workflows/adw_single_agent_implementation.py.tmp.11251.1760387112541
[DEBUG] Preserving file permissions: 100644
[DEBUG] Temp file written successfully, size: 17433 bytes
[DEBUG] Applied original permissions to temp file
[DEBUG] Renaming /Users/walterday/Git/MerlinMines/cromie/adw/workflows/adw_single_agent_implementation.py.tmp.11251.1760387112541 to /Users/walterday/Git/MerlinMines/cromie/adw/workflows/adw_single_agent_implementation.py
[DEBUG] File /Users/walterday/Git/MerlinMines/cromie/adw/workflows/adw_single_agent_implementation.py written atomically
[DEBUG] Executing hooks for PostToolUse:Edit
[DEBUG] Getting matching hook commands for PostToolUse with query: Edit
[DEBUG] Found 0 hook matchers in settings
[DEBUG] Matched 0 unique hooks for query "Edit" (0 before deduplication)
[DEBUG] Found 0 hook commands to execute
[DEBUG] Hooks: getAsyncHookResponseAttachments called
[DEBUG] Hooks: checkForNewResponses called
[DEBUG] Hooks: Found 0 total hooks in registry
[DEBUG] Hooks: checkForNewResponses returning 0 responses
[DEBUG] Slash commands included in SlashCommand tool: /bug, /seek, /implement
[DEBUG] Stream started - received first chunk
[DEBUG] executePreToolHooks called for tool: Bash
[DEBUG] Executing hooks for PreToolUse:Bash
[DEBUG] Getting matching hook commands for PreToolUse with query: Bash
[DEBUG] Found 1 hook matchers in settings
[DEBUG] Matched 0 unique hooks for query "Bash" (0 before deduplication)
[DEBUG] Found 0 hook commands to execute
[DEBUG] Bash tool invoked with command: cd /Users/walterday/Git/MerlinMines/cromie && ./adw/adw surgical --help
[DEBUG] Bash tool description: Test surgical command help after all fixes
[DEBUG] Executing hooks for PostToolUse:Bash
[DEBUG] Getting matching hook commands for PostToolUse with query: Bash
[DEBUG] Found 0 hook matchers in settings
[DEBUG] Matched 0 unique hooks for query "Bash" (0 before deduplication)
[DEBUG] Found 0 hook commands to execute
[DEBUG] Hooks: getAsyncHookResponseAttachments called
[DEBUG] Hooks: checkForNewResponses called
[DEBUG] Hooks: Found 0 total hooks in registry
[DEBUG] Hooks: checkForNewResponses returning 0 responses
[DEBUG] Slash commands included in SlashCommand tool: /bug, /seek, /implement
[DEBUG] Stream started - received first chunk
[DEBUG] executePreToolHooks called for tool: Bash
[DEBUG] Executing hooks for PreToolUse:Bash
[DEBUG] Getting matching hook commands for PreToolUse with query: Bash
[DEBUG] Found 1 hook matchers in settings
[DEBUG] Matched 0 unique hooks for query "Bash" (0 before deduplication)
[DEBUG] Found 0 hook commands to execute
[DEBUG] Bash tool invoked with command: ./adw/adw surgical issues/feature/single-agent-surgical-precision-workflow.md --dry-run 2>&1 | head -50
[DEBUG] Bash tool description: Test dry-run of surgical workflow
[DEBUG] Bash tool timeout: 30000ms
[DEBUG] Executing hooks for PostToolUse:Bash
[DEBUG] Getting matching hook commands for PostToolUse with query: Bash
[DEBUG] Found 0 hook matchers in settings
[DEBUG] Matched 0 unique hooks for query "Bash" (0 before deduplication)
[DEBUG] Found 0 hook commands to execute
[DEBUG] Hooks: getAsyncHookResponseAttachments called
[DEBUG] Hooks: checkForNewResponses called
[DEBUG] Hooks: Found 0 total hooks in registry
[DEBUG] Hooks: checkForNewResponses returning 0 responses
[DEBUG] Slash commands included in SlashCommand tool: /bug, /seek, /implement
[DEBUG] Stream started - received first chunk
[DEBUG] executePreToolHooks called for tool: Read
[DEBUG] Executing hooks for PreToolUse:Read
[DEBUG] Getting matching hook commands for PreToolUse with query: Read
[DEBUG] Found 1 hook matchers in settings
[DEBUG] Matched 0 unique hooks for query "Read" (0 before deduplication)
[DEBUG] Found 0 hook commands to execute
[DEBUG] Executing hooks for PostToolUse:Read
[DEBUG] Getting matching hook commands for PostToolUse with query: Read
[DEBUG] Found 0 hook matchers in settings
[DEBUG] Matched 0 unique hooks for query "Read" (0 before deduplication)
[DEBUG] Found 0 hook commands to execute
[DEBUG] Hooks: getAsyncHookResponseAttachments called
[DEBUG] Hooks: checkForNewResponses called
[DEBUG] Hooks: Found 0 total hooks in registry
[DEBUG] Hooks: checkForNewResponses returning 0 responses
[DEBUG] Slash commands included in SlashCommand tool: /bug, /seek, /implement
[DEBUG] Stream started - received first chunk
[DEBUG] executePreToolHooks called for tool: Edit
[DEBUG] Executing hooks for PreToolUse:Edit
[DEBUG] Getting matching hook commands for PreToolUse with query: Edit
[DEBUG] Found 1 hook matchers in settings
[DEBUG] Matched 1 unique hooks for query "Edit" (1 before deduplication)
[DEBUG] Found 1 hook commands to execute
[DEBUG] Executing hook command: /Users/walterday/.claude/scripts/validate-claude.sh with timeout 60000ms
[DEBUG] Hook command completed with status 0: /Users/walterday/.claude/scripts/validate-claude.sh
[DEBUG] Hook output does not start with {, treating as plain text
[DEBUG] Writing to temp file: /Users/walterday/Git/MerlinMines/cromie/adw/workflows/adw_single_agent_implementation.py.tmp.11251.1760387172528
[DEBUG] Preserving file permissions: 100644
[DEBUG] Temp file written successfully, size: 17662 bytes
[DEBUG] Applied original permissions to temp file
[DEBUG] Renaming /Users/walterday/Git/MerlinMines/cromie/adw/workflows/adw_single_agent_implementation.py.tmp.11251.1760387172528 to /Users/walterday/Git/MerlinMines/cromie/adw/workflows/adw_single_agent_implementation.py
[DEBUG] File /Users/walterday/Git/MerlinMines/cromie/adw/workflows/adw_single_agent_implementation.py written atomically
[DEBUG] Executing hooks for PostToolUse:Edit
[DEBUG] Getting matching hook commands for PostToolUse with query: Edit
[DEBUG] Found 0 hook matchers in settings
[DEBUG] Matched 0 unique hooks for query "Edit" (0 before deduplication)
[DEBUG] Found 0 hook commands to execute
[DEBUG] Hooks: getAsyncHookResponseAttachments called
[DEBUG] Hooks: checkForNewResponses called
[DEBUG] Hooks: Found 0 total hooks in registry
[DEBUG] Hooks: checkForNewResponses returning 0 responses
[DEBUG] Slash commands included in SlashCommand tool: /bug, /seek, /implement
[DEBUG] Stream started - received first chunk
[DEBUG] executePreToolHooks called for tool: Bash
[DEBUG] Executing hooks for PreToolUse:Bash
[DEBUG] Getting matching hook commands for PreToolUse with query: Bash
[DEBUG] Found 1 hook matchers in settings
[DEBUG] Matched 0 unique hooks for query "Bash" (0 before deduplication)
[DEBUG] Found 0 hook commands to execute
[DEBUG] Bash tool invoked with command: ./adw/adw surgical issues/feature/single-agent-surgical-precision-workflow.md --dry-run 2>&1 | head -100
[DEBUG] Bash tool description: Test dry-run with fixed code
[DEBUG] Bash tool timeout: 30000ms
[DEBUG] Executing hooks for PostToolUse:Bash
[DEBUG] Getting matching hook commands for PostToolUse with query: Bash
[DEBUG] Found 0 hook matchers in settings
[DEBUG] Matched 0 unique hooks for query "Bash" (0 before deduplication)
[DEBUG] Found 0 hook commands to execute
[DEBUG] Hooks: getAsyncHookResponseAttachments called
[DEBUG] Hooks: checkForNewResponses called
[DEBUG] Hooks: Found 0 total hooks in registry
[DEBUG] Hooks: checkForNewResponses returning 0 responses
[DEBUG] Slash commands included in SlashCommand tool: /bug, /seek, /implement
[DEBUG] Stream started - received first chunk
[DEBUG] executePreToolHooks called for tool: Edit
[DEBUG] Executing hooks for PreToolUse:Edit
[DEBUG] Getting matching hook commands for PreToolUse with query: Edit
[DEBUG] Found 1 hook matchers in settings
[DEBUG] Matched 1 unique hooks for query "Edit" (1 before deduplication)
[DEBUG] Found 1 hook commands to execute
[DEBUG] Executing hook command: /Users/walterday/.claude/scripts/validate-claude.sh with timeout 60000ms
[DEBUG] Hook command completed with status 0: /Users/walterday/.claude/scripts/validate-claude.sh
[DEBUG] Hook output does not start with {, treating as plain text
[DEBUG] Writing to temp file: /Users/walterday/Git/MerlinMines/cromie/adw/workflows/adw_single_agent_implementation.py.tmp.11251.1760387192450
[DEBUG] Preserving file permissions: 100644
[DEBUG] Temp file written successfully, size: 17958 bytes
[DEBUG] Applied original permissions to temp file
[DEBUG] Renaming /Users/walterday/Git/MerlinMines/cromie/adw/workflows/adw_single_agent_implementation.py.tmp.11251.1760387192450 to /Users/walterday/Git/MerlinMines/cromie/adw/workflows/adw_single_agent_implementation.py
[DEBUG] File /Users/walterday/Git/MerlinMines/cromie/adw/workflows/adw_single_agent_implementation.py written atomically
[DEBUG] Executing hooks for PostToolUse:Edit
[DEBUG] Getting matching hook commands for PostToolUse with query: Edit
[DEBUG] Found 0 hook matchers in settings
[DEBUG] Matched 0 unique hooks for query "Edit" (0 before deduplication)
[DEBUG] Found 0 hook commands to execute
[DEBUG] Hooks: getAsyncHookResponseAttachments called
[DEBUG] Hooks: checkForNewResponses called
[DEBUG] Hooks: Found 0 total hooks in registry
[DEBUG] Hooks: checkForNewResponses returning 0 responses
[DEBUG] Slash commands included in SlashCommand tool: /bug, /seek, /implement
[DEBUG] Stream started - received first chunk
[DEBUG] executePreToolHooks called for tool: Bash
[DEBUG] Executing hooks for PreToolUse:Bash
[DEBUG] Getting matching hook commands for PreToolUse with query: Bash
[DEBUG] Found 1 hook matchers in settings
[DEBUG] Matched 0 unique hooks for query "Bash" (0 before deduplication)
[DEBUG] Found 0 hook commands to execute
[DEBUG] Bash tool invoked with command: ./adw/adw surgical issues/feature/single-agent-surgical-precision-workflow.md --dry-run 2>&1 | head -20
[DEBUG] Bash tool description: Test to see what type is returned
[DEBUG] Bash tool timeout: 30000ms
[DEBUG] Executing hooks for PostToolUse:Bash
[DEBUG] Getting matching hook commands for PostToolUse with query: Bash
[DEBUG] Found 0 hook matchers in settings
[DEBUG] Matched 0 unique hooks for query "Bash" (0 before deduplication)
[DEBUG] Found 0 hook commands to execute
[DEBUG] Hooks: getAsyncHookResponseAttachments called
[DEBUG] Hooks: checkForNewResponses called
[DEBUG] Hooks: Found 0 total hooks in registry
[DEBUG] Hooks: checkForNewResponses returning 0 responses
[DEBUG] Slash commands included in SlashCommand tool: /bug, /seek, /implement
[DEBUG] Stream started - received first chunk
[DEBUG] executePreToolHooks called for tool: Edit
[DEBUG] Executing hooks for PreToolUse:Edit
[DEBUG] Getting matching hook commands for PreToolUse with query: Edit
[DEBUG] Found 1 hook matchers in settings
[DEBUG] Matched 1 unique hooks for query "Edit" (1 before deduplication)
[DEBUG] Found 1 hook commands to execute
[DEBUG] Executing hook command: /Users/walterday/.claude/scripts/validate-claude.sh with timeout 60000ms
[DEBUG] Hook command completed with status 0: /Users/walterday/.claude/scripts/validate-claude.sh
[DEBUG] Hook output does not start with {, treating as plain text
[DEBUG] Writing to temp file: /Users/walterday/Git/MerlinMines/cromie/adw/workflows/adw_single_agent_implementation.py.tmp.11251.1760387213416
[DEBUG] Preserving file permissions: 100644
[DEBUG] Temp file written successfully, size: 18087 bytes
[DEBUG] Applied original permissions to temp file
[DEBUG] Renaming /Users/walterday/Git/MerlinMines/cromie/adw/workflows/adw_single_agent_implementation.py.tmp.11251.1760387213416 to /Users/walterday/Git/MerlinMines/cromie/adw/workflows/adw_single_agent_implementation.py
[DEBUG] File /Users/walterday/Git/MerlinMines/cromie/adw/workflows/adw_single_agent_implementation.py written atomically
[DEBUG] Executing hooks for PostToolUse:Edit
[DEBUG] Getting matching hook commands for PostToolUse with query: Edit
[DEBUG] Found 0 hook matchers in settings
[DEBUG] Matched 0 unique hooks for query "Edit" (0 before deduplication)
[DEBUG] Found 0 hook commands to execute
[DEBUG] Hooks: getAsyncHookResponseAttachments called
[DEBUG] Hooks: checkForNewResponses called
[DEBUG] Hooks: Found 0 total hooks in registry
[DEBUG] Hooks: checkForNewResponses returning 0 responses
[DEBUG] Slash commands included in SlashCommand tool: /bug, /seek, /implement
[DEBUG] Stream started - received first chunk
[DEBUG] executePreToolHooks called for tool: Edit
[DEBUG] Executing hooks for PreToolUse:Edit
[DEBUG] Getting matching hook commands for PreToolUse with query: Edit
[DEBUG] Found 1 hook matchers in settings
[DEBUG] Matched 1 unique hooks for query "Edit" (1 before deduplication)
[DEBUG] Found 1 hook commands to execute
[DEBUG] Executing hook command: /Users/walterday/.claude/scripts/validate-claude.sh with timeout 60000ms
[DEBUG] Hook command completed with status 0: /Users/walterday/.claude/scripts/validate-claude.sh
[DEBUG] Hook output does not start with {, treating as plain text
[DEBUG] Writing to temp file: /Users/walterday/Git/MerlinMines/cromie/adw/workflows/adw_single_agent_implementation.py.tmp.11251.1760387221946
[DEBUG] Preserving file permissions: 100644
[DEBUG] Temp file written successfully, size: 18044 bytes
[DEBUG] Applied original permissions to temp file
[DEBUG] Renaming /Users/walterday/Git/MerlinMines/cromie/adw/workflows/adw_single_agent_implementation.py.tmp.11251.1760387221946 to /Users/walterday/Git/MerlinMines/cromie/adw/workflows/adw_single_agent_implementation.py
[DEBUG] File /Users/walterday/Git/MerlinMines/cromie/adw/workflows/adw_single_agent_implementation.py written atomically
[DEBUG] Executing hooks for PostToolUse:Edit
[DEBUG] Getting matching hook commands for PostToolUse with query: Edit
[DEBUG] Found 0 hook matchers in settings
[DEBUG] Matched 0 unique hooks for query "Edit" (0 before deduplication)
[DEBUG] Found 0 hook commands to execute
[DEBUG] Hooks: getAsyncHookResponseAttachments called
[DEBUG] Hooks: checkForNewResponses called
[DEBUG] Hooks: Found 0 total hooks in registry
[DEBUG] Hooks: checkForNewResponses returning 0 responses
[DEBUG] Slash commands included in SlashCommand tool: /bug, /seek, /implement
[DEBUG] Stream started - received first chunk
[DEBUG] executePreToolHooks called for tool: Edit
[DEBUG] Executing hooks for PreToolUse:Edit
[DEBUG] Getting matching hook commands for PreToolUse with query: Edit
[DEBUG] Found 1 hook matchers in settings
[DEBUG] Matched 1 unique hooks for query "Edit" (1 before deduplication)
[DEBUG] Found 1 hook commands to execute
[DEBUG] Executing hook command: /Users/walterday/.claude/scripts/validate-claude.sh with timeout 60000ms
[DEBUG] Hook command completed with status 0: /Users/walterday/.claude/scripts/validate-claude.sh
[DEBUG] Hook output does not start with {, treating as plain text
[DEBUG] Writing to temp file: /Users/walterday/Git/MerlinMines/cromie/adw/workflows/adw_single_agent_implementation.py.tmp.11251.1760387227588
[DEBUG] Preserving file permissions: 100644
[DEBUG] Temp file written successfully, size: 17994 bytes
[DEBUG] Applied original permissions to temp file
[DEBUG] Renaming /Users/walterday/Git/MerlinMines/cromie/adw/workflows/adw_single_agent_implementation.py.tmp.11251.1760387227588 to /Users/walterday/Git/MerlinMines/cromie/adw/workflows/adw_single_agent_implementation.py
[DEBUG] File /Users/walterday/Git/MerlinMines/cromie/adw/workflows/adw_single_agent_implementation.py written atomically
[DEBUG] Executing hooks for PostToolUse:Edit
[DEBUG] Getting matching hook commands for PostToolUse with query: Edit
[DEBUG] Found 0 hook matchers in settings
[DEBUG] Matched 0 unique hooks for query "Edit" (0 before deduplication)
[DEBUG] Found 0 hook commands to execute
[DEBUG] Hooks: getAsyncHookResponseAttachments called
[DEBUG] Hooks: checkForNewResponses called
[DEBUG] Hooks: Found 0 total hooks in registry
[DEBUG] Hooks: checkForNewResponses returning 0 responses
[DEBUG] Slash commands included in SlashCommand tool: /bug, /seek, /implement
[DEBUG] Stream started - received first chunk
[DEBUG] executePreToolHooks called for tool: Edit
[DEBUG] Executing hooks for PreToolUse:Edit
[DEBUG] Getting matching hook commands for PreToolUse with query: Edit
[DEBUG] Found 1 hook matchers in settings
[DEBUG] Matched 1 unique hooks for query "Edit" (1 before deduplication)
[DEBUG] Found 1 hook commands to execute
[DEBUG] Executing hook command: /Users/walterday/.claude/scripts/validate-claude.sh with timeout 60000ms
[DEBUG] Hook command completed with status 0: /Users/walterday/.claude/scripts/validate-claude.sh
[DEBUG] Hook output does not start with {, treating as plain text
[DEBUG] Writing to temp file: /Users/walterday/Git/MerlinMines/cromie/adw/workflows/adw_single_agent_implementation.py.tmp.11251.1760387233747
[DEBUG] Preserving file permissions: 100644
[DEBUG] Temp file written successfully, size: 17950 bytes
[DEBUG] Applied original permissions to temp file
[DEBUG] Renaming /Users/walterday/Git/MerlinMines/cromie/adw/workflows/adw_single_agent_implementation.py.tmp.11251.1760387233747 to /Users/walterday/Git/MerlinMines/cromie/adw/workflows/adw_single_agent_implementation.py
[DEBUG] File /Users/walterday/Git/MerlinMines/cromie/adw/workflows/adw_single_agent_implementation.py written atomically
[DEBUG] Executing hooks for PostToolUse:Edit
[DEBUG] Getting matching hook commands for PostToolUse with query: Edit
[DEBUG] Found 0 hook matchers in settings
[DEBUG] Matched 0 unique hooks for query "Edit" (0 before deduplication)
[DEBUG] Found 0 hook commands to execute
[DEBUG] Hooks: getAsyncHookResponseAttachments called
[DEBUG] Hooks: checkForNewResponses called
[DEBUG] Hooks: Found 0 total hooks in registry
[DEBUG] Hooks: checkForNewResponses returning 0 responses
[DEBUG] Slash commands included in SlashCommand tool: /bug, /seek, /implement
[DEBUG] Stream started - received first chunk
[DEBUG] executePreToolHooks called for tool: Edit
[DEBUG] Executing hooks for PreToolUse:Edit
[DEBUG] Getting matching hook commands for PreToolUse with query: Edit
[DEBUG] Found 1 hook matchers in settings
[DEBUG] Matched 1 unique hooks for query "Edit" (1 before deduplication)
[DEBUG] Found 1 hook commands to execute
[DEBUG] Executing hook command: /Users/walterday/.claude/scripts/validate-claude.sh with timeout 60000ms
[DEBUG] Hook command completed with status 0: /Users/walterday/.claude/scripts/validate-claude.sh
[DEBUG] Hook output does not start with {, treating as plain text
[DEBUG] Writing to temp file: /Users/walterday/Git/MerlinMines/cromie/adw/workflows/adw_single_agent_implementation.py.tmp.11251.1760387239223
[DEBUG] Preserving file permissions: 100644
[DEBUG] Temp file written successfully, size: 17905 bytes
[DEBUG] Applied original permissions to temp file
[DEBUG] Renaming /Users/walterday/Git/MerlinMines/cromie/adw/workflows/adw_single_agent_implementation.py.tmp.11251.1760387239223 to /Users/walterday/Git/MerlinMines/cromie/adw/workflows/adw_single_agent_implementation.py
[DEBUG] File /Users/walterday/Git/MerlinMines/cromie/adw/workflows/adw_single_agent_implementation.py written atomically
[DEBUG] Executing hooks for PostToolUse:Edit
[DEBUG] Getting matching hook commands for PostToolUse with query: Edit
[DEBUG] Found 0 hook matchers in settings
[DEBUG] Matched 0 unique hooks for query "Edit" (0 before deduplication)
[DEBUG] Found 0 hook commands to execute
[DEBUG] Hooks: getAsyncHookResponseAttachments called
[DEBUG] Hooks: checkForNewResponses called
[DEBUG] Hooks: Found 0 total hooks in registry
[DEBUG] Hooks: checkForNewResponses returning 0 responses
[DEBUG] Slash commands included in SlashCommand tool: /bug, /seek, /implement
[DEBUG] Stream started - received first chunk
[DEBUG] executePreToolHooks called for tool: Edit
[DEBUG] Executing hooks for PreToolUse:Edit
[DEBUG] Getting matching hook commands for PreToolUse with query: Edit
[DEBUG] Found 1 hook matchers in settings
[DEBUG] Matched 1 unique hooks for query "Edit" (1 before deduplication)
[DEBUG] Found 1 hook commands to execute
[DEBUG] Executing hook command: /Users/walterday/.claude/scripts/validate-claude.sh with timeout 60000ms
[DEBUG] Hook command completed with status 0: /Users/walterday/.claude/scripts/validate-claude.sh
[DEBUG] Hook output does not start with {, treating as plain text
[DEBUG] Writing to temp file: /Users/walterday/Git/MerlinMines/cromie/adw/workflows/adw_single_agent_implementation.py.tmp.11251.1760387244615
[DEBUG] Preserving file permissions: 100644
[DEBUG] Temp file written successfully, size: 17861 bytes
[DEBUG] Applied original permissions to temp file
[DEBUG] Renaming /Users/walterday/Git/MerlinMines/cromie/adw/workflows/adw_single_agent_implementation.py.tmp.11251.1760387244615 to /Users/walterday/Git/MerlinMines/cromie/adw/workflows/adw_single_agent_implementation.py
[DEBUG] File /Users/walterday/Git/MerlinMines/cromie/adw/workflows/adw_single_agent_implementation.py written atomically
[DEBUG] Executing hooks for PostToolUse:Edit
[DEBUG] Getting matching hook commands for PostToolUse with query: Edit
[DEBUG] Found 0 hook matchers in settings
[DEBUG] Matched 0 unique hooks for query "Edit" (0 before deduplication)
[DEBUG] Found 0 hook commands to execute
[DEBUG] Hooks: getAsyncHookResponseAttachments called
[DEBUG] Hooks: checkForNewResponses called
[DEBUG] Hooks: Found 0 total hooks in registry
[DEBUG] Hooks: checkForNewResponses returning 0 responses
[DEBUG] Slash commands included in SlashCommand tool: /bug, /seek, /implement
[DEBUG] Stream started - received first chunk
[DEBUG] executePreToolHooks called for tool: Edit
[DEBUG] Executing hooks for PreToolUse:Edit
[DEBUG] Getting matching hook commands for PreToolUse with query: Edit
[DEBUG] Found 1 hook matchers in settings
[DEBUG] Matched 1 unique hooks for query "Edit" (1 before deduplication)
[DEBUG] Found 1 hook commands to execute
[DEBUG] Executing hook command: /Users/walterday/.claude/scripts/validate-claude.sh with timeout 60000ms
[DEBUG] Hook command completed with status 0: /Users/walterday/.claude/scripts/validate-claude.sh
[DEBUG] Hook output does not start with {, treating as plain text
[DEBUG] Writing to temp file: /Users/walterday/Git/MerlinMines/cromie/adw/workflows/adw_single_agent_implementation.py.tmp.11251.1760387253370
[DEBUG] Preserving file permissions: 100644
[DEBUG] Temp file written successfully, size: 17803 bytes
[DEBUG] Applied original permissions to temp file
[DEBUG] Renaming /Users/walterday/Git/MerlinMines/cromie/adw/workflows/adw_single_agent_implementation.py.tmp.11251.1760387253370 to /Users/walterday/Git/MerlinMines/cromie/adw/workflows/adw_single_agent_implementation.py
[DEBUG] File /Users/walterday/Git/MerlinMines/cromie/adw/workflows/adw_single_agent_implementation.py written atomically
[DEBUG] Executing hooks for PostToolUse:Edit
[DEBUG] Getting matching hook commands for PostToolUse with query: Edit
[DEBUG] Found 0 hook matchers in settings
[DEBUG] Matched 0 unique hooks for query "Edit" (0 before deduplication)
[DEBUG] Found 0 hook commands to execute
[DEBUG] Hooks: getAsyncHookResponseAttachments called
[DEBUG] Hooks: checkForNewResponses called
[DEBUG] Hooks: Found 0 total hooks in registry
[DEBUG] Hooks: checkForNewResponses returning 0 responses
[DEBUG] Slash commands included in SlashCommand tool: /bug, /seek, /implement
[DEBUG] Stream started - received first chunk
[DEBUG] executePreToolHooks called for tool: Bash
[DEBUG] Executing hooks for PreToolUse:Bash
[DEBUG] Getting matching hook commands for PreToolUse with query: Bash
[DEBUG] Found 1 hook matchers in settings
[DEBUG] Matched 0 unique hooks for query "Bash" (0 before deduplication)
[DEBUG] Found 0 hook commands to execute
[DEBUG] Bash tool invoked with command: ./adw/adw surgical issues/feature/single-agent-surgical-precision-workflow.md --dry-run 2>&1 | head -60
[DEBUG] Bash tool description: Final test of surgical workflow dry-run
[DEBUG] Bash tool timeout: 30000ms
[DEBUG] Executing hooks for PostToolUse:Bash
[DEBUG] Getting matching hook commands for PostToolUse with query: Bash
[DEBUG] Found 0 hook matchers in settings
[DEBUG] Matched 0 unique hooks for query "Bash" (0 before deduplication)
[DEBUG] Found 0 hook commands to execute
[DEBUG] Hooks: getAsyncHookResponseAttachments called
[DEBUG] Hooks: checkForNewResponses called
[DEBUG] Hooks: Found 0 total hooks in registry
[DEBUG] Hooks: checkForNewResponses returning 0 responses
[DEBUG] Slash commands included in SlashCommand tool: /bug, /seek, /implement
[DEBUG] Stream started - received first chunk
[DEBUG] Writing to temp file: /Users/walterday/.claude.json.tmp.11251.1760387275836
[DEBUG] Preserving file permissions: 100644
[DEBUG] Temp file written successfully, size: 1967797 bytes
[DEBUG] Applied original permissions to temp file
[DEBUG] Renaming /Users/walterday/.claude.json.tmp.11251.1760387275836 to /Users/walterday/.claude.json
[DEBUG] File /Users/walterday/.claude.json written atomically
[DEBUG] Executing hooks for Stop
[DEBUG] Getting matching hook commands for Stop with query: undefined
[DEBUG] Found 0 hook matchers in settings
[DEBUG] Matched 0 unique hooks for query "no match query" (0 before deduplication)
[DEBUG] Found 0 hook commands to execute
[DEBUG] Writing to temp file: /Users/walterday/.claude.json.tmp.11251.1760387275903
[DEBUG] Preserving file permissions: 100644
[DEBUG] Temp file written successfully, size: 1967797 bytes
[DEBUG] Applied original permissions to temp file
[DEBUG] Renaming /Users/walterday/.claude.json.tmp.11251.1760387275903 to /Users/walterday/.claude.json
[DEBUG] File /Users/walterday/.claude.json written atomically
[DEBUG] Writing to temp file: /Users/walterday/.claude.json.tmp.11251.1760387275950
[DEBUG] Preserving file permissions: 100644
[DEBUG] Temp file written successfully, size: 1968703 bytes
[DEBUG] Applied original permissions to temp file
[DEBUG] Renaming /Users/walterday/.claude.json.tmp.11251.1760387275950 to /Users/walterday/.claude.json
[DEBUG] File /Users/walterday/.claude.json written atomically
[DEBUG] Getting matching hook commands for Notification with query: undefined
[DEBUG] Found 0 hook matchers in settings
[DEBUG] Matched 0 unique hooks for query "no match query" (0 before deduplication)
[DEBUG] Getting matching hook commands for SessionEnd with query: undefined
[DEBUG] Found 0 hook matchers in settings
[DEBUG] Matched 0 unique hooks for query "no match query" (0 before deduplication)
[DEBUG] Cleaned up session snapshot: /Users/walterday/.claude/shell-snapshots/snapshot-bash-1760384432035-dkhqk7.sh
[DEBUG] MCP server "basic-memory": Sending SIGINT to MCP server process
[DEBUG] MCP server "basic-memory": SIGINT failed, sending SIGTERM to MCP server process
[ERROR] MCP server "basic-memory" Server stderr: /opt/homebrew/Cellar/python@3.13/3.13.7/Frameworks/Python.framework/Versions/3.13/lib/python3.13/multiprocessing/resource_tracker.py:324: UserWarning: resource_tracker: There appear to be 8 leaked semaphore objects to clean up at shutdown: {'/mp-el17xffy', '/mp-d2sdlt9d', '/mp-00a9wan8', '/mp-hkd3j46h', '/mp-xhrauk_1', '/mp-7940htci', '/mp-_cum_qao', '/mp-yi2ytly6'}
  warnings.warn(
[DEBUG] MCP server "basic-memory": MCP server process exited cleanly
[DEBUG] Writing to temp file: /Users/walterday/.claude.json.tmp.11251.1760390566783
[DEBUG] Preserving file permissions: 100644
[DEBUG] Temp file written successfully, size: 1969136 bytes
[DEBUG] Applied original permissions to temp file
[DEBUG] Renaming /Users/walterday/.claude.json.tmp.11251.1760390566783 to /Users/walterday/.claude.json
[DEBUG] File /Users/walterday/.claude.json written atomically
