[DEBUG] Executing hooks for SessionStart:clear
[DEBUG] Getting matching hook commands for SessionStart with query: clear
[DEBUG] Found 0 hook matchers in settings
[DEBUG] Matched 0 unique hooks for query "clear" (0 before deduplication)
[DEBUG] Found 0 hook commands to execute
[DEBUG] FileHistory: Added snapshot for add5e252-9b5d-4492-9695-87d503442bc3, tracking 0 files
[DEBUG] Writing to temp file: /Users/walterday/.claude.json.tmp.6751.1760319327721
[DEBUG] Preserving file permissions: 100644
[DEBUG] Temp file written successfully, size: 1951644 bytes
[DEBUG] Applied original permissions to temp file
[DEBUG] Renaming /Users/walterday/.claude.json.tmp.6751.1760319327721 to /Users/walterday/.claude.json
[DEBUG] File /Users/walterday/.claude.json written atomically
[DEBUG] AutoUpdaterWrapper: Installation type: npm-global, using native: false
[DEBUG] Hooks: getAsyncHookResponseAttachments called
[DEBUG] Hooks: checkForNewResponses called
[DEBUG] Hooks: Found 0 total hooks in registry
[DEBUG] Hooks: checkForNewResponses returning 0 responses
[DEBUG] Executing hooks for UserPromptSubmit
[DEBUG] Getting matching hook commands for UserPromptSubmit with query: undefined
[DEBUG] Found 1 hook matchers in settings
[DEBUG] Matched 1 unique hooks for query "no match query" (1 before deduplication)
[DEBUG] Found 1 hook commands to execute
[DEBUG] Executing hook command: /Users/walterday/.claude/hooks/post-branch-create.sh with timeout 60000ms
[DEBUG] Hook command completed with status 0: /Users/walterday/.claude/hooks/post-branch-create.sh
[DEBUG] Hook output does not start with {, treating as plain text
[DEBUG] FileHistory: Making snapshot for message b5b6d157-62c3-4b1c-bcba-c57c5d45372c
[DEBUG] FileHistory: Added snapshot for b5b6d157-62c3-4b1c-bcba-c57c5d45372c, tracking 0 files
[DEBUG] Slash commands included in SlashCommand tool: /bug, /seek
[DEBUG] Stream started - received first chunk
[DEBUG] AutoUpdaterWrapper: Installation type: npm-global, using native: false
[DEBUG] executePreToolHooks called for tool: Bash
[DEBUG] Executing hooks for PreToolUse:Bash
[DEBUG] Getting matching hook commands for PreToolUse with query: Bash
[DEBUG] Found 1 hook matchers in settings
[DEBUG] Matched 0 unique hooks for query "Bash" (0 before deduplication)
[DEBUG] Found 0 hook commands to execute
[DEBUG] executePreToolHooks called for tool: Read
[DEBUG] Executing hooks for PreToolUse:Read
[DEBUG] Getting matching hook commands for PreToolUse with query: Read
[DEBUG] Found 1 hook matchers in settings
[DEBUG] Matched 0 unique hooks for query "Read" (0 before deduplication)
[DEBUG] Found 0 hook commands to execute
[DEBUG] executePreToolHooks called for tool: Read
[DEBUG] Executing hooks for PreToolUse:Read
[DEBUG] Getting matching hook commands for PreToolUse with query: Read
[DEBUG] Found 1 hook matchers in settings
[DEBUG] Matched 0 unique hooks for query "Read" (0 before deduplication)
[DEBUG] Found 0 hook commands to execute
[DEBUG] Bash tool invoked with command: git ls-files
[DEBUG] Bash tool description: List all tracked files in repository
[DEBUG] Executing hooks for PostToolUse:Read
[DEBUG] Getting matching hook commands for PostToolUse with query: Read
[DEBUG] Found 0 hook matchers in settings
[DEBUG] Matched 0 unique hooks for query "Read" (0 before deduplication)
[DEBUG] Found 0 hook commands to execute
[DEBUG] Executing hooks for PostToolUse:Read
[DEBUG] Getting matching hook commands for PostToolUse with query: Read
[DEBUG] Found 0 hook matchers in settings
[DEBUG] Matched 0 unique hooks for query "Read" (0 before deduplication)
[DEBUG] Found 0 hook commands to execute
[DEBUG] Executing hooks for PostToolUse:Bash
[DEBUG] Getting matching hook commands for PostToolUse with query: Bash
[DEBUG] Found 0 hook matchers in settings
[DEBUG] Matched 0 unique hooks for query "Bash" (0 before deduplication)
[DEBUG] Found 0 hook commands to execute
[DEBUG] Hooks: getAsyncHookResponseAttachments called
[DEBUG] Hooks: checkForNewResponses called
[DEBUG] Hooks: Found 0 total hooks in registry
[DEBUG] Hooks: checkForNewResponses returning 0 responses
[DEBUG] Slash commands included in SlashCommand tool: /bug, /seek
[DEBUG] Stream started - received first chunk
[DEBUG] AutoUpdaterWrapper: Installation type: npm-global, using native: false
[DEBUG] AutoUpdaterWrapper: Installation type: npm-global, using native: false
[DEBUG] Executing hooks for Stop
[DEBUG] Getting matching hook commands for Stop with query: undefined
[DEBUG] Found 0 hook matchers in settings
[DEBUG] Matched 0 unique hooks for query "no match query" (0 before deduplication)
[DEBUG] Found 0 hook commands to execute
[DEBUG] Writing to temp file: /Users/walterday/.claude.json.tmp.6751.1760319351918
[DEBUG] Preserving file permissions: 100644
[DEBUG] Temp file written successfully, size: 1951644 bytes
[DEBUG] Applied original permissions to temp file
[DEBUG] Renaming /Users/walterday/.claude.json.tmp.6751.1760319351918 to /Users/walterday/.claude.json
[DEBUG] File /Users/walterday/.claude.json written atomically
[DEBUG] Getting matching hook commands for SessionEnd with query: undefined
[DEBUG] Found 0 hook matchers in settings
[DEBUG] Matched 0 unique hooks for query "no match query" (0 before deduplication)
[DEBUG] Cleaned up session snapshot: /Users/walterday/.claude/shell-snapshots/snapshot-bash-1760317540833-xzbtgw.sh
[DEBUG] MCP server "basic-memory": Sending SIGINT to MCP server process
[DEBUG] MCP server "basic-memory": SIGINT failed, sending SIGTERM to MCP server process
[ERROR] MCP server "basic-memory" Server stderr: /opt/homebrew/Cellar/python@3.13/3.13.7/Frameworks/Python.framework/Versions/3.13/lib/python3.13/multiprocessing/resource_tracker.py:324: UserWarning: resource_tracker: There appear to be 8 leaked semaphore objects to clean up at shutdown: {'/mp-_uq4gwad', '/mp-2bphoxta', '/mp-gntsrmil', '/mp-xqucugqp', '/mp-yo23qxfw', '/mp-tqssdm2h', '/mp-vpfho6mb', '/mp-6yg4xz9d'}
  warnings.warn(
[DEBUG] MCP server "basic-memory": MCP server process exited cleanly
[DEBUG] Writing to temp file: /Users/walterday/.claude.json.tmp.6751.1760319415307
[DEBUG] Preserving file permissions: 100644
[DEBUG] Temp file written successfully, size: 1952083 bytes
[DEBUG] Applied original permissions to temp file
[DEBUG] Renaming /Users/walterday/.claude.json.tmp.6751.1760319415307 to /Users/walterday/.claude.json
[DEBUG] File /Users/walterday/.claude.json written atomically
[DEBUG] Writing to temp file: /Users/walterday/.claude.json.tmp.36962.1760319419715
[DEBUG] Preserving file permissions: 100644
[DEBUG] Temp file written successfully, size: 1951536 bytes
[DEBUG] Applied original permissions to temp file
[DEBUG] Renaming /Users/walterday/.claude.json.tmp.36962.1760319419715 to /Users/walterday/.claude.json
[DEBUG] File /Users/walterday/.claude.json written atomically
[DEBUG] Writing to temp file: /Users/walterday/.claude.json.tmp.36962.1760319419757
[DEBUG] Preserving file permissions: 100644
[DEBUG] Temp file written successfully, size: 1951536 bytes
[DEBUG] Applied original permissions to temp file
[DEBUG] Renaming /Users/walterday/.claude.json.tmp.36962.1760319419757 to /Users/walterday/.claude.json
[DEBUG] File /Users/walterday/.claude.json written atomically
[DEBUG] AutoUpdaterWrapper: Installation type: npm-global, using native: false
[DEBUG] performStartupChecks called, ENABLE_PLUGINS=true
[DEBUG] Starting background plugin installations
[DEBUG] performBackgroundPluginInstallations called
[DEBUG] Writing to temp file: /Users/walterday/.claude.json.tmp.36962.1760319419833
[DEBUG] Preserving file permissions: 100644
[DEBUG] Temp file written successfully, size: 1951644 bytes
[DEBUG] Applied original permissions to temp file
[DEBUG] Renaming /Users/walterday/.claude.json.tmp.36962.1760319419833 to /Users/walterday/.claude.json
[DEBUG] File /Users/walterday/.claude.json written atomically
[DEBUG] Setting installation status: 0 marketplaces, 0 installable plugins, 0 uninstallable plugins
[DEBUG] Loaded plugins - Enabled: 0, Disabled: 0, Commands: 0, Agents: 0, Errors: 0
[ERROR] MCP server "basic-memory" Server stderr: 2025-10-12 21:36:59.906 | INFO     | basic_memory.utils:setup_logging:167 - ENV: 'dev' Log level: 'INFO' Logging to .basic-memory/basic-memory-mcp.log
[ERROR] MCP server "basic-memory" Server stderr: 2025-10-12 21:36:59.907 | INFO     | basic_memory.config:setup_basic_memory_logging:367 - Basic Memory 0.14.3 (Project: subagents)
[DEBUG] Summarizing last 4 of 56 messages (~141884 tokens)
[DEBUG] Summarizing last 0 of 70 messages (~0 tokens)
[ERROR] MCP server "basic-memory" Server stderr: 2025-10-12 21:37:01.297 | DEBUG    | basic_memory.api.template_loader:__init__:235 - Initialized template loader with directory: /Users/walterday/.local/share/uv/tools/basic-memory/lib/python3.13/site-packages/basic_memory/templates
[ERROR] MCP server "basic-memory" Server stderr: 2025-10-12 21:37:01.413 | DEBUG    | basic_memory.mcp.async_client:create_client:23 - Creating ASGI client for local Basic Memory API
[ERROR] MCP server "basic-memory" Server stderr: 2025-10-12 21:37:01.468 | INFO     | basic_memory.services.initialization:initialize_app:156 - Initializing app...
[ERROR] MCP server "basic-memory" Server stderr: 2025-10-12 21:37:01.470 | DEBUG    | basic_memory.db:_create_engine_and_session:81 - Creating engine for db_url: sqlite+aiosqlite:////Users/walterday/.basic-memory/memory.db
[ERROR] MCP server "basic-memory" Server stderr: 2025-10-12 21:37:01.477 | INFO     | basic_memory.db:run_migrations:176 - Running database migrations...
[ERROR] MCP server "basic-memory" Server stderr: 2025-10-12 21:37:01.486 | ERROR    | basic_memory.db:run_migrations:210 - Error running migrations: Can't locate revision identified by 'a1b2c3d4e5f6'
[ERROR] MCP server "basic-memory" Server stderr: 2025-10-12 21:37:01.486 | ERROR    | basic_memory.services.initialization:initialize_database:32 - Error initializing database: Can't locate revision identified by 'a1b2c3d4e5f6'
2025-10-12 21:37:01.487 | INFO     | basic_memory.services.initialization:reconcile_projects_with_config:47 - Reconciling projects from config with database...
[ERROR] MCP server "basic-memory" Server stderr: 2025-10-12 21:37:01.488 | INFO     | basic_memory.services.project_service:synchronize_projects:233 - Synchronizing projects between database and configuration
[ERROR] MCP server "basic-memory" Server stderr: 2025-10-12 21:37:01.499 | DEBUG    | basic_memory.repository.repository:find_all:157 - Finding all Project (skip=0, limit=None)
[ERROR] MCP server "basic-memory" Server stderr: 2025-10-12 21:37:01.501 | DEBUG    | basic_memory.repository.repository:find_all:170 - Found 4 Project records
[ERROR] MCP server "basic-memory" Server stderr: 2025-10-12 21:37:01.504 | INFO     | basic_memory.services.project_service:synchronize_projects:301 - Project synchronization complete
[ERROR] MCP server "basic-memory" Server stderr: 2025-10-12 21:37:01.505 | INFO     | basic_memory.mcp.project_session:initialize:34 - Initialized project session with default project: subagents
[ERROR] MCP server "basic-memory" Server stderr: 2025-10-12 21:37:01.505 | INFO     | basic_memory.mcp.project_session:refresh_from_config:81 - Refreshed project session from config, new default: subagents
2025-10-12 21:37:01.506 | INFO     | basic_memory.services.initialization:reconcile_projects_with_config:64 - Projects successfully reconciled between config and database
[ERROR] MCP server "basic-memory" Server stderr: 2025-10-12 21:37:01.506 | INFO     | basic_memory.services.initialization:initialize_app:163 - App initialization completed (migration running in background if needed)
[ERROR] MCP server "basic-memory" Server stderr: 2025-10-12 21:37:01.506 | INFO     | basic_memory.services.initialization:ensure_initialization:177 - Initialization completed successfully: result=None
2025-10-12 21:37:01.506 | INFO     | basic_memory.mcp.project_session:set_current_project:53 - Switched project context: subagents -> subagents
[ERROR] MCP server "basic-memory" Server stderr: 2025-10-12 21:37:01.508 | INFO     | basic_memory.cli.commands.mcp:mcp:56 - Sync changes enabled: True
2025-10-12 21:37:01.508 | INFO     | basic_memory.cli.commands.mcp:mcp:61 - Started file sync in background
[ERROR] MCP server "basic-memory" Server stderr: 2025-10-12 21:37:01.508 | INFO     | basic_memory.cli.commands.mcp:mcp:64 - Starting MCP server with STDIO transport
[ERROR] MCP server "basic-memory" Server stderr: 2025-10-12 21:37:01.514 | INFO     | basic_memory.services.initialization:initialize_file_sync:109 - Starting sync for project: main
[ERROR] MCP server "basic-memory" Server stderr: ‚ï≠‚îÄ FastMCP 2.0 ‚îÄ‚îÄ‚îÄ‚îÄ‚îÄ‚îÄ‚îÄ‚îÄ‚îÄ‚îÄ‚îÄ‚îÄ‚îÄ‚îÄ‚îÄ‚îÄ‚îÄ‚îÄ‚îÄ‚îÄ‚îÄ‚îÄ‚îÄ‚îÄ‚îÄ‚îÄ‚îÄ‚îÄ‚îÄ‚îÄ‚îÄ‚îÄ‚îÄ‚îÄ‚îÄ‚îÄ‚îÄ‚îÄ‚îÄ‚îÄ‚îÄ‚îÄ‚îÄ‚îÄ‚îÄ‚îÄ‚îÄ‚îÄ‚îÄ‚îÄ‚îÄ‚îÄ‚îÄ‚îÄ‚îÄ‚îÄ‚îÄ‚îÄ‚îÄ‚îÄ‚îÄ‚îÄ‚îÄ‚îÄ‚ïÆ
‚îÇ                                                                              ‚îÇ
‚îÇ                                                                              ‚îÇ
‚îÇ         _ __ ___ ______           __  __  _____________       ____           ‚îÇ
‚îÇ     ____                                                                     ‚îÇ
‚îÇ        _ __ ___ / ____/___ ______/ /_/  |/  / ____/ __ \     |___ \  /       ‚îÇ
‚îÇ     __ \                                                                     ‚îÇ
‚îÇ       _ __ ___ / /_  / __ `/ ___/ __/ /|_/ / /   / /_/ /     ___/ / / /      ‚îÇ
‚îÇ     / /                                                                      ‚îÇ
‚îÇ      _ __ ___ / __/ / /_/ (__  ) /_/ /  / / /___/ ____/     /  __/_/ /_/     ‚îÇ
‚îÇ     /                                                                        ‚îÇ
‚îÇ     _ __ ___ /_/    \__,_/____/\__/_/  /_/\____/_/                           ‚îÇ
‚îÇ     /_____(_)____/                                                           ‚îÇ
‚îÇ                                                                              ‚îÇ
‚îÇ                                                                              ‚îÇ
‚îÇ                                                                              ‚îÇ
‚îÇ     üñ•Ô∏è  Server name:     Basic Memory                                         ‚îÇ
‚îÇ     üì¶ Transport:       STDIO                                                ‚îÇ
‚îÇ                                                                              ‚îÇ
‚îÇ     üìö Docs:            https://gofastmcp.com                                ‚îÇ
‚îÇ     üöÄ Deploy:          https://fastmcp.cloud                                ‚îÇ
‚îÇ                                                                              ‚îÇ
‚îÇ     üèéÔ∏è  FastMCP version: 2.10.2                                               ‚îÇ
‚îÇ     ü§ù MCP version:     1.13.0                                               ‚îÇ
‚îÇ                                                                              ‚îÇ
‚îÇ                                                                              ‚îÇ
‚ï∞‚îÄ‚îÄ‚îÄ‚îÄ‚îÄ‚îÄ‚îÄ‚îÄ‚îÄ‚îÄ‚îÄ‚îÄ‚îÄ‚îÄ‚îÄ‚îÄ‚îÄ‚îÄ‚îÄ‚îÄ‚îÄ‚îÄ‚îÄ‚îÄ‚îÄ‚îÄ‚îÄ‚îÄ‚îÄ‚îÄ‚îÄ‚îÄ‚îÄ‚îÄ‚îÄ‚îÄ‚îÄ‚îÄ‚îÄ‚îÄ‚îÄ‚îÄ‚îÄ‚îÄ‚îÄ‚îÄ‚îÄ‚îÄ‚îÄ‚îÄ‚îÄ‚îÄ‚îÄ‚îÄ‚îÄ‚îÄ‚îÄ‚îÄ‚îÄ‚îÄ‚îÄ‚îÄ‚îÄ‚îÄ‚îÄ‚îÄ‚îÄ‚îÄ‚îÄ‚îÄ‚îÄ‚îÄ‚îÄ‚îÄ‚îÄ‚îÄ‚îÄ‚îÄ‚ïØ
[ERROR] MCP server "basic-memory" Server stderr: [10/12/25 21:37:01] INFO     Starting MCP server 'Basic Memory'   server.py:1352
                             with transport 'stdio'
[ERROR] MCP server "basic-memory" Server stderr: 2025-10-12 21:37:01.525 | INFO     | basic_memory.services.initialization:initialize_app:156 - Initializing app...
[ERROR] MCP server "basic-memory" Server stderr: 2025-10-12 21:37:01.526 | INFO     | basic_memory.sync.sync_service:sync:88 - Sync operation started for directory: /Users/walterday/basic-memory
[ERROR] MCP server "basic-memory" Server stderr: 2025-10-12 21:37:01.526 | DEBUG    | basic_memory.repository.repository:find_all:157 - Finding all Entity (skip=0, limit=None)
[ERROR] MCP server "basic-memory" Server stderr: 2025-10-12 21:37:01.529 | INFO     | basic_memory.services.initialization:initialize_database:30 - Database initialization completed
[ERROR] MCP server "basic-memory" Server stderr: 2025-10-12 21:37:01.530 | INFO     | basic_memory.services.initialization:reconcile_projects_with_config:47 - Reconciling projects from config with database...
[ERROR] MCP server "basic-memory" Server stderr: 2025-10-12 21:37:01.530 | DEBUG    | basic_memory.repository.repository:find_all:170 - Found 0 Entity records
[ERROR] MCP server "basic-memory" Server stderr: 2025-10-12 21:37:01.531 | INFO     | basic_memory.services.project_service:synchronize_projects:233 - Synchronizing projects between database and configuration
[ERROR] MCP server "basic-memory" Server stderr: 2025-10-12 21:37:01.533 | INFO     | basic_memory.sync.sync_service:get_db_file_state:241 - Found 0 db records
[ERROR] MCP server "basic-memory" Server stderr: 2025-10-12 21:37:01.533 | INFO     | basic_memory.sync.sync_service:scan:189 - Scanning directory /Users/walterday/basic-memory. Found 0 db paths
[ERROR] MCP server "basic-memory" Server stderr: 2025-10-12 21:37:01.533 | DEBUG    | basic_memory.sync.sync_service:scan_directory:609 - Scanning directory /Users/walterday/basic-memory
[ERROR] MCP server "basic-memory" Server stderr: 2025-10-12 21:37:01.533 | DEBUG    | basic_memory.sync.sync_service:scan_directory:630 - /Users/walterday/basic-memory scan completed directory=/Users/walterday/basic-memory files_found=0 duration_ms=0
2025-10-12 21:37:01.533 | INFO     | basic_memory.sync.sync_service:scan:229 - Completed scan for directory /Users/walterday/basic-memory, found 0 changes.
2025-10-12 21:37:01.533 | INFO     | basic_memory.sync.sync_service:sync:109 - Sync changes detected: new_files=0, modified_files=0, deleted_files=0, moved_files=0
[ERROR] MCP server "basic-memory" Server stderr: 2025-10-12 21:37:01.536 | INFO     | basic_memory.sync.sync_service:resolve_relations:556 - Resolving forward references
[ERROR] MCP server "basic-memory" Server stderr: 2025-10-12 21:37:01.537 | INFO     | basic_memory.sync.sync_service:sync:179 - Sync operation completed: directory=/Users/walterday/basic-memory, total_changes=0, duration_ms=10
2025-10-12 21:37:01.537 | INFO     | basic_memory.services.initialization:initialize_file_sync:115 - Sync completed successfully for project: main
2025-10-12 21:37:01.537 | INFO     | basic_memory.services.initialization:initialize_file_sync:121 - Project main is now watching for changes
2025-10-12 21:37:01.537 | INFO     | basic_memory.services.initialization:initialize_file_sync:109 - Starting sync for project: tauri-docs
[ERROR] MCP server "basic-memory" Server stderr: 2025-10-12 21:37:01.542 | DEBUG    | basic_memory.repository.repository:find_all:157 - Finding all Project (skip=0, limit=None)
[ERROR] MCP server "basic-memory" Server stderr: 2025-10-12 21:37:01.542 | INFO     | basic_memory.sync.sync_service:sync:88 - Sync operation started for directory: /Users/walterday/Git/MerlinMines/Demos/tauri-demo-aug/first-project/docs
[ERROR] MCP server "basic-memory" Server stderr: 2025-10-12 21:37:01.542 | DEBUG    | basic_memory.repository.repository:find_all:157 - Finding all Entity (skip=0, limit=None)
[ERROR] MCP server "basic-memory" Server stderr: 2025-10-12 21:37:01.544 | DEBUG    | basic_memory.repository.repository:find_all:170 - Found 4 Project records
[ERROR] MCP server "basic-memory" Server stderr: 2025-10-12 21:37:01.549 | INFO     | basic_memory.services.project_service:synchronize_projects:301 - Project synchronization complete
[ERROR] MCP server "basic-memory" Server stderr: 2025-10-12 21:37:01.552 | INFO     | basic_memory.mcp.project_session:initialize:34 - Initialized project session with default project: subagents
[ERROR] MCP server "basic-memory" Server stderr: 2025-10-12 21:37:01.552 | INFO     | basic_memory.mcp.project_session:refresh_from_config:81 - Refreshed project session from config, new default: subagents
2025-10-12 21:37:01.552 | INFO     | basic_memory.services.initialization:reconcile_projects_with_config:64 - Projects successfully reconciled between config and database
2025-10-12 21:37:01.552 | INFO     | basic_memory.services.initialization:initialize_app:163 - App initialization completed (migration running in background if needed)
2025-10-12 21:37:01.552 | INFO     | basic_memory.mcp.project_session:initialize:34 - Initialized project session with default project: subagents
[DEBUG] MCP server "basic-memory": Successfully connected to stdio server in 2152ms
[DEBUG] MCP server "basic-memory": Connection established with capabilities: {"hasTools":true,"hasPrompts":true,"hasResources":true,"serverVersion":{"name":"Basic Memory","version":"1.13.0"}}
[ERROR] MCP server "basic-memory" Server stderr: 2025-10-12 21:37:01.562 | DEBUG    | basic_memory.repository.repository:find_all:170 - Found 7 Entity records
2025-10-12 21:37:01.563 | INFO     | basic_memory.sync.sync_service:get_db_file_state:241 - Found 7 db records
2025-10-12 21:37:01.563 | INFO     | basic_memory.sync.sync_service:scan:189 - Scanning directory /Users/walterday/Git/MerlinMines/Demos/tauri-demo-aug/first-project/docs. Found 7 db paths
2025-10-12 21:37:01.563 | DEBUG    | basic_memory.sync.sync_service:scan_directory:609 - Scanning directory /Users/walterday/Git/MerlinMines/Demos/tauri-demo-aug/first-project/docs
[ERROR] MCP server "basic-memory" Server stderr: 2025-10-12 21:37:01.569 | DEBUG    | basic_memory.sync.sync_service:scan_directory:630 - /Users/walterday/Git/MerlinMines/Demos/tauri-demo-aug/first-project/docs scan completed directory=/Users/walterday/Git/MerlinMines/Demos/tauri-demo-aug/first-project/docs files_found=7 duration_ms=5
2025-10-12 21:37:01.569 | INFO     | basic_memory.sync.sync_service:scan:229 - Completed scan for directory /Users/walterday/Git/MerlinMines/Demos/tauri-demo-aug/first-project/docs, found 0 changes.
2025-10-12 21:37:01.569 | INFO     | basic_memory.sync.sync_service:sync:109 - Sync changes detected: new_files=0, modified_files=0, deleted_files=0, moved_files=0
2025-10-12 21:37:01.571 | INFO     | basic_memory.sync.sync_service:resolve_relations:556 - Resolving forward references
2025-10-12 21:37:01.571 | INFO     | basic_memory.sync.sync_service:sync:179 - Sync operation completed: directory=/Users/walterday/Git/MerlinMines/Demos/tauri-demo-aug/first-project/docs, total_changes=0, duration_ms=28
2025-10-12 21:37:01.571 | INFO     | basic_memory.services.initialization:initialize_file_sync:115 - Sync completed successfully for project: tauri-docs
2025-10-12 21:37:01.571 | INFO     | basic_memory.services.initialization:initialize_file_sync:121 - Project tauri-docs is now watching for changes
2025-10-12 21:37:01.571 | INFO     | basic_memory.services.initialization:initialize_file_sync:109 - Starting sync for project: subagents
[ERROR] MCP server "basic-memory" Server stderr: 2025-10-12 21:37:01.574 | INFO     | basic_memory.sync.sync_service:sync:88 - Sync operation started for directory: /Users/walterday/projects/subagents
[ERROR] MCP server "basic-memory" Server stderr: 2025-10-12 21:37:01.574 | DEBUG    | basic_memory.repository.repository:find_all:157 - Finding all Entity (skip=0, limit=None)
[ERROR] MCP server "basic-memory" Server stderr: 2025-10-12 21:37:01.581 | DEBUG    | basic_memory.repository.repository:find_all:170 - Found 17 Entity records
[ERROR] MCP server "basic-memory" Server stderr: 2025-10-12 21:37:01.581 | INFO     | basic_memory.sync.sync_service:get_db_file_state:241 - Found 17 db records
2025-10-12 21:37:01.582 | INFO     | basic_memory.sync.sync_service:scan:189 - Scanning directory /Users/walterday/projects/subagents. Found 17 db paths
2025-10-12 21:37:01.582 | DEBUG    | basic_memory.sync.sync_service:scan_directory:609 - Scanning directory /Users/walterday/projects/subagents
[ERROR] MCP server "basic-memory" Server stderr: 2025-10-12 21:37:01.589 | DEBUG    | basic_memory.sync.sync_service:scan_directory:630 - /Users/walterday/projects/subagents scan completed directory=/Users/walterday/projects/subagents files_found=17 duration_ms=7
[ERROR] MCP server "basic-memory" Server stderr: 2025-10-12 21:37:01.590 | INFO     | basic_memory.sync.sync_service:scan:229 - Completed scan for directory /Users/walterday/projects/subagents, found 0 changes.
2025-10-12 21:37:01.590 | INFO     | basic_memory.sync.sync_service:sync:109 - Sync changes detected: new_files=0, modified_files=0, deleted_files=0, moved_files=0
[ERROR] MCP server "basic-memory" Server stderr: 2025-10-12 21:37:01.591 | INFO     | basic_memory.sync.sync_service:resolve_relations:556 - Resolving forward references
[ERROR] MCP server "basic-memory" Server stderr: 2025-10-12 21:37:01.591 | INFO     | basic_memory.sync.sync_service:sync:179 - Sync operation completed: directory=/Users/walterday/projects/subagents, total_changes=0, duration_ms=17
2025-10-12 21:37:01.591 | INFO     | basic_memory.services.initialization:initialize_file_sync:115 - Sync completed successfully for project: subagents
2025-10-12 21:37:01.591 | INFO     | basic_memory.services.initialization:initialize_file_sync:121 - Project subagents is now watching for changes
2025-10-12 21:37:01.592 | INFO     | basic_memory.services.initialization:initialize_file_sync:109 - Starting sync for project: firecrawl-docs
[ERROR] MCP server "basic-memory" Server stderr: 2025-10-12 21:37:01.594 | INFO     | basic_memory.sync.sync_service:sync:88 - Sync operation started for directory: /Users/walterday/Documents/firecrawl-knowledge
[ERROR] MCP server "basic-memory" Server stderr: 2025-10-12 21:37:01.594 | DEBUG    | basic_memory.repository.repository:find_all:157 - Finding all Entity (skip=0, limit=None)
[ERROR] MCP server "basic-memory" Server stderr: 2025-10-12 21:37:01.597 | DEBUG    | basic_memory.repository.repository:find_all:170 - Found 2 Entity records
[ERROR] MCP server "basic-memory" Server stderr: 2025-10-12 21:37:01.597 | INFO     | basic_memory.sync.sync_service:get_db_file_state:241 - Found 2 db records
2025-10-12 21:37:01.598 | INFO     | basic_memory.sync.sync_service:scan:189 - Scanning directory /Users/walterday/Documents/firecrawl-knowledge. Found 2 db paths
2025-10-12 21:37:01.598 | DEBUG    | basic_memory.sync.sync_service:scan_directory:609 - Scanning directory /Users/walterday/Documents/firecrawl-knowledge
[ERROR] MCP server "basic-memory" Server stderr: 2025-10-12 21:37:01.599 | DEBUG    | basic_memory.sync.sync_service:scan_directory:630 - /Users/walterday/Documents/firecrawl-knowledge scan completed directory=/Users/walterday/Documents/firecrawl-knowledge files_found=2 duration_ms=1
[ERROR] MCP server "basic-memory" Server stderr: 2025-10-12 21:37:01.599 | INFO     | basic_memory.sync.sync_service:scan:229 - Completed scan for directory /Users/walterday/Documents/firecrawl-knowledge, found 0 changes.
2025-10-12 21:37:01.599 | INFO     | basic_memory.sync.sync_service:sync:109 - Sync changes detected: new_files=0, modified_files=0, deleted_files=0, moved_files=0
[ERROR] MCP server "basic-memory" Server stderr: 2025-10-12 21:37:01.601 | INFO     | basic_memory.sync.sync_service:resolve_relations:556 - Resolving forward references
[ERROR] MCP server "basic-memory" Server stderr: 2025-10-12 21:37:01.601 | INFO     | basic_memory.sync.sync_service:sync:179 - Sync operation completed: directory=/Users/walterday/Documents/firecrawl-knowledge, total_changes=0, duration_ms=6
2025-10-12 21:37:01.601 | INFO     | basic_memory.services.initialization:initialize_file_sync:115 - Sync completed successfully for project: firecrawl-docs
2025-10-12 21:37:01.601 | INFO     | basic_memory.services.initialization:initialize_file_sync:121 - Project firecrawl-docs is now watching for changes
2025-10-12 21:37:01.601 | INFO     | basic_memory.services.initialization:initialize_file_sync:131 - Starting watch service for all projects
[ERROR] MCP server "basic-memory" Server stderr: 2025-10-12 21:37:01.603 | INFO     | basic_memory.sync.watch_service:run:94 - Watch service started
[DEBUG] Summarizing last 2 of 87 messages (~141957 tokens)
[DEBUG] Summarizing last 2 of 84 messages (~126827 tokens)
[DEBUG] Summarizing last 0 of 159 messages (~0 tokens)
[DEBUG] AutoUpdaterWrapper: Installation type: npm-global, using native: false
[DEBUG] Summarizing last 2 of 113 messages (~139533 tokens)
[DEBUG] Writing to temp file: /Users/walterday/.claude/settings.json.tmp.36962.1760319425832
[DEBUG] Preserving file permissions: 100644
[DEBUG] Temp file written successfully, size: 650 bytes
[DEBUG] Applied original permissions to temp file
[DEBUG] Renaming /Users/walterday/.claude/settings.json.tmp.36962.1760319425832 to /Users/walterday/.claude/settings.json
[DEBUG] File /Users/walterday/.claude/settings.json written atomically
[DEBUG] AutoUpdaterWrapper: Installation type: npm-global, using native: false
[DEBUG] FileHistory: Making snapshot for message c805675b-0f58-4203-ad4c-fc6301ab64c3
[DEBUG] FileHistory: Added snapshot for c805675b-0f58-4203-ad4c-fc6301ab64c3, tracking 0 files
[DEBUG] Writing to temp file: /Users/walterday/.claude.json.tmp.36962.1760319425912
[DEBUG] Preserving file permissions: 100644
[DEBUG] Temp file written successfully, size: 1951469 bytes
[DEBUG] Applied original permissions to temp file
[DEBUG] Renaming /Users/walterday/.claude.json.tmp.36962.1760319425912 to /Users/walterday/.claude.json
[DEBUG] File /Users/walterday/.claude.json written atomically
[DEBUG] Summarizing last 1 of 86 messages (~77145 tokens)
[DEBUG] Summarizing last 1 of 75 messages (~83482 tokens)
[DEBUG] Summarizing last 2 of 74 messages (~76734 tokens)
[DEBUG] Summarizing last 2 of 119 messages (~135318 tokens)
[DEBUG] Summarizing last 2 of 159 messages (~136582 tokens)
[DEBUG] Summarizing last 2 of 127 messages (~130872 tokens)
[DEBUG] Summarizing last 1 of 68 messages (~77053 tokens)
[DEBUG] Summarizing last 2 of 70 messages (~98238 tokens)
[DEBUG] Summarizing last 3 of 64 messages (~122153 tokens)
[DEBUG] Summarizing last 3 of 71 messages (~138979 tokens)
[DEBUG] Summarizing last 2 of 79 messages (~77825 tokens)
[DEBUG] Summarizing last 4 of 73 messages (~141796 tokens)
[DEBUG] Summarizing last 2 of 80 messages (~85202 tokens)
[DEBUG] Hooks: getAsyncHookResponseAttachments called
[DEBUG] Hooks: checkForNewResponses called
[DEBUG] Hooks: Found 0 total hooks in registry
[DEBUG] Hooks: checkForNewResponses returning 0 responses
[DEBUG] Executing hooks for UserPromptSubmit
[DEBUG] Getting matching hook commands for UserPromptSubmit with query: undefined
[DEBUG] Found 1 hook matchers in settings
[DEBUG] Matched 1 unique hooks for query "no match query" (1 before deduplication)
[DEBUG] Found 1 hook commands to execute
[DEBUG] Executing hook command: /Users/walterday/.claude/hooks/post-branch-create.sh with timeout 60000ms
[DEBUG] Hook command completed with status 0: /Users/walterday/.claude/hooks/post-branch-create.sh
[DEBUG] Hook output does not start with {, treating as plain text
[DEBUG] FileHistory: Making snapshot for message 88b67ba3-8b56-4712-8b78-22069e822b1f
[DEBUG] FileHistory: Added snapshot for 88b67ba3-8b56-4712-8b78-22069e822b1f, tracking 0 files
[DEBUG] Slash commands included in SlashCommand tool: /bug, /seek
[DEBUG] Stream started - received first chunk
[DEBUG] executePreToolHooks called for tool: TodoWrite
[DEBUG] Executing hooks for PreToolUse:TodoWrite
[DEBUG] Getting matching hook commands for PreToolUse with query: TodoWrite
[DEBUG] Found 1 hook matchers in settings
[DEBUG] Matched 0 unique hooks for query "TodoWrite" (0 before deduplication)
[DEBUG] Found 0 hook commands to execute
[DEBUG] Writing to temp file: /Users/walterday/.claude/todos/5ce900e7-d1fa-4e3d-89fe-6436ac6d7200-agent-f1486431-1a4e-4ea7-a1dc-59321039f008.json.tmp.36962.1760319491300
[DEBUG] Temp file written successfully, size: 2 bytes
[DEBUG] Renaming /Users/walterday/.claude/todos/5ce900e7-d1fa-4e3d-89fe-6436ac6d7200-agent-f1486431-1a4e-4ea7-a1dc-59321039f008.json.tmp.36962.1760319491300 to /Users/walterday/.claude/todos/5ce900e7-d1fa-4e3d-89fe-6436ac6d7200-agent-f1486431-1a4e-4ea7-a1dc-59321039f008.json
[DEBUG] File /Users/walterday/.claude/todos/5ce900e7-d1fa-4e3d-89fe-6436ac6d7200-agent-f1486431-1a4e-4ea7-a1dc-59321039f008.json written atomically
[DEBUG] Writing to temp file: /Users/walterday/.claude/todos/5ce900e7-d1fa-4e3d-89fe-6436ac6d7200-agent-5ce900e7-d1fa-4e3d-89fe-6436ac6d7200.json.tmp.36962.1760319491309
[DEBUG] Temp file written successfully, size: 683 bytes
[DEBUG] Renaming /Users/walterday/.claude/todos/5ce900e7-d1fa-4e3d-89fe-6436ac6d7200-agent-5ce900e7-d1fa-4e3d-89fe-6436ac6d7200.json.tmp.36962.1760319491309 to /Users/walterday/.claude/todos/5ce900e7-d1fa-4e3d-89fe-6436ac6d7200-agent-5ce900e7-d1fa-4e3d-89fe-6436ac6d7200.json
[DEBUG] File /Users/walterday/.claude/todos/5ce900e7-d1fa-4e3d-89fe-6436ac6d7200-agent-5ce900e7-d1fa-4e3d-89fe-6436ac6d7200.json written atomically
[DEBUG] Executing hooks for PostToolUse:TodoWrite
[DEBUG] Getting matching hook commands for PostToolUse with query: TodoWrite
[DEBUG] Found 0 hook matchers in settings
[DEBUG] Matched 0 unique hooks for query "TodoWrite" (0 before deduplication)
[DEBUG] Found 0 hook commands to execute
[DEBUG] Hooks: getAsyncHookResponseAttachments called
[DEBUG] Hooks: checkForNewResponses called
[DEBUG] Hooks: Found 0 total hooks in registry
[DEBUG] Hooks: checkForNewResponses returning 0 responses
[DEBUG] Slash commands included in SlashCommand tool: /bug, /seek
[DEBUG] Stream started - received first chunk
[DEBUG] executePreToolHooks called for tool: Write
[DEBUG] Executing hooks for PreToolUse:Write
[DEBUG] Getting matching hook commands for PreToolUse with query: Write
[DEBUG] Found 1 hook matchers in settings
[DEBUG] Matched 1 unique hooks for query "Write" (1 before deduplication)
[DEBUG] Found 1 hook commands to execute
[DEBUG] Executing hook command: /Users/walterday/.claude/scripts/validate-claude.sh with timeout 60000ms
[DEBUG] Hook command completed with status 0: /Users/walterday/.claude/scripts/validate-claude.sh
[DEBUG] Hook output does not start with {, treating as plain text
[DEBUG] Applying permission update: Setting mode to 'acceptEdits'
[DEBUG] AutoUpdaterWrapper: Installation type: npm-global, using native: false
[DEBUG] FileHistory: Tracked file modification for /Users/walterday/Git/MerlinMines/cromie/.claude/commands/implement.md
[DEBUG] Writing to temp file: /Users/walterday/Git/MerlinMines/cromie/.claude/commands/implement.md.tmp.36962.1760319522028
[DEBUG] Temp file written successfully, size: 2994 bytes
[DEBUG] Renaming /Users/walterday/Git/MerlinMines/cromie/.claude/commands/implement.md.tmp.36962.1760319522028 to /Users/walterday/Git/MerlinMines/cromie/.claude/commands/implement.md
[DEBUG] File /Users/walterday/Git/MerlinMines/cromie/.claude/commands/implement.md written atomically
[DEBUG] Executing hooks for PostToolUse:Write
[DEBUG] Getting matching hook commands for PostToolUse with query: Write
[DEBUG] Found 0 hook matchers in settings
[DEBUG] Matched 0 unique hooks for query "Write" (0 before deduplication)
[DEBUG] Found 0 hook commands to execute
[DEBUG] Hooks: getAsyncHookResponseAttachments called
[DEBUG] Hooks: checkForNewResponses called
[DEBUG] Hooks: Found 0 total hooks in registry
[DEBUG] Hooks: checkForNewResponses returning 0 responses
[DEBUG] Slash commands included in SlashCommand tool: /bug, /seek
[DEBUG] Stream started - received first chunk
[DEBUG] executePreToolHooks called for tool: TodoWrite
[DEBUG] Executing hooks for PreToolUse:TodoWrite
[DEBUG] Getting matching hook commands for PreToolUse with query: TodoWrite
[DEBUG] Found 1 hook matchers in settings
[DEBUG] Matched 0 unique hooks for query "TodoWrite" (0 before deduplication)
[DEBUG] Found 0 hook commands to execute
[DEBUG] Writing to temp file: /Users/walterday/.claude/todos/5ce900e7-d1fa-4e3d-89fe-6436ac6d7200-agent-f1486431-1a4e-4ea7-a1dc-59321039f008.json.tmp.36962.1760319528363
[DEBUG] Preserving file permissions: 100644
[DEBUG] Temp file written successfully, size: 2 bytes
[DEBUG] Applied original permissions to temp file
[DEBUG] Renaming /Users/walterday/.claude/todos/5ce900e7-d1fa-4e3d-89fe-6436ac6d7200-agent-f1486431-1a4e-4ea7-a1dc-59321039f008.json.tmp.36962.1760319528363 to /Users/walterday/.claude/todos/5ce900e7-d1fa-4e3d-89fe-6436ac6d7200-agent-f1486431-1a4e-4ea7-a1dc-59321039f008.json
[DEBUG] File /Users/walterday/.claude/todos/5ce900e7-d1fa-4e3d-89fe-6436ac6d7200-agent-f1486431-1a4e-4ea7-a1dc-59321039f008.json written atomically
[DEBUG] Writing to temp file: /Users/walterday/.claude/todos/5ce900e7-d1fa-4e3d-89fe-6436ac6d7200-agent-5ce900e7-d1fa-4e3d-89fe-6436ac6d7200.json.tmp.36962.1760319528373
[DEBUG] Preserving file permissions: 100644
[DEBUG] Temp file written successfully, size: 685 bytes
[DEBUG] Applied original permissions to temp file
[DEBUG] Renaming /Users/walterday/.claude/todos/5ce900e7-d1fa-4e3d-89fe-6436ac6d7200-agent-5ce900e7-d1fa-4e3d-89fe-6436ac6d7200.json.tmp.36962.1760319528373 to /Users/walterday/.claude/todos/5ce900e7-d1fa-4e3d-89fe-6436ac6d7200-agent-5ce900e7-d1fa-4e3d-89fe-6436ac6d7200.json
[DEBUG] File /Users/walterday/.claude/todos/5ce900e7-d1fa-4e3d-89fe-6436ac6d7200-agent-5ce900e7-d1fa-4e3d-89fe-6436ac6d7200.json written atomically
[DEBUG] Executing hooks for PostToolUse:TodoWrite
[DEBUG] Getting matching hook commands for PostToolUse with query: TodoWrite
[DEBUG] Found 0 hook matchers in settings
[DEBUG] Matched 0 unique hooks for query "TodoWrite" (0 before deduplication)
[DEBUG] Found 0 hook commands to execute
[DEBUG] Hooks: getAsyncHookResponseAttachments called
[DEBUG] Hooks: checkForNewResponses called
[DEBUG] Hooks: Found 0 total hooks in registry
[DEBUG] Hooks: checkForNewResponses returning 0 responses
[DEBUG] Slash commands included in SlashCommand tool: /bug, /seek
[DEBUG] Stream started - received first chunk
[DEBUG] executePreToolHooks called for tool: Write
[DEBUG] Executing hooks for PreToolUse:Write
[DEBUG] Getting matching hook commands for PreToolUse with query: Write
[DEBUG] Found 1 hook matchers in settings
[DEBUG] Matched 1 unique hooks for query "Write" (1 before deduplication)
[DEBUG] Found 1 hook commands to execute
[DEBUG] Executing hook command: /Users/walterday/.claude/scripts/validate-claude.sh with timeout 60000ms
[DEBUG] Hook command completed with status 0: /Users/walterday/.claude/scripts/validate-claude.sh
[DEBUG] Hook output does not start with {, treating as plain text
[DEBUG] Applying permission update: Setting mode to 'acceptEdits'
[DEBUG] AutoUpdaterWrapper: Installation type: npm-global, using native: false
[DEBUG] FileHistory: Tracked file modification for /Users/walterday/Git/MerlinMines/cromie/.claude/agents/task-implementer.md
[DEBUG] Writing to temp file: /Users/walterday/Git/MerlinMines/cromie/.claude/agents/task-implementer.md.tmp.36962.1760319551548
[DEBUG] Temp file written successfully, size: 2914 bytes
[DEBUG] Renaming /Users/walterday/Git/MerlinMines/cromie/.claude/agents/task-implementer.md.tmp.36962.1760319551548 to /Users/walterday/Git/MerlinMines/cromie/.claude/agents/task-implementer.md
[DEBUG] File /Users/walterday/Git/MerlinMines/cromie/.claude/agents/task-implementer.md written atomically
[DEBUG] Executing hooks for PostToolUse:Write
[DEBUG] Getting matching hook commands for PostToolUse with query: Write
[DEBUG] Found 0 hook matchers in settings
[DEBUG] Matched 0 unique hooks for query "Write" (0 before deduplication)
[DEBUG] Found 0 hook commands to execute
[DEBUG] Hooks: getAsyncHookResponseAttachments called
[DEBUG] Hooks: checkForNewResponses called
[DEBUG] Hooks: Found 0 total hooks in registry
[DEBUG] Hooks: checkForNewResponses returning 0 responses
[DEBUG] Slash commands included in SlashCommand tool: /bug, /seek
[DEBUG] Stream started - received first chunk
[DEBUG] executePreToolHooks called for tool: TodoWrite
[DEBUG] Executing hooks for PreToolUse:TodoWrite
[DEBUG] Getting matching hook commands for PreToolUse with query: TodoWrite
[DEBUG] Found 1 hook matchers in settings
[DEBUG] Matched 0 unique hooks for query "TodoWrite" (0 before deduplication)
[DEBUG] Found 0 hook commands to execute
[DEBUG] Writing to temp file: /Users/walterday/.claude/todos/5ce900e7-d1fa-4e3d-89fe-6436ac6d7200-agent-f1486431-1a4e-4ea7-a1dc-59321039f008.json.tmp.36962.1760319557571
[DEBUG] Preserving file permissions: 100644
[DEBUG] Temp file written successfully, size: 2 bytes
[DEBUG] Applied original permissions to temp file
[DEBUG] Renaming /Users/walterday/.claude/todos/5ce900e7-d1fa-4e3d-89fe-6436ac6d7200-agent-f1486431-1a4e-4ea7-a1dc-59321039f008.json.tmp.36962.1760319557571 to /Users/walterday/.claude/todos/5ce900e7-d1fa-4e3d-89fe-6436ac6d7200-agent-f1486431-1a4e-4ea7-a1dc-59321039f008.json
[DEBUG] File /Users/walterday/.claude/todos/5ce900e7-d1fa-4e3d-89fe-6436ac6d7200-agent-f1486431-1a4e-4ea7-a1dc-59321039f008.json written atomically
[DEBUG] Writing to temp file: /Users/walterday/.claude/todos/5ce900e7-d1fa-4e3d-89fe-6436ac6d7200-agent-5ce900e7-d1fa-4e3d-89fe-6436ac6d7200.json.tmp.36962.1760319557579
[DEBUG] Preserving file permissions: 100644
[DEBUG] Temp file written successfully, size: 687 bytes
[DEBUG] Applied original permissions to temp file
[DEBUG] Renaming /Users/walterday/.claude/todos/5ce900e7-d1fa-4e3d-89fe-6436ac6d7200-agent-5ce900e7-d1fa-4e3d-89fe-6436ac6d7200.json.tmp.36962.1760319557579 to /Users/walterday/.claude/todos/5ce900e7-d1fa-4e3d-89fe-6436ac6d7200-agent-5ce900e7-d1fa-4e3d-89fe-6436ac6d7200.json
[DEBUG] File /Users/walterday/.claude/todos/5ce900e7-d1fa-4e3d-89fe-6436ac6d7200-agent-5ce900e7-d1fa-4e3d-89fe-6436ac6d7200.json written atomically
[DEBUG] Executing hooks for PostToolUse:TodoWrite
[DEBUG] Getting matching hook commands for PostToolUse with query: TodoWrite
[DEBUG] Found 0 hook matchers in settings
[DEBUG] Matched 0 unique hooks for query "TodoWrite" (0 before deduplication)
[DEBUG] Found 0 hook commands to execute
[DEBUG] Hooks: getAsyncHookResponseAttachments called
[DEBUG] Hooks: checkForNewResponses called
[DEBUG] Hooks: Found 0 total hooks in registry
[DEBUG] Hooks: checkForNewResponses returning 0 responses
[DEBUG] Slash commands included in SlashCommand tool: /bug, /seek
[DEBUG] Stream started - received first chunk
[DEBUG] executePreToolHooks called for tool: Write
[DEBUG] Executing hooks for PreToolUse:Write
[DEBUG] Getting matching hook commands for PreToolUse with query: Write
[DEBUG] Found 1 hook matchers in settings
[DEBUG] Matched 1 unique hooks for query "Write" (1 before deduplication)
[DEBUG] Found 1 hook commands to execute
[DEBUG] Executing hook command: /Users/walterday/.claude/scripts/validate-claude.sh with timeout 60000ms
[DEBUG] Hook command completed with status 0: /Users/walterday/.claude/scripts/validate-claude.sh
[DEBUG] Hook output does not start with {, treating as plain text
[DEBUG] Applying permission update: Setting mode to 'acceptEdits'
[DEBUG] AutoUpdaterWrapper: Installation type: npm-global, using native: false
[DEBUG] FileHistory: Tracked file modification for /Users/walterday/Git/MerlinMines/cromie/.claude/agents/test-specialist.md
[DEBUG] Writing to temp file: /Users/walterday/Git/MerlinMines/cromie/.claude/agents/test-specialist.md.tmp.36962.1760319593800
[DEBUG] Temp file written successfully, size: 4145 bytes
[DEBUG] Renaming /Users/walterday/Git/MerlinMines/cromie/.claude/agents/test-specialist.md.tmp.36962.1760319593800 to /Users/walterday/Git/MerlinMines/cromie/.claude/agents/test-specialist.md
[DEBUG] File /Users/walterday/Git/MerlinMines/cromie/.claude/agents/test-specialist.md written atomically
[DEBUG] Executing hooks for PostToolUse:Write
[DEBUG] Getting matching hook commands for PostToolUse with query: Write
[DEBUG] Found 0 hook matchers in settings
[DEBUG] Matched 0 unique hooks for query "Write" (0 before deduplication)
[DEBUG] Found 0 hook commands to execute
[DEBUG] Hooks: getAsyncHookResponseAttachments called
[DEBUG] Hooks: checkForNewResponses called
[DEBUG] Hooks: Found 0 total hooks in registry
[DEBUG] Hooks: checkForNewResponses returning 0 responses
[DEBUG] Slash commands included in SlashCommand tool: /bug, /seek
[DEBUG] Stream started - received first chunk
[DEBUG] executePreToolHooks called for tool: TodoWrite
[DEBUG] Executing hooks for PreToolUse:TodoWrite
[DEBUG] Getting matching hook commands for PreToolUse with query: TodoWrite
[DEBUG] Found 1 hook matchers in settings
[DEBUG] Matched 0 unique hooks for query "TodoWrite" (0 before deduplication)
[DEBUG] Found 0 hook commands to execute
[DEBUG] Writing to temp file: /Users/walterday/.claude/todos/5ce900e7-d1fa-4e3d-89fe-6436ac6d7200-agent-f1486431-1a4e-4ea7-a1dc-59321039f008.json.tmp.36962.1760319599916
[DEBUG] Preserving file permissions: 100644
[DEBUG] Temp file written successfully, size: 2 bytes
[DEBUG] Applied original permissions to temp file
[DEBUG] Renaming /Users/walterday/.claude/todos/5ce900e7-d1fa-4e3d-89fe-6436ac6d7200-agent-f1486431-1a4e-4ea7-a1dc-59321039f008.json.tmp.36962.1760319599916 to /Users/walterday/.claude/todos/5ce900e7-d1fa-4e3d-89fe-6436ac6d7200-agent-f1486431-1a4e-4ea7-a1dc-59321039f008.json
[DEBUG] File /Users/walterday/.claude/todos/5ce900e7-d1fa-4e3d-89fe-6436ac6d7200-agent-f1486431-1a4e-4ea7-a1dc-59321039f008.json written atomically
[DEBUG] Writing to temp file: /Users/walterday/.claude/todos/5ce900e7-d1fa-4e3d-89fe-6436ac6d7200-agent-5ce900e7-d1fa-4e3d-89fe-6436ac6d7200.json.tmp.36962.1760319599926
[DEBUG] Preserving file permissions: 100644
[DEBUG] Temp file written successfully, size: 689 bytes
[DEBUG] Applied original permissions to temp file
[DEBUG] Renaming /Users/walterday/.claude/todos/5ce900e7-d1fa-4e3d-89fe-6436ac6d7200-agent-5ce900e7-d1fa-4e3d-89fe-6436ac6d7200.json.tmp.36962.1760319599926 to /Users/walterday/.claude/todos/5ce900e7-d1fa-4e3d-89fe-6436ac6d7200-agent-5ce900e7-d1fa-4e3d-89fe-6436ac6d7200.json
[DEBUG] File /Users/walterday/.claude/todos/5ce900e7-d1fa-4e3d-89fe-6436ac6d7200-agent-5ce900e7-d1fa-4e3d-89fe-6436ac6d7200.json written atomically
[DEBUG] Executing hooks for PostToolUse:TodoWrite
[DEBUG] Getting matching hook commands for PostToolUse with query: TodoWrite
[DEBUG] Found 0 hook matchers in settings
[DEBUG] Matched 0 unique hooks for query "TodoWrite" (0 before deduplication)
[DEBUG] Found 0 hook commands to execute
[DEBUG] Hooks: getAsyncHookResponseAttachments called
[DEBUG] Hooks: checkForNewResponses called
[DEBUG] Hooks: Found 0 total hooks in registry
[DEBUG] Hooks: checkForNewResponses returning 0 responses
[DEBUG] Slash commands included in SlashCommand tool: /bug, /seek
[DEBUG] Stream started - received first chunk
[DEBUG] executePreToolHooks called for tool: Write
[DEBUG] Executing hooks for PreToolUse:Write
[DEBUG] Getting matching hook commands for PreToolUse with query: Write
[DEBUG] Found 1 hook matchers in settings
[DEBUG] Matched 1 unique hooks for query "Write" (1 before deduplication)
[DEBUG] Found 1 hook commands to execute
[DEBUG] Executing hook command: /Users/walterday/.claude/scripts/validate-claude.sh with timeout 60000ms
[DEBUG] Hook command completed with status 0: /Users/walterday/.claude/scripts/validate-claude.sh
[DEBUG] Hook output does not start with {, treating as plain text
[DEBUG] Getting matching hook commands for Notification with query: undefined
[DEBUG] Found 0 hook matchers in settings
[DEBUG] Matched 0 unique hooks for query "no match query" (0 before deduplication)
[DEBUG] Applying permission update: Setting mode to 'acceptEdits'
[DEBUG] AutoUpdaterWrapper: Installation type: npm-global, using native: false
[DEBUG] FileHistory: Tracked file modification for /Users/walterday/Git/MerlinMines/cromie/.claude/agents/code-quality.md
[DEBUG] Writing to temp file: /Users/walterday/Git/MerlinMines/cromie/.claude/agents/code-quality.md.tmp.36962.1760319653810
[DEBUG] Temp file written successfully, size: 4732 bytes
[DEBUG] Renaming /Users/walterday/Git/MerlinMines/cromie/.claude/agents/code-quality.md.tmp.36962.1760319653810 to /Users/walterday/Git/MerlinMines/cromie/.claude/agents/code-quality.md
[DEBUG] File /Users/walterday/Git/MerlinMines/cromie/.claude/agents/code-quality.md written atomically
[DEBUG] Executing hooks for PostToolUse:Write
[DEBUG] Getting matching hook commands for PostToolUse with query: Write
[DEBUG] Found 0 hook matchers in settings
[DEBUG] Matched 0 unique hooks for query "Write" (0 before deduplication)
[DEBUG] Found 0 hook commands to execute
[DEBUG] Hooks: getAsyncHookResponseAttachments called
[DEBUG] Hooks: checkForNewResponses called
[DEBUG] Hooks: Found 0 total hooks in registry
[DEBUG] Hooks: checkForNewResponses returning 0 responses
[DEBUG] Slash commands included in SlashCommand tool: /bug, /seek
[DEBUG] Stream started - received first chunk
[DEBUG] executePreToolHooks called for tool: TodoWrite
[DEBUG] Executing hooks for PreToolUse:TodoWrite
[DEBUG] Getting matching hook commands for PreToolUse with query: TodoWrite
[DEBUG] Found 1 hook matchers in settings
[DEBUG] Matched 0 unique hooks for query "TodoWrite" (0 before deduplication)
[DEBUG] Found 0 hook commands to execute
[DEBUG] Writing to temp file: /Users/walterday/.claude/todos/5ce900e7-d1fa-4e3d-89fe-6436ac6d7200-agent-f1486431-1a4e-4ea7-a1dc-59321039f008.json.tmp.36962.1760319660703
[DEBUG] Preserving file permissions: 100644
[DEBUG] Temp file written successfully, size: 2 bytes
[DEBUG] Applied original permissions to temp file
[DEBUG] Renaming /Users/walterday/.claude/todos/5ce900e7-d1fa-4e3d-89fe-6436ac6d7200-agent-f1486431-1a4e-4ea7-a1dc-59321039f008.json.tmp.36962.1760319660703 to /Users/walterday/.claude/todos/5ce900e7-d1fa-4e3d-89fe-6436ac6d7200-agent-f1486431-1a4e-4ea7-a1dc-59321039f008.json
[DEBUG] File /Users/walterday/.claude/todos/5ce900e7-d1fa-4e3d-89fe-6436ac6d7200-agent-f1486431-1a4e-4ea7-a1dc-59321039f008.json written atomically
[DEBUG] Writing to temp file: /Users/walterday/.claude/todos/5ce900e7-d1fa-4e3d-89fe-6436ac6d7200-agent-5ce900e7-d1fa-4e3d-89fe-6436ac6d7200.json.tmp.36962.1760319660710
[DEBUG] Preserving file permissions: 100644
[DEBUG] Temp file written successfully, size: 2 bytes
[DEBUG] Applied original permissions to temp file
[DEBUG] Renaming /Users/walterday/.claude/todos/5ce900e7-d1fa-4e3d-89fe-6436ac6d7200-agent-5ce900e7-d1fa-4e3d-89fe-6436ac6d7200.json.tmp.36962.1760319660710 to /Users/walterday/.claude/todos/5ce900e7-d1fa-4e3d-89fe-6436ac6d7200-agent-5ce900e7-d1fa-4e3d-89fe-6436ac6d7200.json
[DEBUG] File /Users/walterday/.claude/todos/5ce900e7-d1fa-4e3d-89fe-6436ac6d7200-agent-5ce900e7-d1fa-4e3d-89fe-6436ac6d7200.json written atomically
[DEBUG] Executing hooks for PostToolUse:TodoWrite
[DEBUG] Getting matching hook commands for PostToolUse with query: TodoWrite
[DEBUG] Found 0 hook matchers in settings
[DEBUG] Matched 0 unique hooks for query "TodoWrite" (0 before deduplication)
[DEBUG] Found 0 hook commands to execute
[DEBUG] Hooks: getAsyncHookResponseAttachments called
[DEBUG] Hooks: checkForNewResponses called
[DEBUG] Hooks: Found 0 total hooks in registry
[DEBUG] Hooks: checkForNewResponses returning 0 responses
[DEBUG] Slash commands included in SlashCommand tool: /bug, /seek
[DEBUG] Stream started - received first chunk
[DEBUG] executePreToolHooks called for tool: Write
[DEBUG] Executing hooks for PreToolUse:Write
[DEBUG] Getting matching hook commands for PreToolUse with query: Write
[DEBUG] Found 1 hook matchers in settings
[DEBUG] Matched 1 unique hooks for query "Write" (1 before deduplication)
[DEBUG] Found 1 hook commands to execute
[DEBUG] Executing hook command: /Users/walterday/.claude/scripts/validate-claude.sh with timeout 60000ms
[DEBUG] Hook command completed with status 0: /Users/walterday/.claude/scripts/validate-claude.sh
[DEBUG] Hook output does not start with {, treating as plain text
[DEBUG] FileHistory: Tracked file modification for /Users/walterday/Git/MerlinMines/cromie/issues/example/parallel-feature-implementation.md
[DEBUG] Writing to temp file: /Users/walterday/Git/MerlinMines/cromie/issues/example/parallel-feature-implementation.md.tmp.36962.1760319672659
[DEBUG] Temp file written successfully, size: 1197 bytes
[DEBUG] Renaming /Users/walterday/Git/MerlinMines/cromie/issues/example/parallel-feature-implementation.md.tmp.36962.1760319672659 to /Users/walterday/Git/MerlinMines/cromie/issues/example/parallel-feature-implementation.md
[DEBUG] File /Users/walterday/Git/MerlinMines/cromie/issues/example/parallel-feature-implementation.md written atomically
[DEBUG] Executing hooks for PostToolUse:Write
[DEBUG] Getting matching hook commands for PostToolUse with query: Write
[DEBUG] Found 0 hook matchers in settings
[DEBUG] Matched 0 unique hooks for query "Write" (0 before deduplication)
[DEBUG] Found 0 hook commands to execute
[DEBUG] Hooks: getAsyncHookResponseAttachments called
[DEBUG] Hooks: checkForNewResponses called
[DEBUG] Hooks: Found 0 total hooks in registry
[DEBUG] Hooks: checkForNewResponses returning 0 responses
[DEBUG] Slash commands included in SlashCommand tool: /bug, /seek
[DEBUG] Stream started - received first chunk
[DEBUG] Executing hooks for Stop
[DEBUG] Getting matching hook commands for Stop with query: undefined
[DEBUG] Found 0 hook matchers in settings
[DEBUG] Matched 0 unique hooks for query "no match query" (0 before deduplication)
[DEBUG] Found 0 hook commands to execute
[DEBUG] Writing to temp file: /Users/walterday/.claude.json.tmp.36962.1760319695055
[DEBUG] Preserving file permissions: 100644
[DEBUG] Temp file written successfully, size: 1942378 bytes
[DEBUG] Applied original permissions to temp file
[DEBUG] Renaming /Users/walterday/.claude.json.tmp.36962.1760319695055 to /Users/walterday/.claude.json
[DEBUG] File /Users/walterday/.claude.json written atomically
[DEBUG] AutoUpdaterWrapper: Installation type: npm-global, using native: false
[DEBUG] AutoUpdaterWrapper: Installation type: npm-global, using native: false
[DEBUG] AutoUpdaterWrapper: Installation type: npm-global, using native: false
[DEBUG] Hooks: getAsyncHookResponseAttachments called
[DEBUG] Hooks: checkForNewResponses called
[DEBUG] Hooks: Found 0 total hooks in registry
[DEBUG] Hooks: checkForNewResponses returning 0 responses
[DEBUG] Executing hooks for UserPromptSubmit
[DEBUG] Getting matching hook commands for UserPromptSubmit with query: undefined
[DEBUG] Found 1 hook matchers in settings
[DEBUG] Matched 1 unique hooks for query "no match query" (1 before deduplication)
[DEBUG] Found 1 hook commands to execute
[DEBUG] Executing hook command: /Users/walterday/.claude/hooks/post-branch-create.sh with timeout 60000ms
[DEBUG] Hook command completed with status 0: /Users/walterday/.claude/hooks/post-branch-create.sh
[DEBUG] Hook output does not start with {, treating as plain text
[DEBUG] FileHistory: Making snapshot for message 2e47f2b1-1bb0-47bd-884e-82c956f3544d
[DEBUG] FileHistory: Added snapshot for 2e47f2b1-1bb0-47bd-884e-82c956f3544d, tracking 5 files
[DEBUG] Slash commands included in SlashCommand tool: /bug, /seek
[DEBUG] Stream started - received first chunk
[DEBUG] executePreToolHooks called for tool: Glob
[DEBUG] Executing hooks for PreToolUse:Glob
[DEBUG] Getting matching hook commands for PreToolUse with query: Glob
[DEBUG] Found 1 hook matchers in settings
[DEBUG] Matched 0 unique hooks for query "Glob" (0 before deduplication)
[DEBUG] Found 0 hook commands to execute
[DEBUG] Executing hooks for PostToolUse:Glob
[DEBUG] Getting matching hook commands for PostToolUse with query: Glob
[DEBUG] Found 0 hook matchers in settings
[DEBUG] Matched 0 unique hooks for query "Glob" (0 before deduplication)
[DEBUG] Found 0 hook commands to execute
[DEBUG] Hooks: getAsyncHookResponseAttachments called
[DEBUG] Hooks: checkForNewResponses called
[DEBUG] Hooks: Found 0 total hooks in registry
[DEBUG] Hooks: checkForNewResponses returning 0 responses
[DEBUG] Slash commands included in SlashCommand tool: /bug, /seek
[DEBUG] Stream started - received first chunk
[DEBUG] executePreToolHooks called for tool: Read
[DEBUG] Executing hooks for PreToolUse:Read
[DEBUG] Getting matching hook commands for PreToolUse with query: Read
[DEBUG] Found 1 hook matchers in settings
[DEBUG] Matched 0 unique hooks for query "Read" (0 before deduplication)
[DEBUG] Found 0 hook commands to execute
[DEBUG] Executing hooks for PostToolUse:Read
[DEBUG] Getting matching hook commands for PostToolUse with query: Read
[DEBUG] Found 0 hook matchers in settings
[DEBUG] Matched 0 unique hooks for query "Read" (0 before deduplication)
[DEBUG] Found 0 hook commands to execute
[DEBUG] Hooks: getAsyncHookResponseAttachments called
[DEBUG] Hooks: checkForNewResponses called
[DEBUG] Hooks: Found 0 total hooks in registry
[DEBUG] Hooks: checkForNewResponses returning 0 responses
[DEBUG] Slash commands included in SlashCommand tool: /bug, /seek
[DEBUG] Stream started - received first chunk
[DEBUG] executePreToolHooks called for tool: Read
[DEBUG] Executing hooks for PreToolUse:Read
[DEBUG] Getting matching hook commands for PreToolUse with query: Read
[DEBUG] Found 1 hook matchers in settings
[DEBUG] Matched 0 unique hooks for query "Read" (0 before deduplication)
[DEBUG] Found 0 hook commands to execute
[DEBUG] Executing hooks for PostToolUse:Read
[DEBUG] Getting matching hook commands for PostToolUse with query: Read
[DEBUG] Found 0 hook matchers in settings
[DEBUG] Matched 0 unique hooks for query "Read" (0 before deduplication)
[DEBUG] Found 0 hook commands to execute
[DEBUG] Hooks: getAsyncHookResponseAttachments called
[DEBUG] Hooks: checkForNewResponses called
[DEBUG] Hooks: Found 0 total hooks in registry
[DEBUG] Hooks: checkForNewResponses returning 0 responses
[DEBUG] Slash commands included in SlashCommand tool: /bug, /seek
[DEBUG] Stream started - received first chunk
[DEBUG] executePreToolHooks called for tool: TodoWrite
[DEBUG] Executing hooks for PreToolUse:TodoWrite
[DEBUG] Getting matching hook commands for PreToolUse with query: TodoWrite
[DEBUG] Found 1 hook matchers in settings
[DEBUG] Matched 0 unique hooks for query "TodoWrite" (0 before deduplication)
[DEBUG] Found 0 hook commands to execute
[DEBUG] Writing to temp file: /Users/walterday/.claude/todos/5ce900e7-d1fa-4e3d-89fe-6436ac6d7200-agent-f1486431-1a4e-4ea7-a1dc-59321039f008.json.tmp.36962.1760320035549
[DEBUG] Preserving file permissions: 100644
[DEBUG] Temp file written successfully, size: 2 bytes
[DEBUG] Applied original permissions to temp file
[DEBUG] Renaming /Users/walterday/.claude/todos/5ce900e7-d1fa-4e3d-89fe-6436ac6d7200-agent-f1486431-1a4e-4ea7-a1dc-59321039f008.json.tmp.36962.1760320035549 to /Users/walterday/.claude/todos/5ce900e7-d1fa-4e3d-89fe-6436ac6d7200-agent-f1486431-1a4e-4ea7-a1dc-59321039f008.json
[DEBUG] File /Users/walterday/.claude/todos/5ce900e7-d1fa-4e3d-89fe-6436ac6d7200-agent-f1486431-1a4e-4ea7-a1dc-59321039f008.json written atomically
[DEBUG] Writing to temp file: /Users/walterday/.claude/todos/5ce900e7-d1fa-4e3d-89fe-6436ac6d7200-agent-5ce900e7-d1fa-4e3d-89fe-6436ac6d7200.json.tmp.36962.1760320035555
[DEBUG] Preserving file permissions: 100644
[DEBUG] Temp file written successfully, size: 167 bytes
[DEBUG] Applied original permissions to temp file
[DEBUG] Renaming /Users/walterday/.claude/todos/5ce900e7-d1fa-4e3d-89fe-6436ac6d7200-agent-5ce900e7-d1fa-4e3d-89fe-6436ac6d7200.json.tmp.36962.1760320035555 to /Users/walterday/.claude/todos/5ce900e7-d1fa-4e3d-89fe-6436ac6d7200-agent-5ce900e7-d1fa-4e3d-89fe-6436ac6d7200.json
[DEBUG] File /Users/walterday/.claude/todos/5ce900e7-d1fa-4e3d-89fe-6436ac6d7200-agent-5ce900e7-d1fa-4e3d-89fe-6436ac6d7200.json written atomically
[DEBUG] Executing hooks for PostToolUse:TodoWrite
[DEBUG] Getting matching hook commands for PostToolUse with query: TodoWrite
[DEBUG] Found 0 hook matchers in settings
[DEBUG] Matched 0 unique hooks for query "TodoWrite" (0 before deduplication)
[DEBUG] Found 0 hook commands to execute
[DEBUG] Hooks: getAsyncHookResponseAttachments called
[DEBUG] Hooks: checkForNewResponses called
[DEBUG] Hooks: Found 0 total hooks in registry
[DEBUG] Hooks: checkForNewResponses returning 0 responses
[DEBUG] Slash commands included in SlashCommand tool: /bug, /seek
[DEBUG] Stream started - received first chunk
[DEBUG] executePreToolHooks called for tool: Edit
[DEBUG] Executing hooks for PreToolUse:Edit
[DEBUG] Getting matching hook commands for PreToolUse with query: Edit
[DEBUG] Found 1 hook matchers in settings
[DEBUG] Matched 1 unique hooks for query "Edit" (1 before deduplication)
[DEBUG] Found 1 hook commands to execute
[DEBUG] Executing hook command: /Users/walterday/.claude/scripts/validate-claude.sh with timeout 60000ms
[DEBUG] Hook command completed with status 0: /Users/walterday/.claude/scripts/validate-claude.sh
[DEBUG] Hook output does not start with {, treating as plain text
[DEBUG] Getting matching hook commands for Notification with query: undefined
[DEBUG] Found 0 hook matchers in settings
[DEBUG] Matched 0 unique hooks for query "no match query" (0 before deduplication)
[DEBUG] Applying permission update: Setting mode to 'acceptEdits'
[DEBUG] AutoUpdaterWrapper: Installation type: npm-global, using native: false
[DEBUG] Writing to temp file: /Users/walterday/Git/MerlinMines/cromie/.claude/commands/implement.md.tmp.36962.1760320098425
[DEBUG] Preserving file permissions: 100644
[DEBUG] Temp file written successfully, size: 5869 bytes
[DEBUG] Applied original permissions to temp file
[DEBUG] Renaming /Users/walterday/Git/MerlinMines/cromie/.claude/commands/implement.md.tmp.36962.1760320098425 to /Users/walterday/Git/MerlinMines/cromie/.claude/commands/implement.md
[DEBUG] File /Users/walterday/Git/MerlinMines/cromie/.claude/commands/implement.md written atomically
[DEBUG] Executing hooks for PostToolUse:Edit
[DEBUG] Getting matching hook commands for PostToolUse with query: Edit
[DEBUG] Found 0 hook matchers in settings
[DEBUG] Matched 0 unique hooks for query "Edit" (0 before deduplication)
[DEBUG] Found 0 hook commands to execute
[DEBUG] Hooks: getAsyncHookResponseAttachments called
[DEBUG] Hooks: checkForNewResponses called
[DEBUG] Hooks: Found 0 total hooks in registry
[DEBUG] Hooks: checkForNewResponses returning 0 responses
[DEBUG] Slash commands included in SlashCommand tool: /bug, /seek
[DEBUG] Stream started - received first chunk
[DEBUG] executePreToolHooks called for tool: TodoWrite
[DEBUG] Executing hooks for PreToolUse:TodoWrite
[DEBUG] Getting matching hook commands for PreToolUse with query: TodoWrite
[DEBUG] Found 1 hook matchers in settings
[DEBUG] Matched 0 unique hooks for query "TodoWrite" (0 before deduplication)
[DEBUG] Found 0 hook commands to execute
[DEBUG] Writing to temp file: /Users/walterday/.claude/todos/5ce900e7-d1fa-4e3d-89fe-6436ac6d7200-agent-f1486431-1a4e-4ea7-a1dc-59321039f008.json.tmp.36962.1760320103854
[DEBUG] Preserving file permissions: 100644
[DEBUG] Temp file written successfully, size: 2 bytes
[DEBUG] Applied original permissions to temp file
[DEBUG] Renaming /Users/walterday/.claude/todos/5ce900e7-d1fa-4e3d-89fe-6436ac6d7200-agent-f1486431-1a4e-4ea7-a1dc-59321039f008.json.tmp.36962.1760320103854 to /Users/walterday/.claude/todos/5ce900e7-d1fa-4e3d-89fe-6436ac6d7200-agent-f1486431-1a4e-4ea7-a1dc-59321039f008.json
[DEBUG] File /Users/walterday/.claude/todos/5ce900e7-d1fa-4e3d-89fe-6436ac6d7200-agent-f1486431-1a4e-4ea7-a1dc-59321039f008.json written atomically
[DEBUG] Writing to temp file: /Users/walterday/.claude/todos/5ce900e7-d1fa-4e3d-89fe-6436ac6d7200-agent-5ce900e7-d1fa-4e3d-89fe-6436ac6d7200.json.tmp.36962.1760320103868
[DEBUG] Preserving file permissions: 100644
[DEBUG] Temp file written successfully, size: 2 bytes
[DEBUG] Applied original permissions to temp file
[DEBUG] Renaming /Users/walterday/.claude/todos/5ce900e7-d1fa-4e3d-89fe-6436ac6d7200-agent-5ce900e7-d1fa-4e3d-89fe-6436ac6d7200.json.tmp.36962.1760320103868 to /Users/walterday/.claude/todos/5ce900e7-d1fa-4e3d-89fe-6436ac6d7200-agent-5ce900e7-d1fa-4e3d-89fe-6436ac6d7200.json
[DEBUG] File /Users/walterday/.claude/todos/5ce900e7-d1fa-4e3d-89fe-6436ac6d7200-agent-5ce900e7-d1fa-4e3d-89fe-6436ac6d7200.json written atomically
[DEBUG] Executing hooks for PostToolUse:TodoWrite
[DEBUG] Getting matching hook commands for PostToolUse with query: TodoWrite
[DEBUG] Found 0 hook matchers in settings
[DEBUG] Matched 0 unique hooks for query "TodoWrite" (0 before deduplication)
[DEBUG] Found 0 hook commands to execute
[DEBUG] Hooks: getAsyncHookResponseAttachments called
[DEBUG] Hooks: checkForNewResponses called
[DEBUG] Hooks: Found 0 total hooks in registry
[DEBUG] Hooks: checkForNewResponses returning 0 responses
[DEBUG] Slash commands included in SlashCommand tool: /bug, /seek
[DEBUG] Stream started - received first chunk
[DEBUG] executePreToolHooks called for tool: Write
[DEBUG] Executing hooks for PreToolUse:Write
[DEBUG] Getting matching hook commands for PreToolUse with query: Write
[DEBUG] Found 1 hook matchers in settings
[DEBUG] Matched 1 unique hooks for query "Write" (1 before deduplication)
[DEBUG] Found 1 hook commands to execute
[DEBUG] Executing hook command: /Users/walterday/.claude/scripts/validate-claude.sh with timeout 60000ms
[DEBUG] Hook command completed with status 0: /Users/walterday/.claude/scripts/validate-claude.sh
[DEBUG] Hook output does not start with {, treating as plain text
[DEBUG] FileHistory: Tracked file modification for /Users/walterday/Git/MerlinMines/cromie/docs/implement-workflow-example.md
[DEBUG] Writing to temp file: /Users/walterday/Git/MerlinMines/cromie/docs/implement-workflow-example.md.tmp.36962.1760320149426
[DEBUG] Temp file written successfully, size: 7757 bytes
[DEBUG] Renaming /Users/walterday/Git/MerlinMines/cromie/docs/implement-workflow-example.md.tmp.36962.1760320149426 to /Users/walterday/Git/MerlinMines/cromie/docs/implement-workflow-example.md
[DEBUG] File /Users/walterday/Git/MerlinMines/cromie/docs/implement-workflow-example.md written atomically
[DEBUG] Executing hooks for PostToolUse:Write
[DEBUG] Getting matching hook commands for PostToolUse with query: Write
[DEBUG] Found 0 hook matchers in settings
[DEBUG] Matched 0 unique hooks for query "Write" (0 before deduplication)
[DEBUG] Found 0 hook commands to execute
[DEBUG] Hooks: getAsyncHookResponseAttachments called
[DEBUG] Hooks: checkForNewResponses called
[DEBUG] Hooks: Found 0 total hooks in registry
[DEBUG] Hooks: checkForNewResponses returning 0 responses
[DEBUG] Slash commands included in SlashCommand tool: /bug, /seek
[DEBUG] Stream started - received first chunk
[DEBUG] Executing hooks for Stop
[DEBUG] Getting matching hook commands for Stop with query: undefined
[DEBUG] Found 0 hook matchers in settings
[DEBUG] Matched 0 unique hooks for query "no match query" (0 before deduplication)
[DEBUG] Found 0 hook commands to execute
[DEBUG] Writing to temp file: /Users/walterday/.claude.json.tmp.36962.1760320169486
[DEBUG] Preserving file permissions: 100644
[DEBUG] Temp file written successfully, size: 1942446 bytes
[DEBUG] Applied original permissions to temp file
[DEBUG] Renaming /Users/walterday/.claude.json.tmp.36962.1760320169486 to /Users/walterday/.claude.json
[DEBUG] File /Users/walterday/.claude.json written atomically
[DEBUG] Getting matching hook commands for Notification with query: undefined
[DEBUG] Found 0 hook matchers in settings
[DEBUG] Matched 0 unique hooks for query "no match query" (0 before deduplication)
[DEBUG] npm view failed with code 1
[DEBUG] npm stderr: (empty)
[DEBUG] AutoUpdaterWrapper: Installation type: npm-global, using native: false
[DEBUG] Getting matching hook commands for SessionEnd with query: undefined
[DEBUG] Found 0 hook matchers in settings
[DEBUG] Matched 0 unique hooks for query "no match query" (0 before deduplication)
