[DEBUG] Executing hooks for SessionStart:clear
[DEBUG] Getting matching hook commands for SessionStart with query: clear
[DEBUG] Found 0 hook matchers in settings
[DEBUG] Matched 0 unique hooks for query "clear" (0 before deduplication)
[DEBUG] Found 0 hook commands to execute
[DEBUG] FileHistory: Added snapshot for 0c2ba135-f193-4ca0-bab1-85b684c520c3, tracking 0 files
[DEBUG] Writing to temp file: /Users/walterday/.claude.json.tmp.36962.1760355632888
[DEBUG] Preserving file permissions: 100644
[DEBUG] Temp file written successfully, size: 1942202 bytes
[DEBUG] Applied original permissions to temp file
[DEBUG] Renaming /Users/walterday/.claude.json.tmp.36962.1760355632888 to /Users/walterday/.claude.json
[DEBUG] File /Users/walterday/.claude.json written atomically
[DEBUG] AutoUpdaterWrapper: Installation type: npm-global, using native: false
[DEBUG] Hooks: getAsyncHookResponseAttachments called
[DEBUG] Hooks: checkForNewResponses called
[DEBUG] Hooks: Found 0 total hooks in registry
[DEBUG] Hooks: checkForNewResponses returning 0 responses
[DEBUG] Executing hooks for UserPromptSubmit
[DEBUG] Getting matching hook commands for UserPromptSubmit with query: undefined
[DEBUG] Found 1 hook matchers in settings
[DEBUG] Matched 1 unique hooks for query "no match query" (1 before deduplication)
[DEBUG] Found 1 hook commands to execute
[DEBUG] Executing hook command: /Users/walterday/.claude/hooks/post-branch-create.sh with timeout 60000ms
[DEBUG] Hook command completed with status 0: /Users/walterday/.claude/hooks/post-branch-create.sh
[DEBUG] Hook output does not start with {, treating as plain text
[DEBUG] FileHistory: Making snapshot for message 48bc6419-f8f8-47b5-a1a7-174fd9642669
[DEBUG] FileHistory: Added snapshot for 48bc6419-f8f8-47b5-a1a7-174fd9642669, tracking 0 files
[DEBUG] Slash commands included in SlashCommand tool: /bug, /seek
[DEBUG] AutoUpdaterWrapper: Installation type: npm-global, using native: false
[DEBUG] AutoUpdaterWrapper: Installation type: npm-global, using native: false
[DEBUG] Stream started - received first chunk
[DEBUG] AutoUpdaterWrapper: Installation type: npm-global, using native: false
[DEBUG] executePreToolHooks called for tool: Bash
[DEBUG] Executing hooks for PreToolUse:Bash
[DEBUG] Getting matching hook commands for PreToolUse with query: Bash
[DEBUG] Found 1 hook matchers in settings
[DEBUG] Matched 0 unique hooks for query "Bash" (0 before deduplication)
[DEBUG] Found 0 hook commands to execute
[DEBUG] Bash tool invoked with command: git ls-files
[DEBUG] Bash tool description: List all files tracked by git
[DEBUG] Executing hooks for PostToolUse:Bash
[DEBUG] Getting matching hook commands for PostToolUse with query: Bash
[DEBUG] Found 0 hook matchers in settings
[DEBUG] Matched 0 unique hooks for query "Bash" (0 before deduplication)
[DEBUG] Found 0 hook commands to execute
[DEBUG] Hooks: getAsyncHookResponseAttachments called
[DEBUG] Hooks: checkForNewResponses called
[DEBUG] Hooks: Found 0 total hooks in registry
[DEBUG] Hooks: checkForNewResponses returning 0 responses
[DEBUG] Slash commands included in SlashCommand tool: /bug, /seek
[DEBUG] Getting matching hook commands for SessionEnd with query: undefined
[DEBUG] Found 0 hook matchers in settings
[DEBUG] Matched 0 unique hooks for query "no match query" (0 before deduplication)
[DEBUG] Cleaned up session snapshot: /Users/walterday/.claude/shell-snapshots/snapshot-bash-1760319418920-niy4tx.sh
[DEBUG] MCP server "basic-memory": Sending SIGINT to MCP server process
[DEBUG] MCP server "basic-memory": SIGINT failed, sending SIGTERM to MCP server process
[ERROR] MCP server "basic-memory" Server stderr: /opt/homebrew/Cellar/python@3.13/3.13.7/Frameworks/Python.framework/Versions/3.13/lib/python3.13/multiprocessing/resource_tracker.py:324: UserWarning: resource_tracker: There appear to be 8 leaked semaphore objects to clean up at shutdown: {'/mp-g0szfcg1', '/mp-nsrbqks_', '/mp-e_ch7d_b', '/mp-t0o8jbw0', '/mp-fk5srvd3', '/mp-3ibiyk1a', '/mp-4vmho5cq', '/mp-hx65vlpj'}
  warnings.warn(
[DEBUG] MCP server "basic-memory": MCP server process exited cleanly
[DEBUG] Writing to temp file: /Users/walterday/.claude.json.tmp.36962.1760355641314
[DEBUG] Preserving file permissions: 100644
[DEBUG] Temp file written successfully, size: 1942634 bytes
[DEBUG] Applied original permissions to temp file
[DEBUG] Renaming /Users/walterday/.claude.json.tmp.36962.1760355641314 to /Users/walterday/.claude.json
[DEBUG] File /Users/walterday/.claude.json written atomically
[DEBUG] Writing to temp file: /Users/walterday/.claude.json.tmp.44886.1760355644616
[DEBUG] Preserving file permissions: 100644
[DEBUG] Temp file written successfully, size: 1942094 bytes
[DEBUG] Applied original permissions to temp file
[DEBUG] Renaming /Users/walterday/.claude.json.tmp.44886.1760355644616 to /Users/walterday/.claude.json
[DEBUG] File /Users/walterday/.claude.json written atomically
[DEBUG] Writing to temp file: /Users/walterday/.claude.json.tmp.44886.1760355644656
[DEBUG] Preserving file permissions: 100644
[DEBUG] Temp file written successfully, size: 1942094 bytes
[DEBUG] Applied original permissions to temp file
[DEBUG] Renaming /Users/walterday/.claude.json.tmp.44886.1760355644656 to /Users/walterday/.claude.json
[DEBUG] File /Users/walterday/.claude.json written atomically
[DEBUG] AutoUpdaterWrapper: Installation type: npm-global, using native: false
[DEBUG] performStartupChecks called, ENABLE_PLUGINS=true
[DEBUG] Starting background plugin installations
[DEBUG] performBackgroundPluginInstallations called
[DEBUG] Writing to temp file: /Users/walterday/.claude.json.tmp.44886.1760355644726
[DEBUG] Preserving file permissions: 100644
[DEBUG] Temp file written successfully, size: 1942202 bytes
[DEBUG] Applied original permissions to temp file
[DEBUG] Renaming /Users/walterday/.claude.json.tmp.44886.1760355644726 to /Users/walterday/.claude.json
[DEBUG] File /Users/walterday/.claude.json written atomically
[DEBUG] Setting installation status: 0 marketplaces, 0 installable plugins, 0 uninstallable plugins
[DEBUG] Loaded plugins - Enabled: 0, Disabled: 0, Commands: 0, Agents: 0, Errors: 0
[ERROR] MCP server "basic-memory" Server stderr: 2025-10-13 07:40:44.798 | INFO     | basic_memory.utils:setup_logging:167 - ENV: 'dev' Log level: 'INFO' Logging to .basic-memory/basic-memory-mcp.log
[ERROR] MCP server "basic-memory" Server stderr: 2025-10-13 07:40:44.799 | INFO     | basic_memory.config:setup_basic_memory_logging:367 - Basic Memory 0.14.3 (Project: subagents)
[DEBUG] Summarizing last 2 of 93 messages (~105021 tokens)
[ERROR] MCP server "basic-memory" Server stderr: 2025-10-13 07:40:46.068 | DEBUG    | basic_memory.api.template_loader:__init__:235 - Initialized template loader with directory: /Users/walterday/.local/share/uv/tools/basic-memory/lib/python3.13/site-packages/basic_memory/templates
[DEBUG] Summarizing last 1 of 83 messages (~94189 tokens)
[ERROR] MCP server "basic-memory" Server stderr: 2025-10-13 07:40:46.184 | DEBUG    | basic_memory.mcp.async_client:create_client:23 - Creating ASGI client for local Basic Memory API
[ERROR] MCP server "basic-memory" Server stderr: 2025-10-13 07:40:46.242 | INFO     | basic_memory.services.initialization:initialize_app:156 - Initializing app...
[ERROR] MCP server "basic-memory" Server stderr: 2025-10-13 07:40:46.244 | DEBUG    | basic_memory.db:_create_engine_and_session:81 - Creating engine for db_url: sqlite+aiosqlite:////Users/walterday/.basic-memory/memory.db
[ERROR] MCP server "basic-memory" Server stderr: 2025-10-13 07:40:46.251 | INFO     | basic_memory.db:run_migrations:176 - Running database migrations...
[ERROR] MCP server "basic-memory" Server stderr: 2025-10-13 07:40:46.260 | ERROR    | basic_memory.db:run_migrations:210 - Error running migrations: Can't locate revision identified by 'a1b2c3d4e5f6'
[ERROR] MCP server "basic-memory" Server stderr: 2025-10-13 07:40:46.260 | ERROR    | basic_memory.services.initialization:initialize_database:32 - Error initializing database: Can't locate revision identified by 'a1b2c3d4e5f6'
2025-10-13 07:40:46.260 | INFO     | basic_memory.services.initialization:reconcile_projects_with_config:47 - Reconciling projects from config with database...
[ERROR] MCP server "basic-memory" Server stderr: 2025-10-13 07:40:46.262 | INFO     | basic_memory.services.project_service:synchronize_projects:233 - Synchronizing projects between database and configuration
[ERROR] MCP server "basic-memory" Server stderr: 2025-10-13 07:40:46.273 | DEBUG    | basic_memory.repository.repository:find_all:157 - Finding all Project (skip=0, limit=None)
[ERROR] MCP server "basic-memory" Server stderr: 2025-10-13 07:40:46.275 | DEBUG    | basic_memory.repository.repository:find_all:170 - Found 4 Project records
[ERROR] MCP server "basic-memory" Server stderr: 2025-10-13 07:40:46.278 | INFO     | basic_memory.services.project_service:synchronize_projects:301 - Project synchronization complete
[ERROR] MCP server "basic-memory" Server stderr: 2025-10-13 07:40:46.280 | INFO     | basic_memory.mcp.project_session:initialize:34 - Initialized project session with default project: subagents
[ERROR] MCP server "basic-memory" Server stderr: 2025-10-13 07:40:46.280 | INFO     | basic_memory.mcp.project_session:refresh_from_config:81 - Refreshed project session from config, new default: subagents
2025-10-13 07:40:46.280 | INFO     | basic_memory.services.initialization:reconcile_projects_with_config:64 - Projects successfully reconciled between config and database
2025-10-13 07:40:46.280 | INFO     | basic_memory.services.initialization:initialize_app:163 - App initialization completed (migration running in background if needed)
[ERROR] MCP server "basic-memory" Server stderr: 2025-10-13 07:40:46.281 | INFO     | basic_memory.services.initialization:ensure_initialization:177 - Initialization completed successfully: result=None
2025-10-13 07:40:46.281 | INFO     | basic_memory.mcp.project_session:set_current_project:53 - Switched project context: subagents -> subagents
[ERROR] MCP server "basic-memory" Server stderr: 2025-10-13 07:40:46.282 | INFO     | basic_memory.cli.commands.mcp:mcp:56 - Sync changes enabled: True
[ERROR] MCP server "basic-memory" Server stderr: 2025-10-13 07:40:46.283 | INFO     | basic_memory.cli.commands.mcp:mcp:61 - Started file sync in background
2025-10-13 07:40:46.283 | INFO     | basic_memory.cli.commands.mcp:mcp:64 - Starting MCP server with STDIO transport
[ERROR] MCP server "basic-memory" Server stderr: â•­â”€ FastMCP 2.0 â”€â”€â”€â”€â”€â”€â”€â”€â”€â”€â”€â”€â”€â”€â”€â”€â”€â”€â”€â”€â”€â”€â”€â”€â”€â”€â”€â”€â”€â”€â”€â”€â”€â”€â”€â”€â”€â”€â”€â”€â”€â”€â”€â”€â”€â”€â”€â”€â”€â”€â”€â”€â”€â”€â”€â”€â”€â”€â”€â”€â”€â”€â”€â”€â•®
â”‚                                                                              â”‚
â”‚                                                                              â”‚
â”‚         _ __ ___ ______           __  __  _____________       ____           â”‚
â”‚     ____                                                                     â”‚
â”‚        _ __ ___ / ____/___ ______/ /_/  |/  / ____/ __ \     |___ \  /       â”‚
â”‚     __ \                                                                     â”‚
â”‚       _ __ ___ / /_  / __ `/ ___/ __/ /|_/ / /   / /_/ /     ___/ / / /      â”‚
â”‚     / /                                                                      â”‚
â”‚      _ __ ___ / __/ / /_/ (__  ) /_/ /  / / /___/ ____/     /  __/_/ /_/     â”‚
â”‚     /                                                                        â”‚
â”‚     _ __ ___ /_/    \__,_/____/\__/_/  /_/\____/_/                           â”‚
â”‚     /_____(_)____/                                                           â”‚
â”‚                                                                              â”‚
â”‚                                                                              â”‚
â”‚                                                                              â”‚
â”‚     ğŸ–¥ï¸  Server name:     Basic Memory                                         â”‚
â”‚     ğŸ“¦ Transport:       STDIO                                                â”‚
â”‚                                                                              â”‚
â”‚     ğŸ“š Docs:            https://gofastmcp.com                                â”‚
â”‚     ğŸš€ Deploy:          https://fastmcp.cloud                                â”‚
â”‚                                                                              â”‚
â”‚     ğŸï¸  FastMCP version: 2.10.2                                               â”‚
â”‚     ğŸ¤ MCP version:     1.13.0                                               â”‚
â”‚                                                                              â”‚
â”‚                                                                              â”‚
â•°â”€â”€â”€â”€â”€â”€â”€â”€â”€â”€â”€â”€â”€â”€â”€â”€â”€â”€â”€â”€â”€â”€â”€â”€â”€â”€â”€â”€â”€â”€â”€â”€â”€â”€â”€â”€â”€â”€â”€â”€â”€â”€â”€â”€â”€â”€â”€â”€â”€â”€â”€â”€â”€â”€â”€â”€â”€â”€â”€â”€â”€â”€â”€â”€â”€â”€â”€â”€â”€â”€â”€â”€â”€â”€â”€â”€â”€â”€â•¯
[ERROR] MCP server "basic-memory" Server stderr: [10/13/25 07:40:46] INFO     Starting MCP server 'Basic Memory'   server.py:1352
                             with transport 'stdio'
[ERROR] MCP server "basic-memory" Server stderr: 2025-10-13 07:40:46.299 | INFO     | basic_memory.services.initialization:initialize_app:156 - Initializing app...
2025-10-13 07:40:46.300 | INFO     | basic_memory.services.initialization:initialize_file_sync:109 - Starting sync for project: main
2025-10-13 07:40:46.303 | INFO     | basic_memory.services.initialization:initialize_database:30 - Database initialization completed
2025-10-13 07:40:46.303 | INFO     | basic_memory.services.initialization:reconcile_projects_with_config:47 - Reconciling projects from config with database...
2025-10-13 07:40:46.305 | INFO     | basic_memory.services.project_service:synchronize_projects:233 - Synchronizing projects between database and configuration
[ERROR] MCP server "basic-memory" Server stderr: 2025-10-13 07:40:46.308 | INFO     | basic_memory.sync.sync_service:sync:88 - Sync operation started for directory: /Users/walterday/basic-memory
[ERROR] MCP server "basic-memory" Server stderr: 2025-10-13 07:40:46.309 | DEBUG    | basic_memory.repository.repository:find_all:157 - Finding all Entity (skip=0, limit=None)
[ERROR] MCP server "basic-memory" Server stderr: 2025-10-13 07:40:46.313 | DEBUG    | basic_memory.repository.repository:find_all:157 - Finding all Project (skip=0, limit=None)
[ERROR] MCP server "basic-memory" Server stderr: 2025-10-13 07:40:46.314 | DEBUG    | basic_memory.repository.repository:find_all:170 - Found 0 Entity records
[ERROR] MCP server "basic-memory" Server stderr: 2025-10-13 07:40:46.314 | INFO     | basic_memory.sync.sync_service:get_db_file_state:241 - Found 0 db records
[ERROR] MCP server "basic-memory" Server stderr: 2025-10-13 07:40:46.315 | INFO     | basic_memory.sync.sync_service:scan:189 - Scanning directory /Users/walterday/basic-memory. Found 0 db paths
2025-10-13 07:40:46.315 | DEBUG    | basic_memory.sync.sync_service:scan_directory:609 - Scanning directory /Users/walterday/basic-memory
[ERROR] MCP server "basic-memory" Server stderr: 2025-10-13 07:40:46.315 | DEBUG    | basic_memory.repository.repository:find_all:170 - Found 4 Project records
[ERROR] MCP server "basic-memory" Server stderr: 2025-10-13 07:40:46.315 | DEBUG    | basic_memory.sync.sync_service:scan_directory:630 - /Users/walterday/basic-memory scan completed directory=/Users/walterday/basic-memory files_found=0 duration_ms=0
2025-10-13 07:40:46.315 | INFO     | basic_memory.sync.sync_service:scan:229 - Completed scan for directory /Users/walterday/basic-memory, found 0 changes.
2025-10-13 07:40:46.315 | INFO     | basic_memory.sync.sync_service:sync:109 - Sync changes detected: new_files=0, modified_files=0, deleted_files=0, moved_files=0
[ERROR] MCP server "basic-memory" Server stderr: 2025-10-13 07:40:46.319 | INFO     | basic_memory.sync.sync_service:resolve_relations:556 - Resolving forward references
[ERROR] MCP server "basic-memory" Server stderr: 2025-10-13 07:40:46.319 | INFO     | basic_memory.sync.sync_service:sync:179 - Sync operation completed: directory=/Users/walterday/basic-memory, total_changes=0, duration_ms=11
2025-10-13 07:40:46.319 | INFO     | basic_memory.services.initialization:initialize_file_sync:115 - Sync completed successfully for project: main
2025-10-13 07:40:46.319 | INFO     | basic_memory.services.initialization:initialize_file_sync:121 - Project main is now watching for changes
2025-10-13 07:40:46.320 | INFO     | basic_memory.services.initialization:initialize_file_sync:109 - Starting sync for project: tauri-docs
[ERROR] MCP server "basic-memory" Server stderr: 2025-10-13 07:40:46.323 | INFO     | basic_memory.services.project_service:synchronize_projects:301 - Project synchronization complete
[ERROR] MCP server "basic-memory" Server stderr: 2025-10-13 07:40:46.325 | INFO     | basic_memory.mcp.project_session:initialize:34 - Initialized project session with default project: subagents
[ERROR] MCP server "basic-memory" Server stderr: 2025-10-13 07:40:46.326 | INFO     | basic_memory.mcp.project_session:refresh_from_config:81 - Refreshed project session from config, new default: subagents
2025-10-13 07:40:46.326 | INFO     | basic_memory.services.initialization:reconcile_projects_with_config:64 - Projects successfully reconciled between config and database
[ERROR] MCP server "basic-memory" Server stderr: 2025-10-13 07:40:46.326 | INFO     | basic_memory.services.initialization:initialize_app:163 - App initialization completed (migration running in background if needed)
2025-10-13 07:40:46.326 | INFO     | basic_memory.mcp.project_session:initialize:34 - Initialized project session with default project: subagents
[ERROR] MCP server "basic-memory" Server stderr: 2025-10-13 07:40:46.327 | INFO     | basic_memory.sync.sync_service:sync:88 - Sync operation started for directory: /Users/walterday/Git/MerlinMines/Demos/tauri-demo-aug/first-project/docs
[ERROR] MCP server "basic-memory" Server stderr: 2025-10-13 07:40:46.327 | DEBUG    | basic_memory.repository.repository:find_all:157 - Finding all Entity (skip=0, limit=None)
[DEBUG] MCP server "basic-memory": Successfully connected to stdio server in 2034ms
[DEBUG] MCP server "basic-memory": Connection established with capabilities: {"hasTools":true,"hasPrompts":true,"hasResources":true,"serverVersion":{"name":"Basic Memory","version":"1.13.0"}}
[ERROR] MCP server "basic-memory" Server stderr: 2025-10-13 07:40:46.343 | DEBUG    | basic_memory.repository.repository:find_all:170 - Found 7 Entity records
2025-10-13 07:40:46.343 | INFO     | basic_memory.sync.sync_service:get_db_file_state:241 - Found 7 db records
2025-10-13 07:40:46.343 | INFO     | basic_memory.sync.sync_service:scan:189 - Scanning directory /Users/walterday/Git/MerlinMines/Demos/tauri-demo-aug/first-project/docs. Found 7 db paths
2025-10-13 07:40:46.343 | DEBUG    | basic_memory.sync.sync_service:scan_directory:609 - Scanning directory /Users/walterday/Git/MerlinMines/Demos/tauri-demo-aug/first-project/docs
[ERROR] MCP server "basic-memory" Server stderr: 2025-10-13 07:40:46.350 | DEBUG    | basic_memory.sync.sync_service:scan_directory:630 - /Users/walterday/Git/MerlinMines/Demos/tauri-demo-aug/first-project/docs scan completed directory=/Users/walterday/Git/MerlinMines/Demos/tauri-demo-aug/first-project/docs files_found=7 duration_ms=7
2025-10-13 07:40:46.351 | INFO     | basic_memory.sync.sync_service:scan:229 - Completed scan for directory /Users/walterday/Git/MerlinMines/Demos/tauri-demo-aug/first-project/docs, found 0 changes.
2025-10-13 07:40:46.351 | INFO     | basic_memory.sync.sync_service:sync:109 - Sync changes detected: new_files=0, modified_files=0, deleted_files=0, moved_files=0
[ERROR] MCP server "basic-memory" Server stderr: 2025-10-13 07:40:46.353 | INFO     | basic_memory.sync.sync_service:resolve_relations:556 - Resolving forward references
[ERROR] MCP server "basic-memory" Server stderr: 2025-10-13 07:40:46.353 | INFO     | basic_memory.sync.sync_service:sync:179 - Sync operation completed: directory=/Users/walterday/Git/MerlinMines/Demos/tauri-demo-aug/first-project/docs, total_changes=0, duration_ms=25
2025-10-13 07:40:46.353 | INFO     | basic_memory.services.initialization:initialize_file_sync:115 - Sync completed successfully for project: tauri-docs
2025-10-13 07:40:46.353 | INFO     | basic_memory.services.initialization:initialize_file_sync:121 - Project tauri-docs is now watching for changes
2025-10-13 07:40:46.353 | INFO     | basic_memory.services.initialization:initialize_file_sync:109 - Starting sync for project: subagents
[ERROR] MCP server "basic-memory" Server stderr: 2025-10-13 07:40:46.357 | INFO     | basic_memory.sync.sync_service:sync:88 - Sync operation started for directory: /Users/walterday/projects/subagents
[ERROR] MCP server "basic-memory" Server stderr: 2025-10-13 07:40:46.357 | DEBUG    | basic_memory.repository.repository:find_all:157 - Finding all Entity (skip=0, limit=None)
[ERROR] MCP server "basic-memory" Server stderr: 2025-10-13 07:40:46.380 | DEBUG    | basic_memory.repository.repository:find_all:170 - Found 17 Entity records
2025-10-13 07:40:46.381 | INFO     | basic_memory.sync.sync_service:get_db_file_state:241 - Found 17 db records
2025-10-13 07:40:46.381 | INFO     | basic_memory.sync.sync_service:scan:189 - Scanning directory /Users/walterday/projects/subagents. Found 17 db paths
2025-10-13 07:40:46.381 | DEBUG    | basic_memory.sync.sync_service:scan_directory:609 - Scanning directory /Users/walterday/projects/subagents
[ERROR] MCP server "basic-memory" Server stderr: 2025-10-13 07:40:46.388 | DEBUG    | basic_memory.sync.sync_service:scan_directory:630 - /Users/walterday/projects/subagents scan completed directory=/Users/walterday/projects/subagents files_found=17 duration_ms=6
[ERROR] MCP server "basic-memory" Server stderr: 2025-10-13 07:40:46.388 | INFO     | basic_memory.sync.sync_service:scan:229 - Completed scan for directory /Users/walterday/projects/subagents, found 0 changes.
2025-10-13 07:40:46.388 | INFO     | basic_memory.sync.sync_service:sync:109 - Sync changes detected: new_files=0, modified_files=0, deleted_files=0, moved_files=0
[ERROR] MCP server "basic-memory" Server stderr: 2025-10-13 07:40:46.390 | INFO     | basic_memory.sync.sync_service:resolve_relations:556 - Resolving forward references
[ERROR] MCP server "basic-memory" Server stderr: 2025-10-13 07:40:46.390 | INFO     | basic_memory.sync.sync_service:sync:179 - Sync operation completed: directory=/Users/walterday/projects/subagents, total_changes=0, duration_ms=33
2025-10-13 07:40:46.390 | INFO     | basic_memory.services.initialization:initialize_file_sync:115 - Sync completed successfully for project: subagents
2025-10-13 07:40:46.390 | INFO     | basic_memory.services.initialization:initialize_file_sync:121 - Project subagents is now watching for changes
2025-10-13 07:40:46.390 | INFO     | basic_memory.services.initialization:initialize_file_sync:109 - Starting sync for project: firecrawl-docs
[ERROR] MCP server "basic-memory" Server stderr: 2025-10-13 07:40:46.393 | INFO     | basic_memory.sync.sync_service:sync:88 - Sync operation started for directory: /Users/walterday/Documents/firecrawl-knowledge
[ERROR] MCP server "basic-memory" Server stderr: 2025-10-13 07:40:46.393 | DEBUG    | basic_memory.repository.repository:find_all:157 - Finding all Entity (skip=0, limit=None)
[ERROR] MCP server "basic-memory" Server stderr: 2025-10-13 07:40:46.400 | DEBUG    | basic_memory.repository.repository:find_all:170 - Found 2 Entity records
[ERROR] MCP server "basic-memory" Server stderr: 2025-10-13 07:40:46.400 | INFO     | basic_memory.sync.sync_service:get_db_file_state:241 - Found 2 db records
[ERROR] MCP server "basic-memory" Server stderr: 2025-10-13 07:40:46.401 | INFO     | basic_memory.sync.sync_service:scan:189 - Scanning directory /Users/walterday/Documents/firecrawl-knowledge. Found 2 db paths
2025-10-13 07:40:46.401 | DEBUG    | basic_memory.sync.sync_service:scan_directory:609 - Scanning directory /Users/walterday/Documents/firecrawl-knowledge
[ERROR] MCP server "basic-memory" Server stderr: 2025-10-13 07:40:46.405 | DEBUG    | basic_memory.sync.sync_service:scan_directory:630 - /Users/walterday/Documents/firecrawl-knowledge scan completed directory=/Users/walterday/Documents/firecrawl-knowledge files_found=2 duration_ms=4
[ERROR] MCP server "basic-memory" Server stderr: 2025-10-13 07:40:46.405 | INFO     | basic_memory.sync.sync_service:scan:229 - Completed scan for directory /Users/walterday/Documents/firecrawl-knowledge, found 0 changes.
2025-10-13 07:40:46.405 | INFO     | basic_memory.sync.sync_service:sync:109 - Sync changes detected: new_files=0, modified_files=0, deleted_files=0, moved_files=0
[ERROR] MCP server "basic-memory" Server stderr: 2025-10-13 07:40:46.409 | INFO     | basic_memory.sync.sync_service:resolve_relations:556 - Resolving forward references
[ERROR] MCP server "basic-memory" Server stderr: 2025-10-13 07:40:46.409 | INFO     | basic_memory.sync.sync_service:sync:179 - Sync operation completed: directory=/Users/walterday/Documents/firecrawl-knowledge, total_changes=0, duration_ms=16
2025-10-13 07:40:46.409 | INFO     | basic_memory.services.initialization:initialize_file_sync:115 - Sync completed successfully for project: firecrawl-docs
2025-10-13 07:40:46.409 | INFO     | basic_memory.services.initialization:initialize_file_sync:121 - Project firecrawl-docs is now watching for changes
2025-10-13 07:40:46.409 | INFO     | basic_memory.services.initialization:initialize_file_sync:131 - Starting watch service for all projects
[ERROR] MCP server "basic-memory" Server stderr: 2025-10-13 07:40:46.412 | INFO     | basic_memory.sync.watch_service:run:94 - Watch service started
[DEBUG] AutoUpdaterWrapper: Installation type: npm-global, using native: false
[DEBUG] Hooks: getAsyncHookResponseAttachments called
[DEBUG] Hooks: checkForNewResponses called
[DEBUG] Hooks: Found 0 total hooks in registry
[DEBUG] Hooks: checkForNewResponses returning 0 responses
[DEBUG] Executing hooks for UserPromptSubmit
[DEBUG] Getting matching hook commands for UserPromptSubmit with query: undefined
[DEBUG] Found 1 hook matchers in settings
[DEBUG] Matched 1 unique hooks for query "no match query" (1 before deduplication)
[DEBUG] Found 1 hook commands to execute
[DEBUG] Executing hook command: /Users/walterday/.claude/hooks/post-branch-create.sh with timeout 60000ms
[DEBUG] Hook command completed with status 0: /Users/walterday/.claude/hooks/post-branch-create.sh
[DEBUG] Hook output does not start with {, treating as plain text
[DEBUG] FileHistory: Making snapshot for message f4a504ef-b2ca-4d90-bdeb-e65863ab624f
[DEBUG] FileHistory: Added snapshot for f4a504ef-b2ca-4d90-bdeb-e65863ab624f, tracking 0 files
[DEBUG] Slash commands included in SlashCommand tool: /bug, /seek, /implement
[DEBUG] Summarizing last 4 of 56 messages (~141884 tokens)
[DEBUG] Summarizing last 0 of 70 messages (~0 tokens)
[DEBUG] AutoUpdaterWrapper: Installation type: npm-global, using native: false
[DEBUG] AutoUpdaterWrapper: Installation type: npm-global, using native: false
[DEBUG] Summarizing last 2 of 87 messages (~141957 tokens)
[DEBUG] Writing to temp file: /Users/walterday/.claude.json.tmp.44886.1760355649541
[DEBUG] Preserving file permissions: 100644
[DEBUG] Temp file written successfully, size: 1942202 bytes
[DEBUG] Applied original permissions to temp file
[DEBUG] Renaming /Users/walterday/.claude.json.tmp.44886.1760355649541 to /Users/walterday/.claude.json
[DEBUG] File /Users/walterday/.claude.json written atomically
[DEBUG] Stream started - received first chunk
[DEBUG] Summarizing last 2 of 84 messages (~126827 tokens)
[DEBUG] Summarizing last 0 of 159 messages (~0 tokens)
[DEBUG] executePreToolHooks called for tool: Read
[DEBUG] Executing hooks for PreToolUse:Read
[DEBUG] Getting matching hook commands for PreToolUse with query: Read
[DEBUG] Found 1 hook matchers in settings
[DEBUG] Matched 0 unique hooks for query "Read" (0 before deduplication)
[DEBUG] Found 0 hook commands to execute
[DEBUG] Executing hooks for PostToolUse:Read
[DEBUG] Getting matching hook commands for PostToolUse with query: Read
[DEBUG] Found 0 hook matchers in settings
[DEBUG] Matched 0 unique hooks for query "Read" (0 before deduplication)
[DEBUG] Found 0 hook commands to execute
[DEBUG] Hooks: getAsyncHookResponseAttachments called
[DEBUG] Hooks: checkForNewResponses called
[DEBUG] Hooks: Found 0 total hooks in registry
[DEBUG] Hooks: checkForNewResponses returning 0 responses
[DEBUG] Slash commands included in SlashCommand tool: /bug, /seek, /implement
[DEBUG] Summarizing last 2 of 113 messages (~139533 tokens)
[DEBUG] Summarizing last 1 of 86 messages (~77145 tokens)
[DEBUG] Summarizing last 1 of 75 messages (~83482 tokens)
[DEBUG] Stream started - received first chunk
[DEBUG] Summarizing last 2 of 74 messages (~76734 tokens)
[DEBUG] Summarizing last 2 of 119 messages (~135318 tokens)
[DEBUG] executePreToolHooks called for tool: Read
[DEBUG] Executing hooks for PreToolUse:Read
[DEBUG] Getting matching hook commands for PreToolUse with query: Read
[DEBUG] Found 1 hook matchers in settings
[DEBUG] Matched 0 unique hooks for query "Read" (0 before deduplication)
[DEBUG] Found 0 hook commands to execute
[DEBUG] Executing hooks for PostToolUse:Read
[DEBUG] Getting matching hook commands for PostToolUse with query: Read
[DEBUG] Found 0 hook matchers in settings
[DEBUG] Matched 0 unique hooks for query "Read" (0 before deduplication)
[DEBUG] Found 0 hook commands to execute
[DEBUG] Hooks: getAsyncHookResponseAttachments called
[DEBUG] Hooks: checkForNewResponses called
[DEBUG] Hooks: Found 0 total hooks in registry
[DEBUG] Hooks: checkForNewResponses returning 0 responses
[DEBUG] Slash commands included in SlashCommand tool: /bug, /seek, /implement
[DEBUG] Summarizing last 2 of 159 messages (~136582 tokens)
[DEBUG] Summarizing last 2 of 127 messages (~130872 tokens)
[DEBUG] Summarizing last 1 of 68 messages (~77053 tokens)
[DEBUG] Stream started - received first chunk
[DEBUG] Summarizing last 2 of 70 messages (~98238 tokens)
[DEBUG] Summarizing last 3 of 64 messages (~122153 tokens)
[DEBUG] Summarizing last 3 of 71 messages (~138979 tokens)
[DEBUG] Summarizing last 2 of 79 messages (~77825 tokens)
[DEBUG] Summarizing last 4 of 73 messages (~141796 tokens)
[DEBUG] Summarizing last 2 of 80 messages (~85202 tokens)
[DEBUG] Executing hooks for Stop
[DEBUG] Getting matching hook commands for Stop with query: undefined
[DEBUG] Found 0 hook matchers in settings
[DEBUG] Matched 0 unique hooks for query "no match query" (0 before deduplication)
[DEBUG] Found 0 hook commands to execute
[DEBUG] Writing to temp file: /Users/walterday/.claude.json.tmp.44886.1760355680469
[DEBUG] Preserving file permissions: 100644
[DEBUG] Temp file written successfully, size: 1942203 bytes
[DEBUG] Applied original permissions to temp file
[DEBUG] Renaming /Users/walterday/.claude.json.tmp.44886.1760355680469 to /Users/walterday/.claude.json
[DEBUG] File /Users/walterday/.claude.json written atomically
[DEBUG] AutoUpdaterWrapper: Installation type: npm-global, using native: false
[DEBUG] AutoUpdaterWrapper: Installation type: npm-global, using native: false
[DEBUG] Getting matching hook commands for SessionEnd with query: undefined
[DEBUG] Found 0 hook matchers in settings
[DEBUG] Matched 0 unique hooks for query "no match query" (0 before deduplication)
[DEBUG] Cleaned up session snapshot: /Users/walterday/.claude/shell-snapshots/snapshot-bash-1760355643702-hfif0q.sh
[DEBUG] MCP server "basic-memory": Sending SIGINT to MCP server process
[DEBUG] MCP server "basic-memory": SIGINT failed, sending SIGTERM to MCP server process
[ERROR] MCP server "basic-memory" Server stderr: /opt/homebrew/Cellar/python@3.13/3.13.7/Frameworks/Python.framework/Versions/3.13/lib/python3.13/multiprocessing/resource_tracker.py:324: UserWarning: resource_tracker: There appear to be 8 leaked semaphore objects to clean up at shutdown: {'/mp-t1uy1klb', '/mp-qnlsbg5d', '/mp-kwt72yjv', '/mp-mdjgcmve', '/mp-mpu3mlzs', '/mp-8qxi0dp4', '/mp-84236pi7', '/mp-83uotsdu'}
  warnings.warn(
[DEBUG] MCP server "basic-memory": MCP server process exited cleanly
[DEBUG] Writing to temp file: /Users/walterday/.claude.json.tmp.44886.1760355842832
[DEBUG] Preserving file permissions: 100644
[DEBUG] Temp file written successfully, size: 1942621 bytes
[DEBUG] Applied original permissions to temp file
[DEBUG] Renaming /Users/walterday/.claude.json.tmp.44886.1760355842832 to /Users/walterday/.claude.json
[DEBUG] File /Users/walterday/.claude.json written atomically
[DEBUG] Writing to temp file: /Users/walterday/.claude.json.tmp.45814.1760355846218
[DEBUG] Preserving file permissions: 100644
[DEBUG] Temp file written successfully, size: 1942095 bytes
[DEBUG] Applied original permissions to temp file
[DEBUG] Renaming /Users/walterday/.claude.json.tmp.45814.1760355846218 to /Users/walterday/.claude.json
[DEBUG] File /Users/walterday/.claude.json written atomically
[DEBUG] Writing to temp file: /Users/walterday/.claude.json.tmp.45814.1760355846270
[DEBUG] Preserving file permissions: 100644
[DEBUG] Temp file written successfully, size: 1942095 bytes
[DEBUG] Applied original permissions to temp file
[DEBUG] Renaming /Users/walterday/.claude.json.tmp.45814.1760355846270 to /Users/walterday/.claude.json
[DEBUG] File /Users/walterday/.claude.json written atomically
[DEBUG] AutoUpdaterWrapper: Installation type: npm-global, using native: false
[DEBUG] performStartupChecks called, ENABLE_PLUGINS=true
[DEBUG] Starting background plugin installations
[DEBUG] performBackgroundPluginInstallations called
[DEBUG] Writing to temp file: /Users/walterday/.claude.json.tmp.45814.1760355846427
[DEBUG] Preserving file permissions: 100644
[DEBUG] Temp file written successfully, size: 1942203 bytes
[DEBUG] Applied original permissions to temp file
[DEBUG] Renaming /Users/walterday/.claude.json.tmp.45814.1760355846427 to /Users/walterday/.claude.json
[DEBUG] File /Users/walterday/.claude.json written atomically
[DEBUG] Setting installation status: 0 marketplaces, 0 installable plugins, 0 uninstallable plugins
[DEBUG] Loaded plugins - Enabled: 0, Disabled: 0, Commands: 0, Agents: 0, Errors: 0
[ERROR] MCP server "basic-memory" Server stderr: 2025-10-13 07:44:06.377 | INFO     | basic_memory.utils:setup_logging:167 - ENV: 'dev' Log level: 'INFO' Logging to .basic-memory/basic-memory-mcp.log
2025-10-13 07:44:06.378 | INFO     | basic_memory.config:setup_basic_memory_logging:367 - Basic Memory 0.14.3 (Project: subagents)
[DEBUG] Summarizing last 2 of 93 messages (~105021 tokens)
[ERROR] MCP server "basic-memory" Server stderr: 2025-10-13 07:44:07.718 | DEBUG    | basic_memory.api.template_loader:__init__:235 - Initialized template loader with directory: /Users/walterday/.local/share/uv/tools/basic-memory/lib/python3.13/site-packages/basic_memory/templates
[ERROR] MCP server "basic-memory" Server stderr: 2025-10-13 07:44:07.834 | DEBUG    | basic_memory.mcp.async_client:create_client:23 - Creating ASGI client for local Basic Memory API
[ERROR] MCP server "basic-memory" Server stderr: 2025-10-13 07:44:07.886 | INFO     | basic_memory.services.initialization:initialize_app:156 - Initializing app...
[ERROR] MCP server "basic-memory" Server stderr: 2025-10-13 07:44:07.888 | DEBUG    | basic_memory.db:_create_engine_and_session:81 - Creating engine for db_url: sqlite+aiosqlite:////Users/walterday/.basic-memory/memory.db
[ERROR] MCP server "basic-memory" Server stderr: 2025-10-13 07:44:07.894 | INFO     | basic_memory.db:run_migrations:176 - Running database migrations...
[ERROR] MCP server "basic-memory" Server stderr: 2025-10-13 07:44:07.902 | ERROR    | basic_memory.db:run_migrations:210 - Error running migrations: Can't locate revision identified by 'a1b2c3d4e5f6'
[ERROR] MCP server "basic-memory" Server stderr: 2025-10-13 07:44:07.902 | ERROR    | basic_memory.services.initialization:initialize_database:32 - Error initializing database: Can't locate revision identified by 'a1b2c3d4e5f6'
2025-10-13 07:44:07.902 | INFO     | basic_memory.services.initialization:reconcile_projects_with_config:47 - Reconciling projects from config with database...
[ERROR] MCP server "basic-memory" Server stderr: 2025-10-13 07:44:07.903 | INFO     | basic_memory.services.project_service:synchronize_projects:233 - Synchronizing projects between database and configuration
[ERROR] MCP server "basic-memory" Server stderr: 2025-10-13 07:44:07.915 | DEBUG    | basic_memory.repository.repository:find_all:157 - Finding all Project (skip=0, limit=None)
[ERROR] MCP server "basic-memory" Server stderr: 2025-10-13 07:44:07.917 | DEBUG    | basic_memory.repository.repository:find_all:170 - Found 4 Project records
[ERROR] MCP server "basic-memory" Server stderr: 2025-10-13 07:44:07.921 | INFO     | basic_memory.services.project_service:synchronize_projects:301 - Project synchronization complete
[ERROR] MCP server "basic-memory" Server stderr: 2025-10-13 07:44:07.922 | INFO     | basic_memory.mcp.project_session:initialize:34 - Initialized project session with default project: subagents
[ERROR] MCP server "basic-memory" Server stderr: 2025-10-13 07:44:07.922 | INFO     | basic_memory.mcp.project_session:refresh_from_config:81 - Refreshed project session from config, new default: subagents
2025-10-13 07:44:07.922 | INFO     | basic_memory.services.initialization:reconcile_projects_with_config:64 - Projects successfully reconciled between config and database
2025-10-13 07:44:07.922 | INFO     | basic_memory.services.initialization:initialize_app:163 - App initialization completed (migration running in background if needed)
[ERROR] MCP server "basic-memory" Server stderr: 2025-10-13 07:44:07.923 | INFO     | basic_memory.services.initialization:ensure_initialization:177 - Initialization completed successfully: result=None
[ERROR] MCP server "basic-memory" Server stderr: 2025-10-13 07:44:07.923 | INFO     | basic_memory.mcp.project_session:set_current_project:53 - Switched project context: subagents -> subagents
[ERROR] MCP server "basic-memory" Server stderr: 2025-10-13 07:44:07.925 | INFO     | basic_memory.cli.commands.mcp:mcp:56 - Sync changes enabled: True
[ERROR] MCP server "basic-memory" Server stderr: 2025-10-13 07:44:07.925 | INFO     | basic_memory.cli.commands.mcp:mcp:61 - Started file sync in background
[ERROR] MCP server "basic-memory" Server stderr: 2025-10-13 07:44:07.925 | INFO     | basic_memory.cli.commands.mcp:mcp:64 - Starting MCP server with STDIO transport
[ERROR] MCP server "basic-memory" Server stderr: â•­â”€ FastMCP 2.0 â”€â”€â”€â”€â”€â”€â”€â”€â”€â”€â”€â”€â”€â”€â”€â”€â”€â”€â”€â”€â”€â”€â”€â”€â”€â”€â”€â”€â”€â”€â”€â”€â”€â”€â”€â”€â”€â”€â”€â”€â”€â”€â”€â”€â”€â”€â”€â”€â”€â”€â”€â”€â”€â”€â”€â”€â”€â”€â”€â”€â”€â”€â”€â”€â•®
â”‚                                                                              â”‚
â”‚                                                                              â”‚
â”‚         _ __ ___ ______           __  __  _____________       ____           â”‚
â”‚     ____                                                                     â”‚
â”‚        _ __ ___ / ____/___ ______/ /_/  |/  / ____/ __ \     |___ \  /       â”‚
â”‚     __ \                                                                     â”‚
â”‚       _ __ ___ / /_  / __ `/ ___/ __/ /|_/ / /   / /_/ /     ___/ / / /      â”‚
â”‚     / /                                                                      â”‚
â”‚      _ __ ___ / __/ / /_/ (__  ) /_/ /  / / /___/ ____/     /  __/_/ /_/     â”‚
â”‚     /                                                                        â”‚
â”‚     _ __ ___ /_/    \__,_/____/\__/_/  /_/\____/_/                           â”‚
â”‚     /_____(_)____/                                                           â”‚
â”‚                                                                              â”‚
â”‚                                                                              â”‚
â”‚                                                                              â”‚
â”‚     ğŸ–¥ï¸  Server name:     Basic Memory                                         â”‚
â”‚     ğŸ“¦ Transport:       STDIO                                                â”‚
â”‚                                                                              â”‚
â”‚     ğŸ“š Docs:            https://gofastmcp.com                                â”‚
â”‚     ğŸš€ Deploy:          https://fastmcp.cloud                                â”‚
â”‚                                                                              â”‚
â”‚     ğŸï¸  FastMCP version: 2.10.2                                               â”‚
â”‚     ğŸ¤ MCP version:     1.13.0                                               â”‚
â”‚                                                                              â”‚
â”‚                                                                              â”‚
â•°â”€â”€â”€â”€â”€â”€â”€â”€â”€â”€â”€â”€â”€â”€â”€â”€â”€â”€â”€â”€â”€â”€â”€â”€â”€â”€â”€â”€â”€â”€â”€â”€â”€â”€â”€â”€â”€â”€â”€â”€â”€â”€â”€â”€â”€â”€â”€â”€â”€â”€â”€â”€â”€â”€â”€â”€â”€â”€â”€â”€â”€â”€â”€â”€â”€â”€â”€â”€â”€â”€â”€â”€â”€â”€â”€â”€â”€â”€â•¯
[ERROR] MCP server "basic-memory" Server stderr: [10/13/25 07:44:07] INFO     Starting MCP server 'Basic Memory'   server.py:1352
                             with transport 'stdio'
[ERROR] MCP server "basic-memory" Server stderr: 2025-10-13 07:44:07.938 | INFO     | basic_memory.services.initialization:initialize_file_sync:109 - Starting sync for project: main
[ERROR] MCP server "basic-memory" Server stderr: 2025-10-13 07:44:07.941 | INFO     | basic_memory.services.initialization:initialize_app:156 - Initializing app...
[ERROR] MCP server "basic-memory" Server stderr: 2025-10-13 07:44:07.944 | INFO     | basic_memory.services.initialization:initialize_database:30 - Database initialization completed
[ERROR] MCP server "basic-memory" Server stderr: 2025-10-13 07:44:07.944 | INFO     | basic_memory.services.initialization:reconcile_projects_with_config:47 - Reconciling projects from config with database...
2025-10-13 07:44:07.944 | INFO     | basic_memory.sync.sync_service:sync:88 - Sync operation started for directory: /Users/walterday/basic-memory
[ERROR] MCP server "basic-memory" Server stderr: 2025-10-13 07:44:07.945 | DEBUG    | basic_memory.repository.repository:find_all:157 - Finding all Entity (skip=0, limit=None)
[ERROR] MCP server "basic-memory" Server stderr: 2025-10-13 07:44:07.948 | INFO     | basic_memory.services.project_service:synchronize_projects:233 - Synchronizing projects between database and configuration
[ERROR] MCP server "basic-memory" Server stderr: 2025-10-13 07:44:07.950 | DEBUG    | basic_memory.repository.repository:find_all:170 - Found 0 Entity records
[ERROR] MCP server "basic-memory" Server stderr: 2025-10-13 07:44:07.950 | INFO     | basic_memory.sync.sync_service:get_db_file_state:241 - Found 0 db records
[ERROR] MCP server "basic-memory" Server stderr: 2025-10-13 07:44:07.951 | INFO     | basic_memory.sync.sync_service:scan:189 - Scanning directory /Users/walterday/basic-memory. Found 0 db paths
[ERROR] MCP server "basic-memory" Server stderr: 2025-10-13 07:44:07.951 | DEBUG    | basic_memory.sync.sync_service:scan_directory:609 - Scanning directory /Users/walterday/basic-memory
2025-10-13 07:44:07.951 | DEBUG    | basic_memory.sync.sync_service:scan_directory:630 - /Users/walterday/basic-memory scan completed directory=/Users/walterday/basic-memory files_found=0 duration_ms=0
[ERROR] MCP server "basic-memory" Server stderr: 2025-10-13 07:44:07.951 | INFO     | basic_memory.sync.sync_service:scan:229 - Completed scan for directory /Users/walterday/basic-memory, found 0 changes.
2025-10-13 07:44:07.951 | INFO     | basic_memory.sync.sync_service:sync:109 - Sync changes detected: new_files=0, modified_files=0, deleted_files=0, moved_files=0
[ERROR] MCP server "basic-memory" Server stderr: 2025-10-13 07:44:07.954 | INFO     | basic_memory.sync.sync_service:resolve_relations:556 - Resolving forward references
[ERROR] MCP server "basic-memory" Server stderr: 2025-10-13 07:44:07.954 | INFO     | basic_memory.sync.sync_service:sync:179 - Sync operation completed: directory=/Users/walterday/basic-memory, total_changes=0, duration_ms=9
2025-10-13 07:44:07.954 | INFO     | basic_memory.services.initialization:initialize_file_sync:115 - Sync completed successfully for project: main
2025-10-13 07:44:07.954 | INFO     | basic_memory.services.initialization:initialize_file_sync:121 - Project main is now watching for changes
2025-10-13 07:44:07.954 | INFO     | basic_memory.services.initialization:initialize_file_sync:109 - Starting sync for project: tauri-docs
[ERROR] MCP server "basic-memory" Server stderr: 2025-10-13 07:44:07.956 | DEBUG    | basic_memory.repository.repository:find_all:157 - Finding all Project (skip=0, limit=None)
[ERROR] MCP server "basic-memory" Server stderr: 2025-10-13 07:44:07.960 | INFO     | basic_memory.sync.sync_service:sync:88 - Sync operation started for directory: /Users/walterday/Git/MerlinMines/Demos/tauri-demo-aug/first-project/docs
[ERROR] MCP server "basic-memory" Server stderr: 2025-10-13 07:44:07.960 | DEBUG    | basic_memory.repository.repository:find_all:157 - Finding all Entity (skip=0, limit=None)
2025-10-13 07:44:07.960 | DEBUG    | basic_memory.repository.repository:find_all:170 - Found 4 Project records
[ERROR] MCP server "basic-memory" Server stderr: 2025-10-13 07:44:07.965 | INFO     | basic_memory.services.project_service:synchronize_projects:301 - Project synchronization complete
[ERROR] MCP server "basic-memory" Server stderr: 2025-10-13 07:44:07.968 | INFO     | basic_memory.mcp.project_session:initialize:34 - Initialized project session with default project: subagents
[ERROR] MCP server "basic-memory" Server stderr: 2025-10-13 07:44:07.968 | INFO     | basic_memory.mcp.project_session:refresh_from_config:81 - Refreshed project session from config, new default: subagents
2025-10-13 07:44:07.968 | INFO     | basic_memory.services.initialization:reconcile_projects_with_config:64 - Projects successfully reconciled between config and database
2025-10-13 07:44:07.968 | INFO     | basic_memory.services.initialization:initialize_app:163 - App initialization completed (migration running in background if needed)
2025-10-13 07:44:07.968 | INFO     | basic_memory.mcp.project_session:initialize:34 - Initialized project session with default project: subagents
[DEBUG] MCP server "basic-memory": Successfully connected to stdio server in 2061ms
[DEBUG] MCP server "basic-memory": Connection established with capabilities: {"hasTools":true,"hasPrompts":true,"hasResources":true,"serverVersion":{"name":"Basic Memory","version":"1.13.0"}}
[ERROR] MCP server "basic-memory" Server stderr: 2025-10-13 07:44:07.980 | DEBUG    | basic_memory.repository.repository:find_all:170 - Found 7 Entity records
2025-10-13 07:44:07.981 | INFO     | basic_memory.sync.sync_service:get_db_file_state:241 - Found 7 db records
2025-10-13 07:44:07.981 | INFO     | basic_memory.sync.sync_service:scan:189 - Scanning directory /Users/walterday/Git/MerlinMines/Demos/tauri-demo-aug/first-project/docs. Found 7 db paths
2025-10-13 07:44:07.981 | DEBUG    | basic_memory.sync.sync_service:scan_directory:609 - Scanning directory /Users/walterday/Git/MerlinMines/Demos/tauri-demo-aug/first-project/docs
[ERROR] MCP server "basic-memory" Server stderr: 2025-10-13 07:44:07.985 | DEBUG    | basic_memory.sync.sync_service:scan_directory:630 - /Users/walterday/Git/MerlinMines/Demos/tauri-demo-aug/first-project/docs scan completed directory=/Users/walterday/Git/MerlinMines/Demos/tauri-demo-aug/first-project/docs files_found=7 duration_ms=3
[ERROR] MCP server "basic-memory" Server stderr: 2025-10-13 07:44:07.985 | INFO     | basic_memory.sync.sync_service:scan:229 - Completed scan for directory /Users/walterday/Git/MerlinMines/Demos/tauri-demo-aug/first-project/docs, found 0 changes.
2025-10-13 07:44:07.985 | INFO     | basic_memory.sync.sync_service:sync:109 - Sync changes detected: new_files=0, modified_files=0, deleted_files=0, moved_files=0
[ERROR] MCP server "basic-memory" Server stderr: 2025-10-13 07:44:07.986 | INFO     | basic_memory.sync.sync_service:resolve_relations:556 - Resolving forward references
[ERROR] MCP server "basic-memory" Server stderr: 2025-10-13 07:44:07.986 | INFO     | basic_memory.sync.sync_service:sync:179 - Sync operation completed: directory=/Users/walterday/Git/MerlinMines/Demos/tauri-demo-aug/first-project/docs, total_changes=0, duration_ms=26
2025-10-13 07:44:07.987 | INFO     | basic_memory.services.initialization:initialize_file_sync:115 - Sync completed successfully for project: tauri-docs
2025-10-13 07:44:07.987 | INFO     | basic_memory.services.initialization:initialize_file_sync:121 - Project tauri-docs is now watching for changes
2025-10-13 07:44:07.987 | INFO     | basic_memory.services.initialization:initialize_file_sync:109 - Starting sync for project: subagents
[ERROR] MCP server "basic-memory" Server stderr: 2025-10-13 07:44:07.990 | INFO     | basic_memory.sync.sync_service:sync:88 - Sync operation started for directory: /Users/walterday/projects/subagents
[ERROR] MCP server "basic-memory" Server stderr: 2025-10-13 07:44:07.990 | DEBUG    | basic_memory.repository.repository:find_all:157 - Finding all Entity (skip=0, limit=None)
[ERROR] MCP server "basic-memory" Server stderr: 2025-10-13 07:44:07.997 | DEBUG    | basic_memory.repository.repository:find_all:170 - Found 17 Entity records
[ERROR] MCP server "basic-memory" Server stderr: 2025-10-13 07:44:07.998 | INFO     | basic_memory.sync.sync_service:get_db_file_state:241 - Found 17 db records
2025-10-13 07:44:07.998 | INFO     | basic_memory.sync.sync_service:scan:189 - Scanning directory /Users/walterday/projects/subagents. Found 17 db paths
2025-10-13 07:44:07.998 | DEBUG    | basic_memory.sync.sync_service:scan_directory:609 - Scanning directory /Users/walterday/projects/subagents
[ERROR] MCP server "basic-memory" Server stderr: 2025-10-13 07:44:08.002 | DEBUG    | basic_memory.sync.sync_service:scan_directory:630 - /Users/walterday/projects/subagents scan completed directory=/Users/walterday/projects/subagents files_found=17 duration_ms=4
[ERROR] MCP server "basic-memory" Server stderr: 2025-10-13 07:44:08.002 | INFO     | basic_memory.sync.sync_service:scan:229 - Completed scan for directory /Users/walterday/projects/subagents, found 0 changes.
2025-10-13 07:44:08.002 | INFO     | basic_memory.sync.sync_service:sync:109 - Sync changes detected: new_files=0, modified_files=0, deleted_files=0, moved_files=0
[ERROR] MCP server "basic-memory" Server stderr: 2025-10-13 07:44:08.004 | INFO     | basic_memory.sync.sync_service:resolve_relations:556 - Resolving forward references
[ERROR] MCP server "basic-memory" Server stderr: 2025-10-13 07:44:08.004 | INFO     | basic_memory.sync.sync_service:sync:179 - Sync operation completed: directory=/Users/walterday/projects/subagents, total_changes=0, duration_ms=14
2025-10-13 07:44:08.004 | INFO     | basic_memory.services.initialization:initialize_file_sync:115 - Sync completed successfully for project: subagents
2025-10-13 07:44:08.004 | INFO     | basic_memory.services.initialization:initialize_file_sync:121 - Project subagents is now watching for changes
2025-10-13 07:44:08.004 | INFO     | basic_memory.services.initialization:initialize_file_sync:109 - Starting sync for project: firecrawl-docs
[ERROR] MCP server "basic-memory" Server stderr: 2025-10-13 07:44:08.007 | INFO     | basic_memory.sync.sync_service:sync:88 - Sync operation started for directory: /Users/walterday/Documents/firecrawl-knowledge
[ERROR] MCP server "basic-memory" Server stderr: 2025-10-13 07:44:08.007 | DEBUG    | basic_memory.repository.repository:find_all:157 - Finding all Entity (skip=0, limit=None)
[ERROR] MCP server "basic-memory" Server stderr: 2025-10-13 07:44:08.009 | DEBUG    | basic_memory.repository.repository:find_all:170 - Found 2 Entity records
[ERROR] MCP server "basic-memory" Server stderr: 2025-10-13 07:44:08.010 | INFO     | basic_memory.sync.sync_service:get_db_file_state:241 - Found 2 db records
2025-10-13 07:44:08.010 | INFO     | basic_memory.sync.sync_service:scan:189 - Scanning directory /Users/walterday/Documents/firecrawl-knowledge. Found 2 db paths
2025-10-13 07:44:08.010 | DEBUG    | basic_memory.sync.sync_service:scan_directory:609 - Scanning directory /Users/walterday/Documents/firecrawl-knowledge
[ERROR] MCP server "basic-memory" Server stderr: 2025-10-13 07:44:08.011 | DEBUG    | basic_memory.sync.sync_service:scan_directory:630 - /Users/walterday/Documents/firecrawl-knowledge scan completed directory=/Users/walterday/Documents/firecrawl-knowledge files_found=2 duration_ms=0
[ERROR] MCP server "basic-memory" Server stderr: 2025-10-13 07:44:08.011 | INFO     | basic_memory.sync.sync_service:scan:229 - Completed scan for directory /Users/walterday/Documents/firecrawl-knowledge, found 0 changes.
2025-10-13 07:44:08.011 | INFO     | basic_memory.sync.sync_service:sync:109 - Sync changes detected: new_files=0, modified_files=0, deleted_files=0, moved_files=0
[ERROR] MCP server "basic-memory" Server stderr: 2025-10-13 07:44:08.012 | INFO     | basic_memory.sync.sync_service:resolve_relations:556 - Resolving forward references
[ERROR] MCP server "basic-memory" Server stderr: 2025-10-13 07:44:08.013 | INFO     | basic_memory.sync.sync_service:sync:179 - Sync operation completed: directory=/Users/walterday/Documents/firecrawl-knowledge, total_changes=0, duration_ms=6
2025-10-13 07:44:08.013 | INFO     | basic_memory.services.initialization:initialize_file_sync:115 - Sync completed successfully for project: firecrawl-docs
2025-10-13 07:44:08.013 | INFO     | basic_memory.services.initialization:initialize_file_sync:121 - Project firecrawl-docs is now watching for changes
2025-10-13 07:44:08.013 | INFO     | basic_memory.services.initialization:initialize_file_sync:131 - Starting watch service for all projects
[ERROR] MCP server "basic-memory" Server stderr: 2025-10-13 07:44:08.014 | INFO     | basic_memory.sync.watch_service:run:94 - Watch service started
[DEBUG] Summarizing last 1 of 83 messages (~94189 tokens)
[DEBUG] Summarizing last 4 of 56 messages (~141884 tokens)
[DEBUG] Summarizing last 0 of 70 messages (~0 tokens)
[DEBUG] Summarizing last 2 of 87 messages (~141957 tokens)
[DEBUG] Summarizing last 2 of 84 messages (~126827 tokens)
[DEBUG] AutoUpdaterWrapper: Installation type: npm-global, using native: false
[DEBUG] Summarizing last 0 of 159 messages (~0 tokens)
[DEBUG] Summarizing last 2 of 113 messages (~139533 tokens)
[DEBUG] Summarizing last 1 of 86 messages (~77145 tokens)
[DEBUG] Summarizing last 1 of 75 messages (~83482 tokens)
[DEBUG] Summarizing last 2 of 74 messages (~76734 tokens)
[DEBUG] Summarizing last 2 of 119 messages (~135318 tokens)
[DEBUG] AutoUpdaterWrapper: Installation type: npm-global, using native: false
[DEBUG] Summarizing last 2 of 159 messages (~136582 tokens)
[DEBUG] Hooks: getAsyncHookResponseAttachments called
[DEBUG] Hooks: checkForNewResponses called
[DEBUG] Hooks: Found 0 total hooks in registry
[DEBUG] Hooks: checkForNewResponses returning 0 responses
[DEBUG] Executing hooks for UserPromptSubmit
[DEBUG] Getting matching hook commands for UserPromptSubmit with query: undefined
[DEBUG] Found 1 hook matchers in settings
[DEBUG] Matched 1 unique hooks for query "no match query" (1 before deduplication)
[DEBUG] Found 1 hook commands to execute
[DEBUG] Executing hook command: /Users/walterday/.claude/hooks/post-branch-create.sh with timeout 60000ms
[DEBUG] Hook command completed with status 0: /Users/walterday/.claude/hooks/post-branch-create.sh
[DEBUG] Hook output does not start with {, treating as plain text
[DEBUG] FileHistory: Making snapshot for message 41aaadf6-3c68-4afc-9259-ac1a24054725
[DEBUG] FileHistory: Added snapshot for 41aaadf6-3c68-4afc-9259-ac1a24054725, tracking 0 files
[DEBUG] Slash commands included in SlashCommand tool: /bug, /seek, /implement
[DEBUG] Summarizing last 2 of 127 messages (~130872 tokens)
[DEBUG] Summarizing last 1 of 68 messages (~77053 tokens)
[DEBUG] Summarizing last 2 of 70 messages (~98238 tokens)
[DEBUG] Summarizing last 3 of 64 messages (~122153 tokens)
[DEBUG] Stream started - received first chunk
[DEBUG] Summarizing last 3 of 71 messages (~138979 tokens)
[DEBUG] Summarizing last 2 of 79 messages (~77825 tokens)
[DEBUG] Summarizing last 4 of 73 messages (~141796 tokens)
[DEBUG] Summarizing last 2 of 80 messages (~85202 tokens)
[DEBUG] executePreToolHooks called for tool: TodoWrite
[DEBUG] Executing hooks for PreToolUse:TodoWrite
[DEBUG] Getting matching hook commands for PreToolUse with query: TodoWrite
[DEBUG] Found 1 hook matchers in settings
[DEBUG] Matched 0 unique hooks for query "TodoWrite" (0 before deduplication)
[DEBUG] Found 0 hook commands to execute
[DEBUG] Writing to temp file: /Users/walterday/.claude/todos/6dd5b38e-4203-491d-897e-6863a0cf565d-agent-021d49d0-0e5d-4b6e-b471-e74c2afa2206.json.tmp.45814.1760355872284
[DEBUG] Temp file written successfully, size: 2 bytes
[DEBUG] Renaming /Users/walterday/.claude/todos/6dd5b38e-4203-491d-897e-6863a0cf565d-agent-021d49d0-0e5d-4b6e-b471-e74c2afa2206.json.tmp.45814.1760355872284 to /Users/walterday/.claude/todos/6dd5b38e-4203-491d-897e-6863a0cf565d-agent-021d49d0-0e5d-4b6e-b471-e74c2afa2206.json
[DEBUG] File /Users/walterday/.claude/todos/6dd5b38e-4203-491d-897e-6863a0cf565d-agent-021d49d0-0e5d-4b6e-b471-e74c2afa2206.json written atomically
[DEBUG] Writing to temp file: /Users/walterday/.claude/todos/6dd5b38e-4203-491d-897e-6863a0cf565d-agent-6dd5b38e-4203-491d-897e-6863a0cf565d.json.tmp.45814.1760355872294
[DEBUG] Temp file written successfully, size: 968 bytes
[DEBUG] Renaming /Users/walterday/.claude/todos/6dd5b38e-4203-491d-897e-6863a0cf565d-agent-6dd5b38e-4203-491d-897e-6863a0cf565d.json.tmp.45814.1760355872294 to /Users/walterday/.claude/todos/6dd5b38e-4203-491d-897e-6863a0cf565d-agent-6dd5b38e-4203-491d-897e-6863a0cf565d.json
[DEBUG] File /Users/walterday/.claude/todos/6dd5b38e-4203-491d-897e-6863a0cf565d-agent-6dd5b38e-4203-491d-897e-6863a0cf565d.json written atomically
[DEBUG] Executing hooks for PostToolUse:TodoWrite
[DEBUG] Getting matching hook commands for PostToolUse with query: TodoWrite
[DEBUG] Found 0 hook matchers in settings
[DEBUG] Matched 0 unique hooks for query "TodoWrite" (0 before deduplication)
[DEBUG] Found 0 hook commands to execute
[DEBUG] Hooks: getAsyncHookResponseAttachments called
[DEBUG] Hooks: checkForNewResponses called
[DEBUG] Hooks: Found 0 total hooks in registry
[DEBUG] Hooks: checkForNewResponses returning 0 responses
[DEBUG] Slash commands included in SlashCommand tool: /bug, /seek, /implement
[DEBUG] Stream started - received first chunk
[DEBUG] executePreToolHooks called for tool: TodoWrite
[DEBUG] Executing hooks for PreToolUse:TodoWrite
[DEBUG] Getting matching hook commands for PreToolUse with query: TodoWrite
[DEBUG] Found 1 hook matchers in settings
[DEBUG] Matched 0 unique hooks for query "TodoWrite" (0 before deduplication)
[DEBUG] Found 0 hook commands to execute
[DEBUG] Writing to temp file: /Users/walterday/.claude/todos/6dd5b38e-4203-491d-897e-6863a0cf565d-agent-021d49d0-0e5d-4b6e-b471-e74c2afa2206.json.tmp.45814.1760355880017
[DEBUG] Preserving file permissions: 100644
[DEBUG] Temp file written successfully, size: 2 bytes
[DEBUG] Applied original permissions to temp file
[DEBUG] Renaming /Users/walterday/.claude/todos/6dd5b38e-4203-491d-897e-6863a0cf565d-agent-021d49d0-0e5d-4b6e-b471-e74c2afa2206.json.tmp.45814.1760355880017 to /Users/walterday/.claude/todos/6dd5b38e-4203-491d-897e-6863a0cf565d-agent-021d49d0-0e5d-4b6e-b471-e74c2afa2206.json
[DEBUG] File /Users/walterday/.claude/todos/6dd5b38e-4203-491d-897e-6863a0cf565d-agent-021d49d0-0e5d-4b6e-b471-e74c2afa2206.json written atomically
[DEBUG] Writing to temp file: /Users/walterday/.claude/todos/6dd5b38e-4203-491d-897e-6863a0cf565d-agent-6dd5b38e-4203-491d-897e-6863a0cf565d.json.tmp.45814.1760355880036
[DEBUG] Preserving file permissions: 100644
[DEBUG] Temp file written successfully, size: 972 bytes
[DEBUG] Applied original permissions to temp file
[DEBUG] Renaming /Users/walterday/.claude/todos/6dd5b38e-4203-491d-897e-6863a0cf565d-agent-6dd5b38e-4203-491d-897e-6863a0cf565d.json.tmp.45814.1760355880036 to /Users/walterday/.claude/todos/6dd5b38e-4203-491d-897e-6863a0cf565d-agent-6dd5b38e-4203-491d-897e-6863a0cf565d.json
[DEBUG] File /Users/walterday/.claude/todos/6dd5b38e-4203-491d-897e-6863a0cf565d-agent-6dd5b38e-4203-491d-897e-6863a0cf565d.json written atomically
[DEBUG] Executing hooks for PostToolUse:TodoWrite
[DEBUG] Getting matching hook commands for PostToolUse with query: TodoWrite
[DEBUG] Found 0 hook matchers in settings
[DEBUG] Matched 0 unique hooks for query "TodoWrite" (0 before deduplication)
[DEBUG] Found 0 hook commands to execute
[DEBUG] Hooks: getAsyncHookResponseAttachments called
[DEBUG] Hooks: checkForNewResponses called
[DEBUG] Hooks: Found 0 total hooks in registry
[DEBUG] Hooks: checkForNewResponses returning 0 responses
[DEBUG] Slash commands included in SlashCommand tool: /bug, /seek, /implement
[DEBUG] Stream started - received first chunk
[DEBUG] executePreToolHooks called for tool: Read
[DEBUG] Executing hooks for PreToolUse:Read
[DEBUG] Getting matching hook commands for PreToolUse with query: Read
[DEBUG] Found 1 hook matchers in settings
[DEBUG] Matched 0 unique hooks for query "Read" (0 before deduplication)
[DEBUG] Found 0 hook commands to execute
[DEBUG] Executing hooks for PostToolUse:Read
[DEBUG] Getting matching hook commands for PostToolUse with query: Read
[DEBUG] Found 0 hook matchers in settings
[DEBUG] Matched 0 unique hooks for query "Read" (0 before deduplication)
[DEBUG] Found 0 hook commands to execute
[DEBUG] Hooks: getAsyncHookResponseAttachments called
[DEBUG] Hooks: checkForNewResponses called
[DEBUG] Hooks: Found 0 total hooks in registry
[DEBUG] Hooks: checkForNewResponses returning 0 responses
[DEBUG] Slash commands included in SlashCommand tool: /bug, /seek, /implement
[DEBUG] Stream started - received first chunk
[DEBUG] executePreToolHooks called for tool: TodoWrite
[DEBUG] Executing hooks for PreToolUse:TodoWrite
[DEBUG] Getting matching hook commands for PreToolUse with query: TodoWrite
[DEBUG] Found 1 hook matchers in settings
[DEBUG] Matched 0 unique hooks for query "TodoWrite" (0 before deduplication)
[DEBUG] Found 0 hook commands to execute
[DEBUG] Writing to temp file: /Users/walterday/.claude/todos/6dd5b38e-4203-491d-897e-6863a0cf565d-agent-021d49d0-0e5d-4b6e-b471-e74c2afa2206.json.tmp.45814.1760355893333
[DEBUG] Preserving file permissions: 100644
[DEBUG] Temp file written successfully, size: 2 bytes
[DEBUG] Applied original permissions to temp file
[DEBUG] Renaming /Users/walterday/.claude/todos/6dd5b38e-4203-491d-897e-6863a0cf565d-agent-021d49d0-0e5d-4b6e-b471-e74c2afa2206.json.tmp.45814.1760355893333 to /Users/walterday/.claude/todos/6dd5b38e-4203-491d-897e-6863a0cf565d-agent-021d49d0-0e5d-4b6e-b471-e74c2afa2206.json
[DEBUG] File /Users/walterday/.claude/todos/6dd5b38e-4203-491d-897e-6863a0cf565d-agent-021d49d0-0e5d-4b6e-b471-e74c2afa2206.json written atomically
[DEBUG] Writing to temp file: /Users/walterday/.claude/todos/6dd5b38e-4203-491d-897e-6863a0cf565d-agent-6dd5b38e-4203-491d-897e-6863a0cf565d.json.tmp.45814.1760355893348
[DEBUG] Preserving file permissions: 100644
[DEBUG] Temp file written successfully, size: 974 bytes
[DEBUG] Applied original permissions to temp file
[DEBUG] Renaming /Users/walterday/.claude/todos/6dd5b38e-4203-491d-897e-6863a0cf565d-agent-6dd5b38e-4203-491d-897e-6863a0cf565d.json.tmp.45814.1760355893348 to /Users/walterday/.claude/todos/6dd5b38e-4203-491d-897e-6863a0cf565d-agent-6dd5b38e-4203-491d-897e-6863a0cf565d.json
[DEBUG] File /Users/walterday/.claude/todos/6dd5b38e-4203-491d-897e-6863a0cf565d-agent-6dd5b38e-4203-491d-897e-6863a0cf565d.json written atomically
[DEBUG] Executing hooks for PostToolUse:TodoWrite
[DEBUG] Getting matching hook commands for PostToolUse with query: TodoWrite
[DEBUG] Found 0 hook matchers in settings
[DEBUG] Matched 0 unique hooks for query "TodoWrite" (0 before deduplication)
[DEBUG] Found 0 hook commands to execute
[DEBUG] Hooks: getAsyncHookResponseAttachments called
[DEBUG] Hooks: checkForNewResponses called
[DEBUG] Hooks: Found 0 total hooks in registry
[DEBUG] Hooks: checkForNewResponses returning 0 responses
[DEBUG] Slash commands included in SlashCommand tool: /bug, /seek, /implement
[DEBUG] Stream started - received first chunk
[DEBUG] executePreToolHooks called for tool: Task
[DEBUG] Executing hooks for PreToolUse:Task
[DEBUG] Getting matching hook commands for PreToolUse with query: Task
[DEBUG] Found 1 hook matchers in settings
[DEBUG] Matched 0 unique hooks for query "Task" (0 before deduplication)
[DEBUG] Found 0 hook commands to execute
[DEBUG] Slash commands included in SlashCommand tool: /bug, /seek, /implement
[DEBUG] Stream started - received first chunk
[DEBUG] executePreToolHooks called for tool: Glob
[DEBUG] Executing hooks for PreToolUse:Glob
[DEBUG] Getting matching hook commands for PreToolUse with query: Glob
[DEBUG] Found 1 hook matchers in settings
[DEBUG] Matched 0 unique hooks for query "Glob" (0 before deduplication)
[DEBUG] Found 0 hook commands to execute
[DEBUG] executePreToolHooks called for tool: Glob
[DEBUG] Executing hooks for PreToolUse:Glob
[DEBUG] Getting matching hook commands for PreToolUse with query: Glob
[DEBUG] Found 1 hook matchers in settings
[DEBUG] Matched 0 unique hooks for query "Glob" (0 before deduplication)
[DEBUG] Found 0 hook commands to execute
[DEBUG] executePreToolHooks called for tool: Glob
[DEBUG] Executing hooks for PreToolUse:Glob
[DEBUG] Getting matching hook commands for PreToolUse with query: Glob
[DEBUG] Found 1 hook matchers in settings
[DEBUG] Matched 0 unique hooks for query "Glob" (0 before deduplication)
[DEBUG] Found 0 hook commands to execute
[DEBUG] executePreToolHooks called for tool: Grep
[DEBUG] Executing hooks for PreToolUse:Grep
[DEBUG] Getting matching hook commands for PreToolUse with query: Grep
[DEBUG] Found 1 hook matchers in settings
[DEBUG] Matched 0 unique hooks for query "Grep" (0 before deduplication)
[DEBUG] Found 0 hook commands to execute
[DEBUG] executePreToolHooks called for tool: Grep
[DEBUG] Executing hooks for PreToolUse:Grep
[DEBUG] Getting matching hook commands for PreToolUse with query: Grep
[DEBUG] Found 1 hook matchers in settings
[DEBUG] Matched 0 unique hooks for query "Grep" (0 before deduplication)
[DEBUG] Found 0 hook commands to execute
[DEBUG] executePreToolHooks called for tool: Grep
[DEBUG] Executing hooks for PreToolUse:Grep
[DEBUG] Getting matching hook commands for PreToolUse with query: Grep
[DEBUG] Found 1 hook matchers in settings
[DEBUG] Matched 0 unique hooks for query "Grep" (0 before deduplication)
[DEBUG] Found 0 hook commands to execute
[DEBUG] executePreToolHooks called for tool: Grep
[DEBUG] Executing hooks for PreToolUse:Grep
[DEBUG] Getting matching hook commands for PreToolUse with query: Grep
[DEBUG] Found 1 hook matchers in settings
[DEBUG] Matched 0 unique hooks for query "Grep" (0 before deduplication)
[DEBUG] Found 0 hook commands to execute
[DEBUG] Executing hooks for PostToolUse:Grep
[DEBUG] Getting matching hook commands for PostToolUse with query: Grep
[DEBUG] Found 0 hook matchers in settings
[DEBUG] Matched 0 unique hooks for query "Grep" (0 before deduplication)
[DEBUG] Found 0 hook commands to execute
[DEBUG] Executing hooks for PostToolUse:Grep
[DEBUG] Getting matching hook commands for PostToolUse with query: Grep
[DEBUG] Found 0 hook matchers in settings
[DEBUG] Matched 0 unique hooks for query "Grep" (0 before deduplication)
[DEBUG] Found 0 hook commands to execute
[DEBUG] Executing hooks for PostToolUse:Grep
[DEBUG] Getting matching hook commands for PostToolUse with query: Grep
[DEBUG] Found 0 hook matchers in settings
[DEBUG] Matched 0 unique hooks for query "Grep" (0 before deduplication)
[DEBUG] Found 0 hook commands to execute
[DEBUG] Executing hooks for PostToolUse:Grep
[DEBUG] Getting matching hook commands for PostToolUse with query: Grep
[DEBUG] Found 0 hook matchers in settings
[DEBUG] Matched 0 unique hooks for query "Grep" (0 before deduplication)
[DEBUG] Found 0 hook commands to execute
[DEBUG] Executing hooks for PostToolUse:Glob
[DEBUG] Getting matching hook commands for PostToolUse with query: Glob
[DEBUG] Found 0 hook matchers in settings
[DEBUG] Matched 0 unique hooks for query "Glob" (0 before deduplication)
[DEBUG] Found 0 hook commands to execute
[DEBUG] Executing hooks for PostToolUse:Glob
[DEBUG] Getting matching hook commands for PostToolUse with query: Glob
[DEBUG] Found 0 hook matchers in settings
[DEBUG] Matched 0 unique hooks for query "Glob" (0 before deduplication)
[DEBUG] Found 0 hook commands to execute
[DEBUG] Executing hooks for PostToolUse:Glob
[DEBUG] Getting matching hook commands for PostToolUse with query: Glob
[DEBUG] Found 0 hook matchers in settings
[DEBUG] Matched 0 unique hooks for query "Glob" (0 before deduplication)
[DEBUG] Found 0 hook commands to execute
[DEBUG] Slash commands included in SlashCommand tool: /bug, /seek, /implement
[DEBUG] Stream started - received first chunk
[DEBUG] executePreToolHooks called for tool: Read
[DEBUG] Executing hooks for PreToolUse:Read
[DEBUG] Getting matching hook commands for PreToolUse with query: Read
[DEBUG] Found 1 hook matchers in settings
[DEBUG] Matched 0 unique hooks for query "Read" (0 before deduplication)
[DEBUG] Found 0 hook commands to execute
[DEBUG] executePreToolHooks called for tool: Read
[DEBUG] Executing hooks for PreToolUse:Read
[DEBUG] Getting matching hook commands for PreToolUse with query: Read
[DEBUG] Found 1 hook matchers in settings
[DEBUG] Matched 0 unique hooks for query "Read" (0 before deduplication)
[DEBUG] Found 0 hook commands to execute
[DEBUG] executePreToolHooks called for tool: Read
[DEBUG] Executing hooks for PreToolUse:Read
[DEBUG] Getting matching hook commands for PreToolUse with query: Read
[DEBUG] Found 1 hook matchers in settings
[DEBUG] Matched 0 unique hooks for query "Read" (0 before deduplication)
[DEBUG] Found 0 hook commands to execute
[DEBUG] executePreToolHooks called for tool: Read
[DEBUG] Executing hooks for PreToolUse:Read
[DEBUG] Getting matching hook commands for PreToolUse with query: Read
[DEBUG] Found 1 hook matchers in settings
[DEBUG] Matched 0 unique hooks for query "Read" (0 before deduplication)
[DEBUG] Found 0 hook commands to execute
[DEBUG] Executing hooks for PostToolUse:Read
[DEBUG] Getting matching hook commands for PostToolUse with query: Read
[DEBUG] Found 0 hook matchers in settings
[DEBUG] Matched 0 unique hooks for query "Read" (0 before deduplication)
[DEBUG] Found 0 hook commands to execute
[DEBUG] Executing hooks for PostToolUse:Read
[DEBUG] Getting matching hook commands for PostToolUse with query: Read
[DEBUG] Found 0 hook matchers in settings
[DEBUG] Matched 0 unique hooks for query "Read" (0 before deduplication)
[DEBUG] Found 0 hook commands to execute
[DEBUG] Executing hooks for PostToolUse:Read
[DEBUG] Getting matching hook commands for PostToolUse with query: Read
[DEBUG] Found 0 hook matchers in settings
[DEBUG] Matched 0 unique hooks for query "Read" (0 before deduplication)
[DEBUG] Found 0 hook commands to execute
[DEBUG] Executing hooks for PostToolUse:Read
[DEBUG] Getting matching hook commands for PostToolUse with query: Read
[DEBUG] Found 0 hook matchers in settings
[DEBUG] Matched 0 unique hooks for query "Read" (0 before deduplication)
[DEBUG] Found 0 hook commands to execute
[DEBUG] Slash commands included in SlashCommand tool: /bug, /seek, /implement
[DEBUG] Stream started - received first chunk
[DEBUG] executePreToolHooks called for tool: Read
[DEBUG] Executing hooks for PreToolUse:Read
[DEBUG] Getting matching hook commands for PreToolUse with query: Read
[DEBUG] Found 1 hook matchers in settings
[DEBUG] Matched 0 unique hooks for query "Read" (0 before deduplication)
[DEBUG] Found 0 hook commands to execute
[DEBUG] executePreToolHooks called for tool: Read
[DEBUG] Executing hooks for PreToolUse:Read
[DEBUG] Getting matching hook commands for PreToolUse with query: Read
[DEBUG] Found 1 hook matchers in settings
[DEBUG] Matched 0 unique hooks for query "Read" (0 before deduplication)
[DEBUG] Found 0 hook commands to execute
[DEBUG] Executing hooks for PostToolUse:Read
[DEBUG] Getting matching hook commands for PostToolUse with query: Read
[DEBUG] Found 0 hook matchers in settings
[DEBUG] Matched 0 unique hooks for query "Read" (0 before deduplication)
[DEBUG] Found 0 hook commands to execute
[DEBUG] Executing hooks for PostToolUse:Read
[DEBUG] Getting matching hook commands for PostToolUse with query: Read
[DEBUG] Found 0 hook matchers in settings
[DEBUG] Matched 0 unique hooks for query "Read" (0 before deduplication)
[DEBUG] Found 0 hook commands to execute
[DEBUG] Slash commands included in SlashCommand tool: /bug, /seek, /implement
[DEBUG] Stream started - received first chunk
[DEBUG] executePreToolHooks called for tool: Grep
[DEBUG] Executing hooks for PreToolUse:Grep
[DEBUG] Getting matching hook commands for PreToolUse with query: Grep
[DEBUG] Found 1 hook matchers in settings
[DEBUG] Matched 0 unique hooks for query "Grep" (0 before deduplication)
[DEBUG] Found 0 hook commands to execute
[DEBUG] Executing hooks for PostToolUse:Grep
[DEBUG] Getting matching hook commands for PostToolUse with query: Grep
[DEBUG] Found 0 hook matchers in settings
[DEBUG] Matched 0 unique hooks for query "Grep" (0 before deduplication)
[DEBUG] Found 0 hook commands to execute
[DEBUG] Slash commands included in SlashCommand tool: /bug, /seek, /implement
[DEBUG] Stream started - received first chunk
[DEBUG] Executing hooks for SubagentStop
[DEBUG] Getting matching hook commands for SubagentStop with query: undefined
[DEBUG] Found 0 hook matchers in settings
[DEBUG] Matched 0 unique hooks for query "no match query" (0 before deduplication)
[DEBUG] Found 0 hook commands to execute
[DEBUG] Executing hooks for PostToolUse:Task
[DEBUG] Getting matching hook commands for PostToolUse with query: Task
[DEBUG] Found 0 hook matchers in settings
[DEBUG] Matched 0 unique hooks for query "Task" (0 before deduplication)
[DEBUG] Found 0 hook commands to execute
[DEBUG] Hooks: getAsyncHookResponseAttachments called
[DEBUG] Hooks: checkForNewResponses called
[DEBUG] Hooks: Found 0 total hooks in registry
[DEBUG] Hooks: checkForNewResponses returning 0 responses
[DEBUG] Slash commands included in SlashCommand tool: /bug, /seek, /implement
[DEBUG] Stream started - received first chunk
[DEBUG] executePreToolHooks called for tool: Read
[DEBUG] Executing hooks for PreToolUse:Read
[DEBUG] Getting matching hook commands for PreToolUse with query: Read
[DEBUG] Found 1 hook matchers in settings
[DEBUG] Matched 0 unique hooks for query "Read" (0 before deduplication)
[DEBUG] Found 0 hook commands to execute
[DEBUG] Executing hooks for PostToolUse:Read
[DEBUG] Getting matching hook commands for PostToolUse with query: Read
[DEBUG] Found 0 hook matchers in settings
[DEBUG] Matched 0 unique hooks for query "Read" (0 before deduplication)
[DEBUG] Found 0 hook commands to execute
[DEBUG] Hooks: getAsyncHookResponseAttachments called
[DEBUG] Hooks: checkForNewResponses called
[DEBUG] Hooks: Found 0 total hooks in registry
[DEBUG] Hooks: checkForNewResponses returning 0 responses
[DEBUG] Slash commands included in SlashCommand tool: /bug, /seek, /implement
[DEBUG] Stream started - received first chunk
[DEBUG] executePreToolHooks called for tool: Read
[DEBUG] Executing hooks for PreToolUse:Read
[DEBUG] Getting matching hook commands for PreToolUse with query: Read
[DEBUG] Found 1 hook matchers in settings
[DEBUG] Matched 0 unique hooks for query "Read" (0 before deduplication)
[DEBUG] Found 0 hook commands to execute
[DEBUG] Executing hooks for PostToolUse:Read
[DEBUG] Getting matching hook commands for PostToolUse with query: Read
[DEBUG] Found 0 hook matchers in settings
[DEBUG] Matched 0 unique hooks for query "Read" (0 before deduplication)
[DEBUG] Found 0 hook commands to execute
[DEBUG] Hooks: getAsyncHookResponseAttachments called
[DEBUG] Hooks: checkForNewResponses called
[DEBUG] Hooks: Found 0 total hooks in registry
[DEBUG] Hooks: checkForNewResponses returning 0 responses
[DEBUG] Slash commands included in SlashCommand tool: /bug, /seek, /implement
[DEBUG] Stream started - received first chunk
[DEBUG] executePreToolHooks called for tool: Read
[DEBUG] Executing hooks for PreToolUse:Read
[DEBUG] Getting matching hook commands for PreToolUse with query: Read
[DEBUG] Found 1 hook matchers in settings
[DEBUG] Matched 0 unique hooks for query "Read" (0 before deduplication)
[DEBUG] Found 0 hook commands to execute
[DEBUG] Executing hooks for PostToolUse:Read
[DEBUG] Getting matching hook commands for PostToolUse with query: Read
[DEBUG] Found 0 hook matchers in settings
[DEBUG] Matched 0 unique hooks for query "Read" (0 before deduplication)
[DEBUG] Found 0 hook commands to execute
[DEBUG] Hooks: getAsyncHookResponseAttachments called
[DEBUG] Hooks: checkForNewResponses called
[DEBUG] Hooks: Found 0 total hooks in registry
[DEBUG] Hooks: checkForNewResponses returning 0 responses
[DEBUG] Slash commands included in SlashCommand tool: /bug, /seek, /implement
[DEBUG] Stream started - received first chunk
[DEBUG] executePreToolHooks called for tool: TodoWrite
[DEBUG] Executing hooks for PreToolUse:TodoWrite
[DEBUG] Getting matching hook commands for PreToolUse with query: TodoWrite
[DEBUG] Found 1 hook matchers in settings
[DEBUG] Matched 0 unique hooks for query "TodoWrite" (0 before deduplication)
[DEBUG] Found 0 hook commands to execute
[DEBUG] Writing to temp file: /Users/walterday/.claude/todos/6dd5b38e-4203-491d-897e-6863a0cf565d-agent-021d49d0-0e5d-4b6e-b471-e74c2afa2206.json.tmp.45814.1760355982581
[DEBUG] Preserving file permissions: 100644
[DEBUG] Temp file written successfully, size: 2 bytes
[DEBUG] Applied original permissions to temp file
[DEBUG] Renaming /Users/walterday/.claude/todos/6dd5b38e-4203-491d-897e-6863a0cf565d-agent-021d49d0-0e5d-4b6e-b471-e74c2afa2206.json.tmp.45814.1760355982581 to /Users/walterday/.claude/todos/6dd5b38e-4203-491d-897e-6863a0cf565d-agent-021d49d0-0e5d-4b6e-b471-e74c2afa2206.json
[DEBUG] File /Users/walterday/.claude/todos/6dd5b38e-4203-491d-897e-6863a0cf565d-agent-021d49d0-0e5d-4b6e-b471-e74c2afa2206.json written atomically
[DEBUG] Writing to temp file: /Users/walterday/.claude/todos/6dd5b38e-4203-491d-897e-6863a0cf565d-agent-6dd5b38e-4203-491d-897e-6863a0cf565d.json.tmp.45814.1760355982592
[DEBUG] Preserving file permissions: 100644
[DEBUG] Temp file written successfully, size: 976 bytes
[DEBUG] Applied original permissions to temp file
[DEBUG] Renaming /Users/walterday/.claude/todos/6dd5b38e-4203-491d-897e-6863a0cf565d-agent-6dd5b38e-4203-491d-897e-6863a0cf565d.json.tmp.45814.1760355982592 to /Users/walterday/.claude/todos/6dd5b38e-4203-491d-897e-6863a0cf565d-agent-6dd5b38e-4203-491d-897e-6863a0cf565d.json
[DEBUG] File /Users/walterday/.claude/todos/6dd5b38e-4203-491d-897e-6863a0cf565d-agent-6dd5b38e-4203-491d-897e-6863a0cf565d.json written atomically
[DEBUG] Executing hooks for PostToolUse:TodoWrite
[DEBUG] Getting matching hook commands for PostToolUse with query: TodoWrite
[DEBUG] Found 0 hook matchers in settings
[DEBUG] Matched 0 unique hooks for query "TodoWrite" (0 before deduplication)
[DEBUG] Found 0 hook commands to execute
[DEBUG] Hooks: getAsyncHookResponseAttachments called
[DEBUG] Hooks: checkForNewResponses called
[DEBUG] Hooks: Found 0 total hooks in registry
[DEBUG] Hooks: checkForNewResponses returning 0 responses
[DEBUG] Slash commands included in SlashCommand tool: /bug, /seek, /implement
[DEBUG] Stream started - received first chunk
[DEBUG] executePreToolHooks called for tool: TodoWrite
[DEBUG] Executing hooks for PreToolUse:TodoWrite
[DEBUG] Getting matching hook commands for PreToolUse with query: TodoWrite
[DEBUG] Found 1 hook matchers in settings
[DEBUG] Matched 0 unique hooks for query "TodoWrite" (0 before deduplication)
[DEBUG] Found 0 hook commands to execute
[DEBUG] Writing to temp file: /Users/walterday/.claude/todos/6dd5b38e-4203-491d-897e-6863a0cf565d-agent-021d49d0-0e5d-4b6e-b471-e74c2afa2206.json.tmp.45814.1760355993380
[DEBUG] Preserving file permissions: 100644
[DEBUG] Temp file written successfully, size: 2 bytes
[DEBUG] Applied original permissions to temp file
[DEBUG] Renaming /Users/walterday/.claude/todos/6dd5b38e-4203-491d-897e-6863a0cf565d-agent-021d49d0-0e5d-4b6e-b471-e74c2afa2206.json.tmp.45814.1760355993380 to /Users/walterday/.claude/todos/6dd5b38e-4203-491d-897e-6863a0cf565d-agent-021d49d0-0e5d-4b6e-b471-e74c2afa2206.json
[DEBUG] File /Users/walterday/.claude/todos/6dd5b38e-4203-491d-897e-6863a0cf565d-agent-021d49d0-0e5d-4b6e-b471-e74c2afa2206.json written atomically
[DEBUG] Writing to temp file: /Users/walterday/.claude/todos/6dd5b38e-4203-491d-897e-6863a0cf565d-agent-6dd5b38e-4203-491d-897e-6863a0cf565d.json.tmp.45814.1760355993399
[DEBUG] Preserving file permissions: 100644
[DEBUG] Temp file written successfully, size: 1990 bytes
[DEBUG] Applied original permissions to temp file
[DEBUG] Renaming /Users/walterday/.claude/todos/6dd5b38e-4203-491d-897e-6863a0cf565d-agent-6dd5b38e-4203-491d-897e-6863a0cf565d.json.tmp.45814.1760355993399 to /Users/walterday/.claude/todos/6dd5b38e-4203-491d-897e-6863a0cf565d-agent-6dd5b38e-4203-491d-897e-6863a0cf565d.json
[DEBUG] File /Users/walterday/.claude/todos/6dd5b38e-4203-491d-897e-6863a0cf565d-agent-6dd5b38e-4203-491d-897e-6863a0cf565d.json written atomically
[DEBUG] Executing hooks for PostToolUse:TodoWrite
[DEBUG] Getting matching hook commands for PostToolUse with query: TodoWrite
[DEBUG] Found 0 hook matchers in settings
[DEBUG] Matched 0 unique hooks for query "TodoWrite" (0 before deduplication)
[DEBUG] Found 0 hook commands to execute
[DEBUG] Hooks: getAsyncHookResponseAttachments called
[DEBUG] Hooks: checkForNewResponses called
[DEBUG] Hooks: Found 0 total hooks in registry
[DEBUG] Hooks: checkForNewResponses returning 0 responses
[DEBUG] Slash commands included in SlashCommand tool: /bug, /seek, /implement
[DEBUG] Stream started - received first chunk
[DEBUG] executePreToolHooks called for tool: TodoWrite
[DEBUG] Executing hooks for PreToolUse:TodoWrite
[DEBUG] Getting matching hook commands for PreToolUse with query: TodoWrite
[DEBUG] Found 1 hook matchers in settings
[DEBUG] Matched 0 unique hooks for query "TodoWrite" (0 before deduplication)
[DEBUG] Found 0 hook commands to execute
[DEBUG] Writing to temp file: /Users/walterday/.claude/todos/6dd5b38e-4203-491d-897e-6863a0cf565d-agent-021d49d0-0e5d-4b6e-b471-e74c2afa2206.json.tmp.45814.1760356001080
[DEBUG] Preserving file permissions: 100644
[DEBUG] Temp file written successfully, size: 2 bytes
[DEBUG] Applied original permissions to temp file
[DEBUG] Renaming /Users/walterday/.claude/todos/6dd5b38e-4203-491d-897e-6863a0cf565d-agent-021d49d0-0e5d-4b6e-b471-e74c2afa2206.json.tmp.45814.1760356001080 to /Users/walterday/.claude/todos/6dd5b38e-4203-491d-897e-6863a0cf565d-agent-021d49d0-0e5d-4b6e-b471-e74c2afa2206.json
[DEBUG] File /Users/walterday/.claude/todos/6dd5b38e-4203-491d-897e-6863a0cf565d-agent-021d49d0-0e5d-4b6e-b471-e74c2afa2206.json written atomically
[DEBUG] Writing to temp file: /Users/walterday/.claude/todos/6dd5b38e-4203-491d-897e-6863a0cf565d-agent-6dd5b38e-4203-491d-897e-6863a0cf565d.json.tmp.45814.1760356001102
[DEBUG] Preserving file permissions: 100644
[DEBUG] Temp file written successfully, size: 1994 bytes
[DEBUG] Applied original permissions to temp file
[DEBUG] Renaming /Users/walterday/.claude/todos/6dd5b38e-4203-491d-897e-6863a0cf565d-agent-6dd5b38e-4203-491d-897e-6863a0cf565d.json.tmp.45814.1760356001102 to /Users/walterday/.claude/todos/6dd5b38e-4203-491d-897e-6863a0cf565d-agent-6dd5b38e-4203-491d-897e-6863a0cf565d.json
[DEBUG] File /Users/walterday/.claude/todos/6dd5b38e-4203-491d-897e-6863a0cf565d-agent-6dd5b38e-4203-491d-897e-6863a0cf565d.json written atomically
[DEBUG] Executing hooks for PostToolUse:TodoWrite
[DEBUG] Getting matching hook commands for PostToolUse with query: TodoWrite
[DEBUG] Found 0 hook matchers in settings
[DEBUG] Matched 0 unique hooks for query "TodoWrite" (0 before deduplication)
[DEBUG] Found 0 hook commands to execute
[DEBUG] Hooks: getAsyncHookResponseAttachments called
[DEBUG] Hooks: checkForNewResponses called
[DEBUG] Hooks: Found 0 total hooks in registry
[DEBUG] Hooks: checkForNewResponses returning 0 responses
[DEBUG] Slash commands included in SlashCommand tool: /bug, /seek, /implement
[DEBUG] Stream started - received first chunk
[DEBUG] executePreToolHooks called for tool: Edit
[DEBUG] Executing hooks for PreToolUse:Edit
[DEBUG] Getting matching hook commands for PreToolUse with query: Edit
[DEBUG] Found 1 hook matchers in settings
[DEBUG] Matched 1 unique hooks for query "Edit" (1 before deduplication)
[DEBUG] Found 1 hook commands to execute
[DEBUG] Executing hook command: /Users/walterday/.claude/scripts/validate-claude.sh with timeout 60000ms
[DEBUG] Hook command completed with status 0: /Users/walterday/.claude/scripts/validate-claude.sh
[DEBUG] Hook output does not start with {, treating as plain text
[DEBUG] Permission suggestions for Edit: [
  {
    "type": "setMode",
    "mode": "acceptEdits",
    "destination": "session"
  }
]
[DEBUG] Getting matching hook commands for Notification with query: undefined
[DEBUG] Found 0 hook matchers in settings
[DEBUG] Matched 0 unique hooks for query "no match query" (0 before deduplication)
[DEBUG] Applying permission update: Setting mode to 'acceptEdits'
[DEBUG] AutoUpdaterWrapper: Installation type: npm-global, using native: false
[DEBUG] FileHistory: Tracked file modification for /Users/walterday/Git/MerlinMines/cromie/app/server/internal/api/handlers/slack_events.go
[DEBUG] Writing to temp file: /Users/walterday/Git/MerlinMines/cromie/app/server/internal/api/handlers/slack_events.go.tmp.45814.1760356107586
[DEBUG] Preserving file permissions: 100644
[DEBUG] Temp file written successfully, size: 36997 bytes
[DEBUG] Applied original permissions to temp file
[DEBUG] Renaming /Users/walterday/Git/MerlinMines/cromie/app/server/internal/api/handlers/slack_events.go.tmp.45814.1760356107586 to /Users/walterday/Git/MerlinMines/cromie/app/server/internal/api/handlers/slack_events.go
[DEBUG] File /Users/walterday/Git/MerlinMines/cromie/app/server/internal/api/handlers/slack_events.go written atomically
[DEBUG] Executing hooks for PostToolUse:Edit
[DEBUG] Getting matching hook commands for PostToolUse with query: Edit
[DEBUG] Found 0 hook matchers in settings
[DEBUG] Matched 0 unique hooks for query "Edit" (0 before deduplication)
[DEBUG] Found 0 hook commands to execute
[DEBUG] Hooks: getAsyncHookResponseAttachments called
[DEBUG] Hooks: checkForNewResponses called
[DEBUG] Hooks: Found 0 total hooks in registry
[DEBUG] Hooks: checkForNewResponses returning 0 responses
[DEBUG] Slash commands included in SlashCommand tool: /bug, /seek, /implement
[DEBUG] Stream started - received first chunk
[DEBUG] executePreToolHooks called for tool: Edit
[DEBUG] Executing hooks for PreToolUse:Edit
[DEBUG] Getting matching hook commands for PreToolUse with query: Edit
[DEBUG] Found 1 hook matchers in settings
[DEBUG] Matched 1 unique hooks for query "Edit" (1 before deduplication)
[DEBUG] Found 1 hook commands to execute
[DEBUG] Executing hook command: /Users/walterday/.claude/scripts/validate-claude.sh with timeout 60000ms
[DEBUG] Hook command completed with status 0: /Users/walterday/.claude/scripts/validate-claude.sh
[DEBUG] Hook output does not start with {, treating as plain text
[DEBUG] Writing to temp file: /Users/walterday/Git/MerlinMines/cromie/app/server/internal/api/handlers/slack_events.go.tmp.45814.1760356113149
[DEBUG] Preserving file permissions: 100644
[DEBUG] Temp file written successfully, size: 37148 bytes
[DEBUG] Applied original permissions to temp file
[DEBUG] Renaming /Users/walterday/Git/MerlinMines/cromie/app/server/internal/api/handlers/slack_events.go.tmp.45814.1760356113149 to /Users/walterday/Git/MerlinMines/cromie/app/server/internal/api/handlers/slack_events.go
[DEBUG] File /Users/walterday/Git/MerlinMines/cromie/app/server/internal/api/handlers/slack_events.go written atomically
[DEBUG] Executing hooks for PostToolUse:Edit
[DEBUG] Getting matching hook commands for PostToolUse with query: Edit
[DEBUG] Found 0 hook matchers in settings
[DEBUG] Matched 0 unique hooks for query "Edit" (0 before deduplication)
[DEBUG] Found 0 hook commands to execute
[DEBUG] Hooks: getAsyncHookResponseAttachments called
[DEBUG] Hooks: checkForNewResponses called
[DEBUG] Hooks: Found 0 total hooks in registry
[DEBUG] Hooks: checkForNewResponses returning 0 responses
[DEBUG] Slash commands included in SlashCommand tool: /bug, /seek, /implement
[DEBUG] Stream started - received first chunk
[DEBUG] executePreToolHooks called for tool: Edit
[DEBUG] Executing hooks for PreToolUse:Edit
[DEBUG] Getting matching hook commands for PreToolUse with query: Edit
[DEBUG] Found 1 hook matchers in settings
[DEBUG] Matched 1 unique hooks for query "Edit" (1 before deduplication)
[DEBUG] Found 1 hook commands to execute
[DEBUG] Executing hook command: /Users/walterday/.claude/scripts/validate-claude.sh with timeout 60000ms
[DEBUG] Hook command completed with status 0: /Users/walterday/.claude/scripts/validate-claude.sh
[DEBUG] Hook output does not start with {, treating as plain text
[DEBUG] Writing to temp file: /Users/walterday/Git/MerlinMines/cromie/app/server/internal/api/handlers/slack_events.go.tmp.45814.1760356119960
[DEBUG] Preserving file permissions: 100644
[DEBUG] Temp file written successfully, size: 37195 bytes
[DEBUG] Applied original permissions to temp file
[DEBUG] Renaming /Users/walterday/Git/MerlinMines/cromie/app/server/internal/api/handlers/slack_events.go.tmp.45814.1760356119960 to /Users/walterday/Git/MerlinMines/cromie/app/server/internal/api/handlers/slack_events.go
[DEBUG] File /Users/walterday/Git/MerlinMines/cromie/app/server/internal/api/handlers/slack_events.go written atomically
[DEBUG] Executing hooks for PostToolUse:Edit
[DEBUG] Getting matching hook commands for PostToolUse with query: Edit
[DEBUG] Found 0 hook matchers in settings
[DEBUG] Matched 0 unique hooks for query "Edit" (0 before deduplication)
[DEBUG] Found 0 hook commands to execute
[DEBUG] Hooks: getAsyncHookResponseAttachments called
[DEBUG] Hooks: checkForNewResponses called
[DEBUG] Hooks: Found 0 total hooks in registry
[DEBUG] Hooks: checkForNewResponses returning 0 responses
[DEBUG] Slash commands included in SlashCommand tool: /bug, /seek, /implement
[DEBUG] Stream started - received first chunk
[DEBUG] executePreToolHooks called for tool: TodoWrite
[DEBUG] Executing hooks for PreToolUse:TodoWrite
[DEBUG] Getting matching hook commands for PreToolUse with query: TodoWrite
[DEBUG] Found 1 hook matchers in settings
[DEBUG] Matched 0 unique hooks for query "TodoWrite" (0 before deduplication)
[DEBUG] Found 0 hook commands to execute
[DEBUG] Writing to temp file: /Users/walterday/.claude/todos/6dd5b38e-4203-491d-897e-6863a0cf565d-agent-021d49d0-0e5d-4b6e-b471-e74c2afa2206.json.tmp.45814.1760356128274
[DEBUG] Preserving file permissions: 100644
[DEBUG] Temp file written successfully, size: 2 bytes
[DEBUG] Applied original permissions to temp file
[DEBUG] Renaming /Users/walterday/.claude/todos/6dd5b38e-4203-491d-897e-6863a0cf565d-agent-021d49d0-0e5d-4b6e-b471-e74c2afa2206.json.tmp.45814.1760356128274 to /Users/walterday/.claude/todos/6dd5b38e-4203-491d-897e-6863a0cf565d-agent-021d49d0-0e5d-4b6e-b471-e74c2afa2206.json
[DEBUG] File /Users/walterday/.claude/todos/6dd5b38e-4203-491d-897e-6863a0cf565d-agent-021d49d0-0e5d-4b6e-b471-e74c2afa2206.json written atomically
[DEBUG] Writing to temp file: /Users/walterday/.claude/todos/6dd5b38e-4203-491d-897e-6863a0cf565d-agent-6dd5b38e-4203-491d-897e-6863a0cf565d.json.tmp.45814.1760356128281
[DEBUG] Preserving file permissions: 100644
[DEBUG] Temp file written successfully, size: 1996 bytes
[DEBUG] Applied original permissions to temp file
[DEBUG] Renaming /Users/walterday/.claude/todos/6dd5b38e-4203-491d-897e-6863a0cf565d-agent-6dd5b38e-4203-491d-897e-6863a0cf565d.json.tmp.45814.1760356128281 to /Users/walterday/.claude/todos/6dd5b38e-4203-491d-897e-6863a0cf565d-agent-6dd5b38e-4203-491d-897e-6863a0cf565d.json
[DEBUG] File /Users/walterday/.claude/todos/6dd5b38e-4203-491d-897e-6863a0cf565d-agent-6dd5b38e-4203-491d-897e-6863a0cf565d.json written atomically
[DEBUG] Executing hooks for PostToolUse:TodoWrite
[DEBUG] Getting matching hook commands for PostToolUse with query: TodoWrite
[DEBUG] Found 0 hook matchers in settings
[DEBUG] Matched 0 unique hooks for query "TodoWrite" (0 before deduplication)
[DEBUG] Found 0 hook commands to execute
[DEBUG] Hooks: getAsyncHookResponseAttachments called
[DEBUG] Hooks: checkForNewResponses called
[DEBUG] Hooks: Found 0 total hooks in registry
[DEBUG] Hooks: checkForNewResponses returning 0 responses
[DEBUG] Slash commands included in SlashCommand tool: /bug, /seek, /implement
[DEBUG] Stream started - received first chunk
[DEBUG] executePreToolHooks called for tool: Read
[DEBUG] Executing hooks for PreToolUse:Read
[DEBUG] Getting matching hook commands for PreToolUse with query: Read
[DEBUG] Found 1 hook matchers in settings
[DEBUG] Matched 0 unique hooks for query "Read" (0 before deduplication)
[DEBUG] Found 0 hook commands to execute
[DEBUG] Executing hooks for PostToolUse:Read
[DEBUG] Getting matching hook commands for PostToolUse with query: Read
[DEBUG] Found 0 hook matchers in settings
[DEBUG] Matched 0 unique hooks for query "Read" (0 before deduplication)
[DEBUG] Found 0 hook commands to execute
[DEBUG] Hooks: getAsyncHookResponseAttachments called
[DEBUG] Hooks: checkForNewResponses called
[DEBUG] Hooks: Found 0 total hooks in registry
[DEBUG] Hooks: checkForNewResponses returning 0 responses
[DEBUG] Slash commands included in SlashCommand tool: /bug, /seek, /implement
[DEBUG] Stream started - received first chunk
[DEBUG] executePreToolHooks called for tool: Edit
[DEBUG] Executing hooks for PreToolUse:Edit
[DEBUG] Getting matching hook commands for PreToolUse with query: Edit
[DEBUG] Found 1 hook matchers in settings
[DEBUG] Matched 1 unique hooks for query "Edit" (1 before deduplication)
[DEBUG] Found 1 hook commands to execute
[DEBUG] Executing hook command: /Users/walterday/.claude/scripts/validate-claude.sh with timeout 60000ms
[DEBUG] Hook command completed with status 0: /Users/walterday/.claude/scripts/validate-claude.sh
[DEBUG] Hook output does not start with {, treating as plain text
[DEBUG] Writing to temp file: /Users/walterday/Git/MerlinMines/cromie/app/server/internal/api/handlers/slack_events.go.tmp.45814.1760356165184
[DEBUG] Preserving file permissions: 100644
[DEBUG] Temp file written successfully, size: 42997 bytes
[DEBUG] Applied original permissions to temp file
[DEBUG] Renaming /Users/walterday/Git/MerlinMines/cromie/app/server/internal/api/handlers/slack_events.go.tmp.45814.1760356165184 to /Users/walterday/Git/MerlinMines/cromie/app/server/internal/api/handlers/slack_events.go
[DEBUG] File /Users/walterday/Git/MerlinMines/cromie/app/server/internal/api/handlers/slack_events.go written atomically
[DEBUG] Executing hooks for PostToolUse:Edit
[DEBUG] Getting matching hook commands for PostToolUse with query: Edit
[DEBUG] Found 0 hook matchers in settings
[DEBUG] Matched 0 unique hooks for query "Edit" (0 before deduplication)
[DEBUG] Found 0 hook commands to execute
[DEBUG] Hooks: getAsyncHookResponseAttachments called
[DEBUG] Hooks: checkForNewResponses called
[DEBUG] Hooks: Found 0 total hooks in registry
[DEBUG] Hooks: checkForNewResponses returning 0 responses
[DEBUG] Slash commands included in SlashCommand tool: /bug, /seek, /implement
[DEBUG] Stream started - received first chunk
[DEBUG] executePreToolHooks called for tool: TodoWrite
[DEBUG] Executing hooks for PreToolUse:TodoWrite
[DEBUG] Getting matching hook commands for PreToolUse with query: TodoWrite
[DEBUG] Found 1 hook matchers in settings
[DEBUG] Matched 0 unique hooks for query "TodoWrite" (0 before deduplication)
[DEBUG] Found 0 hook commands to execute
[DEBUG] Writing to temp file: /Users/walterday/.claude/todos/6dd5b38e-4203-491d-897e-6863a0cf565d-agent-021d49d0-0e5d-4b6e-b471-e74c2afa2206.json.tmp.45814.1760356173636
[DEBUG] Preserving file permissions: 100644
[DEBUG] Temp file written successfully, size: 2 bytes
[DEBUG] Applied original permissions to temp file
[DEBUG] Renaming /Users/walterday/.claude/todos/6dd5b38e-4203-491d-897e-6863a0cf565d-agent-021d49d0-0e5d-4b6e-b471-e74c2afa2206.json.tmp.45814.1760356173636 to /Users/walterday/.claude/todos/6dd5b38e-4203-491d-897e-6863a0cf565d-agent-021d49d0-0e5d-4b6e-b471-e74c2afa2206.json
[DEBUG] File /Users/walterday/.claude/todos/6dd5b38e-4203-491d-897e-6863a0cf565d-agent-021d49d0-0e5d-4b6e-b471-e74c2afa2206.json written atomically
[DEBUG] Writing to temp file: /Users/walterday/.claude/todos/6dd5b38e-4203-491d-897e-6863a0cf565d-agent-6dd5b38e-4203-491d-897e-6863a0cf565d.json.tmp.45814.1760356173651
[DEBUG] Preserving file permissions: 100644
[DEBUG] Temp file written successfully, size: 2000 bytes
[DEBUG] Applied original permissions to temp file
[DEBUG] Renaming /Users/walterday/.claude/todos/6dd5b38e-4203-491d-897e-6863a0cf565d-agent-6dd5b38e-4203-491d-897e-6863a0cf565d.json.tmp.45814.1760356173651 to /Users/walterday/.claude/todos/6dd5b38e-4203-491d-897e-6863a0cf565d-agent-6dd5b38e-4203-491d-897e-6863a0cf565d.json
[DEBUG] File /Users/walterday/.claude/todos/6dd5b38e-4203-491d-897e-6863a0cf565d-agent-6dd5b38e-4203-491d-897e-6863a0cf565d.json written atomically
[DEBUG] Executing hooks for PostToolUse:TodoWrite
[DEBUG] Getting matching hook commands for PostToolUse with query: TodoWrite
[DEBUG] Found 0 hook matchers in settings
[DEBUG] Matched 0 unique hooks for query "TodoWrite" (0 before deduplication)
[DEBUG] Found 0 hook commands to execute
[DEBUG] Hooks: getAsyncHookResponseAttachments called
[DEBUG] Hooks: checkForNewResponses called
[DEBUG] Hooks: Found 0 total hooks in registry
[DEBUG] Hooks: checkForNewResponses returning 0 responses
[DEBUG] Slash commands included in SlashCommand tool: /bug, /seek, /implement
[DEBUG] Stream started - received first chunk
[DEBUG] executePreToolHooks called for tool: Task
[DEBUG] Executing hooks for PreToolUse:Task
[DEBUG] Getting matching hook commands for PreToolUse with query: Task
[DEBUG] Found 1 hook matchers in settings
[DEBUG] Matched 0 unique hooks for query "Task" (0 before deduplication)
[DEBUG] Found 0 hook commands to execute
[DEBUG] Slash commands included in SlashCommand tool: /bug, /seek, /implement
[DEBUG] Stream started - received first chunk
[DEBUG] executePreToolHooks called for tool: Read
[DEBUG] Executing hooks for PreToolUse:Read
[DEBUG] Getting matching hook commands for PreToolUse with query: Read
[DEBUG] Found 1 hook matchers in settings
[DEBUG] Matched 0 unique hooks for query "Read" (0 before deduplication)
[DEBUG] Found 0 hook commands to execute
[DEBUG] Executing hooks for PostToolUse:Read
[DEBUG] Getting matching hook commands for PostToolUse with query: Read
[DEBUG] Found 0 hook matchers in settings
[DEBUG] Matched 0 unique hooks for query "Read" (0 before deduplication)
[DEBUG] Found 0 hook commands to execute
[DEBUG] Slash commands included in SlashCommand tool: /bug, /seek, /implement
[DEBUG] Stream started - received first chunk
[DEBUG] executePreToolHooks called for tool: Edit
[DEBUG] Executing hooks for PreToolUse:Edit
[DEBUG] Getting matching hook commands for PreToolUse with query: Edit
[DEBUG] Found 1 hook matchers in settings
[DEBUG] Matched 1 unique hooks for query "Edit" (1 before deduplication)
[DEBUG] Found 1 hook commands to execute
[DEBUG] Executing hook command: /Users/walterday/.claude/scripts/validate-claude.sh with timeout 60000ms
[DEBUG] Hook command completed with status 0: /Users/walterday/.claude/scripts/validate-claude.sh
[DEBUG] Hook output does not start with {, treating as plain text
[DEBUG] Writing to temp file: /Users/walterday/Git/MerlinMines/cromie/app/server/internal/api/handlers/slack_events.go.tmp.45814.1760356211312
[DEBUG] Preserving file permissions: 100644
[DEBUG] Temp file written successfully, size: 41411 bytes
[DEBUG] Applied original permissions to temp file
[DEBUG] Renaming /Users/walterday/Git/MerlinMines/cromie/app/server/internal/api/handlers/slack_events.go.tmp.45814.1760356211312 to /Users/walterday/Git/MerlinMines/cromie/app/server/internal/api/handlers/slack_events.go
[DEBUG] File /Users/walterday/Git/MerlinMines/cromie/app/server/internal/api/handlers/slack_events.go written atomically
[DEBUG] Executing hooks for PostToolUse:Edit
[DEBUG] Getting matching hook commands for PostToolUse with query: Edit
[DEBUG] Found 0 hook matchers in settings
[DEBUG] Matched 0 unique hooks for query "Edit" (0 before deduplication)
[DEBUG] Found 0 hook commands to execute
[DEBUG] Slash commands included in SlashCommand tool: /bug, /seek, /implement
[DEBUG] Stream started - received first chunk
[DEBUG] executePreToolHooks called for tool: Read
[DEBUG] Executing hooks for PreToolUse:Read
[DEBUG] Getting matching hook commands for PreToolUse with query: Read
[DEBUG] Found 1 hook matchers in settings
[DEBUG] Matched 0 unique hooks for query "Read" (0 before deduplication)
[DEBUG] Found 0 hook commands to execute
[DEBUG] Executing hooks for PostToolUse:Read
[DEBUG] Getting matching hook commands for PostToolUse with query: Read
[DEBUG] Found 0 hook matchers in settings
[DEBUG] Matched 0 unique hooks for query "Read" (0 before deduplication)
[DEBUG] Found 0 hook commands to execute
[DEBUG] Slash commands included in SlashCommand tool: /bug, /seek, /implement
[DEBUG] Stream started - received first chunk
[DEBUG] executePreToolHooks called for tool: Read
[DEBUG] Executing hooks for PreToolUse:Read
[DEBUG] Getting matching hook commands for PreToolUse with query: Read
[DEBUG] Found 1 hook matchers in settings
[DEBUG] Matched 0 unique hooks for query "Read" (0 before deduplication)
[DEBUG] Found 0 hook commands to execute
[DEBUG] Executing hooks for PostToolUse:Read
[DEBUG] Getting matching hook commands for PostToolUse with query: Read
[DEBUG] Found 0 hook matchers in settings
[DEBUG] Matched 0 unique hooks for query "Read" (0 before deduplication)
[DEBUG] Found 0 hook commands to execute
[DEBUG] Slash commands included in SlashCommand tool: /bug, /seek, /implement
[DEBUG] Stream started - received first chunk
[DEBUG] executePreToolHooks called for tool: Bash
[DEBUG] Executing hooks for PreToolUse:Bash
[DEBUG] Getting matching hook commands for PreToolUse with query: Bash
[DEBUG] Found 1 hook matchers in settings
[DEBUG] Matched 0 unique hooks for query "Bash" (0 before deduplication)
[DEBUG] Found 0 hook commands to execute
[DEBUG] Bash tool invoked with command: go build -o /dev/null ./app/server 2>&1 | head -20
[DEBUG] Bash tool description: Compile Go code to check for syntax errors
[DEBUG] Executing hooks for PostToolUse:Bash
[DEBUG] Getting matching hook commands for PostToolUse with query: Bash
[DEBUG] Found 0 hook matchers in settings
[DEBUG] Matched 0 unique hooks for query "Bash" (0 before deduplication)
[DEBUG] Found 0 hook commands to execute
[DEBUG] Slash commands included in SlashCommand tool: /bug, /seek, /implement
[DEBUG] Stream started - received first chunk
[DEBUG] executePreToolHooks called for tool: Bash
[DEBUG] Executing hooks for PreToolUse:Bash
[DEBUG] Getting matching hook commands for PreToolUse with query: Bash
[DEBUG] Found 1 hook matchers in settings
[DEBUG] Matched 0 unique hooks for query "Bash" (0 before deduplication)
[DEBUG] Found 0 hook commands to execute
[DEBUG] Bash tool invoked with command: go build -o /dev/null ./app/server/cmd/server 2>&1 | head -20
[DEBUG] Bash tool description: Compile Go server code to check for syntax errors
[DEBUG] Executing hooks for PostToolUse:Bash
[DEBUG] Getting matching hook commands for PostToolUse with query: Bash
[DEBUG] Found 0 hook matchers in settings
[DEBUG] Matched 0 unique hooks for query "Bash" (0 before deduplication)
[DEBUG] Found 0 hook commands to execute
[DEBUG] Slash commands included in SlashCommand tool: /bug, /seek, /implement
[DEBUG] Stream started - received first chunk
[DEBUG] executePreToolHooks called for tool: Bash
[DEBUG] Executing hooks for PreToolUse:Bash
[DEBUG] Getting matching hook commands for PreToolUse with query: Bash
[DEBUG] Found 1 hook matchers in settings
[DEBUG] Matched 0 unique hooks for query "Bash" (0 before deduplication)
[DEBUG] Found 0 hook commands to execute
[DEBUG] Bash tool invoked with command: find app -name "*.go" -path "*/cmd/*" | head -5
[DEBUG] Bash tool description: Find Go main files for compilation
[DEBUG] Executing hooks for PostToolUse:Bash
[DEBUG] Getting matching hook commands for PostToolUse with query: Bash
[DEBUG] Found 0 hook matchers in settings
[DEBUG] Matched 0 unique hooks for query "Bash" (0 before deduplication)
[DEBUG] Found 0 hook commands to execute
[DEBUG] Slash commands included in SlashCommand tool: /bug, /seek, /implement
[DEBUG] Stream started - received first chunk
[DEBUG] executePreToolHooks called for tool: Bash
[DEBUG] Executing hooks for PreToolUse:Bash
[DEBUG] Getting matching hook commands for PreToolUse with query: Bash
[DEBUG] Found 1 hook matchers in settings
[DEBUG] Matched 0 unique hooks for query "Bash" (0 before deduplication)
[DEBUG] Found 0 hook commands to execute
[DEBUG] Bash tool invoked with command: go build -o /dev/null ./app/server/cmd 2>&1 | head -30
[DEBUG] Bash tool description: Compile Go code to check for syntax errors
[DEBUG] Executing hooks for PostToolUse:Bash
[DEBUG] Getting matching hook commands for PostToolUse with query: Bash
[DEBUG] Found 0 hook matchers in settings
[DEBUG] Matched 0 unique hooks for query "Bash" (0 before deduplication)
[DEBUG] Found 0 hook commands to execute
[DEBUG] Slash commands included in SlashCommand tool: /bug, /seek, /implement
[DEBUG] Stream started - received first chunk
[DEBUG] Executing hooks for SubagentStop
[DEBUG] Getting matching hook commands for SubagentStop with query: undefined
[DEBUG] Found 0 hook matchers in settings
[DEBUG] Matched 0 unique hooks for query "no match query" (0 before deduplication)
[DEBUG] Found 0 hook commands to execute
[DEBUG] Executing hooks for PostToolUse:Task
[DEBUG] Getting matching hook commands for PostToolUse with query: Task
[DEBUG] Found 0 hook matchers in settings
[DEBUG] Matched 0 unique hooks for query "Task" (0 before deduplication)
[DEBUG] Found 0 hook commands to execute
[DEBUG] Hooks: getAsyncHookResponseAttachments called
[DEBUG] Hooks: checkForNewResponses called
[DEBUG] Hooks: Found 0 total hooks in registry
[DEBUG] Hooks: checkForNewResponses returning 0 responses
[DEBUG] Slash commands included in SlashCommand tool: /bug, /seek, /implement
[DEBUG] Stream started - received first chunk
[DEBUG] executePreToolHooks called for tool: TodoWrite
[DEBUG] Executing hooks for PreToolUse:TodoWrite
[DEBUG] Getting matching hook commands for PreToolUse with query: TodoWrite
[DEBUG] Found 1 hook matchers in settings
[DEBUG] Matched 0 unique hooks for query "TodoWrite" (0 before deduplication)
[DEBUG] Found 0 hook commands to execute
[DEBUG] Writing to temp file: /Users/walterday/.claude/todos/6dd5b38e-4203-491d-897e-6863a0cf565d-agent-021d49d0-0e5d-4b6e-b471-e74c2afa2206.json.tmp.45814.1760356269040
[DEBUG] Preserving file permissions: 100644
[DEBUG] Temp file written successfully, size: 2 bytes
[DEBUG] Applied original permissions to temp file
[DEBUG] Renaming /Users/walterday/.claude/todos/6dd5b38e-4203-491d-897e-6863a0cf565d-agent-021d49d0-0e5d-4b6e-b471-e74c2afa2206.json.tmp.45814.1760356269040 to /Users/walterday/.claude/todos/6dd5b38e-4203-491d-897e-6863a0cf565d-agent-021d49d0-0e5d-4b6e-b471-e74c2afa2206.json
[DEBUG] File /Users/walterday/.claude/todos/6dd5b38e-4203-491d-897e-6863a0cf565d-agent-021d49d0-0e5d-4b6e-b471-e74c2afa2206.json written atomically
[DEBUG] Writing to temp file: /Users/walterday/.claude/todos/6dd5b38e-4203-491d-897e-6863a0cf565d-agent-6dd5b38e-4203-491d-897e-6863a0cf565d.json.tmp.45814.1760356269050
[DEBUG] Preserving file permissions: 100644
[DEBUG] Temp file written successfully, size: 2006 bytes
[DEBUG] Applied original permissions to temp file
[DEBUG] Renaming /Users/walterday/.claude/todos/6dd5b38e-4203-491d-897e-6863a0cf565d-agent-6dd5b38e-4203-491d-897e-6863a0cf565d.json.tmp.45814.1760356269050 to /Users/walterday/.claude/todos/6dd5b38e-4203-491d-897e-6863a0cf565d-agent-6dd5b38e-4203-491d-897e-6863a0cf565d.json
[DEBUG] File /Users/walterday/.claude/todos/6dd5b38e-4203-491d-897e-6863a0cf565d-agent-6dd5b38e-4203-491d-897e-6863a0cf565d.json written atomically
[DEBUG] Executing hooks for PostToolUse:TodoWrite
[DEBUG] Getting matching hook commands for PostToolUse with query: TodoWrite
[DEBUG] Found 0 hook matchers in settings
[DEBUG] Matched 0 unique hooks for query "TodoWrite" (0 before deduplication)
[DEBUG] Found 0 hook commands to execute
[DEBUG] Hooks: getAsyncHookResponseAttachments called
[DEBUG] Hooks: checkForNewResponses called
[DEBUG] Hooks: Found 0 total hooks in registry
[DEBUG] Hooks: checkForNewResponses returning 0 responses
[DEBUG] Slash commands included in SlashCommand tool: /bug, /seek, /implement
[DEBUG] Stream started - received first chunk
[DEBUG] executePreToolHooks called for tool: Task
[DEBUG] Executing hooks for PreToolUse:Task
[DEBUG] Getting matching hook commands for PreToolUse with query: Task
[DEBUG] Found 1 hook matchers in settings
[DEBUG] Matched 0 unique hooks for query "Task" (0 before deduplication)
[DEBUG] Found 0 hook commands to execute
[DEBUG] Slash commands included in SlashCommand tool: /bug, /seek, /implement
[DEBUG] Stream started - received first chunk
[DEBUG] executePreToolHooks called for tool: Read
[DEBUG] Executing hooks for PreToolUse:Read
[DEBUG] Getting matching hook commands for PreToolUse with query: Read
[DEBUG] Found 1 hook matchers in settings
[DEBUG] Matched 0 unique hooks for query "Read" (0 before deduplication)
[DEBUG] Found 0 hook commands to execute
[DEBUG] Executing hooks for PostToolUse:Read
[DEBUG] Getting matching hook commands for PostToolUse with query: Read
[DEBUG] Found 0 hook matchers in settings
[DEBUG] Matched 0 unique hooks for query "Read" (0 before deduplication)
[DEBUG] Found 0 hook commands to execute
[DEBUG] Slash commands included in SlashCommand tool: /bug, /seek, /implement
[DEBUG] Stream started - received first chunk
[DEBUG] executePreToolHooks called for tool: Read
[DEBUG] Executing hooks for PreToolUse:Read
[DEBUG] Getting matching hook commands for PreToolUse with query: Read
[DEBUG] Found 1 hook matchers in settings
[DEBUG] Matched 0 unique hooks for query "Read" (0 before deduplication)
[DEBUG] Found 0 hook commands to execute
[DEBUG] Executing hooks for PostToolUse:Read
[DEBUG] Getting matching hook commands for PostToolUse with query: Read
[DEBUG] Found 0 hook matchers in settings
[DEBUG] Matched 0 unique hooks for query "Read" (0 before deduplication)
[DEBUG] Found 0 hook commands to execute
[DEBUG] Slash commands included in SlashCommand tool: /bug, /seek, /implement
[DEBUG] Stream started - received first chunk
[DEBUG] executePreToolHooks called for tool: Edit
[DEBUG] Executing hooks for PreToolUse:Edit
[DEBUG] Getting matching hook commands for PreToolUse with query: Edit
[DEBUG] Found 1 hook matchers in settings
[DEBUG] Matched 1 unique hooks for query "Edit" (1 before deduplication)
[DEBUG] Found 1 hook commands to execute
[DEBUG] Executing hook command: /Users/walterday/.claude/scripts/validate-claude.sh with timeout 60000ms
[DEBUG] Hook command completed with status 0: /Users/walterday/.claude/scripts/validate-claude.sh
[DEBUG] Hook output does not start with {, treating as plain text
[DEBUG] Writing to temp file: /Users/walterday/Git/MerlinMines/cromie/app/server/internal/api/handlers/slack_events.go.tmp.45814.1760356315740
[DEBUG] Preserving file permissions: 100644
[DEBUG] Temp file written successfully, size: 40009 bytes
[DEBUG] Applied original permissions to temp file
[DEBUG] Renaming /Users/walterday/Git/MerlinMines/cromie/app/server/internal/api/handlers/slack_events.go.tmp.45814.1760356315740 to /Users/walterday/Git/MerlinMines/cromie/app/server/internal/api/handlers/slack_events.go
[DEBUG] File /Users/walterday/Git/MerlinMines/cromie/app/server/internal/api/handlers/slack_events.go written atomically
[DEBUG] Executing hooks for PostToolUse:Edit
[DEBUG] Getting matching hook commands for PostToolUse with query: Edit
[DEBUG] Found 0 hook matchers in settings
[DEBUG] Matched 0 unique hooks for query "Edit" (0 before deduplication)
[DEBUG] Found 0 hook commands to execute
[DEBUG] Slash commands included in SlashCommand tool: /bug, /seek, /implement
[DEBUG] Stream started - received first chunk
[DEBUG] executePreToolHooks called for tool: Read
[DEBUG] Executing hooks for PreToolUse:Read
[DEBUG] Getting matching hook commands for PreToolUse with query: Read
[DEBUG] Found 1 hook matchers in settings
[DEBUG] Matched 0 unique hooks for query "Read" (0 before deduplication)
[DEBUG] Found 0 hook commands to execute
[DEBUG] Executing hooks for PostToolUse:Read
[DEBUG] Getting matching hook commands for PostToolUse with query: Read
[DEBUG] Found 0 hook matchers in settings
[DEBUG] Matched 0 unique hooks for query "Read" (0 before deduplication)
[DEBUG] Found 0 hook commands to execute
[DEBUG] Slash commands included in SlashCommand tool: /bug, /seek, /implement
[DEBUG] Stream started - received first chunk
[DEBUG] executePreToolHooks called for tool: Bash
[DEBUG] Executing hooks for PreToolUse:Bash
[DEBUG] Getting matching hook commands for PreToolUse with query: Bash
[DEBUG] Found 1 hook matchers in settings
[DEBUG] Matched 0 unique hooks for query "Bash" (0 before deduplication)
[DEBUG] Found 0 hook commands to execute
[DEBUG] Bash tool invoked with command: go build ./app/server/internal/api/handlers/
[DEBUG] Bash tool description: Verify Go code compiles without errors
[DEBUG] Executing hooks for PostToolUse:Bash
[DEBUG] Getting matching hook commands for PostToolUse with query: Bash
[DEBUG] Found 0 hook matchers in settings
[DEBUG] Matched 0 unique hooks for query "Bash" (0 before deduplication)
[DEBUG] Found 0 hook commands to execute
[DEBUG] Slash commands included in SlashCommand tool: /bug, /seek, /implement
[DEBUG] Stream started - received first chunk
[DEBUG] Executing hooks for SubagentStop
[DEBUG] Getting matching hook commands for SubagentStop with query: undefined
[DEBUG] Found 0 hook matchers in settings
[DEBUG] Matched 0 unique hooks for query "no match query" (0 before deduplication)
[DEBUG] Found 0 hook commands to execute
[DEBUG] Executing hooks for PostToolUse:Task
[DEBUG] Getting matching hook commands for PostToolUse with query: Task
[DEBUG] Found 0 hook matchers in settings
[DEBUG] Matched 0 unique hooks for query "Task" (0 before deduplication)
[DEBUG] Found 0 hook commands to execute
[DEBUG] Hooks: getAsyncHookResponseAttachments called
[DEBUG] Hooks: checkForNewResponses called
[DEBUG] Hooks: Found 0 total hooks in registry
[DEBUG] Hooks: checkForNewResponses returning 0 responses
[DEBUG] Slash commands included in SlashCommand tool: /bug, /seek, /implement
[DEBUG] Stream started - received first chunk
[DEBUG] executePreToolHooks called for tool: Task
[DEBUG] Executing hooks for PreToolUse:Task
[DEBUG] Getting matching hook commands for PreToolUse with query: Task
[DEBUG] Found 1 hook matchers in settings
[DEBUG] Matched 0 unique hooks for query "Task" (0 before deduplication)
[DEBUG] Found 0 hook commands to execute
[DEBUG] Slash commands included in SlashCommand tool: /bug, /seek, /implement
[DEBUG] Stream started - received first chunk
[DEBUG] executePreToolHooks called for tool: Read
[DEBUG] Executing hooks for PreToolUse:Read
[DEBUG] Getting matching hook commands for PreToolUse with query: Read
[DEBUG] Found 1 hook matchers in settings
[DEBUG] Matched 0 unique hooks for query "Read" (0 before deduplication)
[DEBUG] Found 0 hook commands to execute
[DEBUG] Executing hooks for PostToolUse:Read
[DEBUG] Getting matching hook commands for PostToolUse with query: Read
[DEBUG] Found 0 hook matchers in settings
[DEBUG] Matched 0 unique hooks for query "Read" (0 before deduplication)
[DEBUG] Found 0 hook commands to execute
[DEBUG] Slash commands included in SlashCommand tool: /bug, /seek, /implement
[DEBUG] Stream started - received first chunk
[DEBUG] executePreToolHooks called for tool: Read
[DEBUG] Executing hooks for PreToolUse:Read
[DEBUG] Getting matching hook commands for PreToolUse with query: Read
[DEBUG] Found 1 hook matchers in settings
[DEBUG] Matched 0 unique hooks for query "Read" (0 before deduplication)
[DEBUG] Found 0 hook commands to execute
[DEBUG] Executing hooks for PostToolUse:Read
[DEBUG] Getting matching hook commands for PostToolUse with query: Read
[DEBUG] Found 0 hook matchers in settings
[DEBUG] Matched 0 unique hooks for query "Read" (0 before deduplication)
[DEBUG] Found 0 hook commands to execute
[DEBUG] Slash commands included in SlashCommand tool: /bug, /seek, /implement
[DEBUG] Stream started - received first chunk
[DEBUG] executePreToolHooks called for tool: Edit
[DEBUG] Executing hooks for PreToolUse:Edit
[DEBUG] Getting matching hook commands for PreToolUse with query: Edit
[DEBUG] Found 1 hook matchers in settings
[DEBUG] Matched 1 unique hooks for query "Edit" (1 before deduplication)
[DEBUG] Found 1 hook commands to execute
[DEBUG] Executing hook command: /Users/walterday/.claude/scripts/validate-claude.sh with timeout 60000ms
[DEBUG] Hook command completed with status 0: /Users/walterday/.claude/scripts/validate-claude.sh
[DEBUG] Hook output does not start with {, treating as plain text
[DEBUG] Writing to temp file: /Users/walterday/Git/MerlinMines/cromie/app/server/internal/api/handlers/slack_events.go.tmp.45814.1760356383449
[DEBUG] Preserving file permissions: 100644
[DEBUG] Temp file written successfully, size: 38844 bytes
[DEBUG] Applied original permissions to temp file
[DEBUG] Renaming /Users/walterday/Git/MerlinMines/cromie/app/server/internal/api/handlers/slack_events.go.tmp.45814.1760356383449 to /Users/walterday/Git/MerlinMines/cromie/app/server/internal/api/handlers/slack_events.go
[DEBUG] File /Users/walterday/Git/MerlinMines/cromie/app/server/internal/api/handlers/slack_events.go written atomically
[DEBUG] Executing hooks for PostToolUse:Edit
[DEBUG] Getting matching hook commands for PostToolUse with query: Edit
[DEBUG] Found 0 hook matchers in settings
[DEBUG] Matched 0 unique hooks for query "Edit" (0 before deduplication)
[DEBUG] Found 0 hook commands to execute
[DEBUG] Slash commands included in SlashCommand tool: /bug, /seek, /implement
[DEBUG] Stream started - received first chunk
[DEBUG] executePreToolHooks called for tool: Read
[DEBUG] Executing hooks for PreToolUse:Read
[DEBUG] Getting matching hook commands for PreToolUse with query: Read
[DEBUG] Found 1 hook matchers in settings
[DEBUG] Matched 0 unique hooks for query "Read" (0 before deduplication)
[DEBUG] Found 0 hook commands to execute
[DEBUG] Executing hooks for PostToolUse:Read
[DEBUG] Getting matching hook commands for PostToolUse with query: Read
[DEBUG] Found 0 hook matchers in settings
[DEBUG] Matched 0 unique hooks for query "Read" (0 before deduplication)
[DEBUG] Found 0 hook commands to execute
[DEBUG] Slash commands included in SlashCommand tool: /bug, /seek, /implement
[DEBUG] Stream started - received first chunk
[DEBUG] executePreToolHooks called for tool: Bash
[DEBUG] Executing hooks for PreToolUse:Bash
[DEBUG] Getting matching hook commands for PreToolUse with query: Bash
[DEBUG] Found 1 hook matchers in settings
[DEBUG] Matched 0 unique hooks for query "Bash" (0 before deduplication)
[DEBUG] Found 0 hook commands to execute
[DEBUG] Bash tool invoked with command: go build ./app/server/internal/api/handlers/
[DEBUG] Bash tool description: Build the handlers package to verify syntax
[DEBUG] Executing hooks for PostToolUse:Bash
[DEBUG] Getting matching hook commands for PostToolUse with query: Bash
[DEBUG] Found 0 hook matchers in settings
[DEBUG] Matched 0 unique hooks for query "Bash" (0 before deduplication)
[DEBUG] Found 0 hook commands to execute
[DEBUG] Slash commands included in SlashCommand tool: /bug, /seek, /implement
[DEBUG] Stream started - received first chunk
[DEBUG] Executing hooks for SubagentStop
[DEBUG] Getting matching hook commands for SubagentStop with query: undefined
[DEBUG] Found 0 hook matchers in settings
[DEBUG] Matched 0 unique hooks for query "no match query" (0 before deduplication)
[DEBUG] Found 0 hook commands to execute
[DEBUG] Executing hooks for PostToolUse:Task
[DEBUG] Getting matching hook commands for PostToolUse with query: Task
[DEBUG] Found 0 hook matchers in settings
[DEBUG] Matched 0 unique hooks for query "Task" (0 before deduplication)
[DEBUG] Found 0 hook commands to execute
[DEBUG] Hooks: getAsyncHookResponseAttachments called
[DEBUG] Hooks: checkForNewResponses called
[DEBUG] Hooks: Found 0 total hooks in registry
[DEBUG] Hooks: checkForNewResponses returning 0 responses
[DEBUG] Slash commands included in SlashCommand tool: /bug, /seek, /implement
[DEBUG] Stream started - received first chunk
[DEBUG] executePreToolHooks called for tool: TodoWrite
[DEBUG] Executing hooks for PreToolUse:TodoWrite
[DEBUG] Getting matching hook commands for PreToolUse with query: TodoWrite
[DEBUG] Found 1 hook matchers in settings
[DEBUG] Matched 0 unique hooks for query "TodoWrite" (0 before deduplication)
[DEBUG] Found 0 hook commands to execute
[DEBUG] Writing to temp file: /Users/walterday/.claude/todos/6dd5b38e-4203-491d-897e-6863a0cf565d-agent-021d49d0-0e5d-4b6e-b471-e74c2afa2206.json.tmp.45814.1760356417241
[DEBUG] Preserving file permissions: 100644
[DEBUG] Temp file written successfully, size: 2 bytes
[DEBUG] Applied original permissions to temp file
[DEBUG] Renaming /Users/walterday/.claude/todos/6dd5b38e-4203-491d-897e-6863a0cf565d-agent-021d49d0-0e5d-4b6e-b471-e74c2afa2206.json.tmp.45814.1760356417241 to /Users/walterday/.claude/todos/6dd5b38e-4203-491d-897e-6863a0cf565d-agent-021d49d0-0e5d-4b6e-b471-e74c2afa2206.json
[DEBUG] File /Users/walterday/.claude/todos/6dd5b38e-4203-491d-897e-6863a0cf565d-agent-021d49d0-0e5d-4b6e-b471-e74c2afa2206.json written atomically
[DEBUG] Writing to temp file: /Users/walterday/.claude/todos/6dd5b38e-4203-491d-897e-6863a0cf565d-agent-6dd5b38e-4203-491d-897e-6863a0cf565d.json.tmp.45814.1760356417249
[DEBUG] Preserving file permissions: 100644
[DEBUG] Temp file written successfully, size: 2006 bytes
[DEBUG] Applied original permissions to temp file
[DEBUG] Renaming /Users/walterday/.claude/todos/6dd5b38e-4203-491d-897e-6863a0cf565d-agent-6dd5b38e-4203-491d-897e-6863a0cf565d.json.tmp.45814.1760356417249 to /Users/walterday/.claude/todos/6dd5b38e-4203-491d-897e-6863a0cf565d-agent-6dd5b38e-4203-491d-897e-6863a0cf565d.json
[DEBUG] File /Users/walterday/.claude/todos/6dd5b38e-4203-491d-897e-6863a0cf565d-agent-6dd5b38e-4203-491d-897e-6863a0cf565d.json written atomically
[DEBUG] Executing hooks for PostToolUse:TodoWrite
[DEBUG] Getting matching hook commands for PostToolUse with query: TodoWrite
[DEBUG] Found 0 hook matchers in settings
[DEBUG] Matched 0 unique hooks for query "TodoWrite" (0 before deduplication)
[DEBUG] Found 0 hook commands to execute
[DEBUG] Hooks: getAsyncHookResponseAttachments called
[DEBUG] Hooks: checkForNewResponses called
[DEBUG] Hooks: Found 0 total hooks in registry
[DEBUG] Hooks: checkForNewResponses returning 0 responses
[DEBUG] Slash commands included in SlashCommand tool: /bug, /seek, /implement
[DEBUG] Stream started - received first chunk
[DEBUG] executePreToolHooks called for tool: Write
[DEBUG] Executing hooks for PreToolUse:Write
[DEBUG] Getting matching hook commands for PreToolUse with query: Write
[DEBUG] Found 1 hook matchers in settings
[DEBUG] Matched 1 unique hooks for query "Write" (1 before deduplication)
[DEBUG] Found 1 hook commands to execute
[DEBUG] Executing hook command: /Users/walterday/.claude/scripts/validate-claude.sh with timeout 60000ms
[DEBUG] Hook command completed with status 0: /Users/walterday/.claude/scripts/validate-claude.sh
[DEBUG] Hook output does not start with {, treating as plain text
[DEBUG] FileHistory: Tracked file modification for /Users/walterday/Git/MerlinMines/cromie/app/server/internal/api/handlers/slack_events_resolver_test.go
[DEBUG] Writing to temp file: /Users/walterday/Git/MerlinMines/cromie/app/server/internal/api/handlers/slack_events_resolver_test.go.tmp.45814.1760356468570
[DEBUG] Temp file written successfully, size: 12737 bytes
[DEBUG] Renaming /Users/walterday/Git/MerlinMines/cromie/app/server/internal/api/handlers/slack_events_resolver_test.go.tmp.45814.1760356468570 to /Users/walterday/Git/MerlinMines/cromie/app/server/internal/api/handlers/slack_events_resolver_test.go
[DEBUG] File /Users/walterday/Git/MerlinMines/cromie/app/server/internal/api/handlers/slack_events_resolver_test.go written atomically
[DEBUG] Executing hooks for PostToolUse:Write
[DEBUG] Getting matching hook commands for PostToolUse with query: Write
[DEBUG] Found 0 hook matchers in settings
[DEBUG] Matched 0 unique hooks for query "Write" (0 before deduplication)
[DEBUG] Found 0 hook commands to execute
[DEBUG] Hooks: getAsyncHookResponseAttachments called
[DEBUG] Hooks: checkForNewResponses called
[DEBUG] Hooks: Found 0 total hooks in registry
[DEBUG] Hooks: checkForNewResponses returning 0 responses
[DEBUG] Slash commands included in SlashCommand tool: /bug, /seek, /implement
[DEBUG] Stream started - received first chunk
[DEBUG] executePreToolHooks called for tool: TodoWrite
[DEBUG] Executing hooks for PreToolUse:TodoWrite
[DEBUG] Getting matching hook commands for PreToolUse with query: TodoWrite
[DEBUG] Found 1 hook matchers in settings
[DEBUG] Matched 0 unique hooks for query "TodoWrite" (0 before deduplication)
[DEBUG] Found 0 hook commands to execute
[DEBUG] Writing to temp file: /Users/walterday/.claude/todos/6dd5b38e-4203-491d-897e-6863a0cf565d-agent-021d49d0-0e5d-4b6e-b471-e74c2afa2206.json.tmp.45814.1760356477069
[DEBUG] Preserving file permissions: 100644
[DEBUG] Temp file written successfully, size: 2 bytes
[DEBUG] Applied original permissions to temp file
[DEBUG] Renaming /Users/walterday/.claude/todos/6dd5b38e-4203-491d-897e-6863a0cf565d-agent-021d49d0-0e5d-4b6e-b471-e74c2afa2206.json.tmp.45814.1760356477069 to /Users/walterday/.claude/todos/6dd5b38e-4203-491d-897e-6863a0cf565d-agent-021d49d0-0e5d-4b6e-b471-e74c2afa2206.json
[DEBUG] File /Users/walterday/.claude/todos/6dd5b38e-4203-491d-897e-6863a0cf565d-agent-021d49d0-0e5d-4b6e-b471-e74c2afa2206.json written atomically
[DEBUG] Writing to temp file: /Users/walterday/.claude/todos/6dd5b38e-4203-491d-897e-6863a0cf565d-agent-6dd5b38e-4203-491d-897e-6863a0cf565d.json.tmp.45814.1760356477076
[DEBUG] Preserving file permissions: 100644
[DEBUG] Temp file written successfully, size: 2008 bytes
[DEBUG] Applied original permissions to temp file
[DEBUG] Renaming /Users/walterday/.claude/todos/6dd5b38e-4203-491d-897e-6863a0cf565d-agent-6dd5b38e-4203-491d-897e-6863a0cf565d.json.tmp.45814.1760356477076 to /Users/walterday/.claude/todos/6dd5b38e-4203-491d-897e-6863a0cf565d-agent-6dd5b38e-4203-491d-897e-6863a0cf565d.json
[DEBUG] File /Users/walterday/.claude/todos/6dd5b38e-4203-491d-897e-6863a0cf565d-agent-6dd5b38e-4203-491d-897e-6863a0cf565d.json written atomically
[DEBUG] Executing hooks for PostToolUse:TodoWrite
[DEBUG] Getting matching hook commands for PostToolUse with query: TodoWrite
[DEBUG] Found 0 hook matchers in settings
[DEBUG] Matched 0 unique hooks for query "TodoWrite" (0 before deduplication)
[DEBUG] Found 0 hook commands to execute
[DEBUG] Hooks: getAsyncHookResponseAttachments called
[DEBUG] Hooks: checkForNewResponses called
[DEBUG] Hooks: Found 0 total hooks in registry
[DEBUG] Hooks: checkForNewResponses returning 0 responses
[DEBUG] Slash commands included in SlashCommand tool: /bug, /seek, /implement
[DEBUG] Stream started - received first chunk
[DEBUG] executePreToolHooks called for tool: Bash
[DEBUG] Executing hooks for PreToolUse:Bash
[DEBUG] Getting matching hook commands for PreToolUse with query: Bash
[DEBUG] Found 1 hook matchers in settings
[DEBUG] Matched 0 unique hooks for query "Bash" (0 before deduplication)
[DEBUG] Found 0 hook commands to execute
[DEBUG] Bash tool invoked with command: go test ./app/server/internal/api/handlers -run TestResolveUser -v
[DEBUG] Bash tool description: Run user resolver unit tests
[DEBUG] Hooks: getAsyncHookResponseAttachments called
[DEBUG] Hooks: checkForNewResponses called
[DEBUG] Hooks: Found 0 total hooks in registry
[DEBUG] Hooks: checkForNewResponses returning 0 responses
[DEBUG] Slash commands included in SlashCommand tool: /bug, /seek, /implement
[DEBUG] Stream started - received first chunk
[DEBUG] executePreToolHooks called for tool: Bash
[DEBUG] Executing hooks for PreToolUse:Bash
[DEBUG] Getting matching hook commands for PreToolUse with query: Bash
[DEBUG] Found 1 hook matchers in settings
[DEBUG] Matched 0 unique hooks for query "Bash" (0 before deduplication)
[DEBUG] Found 0 hook commands to execute
[DEBUG] Bash tool invoked with command: go get github.com/stretchr/testify/mock@v1.11.1
[DEBUG] Bash tool description: Add testify/mock dependency
[DEBUG] Executing hooks for PostToolUse:Bash
[DEBUG] Getting matching hook commands for PostToolUse with query: Bash
[DEBUG] Found 0 hook matchers in settings
[DEBUG] Matched 0 unique hooks for query "Bash" (0 before deduplication)
[DEBUG] Found 0 hook commands to execute
[DEBUG] Hooks: getAsyncHookResponseAttachments called
[DEBUG] Hooks: checkForNewResponses called
[DEBUG] Hooks: Found 0 total hooks in registry
[DEBUG] Hooks: checkForNewResponses returning 0 responses
[DEBUG] Slash commands included in SlashCommand tool: /bug, /seek, /implement
[DEBUG] Stream started - received first chunk
[DEBUG] executePreToolHooks called for tool: Bash
[DEBUG] Executing hooks for PreToolUse:Bash
[DEBUG] Getting matching hook commands for PreToolUse with query: Bash
[DEBUG] Found 1 hook matchers in settings
[DEBUG] Matched 0 unique hooks for query "Bash" (0 before deduplication)
[DEBUG] Found 0 hook commands to execute
[DEBUG] Bash tool invoked with command: go get github.com/stretchr/testify/assert@v1.11.1 && go mod tidy
[DEBUG] Bash tool description: Add testify assert and clean dependencies
[DEBUG] Executing hooks for PostToolUse:Bash
[DEBUG] Getting matching hook commands for PostToolUse with query: Bash
[DEBUG] Found 0 hook matchers in settings
[DEBUG] Matched 0 unique hooks for query "Bash" (0 before deduplication)
[DEBUG] Found 0 hook commands to execute
[DEBUG] Hooks: getAsyncHookResponseAttachments called
[DEBUG] Hooks: checkForNewResponses called
[DEBUG] Hooks: Found 0 total hooks in registry
[DEBUG] Hooks: checkForNewResponses returning 0 responses
[DEBUG] Slash commands included in SlashCommand tool: /bug, /seek, /implement
[DEBUG] Stream started - received first chunk
[DEBUG] executePreToolHooks called for tool: Bash
[DEBUG] Executing hooks for PreToolUse:Bash
[DEBUG] Getting matching hook commands for PreToolUse with query: Bash
[DEBUG] Found 1 hook matchers in settings
[DEBUG] Matched 0 unique hooks for query "Bash" (0 before deduplication)
[DEBUG] Found 0 hook commands to execute
[DEBUG] Bash tool invoked with command: go test ./app/server/internal/api/handlers -run TestResolveUser -v -count=1
[DEBUG] Bash tool description: Run user resolver unit tests
[DEBUG] Hooks: getAsyncHookResponseAttachments called
[DEBUG] Hooks: checkForNewResponses called
[DEBUG] Hooks: Found 0 total hooks in registry
[DEBUG] Hooks: checkForNewResponses returning 0 responses
[DEBUG] Slash commands included in SlashCommand tool: /bug, /seek, /implement
[DEBUG] Stream started - received first chunk
[DEBUG] executePreToolHooks called for tool: Read
[DEBUG] Executing hooks for PreToolUse:Read
[DEBUG] Getting matching hook commands for PreToolUse with query: Read
[DEBUG] Found 1 hook matchers in settings
[DEBUG] Matched 0 unique hooks for query "Read" (0 before deduplication)
[DEBUG] Found 0 hook commands to execute
[DEBUG] Executing hooks for PostToolUse:Read
[DEBUG] Getting matching hook commands for PostToolUse with query: Read
[DEBUG] Found 0 hook matchers in settings
[DEBUG] Matched 0 unique hooks for query "Read" (0 before deduplication)
[DEBUG] Found 0 hook commands to execute
[DEBUG] Hooks: getAsyncHookResponseAttachments called
[DEBUG] Hooks: checkForNewResponses called
[DEBUG] Hooks: Found 0 total hooks in registry
[DEBUG] Hooks: checkForNewResponses returning 0 responses
[DEBUG] Slash commands included in SlashCommand tool: /bug, /seek, /implement
[DEBUG] Stream started - received first chunk
[DEBUG] executePreToolHooks called for tool: Bash
[DEBUG] Executing hooks for PreToolUse:Bash
[DEBUG] Getting matching hook commands for PreToolUse with query: Bash
[DEBUG] Found 1 hook matchers in settings
[DEBUG] Matched 0 unique hooks for query "Bash" (0 before deduplication)
[DEBUG] Found 0 hook commands to execute
[DEBUG] Bash tool invoked with command: go build ./app/server/cmd
[DEBUG] Bash tool description: Build the application to verify no syntax errors
[DEBUG] Executing hooks for PostToolUse:Bash
[DEBUG] Getting matching hook commands for PostToolUse with query: Bash
[DEBUG] Found 0 hook matchers in settings
[DEBUG] Matched 0 unique hooks for query "Bash" (0 before deduplication)
[DEBUG] Found 0 hook commands to execute
[DEBUG] Hooks: getAsyncHookResponseAttachments called
[DEBUG] Hooks: checkForNewResponses called
[DEBUG] Hooks: Found 0 total hooks in registry
[DEBUG] Hooks: checkForNewResponses returning 0 responses
[DEBUG] Slash commands included in SlashCommand tool: /bug, /seek, /implement
[DEBUG] Stream started - received first chunk
[DEBUG] executePreToolHooks called for tool: Bash
[DEBUG] Executing hooks for PreToolUse:Bash
[DEBUG] Getting matching hook commands for PreToolUse with query: Bash
[DEBUG] Found 1 hook matchers in settings
[DEBUG] Matched 0 unique hooks for query "Bash" (0 before deduplication)
[DEBUG] Found 0 hook commands to execute
[DEBUG] Bash tool invoked with command: go test ./app/server/internal/api/handlers -run TestHandleAssignClient -v
[DEBUG] Bash tool description: Run existing assignment tests
[DEBUG] Hooks: getAsyncHookResponseAttachments called
[DEBUG] Hooks: checkForNewResponses called
[DEBUG] Hooks: Found 0 total hooks in registry
[DEBUG] Hooks: checkForNewResponses returning 0 responses
[DEBUG] Slash commands included in SlashCommand tool: /bug, /seek, /implement
[DEBUG] Stream started - received first chunk
[DEBUG] executePreToolHooks called for tool: Bash
[DEBUG] Executing hooks for PreToolUse:Bash
[DEBUG] Getting matching hook commands for PreToolUse with query: Bash
[DEBUG] Found 1 hook matchers in settings
[DEBUG] Matched 0 unique hooks for query "Bash" (0 before deduplication)
[DEBUG] Found 0 hook commands to execute
[DEBUG] Bash tool invoked with command: rm app/server/internal/api/handlers/slack_events_resolver_test.go
[DEBUG] Bash tool description: Remove conflicting test file
[DEBUG] Executing hooks for PostToolUse:Bash
[DEBUG] Getting matching hook commands for PostToolUse with query: Bash
[DEBUG] Found 0 hook matchers in settings
[DEBUG] Matched 0 unique hooks for query "Bash" (0 before deduplication)
[DEBUG] Found 0 hook commands to execute
[DEBUG] Hooks: getAsyncHookResponseAttachments called
[DEBUG] Hooks: checkForNewResponses called
[DEBUG] Hooks: Found 0 total hooks in registry
[DEBUG] Hooks: checkForNewResponses returning 0 responses
[DEBUG] Slash commands included in SlashCommand tool: /bug, /seek, /implement
[DEBUG] Stream started - received first chunk
[DEBUG] executePreToolHooks called for tool: Bash
[DEBUG] Executing hooks for PreToolUse:Bash
[DEBUG] Getting matching hook commands for PreToolUse with query: Bash
[DEBUG] Found 1 hook matchers in settings
[DEBUG] Matched 0 unique hooks for query "Bash" (0 before deduplication)
[DEBUG] Found 0 hook commands to execute
[DEBUG] Bash tool invoked with command: go test ./app/server/internal/api/handlers -run TestHandleAssignClient -v
[DEBUG] Bash tool description: Test assignment client functionality
[DEBUG] Hooks: getAsyncHookResponseAttachments called
[DEBUG] Hooks: checkForNewResponses called
[DEBUG] Hooks: Found 0 total hooks in registry
[DEBUG] Hooks: checkForNewResponses returning 0 responses
[DEBUG] Slash commands included in SlashCommand tool: /bug, /seek, /implement
[DEBUG] Stream started - received first chunk
[DEBUG] executePreToolHooks called for tool: TodoWrite
[DEBUG] Executing hooks for PreToolUse:TodoWrite
[DEBUG] Getting matching hook commands for PreToolUse with query: TodoWrite
[DEBUG] Found 1 hook matchers in settings
[DEBUG] Matched 0 unique hooks for query "TodoWrite" (0 before deduplication)
[DEBUG] Found 0 hook commands to execute
[DEBUG] Writing to temp file: /Users/walterday/.claude/todos/6dd5b38e-4203-491d-897e-6863a0cf565d-agent-021d49d0-0e5d-4b6e-b471-e74c2afa2206.json.tmp.45814.1760356551245
[DEBUG] Preserving file permissions: 100644
[DEBUG] Temp file written successfully, size: 2 bytes
[DEBUG] Applied original permissions to temp file
[DEBUG] Renaming /Users/walterday/.claude/todos/6dd5b38e-4203-491d-897e-6863a0cf565d-agent-021d49d0-0e5d-4b6e-b471-e74c2afa2206.json.tmp.45814.1760356551245 to /Users/walterday/.claude/todos/6dd5b38e-4203-491d-897e-6863a0cf565d-agent-021d49d0-0e5d-4b6e-b471-e74c2afa2206.json
[DEBUG] File /Users/walterday/.claude/todos/6dd5b38e-4203-491d-897e-6863a0cf565d-agent-021d49d0-0e5d-4b6e-b471-e74c2afa2206.json written atomically
[DEBUG] Writing to temp file: /Users/walterday/.claude/todos/6dd5b38e-4203-491d-897e-6863a0cf565d-agent-6dd5b38e-4203-491d-897e-6863a0cf565d.json.tmp.45814.1760356551258
[DEBUG] Preserving file permissions: 100644
[DEBUG] Temp file written successfully, size: 2010 bytes
[DEBUG] Applied original permissions to temp file
[DEBUG] Renaming /Users/walterday/.claude/todos/6dd5b38e-4203-491d-897e-6863a0cf565d-agent-6dd5b38e-4203-491d-897e-6863a0cf565d.json.tmp.45814.1760356551258 to /Users/walterday/.claude/todos/6dd5b38e-4203-491d-897e-6863a0cf565d-agent-6dd5b38e-4203-491d-897e-6863a0cf565d.json
[DEBUG] File /Users/walterday/.claude/todos/6dd5b38e-4203-491d-897e-6863a0cf565d-agent-6dd5b38e-4203-491d-897e-6863a0cf565d.json written atomically
[DEBUG] Executing hooks for PostToolUse:TodoWrite
[DEBUG] Getting matching hook commands for PostToolUse with query: TodoWrite
[DEBUG] Found 0 hook matchers in settings
[DEBUG] Matched 0 unique hooks for query "TodoWrite" (0 before deduplication)
[DEBUG] Found 0 hook commands to execute
[DEBUG] Hooks: getAsyncHookResponseAttachments called
[DEBUG] Hooks: checkForNewResponses called
[DEBUG] Hooks: Found 0 total hooks in registry
[DEBUG] Hooks: checkForNewResponses returning 0 responses
[DEBUG] Slash commands included in SlashCommand tool: /bug, /seek, /implement
[DEBUG] Stream started - received first chunk
[DEBUG] Writing to temp file: /Users/walterday/.claude.json.tmp.45814.1760356609139
[DEBUG] Preserving file permissions: 100644
[DEBUG] Temp file written successfully, size: 1942203 bytes
[DEBUG] Applied original permissions to temp file
[DEBUG] Renaming /Users/walterday/.claude.json.tmp.45814.1760356609139 to /Users/walterday/.claude.json
[DEBUG] File /Users/walterday/.claude.json written atomically
[DEBUG] Executing hooks for Stop
[DEBUG] Getting matching hook commands for Stop with query: undefined
[DEBUG] Found 0 hook matchers in settings
[DEBUG] Matched 0 unique hooks for query "no match query" (0 before deduplication)
[DEBUG] Found 0 hook commands to execute
[DEBUG] Writing to temp file: /Users/walterday/.claude.json.tmp.45814.1760356609188
[DEBUG] Preserving file permissions: 100644
[DEBUG] Temp file written successfully, size: 1942203 bytes
[DEBUG] Applied original permissions to temp file
[DEBUG] Renaming /Users/walterday/.claude.json.tmp.45814.1760356609188 to /Users/walterday/.claude.json
[DEBUG] File /Users/walterday/.claude.json written atomically
[DEBUG] Writing to temp file: /Users/walterday/.claude.json.tmp.45814.1760356609235
[DEBUG] Preserving file permissions: 100644
[DEBUG] Temp file written successfully, size: 1942258 bytes
[DEBUG] Applied original permissions to temp file
[DEBUG] Renaming /Users/walterday/.claude.json.tmp.45814.1760356609235 to /Users/walterday/.claude.json
[DEBUG] File /Users/walterday/.claude.json written atomically
[DEBUG] Getting matching hook commands for Notification with query: undefined
[DEBUG] Found 0 hook matchers in settings
[DEBUG] Matched 0 unique hooks for query "no match query" (0 before deduplication)
[DEBUG] AutoUpdaterWrapper: Installation type: npm-global, using native: false
[DEBUG] Getting matching hook commands for SessionEnd with query: undefined
[DEBUG] Found 0 hook matchers in settings
[DEBUG] Matched 0 unique hooks for query "no match query" (0 before deduplication)
