[DEBUG] Executing hooks for SessionStart:clear
[DEBUG] Getting matching hook commands for SessionStart with query: clear
[DEBUG] Found 0 hook matchers in settings
[DEBUG] Matched 0 unique hooks for query "clear" (0 before deduplication)
[DEBUG] Found 0 hook commands to execute
[DEBUG] FileHistory: Added snapshot for 9bed722f-e256-45aa-b01b-df2b25e1ac0b, tracking 0 files
[DEBUG] Writing to temp file: /Users/walterday/.claude.json.tmp.40262.1760547443516
[DEBUG] Preserving file permissions: 100644
[DEBUG] Temp file written successfully, size: 1990567 bytes
[DEBUG] Applied original permissions to temp file
[DEBUG] Renaming /Users/walterday/.claude.json.tmp.40262.1760547443516 to /Users/walterday/.claude.json
[DEBUG] File /Users/walterday/.claude.json written atomically
[DEBUG] Writing to temp file: /Users/walterday/.claude.json.tmp.40262.1760547443564
[DEBUG] Preserving file permissions: 100644
[DEBUG] Temp file written successfully, size: 1990651 bytes
[DEBUG] Applied original permissions to temp file
[DEBUG] Renaming /Users/walterday/.claude.json.tmp.40262.1760547443564 to /Users/walterday/.claude.json
[DEBUG] File /Users/walterday/.claude.json written atomically
[DEBUG] AutoUpdater: Detected installation type: npm-global
[DEBUG] AutoUpdater: Using global update method
[DEBUG] AutoUpdaterWrapper: Installation type: npm-global, using native: false
[DEBUG] Hooks: getAsyncHookResponseAttachments called
[DEBUG] Hooks: checkForNewResponses called
[DEBUG] Hooks: Found 0 total hooks in registry
[DEBUG] Hooks: checkForNewResponses returning 0 responses
[DEBUG] Executing hooks for UserPromptSubmit
[DEBUG] Getting matching hook commands for UserPromptSubmit with query: undefined
[DEBUG] Found 1 hook matchers in settings
[DEBUG] Matched 1 unique hooks for query "no match query" (1 before deduplication)
[DEBUG] Found 1 hook commands to execute
[DEBUG] Executing hook command: /Users/walterday/.claude/hooks/post-branch-create.sh with timeout 60000ms
[DEBUG] Hook command completed with status 0: /Users/walterday/.claude/hooks/post-branch-create.sh
[DEBUG] Hook output does not start with {, treating as plain text
[DEBUG] FileHistory: Making snapshot for message ea664765-57ad-43cf-a562-58cc762a2d04
[DEBUG] FileHistory: Added snapshot for ea664765-57ad-43cf-a562-58cc762a2d04, tracking 0 files
[DEBUG] Slash commands included in SlashCommand tool: /seek
[DEBUG] AutoUpdater: Detected installation type: npm-global
[DEBUG] AutoUpdater: Using global update method
[DEBUG] Stream started - received first chunk
[DEBUG] executePreToolHooks called for tool: Bash
[DEBUG] Executing hooks for PreToolUse:Bash
[DEBUG] Getting matching hook commands for PreToolUse with query: Bash
[DEBUG] Found 1 hook matchers in settings
[DEBUG] Matched 0 unique hooks for query "Bash" (0 before deduplication)
[DEBUG] Found 0 hook commands to execute
[DEBUG] executePreToolHooks called for tool: Read
[DEBUG] Executing hooks for PreToolUse:Read
[DEBUG] Getting matching hook commands for PreToolUse with query: Read
[DEBUG] Found 1 hook matchers in settings
[DEBUG] Matched 0 unique hooks for query "Read" (0 before deduplication)
[DEBUG] Found 0 hook commands to execute
[DEBUG] Executing hooks for PostToolUse:Read
[DEBUG] Getting matching hook commands for PostToolUse with query: Read
[DEBUG] Found 0 hook matchers in settings
[DEBUG] Matched 0 unique hooks for query "Read" (0 before deduplication)
[DEBUG] Found 0 hook commands to execute
[DEBUG] Executing hooks for PostToolUse:Bash
[DEBUG] Getting matching hook commands for PostToolUse with query: Bash
[DEBUG] Found 0 hook matchers in settings
[DEBUG] Matched 0 unique hooks for query "Bash" (0 before deduplication)
[DEBUG] Found 0 hook commands to execute
[DEBUG] Hooks: getAsyncHookResponseAttachments called
[DEBUG] Hooks: checkForNewResponses called
[DEBUG] Hooks: Found 0 total hooks in registry
[DEBUG] Hooks: checkForNewResponses returning 0 responses
[DEBUG] Slash commands included in SlashCommand tool: /seek
[DEBUG] Stream started - received first chunk
[DEBUG] Writing to temp file: /Users/walterday/.claude.json.tmp.40262.1760547468285
[DEBUG] Preserving file permissions: 100644
[DEBUG] Temp file written successfully, size: 1990651 bytes
[DEBUG] Applied original permissions to temp file
[DEBUG] Renaming /Users/walterday/.claude.json.tmp.40262.1760547468285 to /Users/walterday/.claude.json
[DEBUG] File /Users/walterday/.claude.json written atomically
[DEBUG] Writing to temp file: /Users/walterday/.claude/settings.json.tmp.40262.1760547473070
[DEBUG] Preserving file permissions: 100644
[DEBUG] Temp file written successfully, size: 632 bytes
[DEBUG] Applied original permissions to temp file
[DEBUG] Renaming /Users/walterday/.claude/settings.json.tmp.40262.1760547473070 to /Users/walterday/.claude/settings.json
[DEBUG] File /Users/walterday/.claude/settings.json written atomically
[DEBUG] Writing to temp file: /Users/walterday/.claude/settings.json.tmp.40262.1760547473516
[DEBUG] Preserving file permissions: 100644
[DEBUG] Temp file written successfully, size: 631 bytes
[DEBUG] Applied original permissions to temp file
[DEBUG] Renaming /Users/walterday/.claude/settings.json.tmp.40262.1760547473516 to /Users/walterday/.claude/settings.json
[DEBUG] File /Users/walterday/.claude/settings.json written atomically
[DEBUG] Applying permission update: Setting mode to 'acceptEdits'
[DEBUG] Writing to temp file: /Users/walterday/.claude.json.tmp.40262.1760547478535
[DEBUG] Preserving file permissions: 100644
[DEBUG] Temp file written successfully, size: 1990651 bytes
[DEBUG] Applied original permissions to temp file
[DEBUG] Renaming /Users/walterday/.claude.json.tmp.40262.1760547478535 to /Users/walterday/.claude.json
[DEBUG] File /Users/walterday/.claude.json written atomically
[DEBUG] Executing hooks for Stop
[DEBUG] Getting matching hook commands for Stop with query: undefined
[DEBUG] Found 0 hook matchers in settings
[DEBUG] Matched 0 unique hooks for query "no match query" (0 before deduplication)
[DEBUG] Found 0 hook commands to execute
[DEBUG] Writing to temp file: /Users/walterday/.claude.json.tmp.40262.1760547478583
[DEBUG] Preserving file permissions: 100644
[DEBUG] Temp file written successfully, size: 1990651 bytes
[DEBUG] Applied original permissions to temp file
[DEBUG] Renaming /Users/walterday/.claude.json.tmp.40262.1760547478583 to /Users/walterday/.claude.json
[DEBUG] File /Users/walterday/.claude.json written atomically
[DEBUG] Hooks: getAsyncHookResponseAttachments called
[DEBUG] Hooks: checkForNewResponses called
[DEBUG] Hooks: Found 0 total hooks in registry
[DEBUG] Hooks: checkForNewResponses returning 0 responses
[DEBUG] Executing hooks for UserPromptSubmit
[DEBUG] Getting matching hook commands for UserPromptSubmit with query: undefined
[DEBUG] Found 1 hook matchers in settings
[DEBUG] Matched 1 unique hooks for query "no match query" (1 before deduplication)
[DEBUG] Found 1 hook commands to execute
[DEBUG] Executing hook command: /Users/walterday/.claude/hooks/post-branch-create.sh with timeout 60000ms
[DEBUG] Hook command completed with status 0: /Users/walterday/.claude/hooks/post-branch-create.sh
[DEBUG] Hook output does not start with {, treating as plain text
[DEBUG] FileHistory: Making snapshot for message 62662dd5-25f6-4038-ae96-d905f92d09b1
[DEBUG] FileHistory: Added snapshot for 62662dd5-25f6-4038-ae96-d905f92d09b1, tracking 0 files
[DEBUG] Slash commands included in SlashCommand tool: /seek
[DEBUG] Stream started - received first chunk
[DEBUG] executePreToolHooks called for tool: Glob
[DEBUG] Executing hooks for PreToolUse:Glob
[DEBUG] Getting matching hook commands for PreToolUse with query: Glob
[DEBUG] Found 1 hook matchers in settings
[DEBUG] Matched 0 unique hooks for query "Glob" (0 before deduplication)
[DEBUG] Found 0 hook commands to execute
[DEBUG] executePreToolHooks called for tool: Glob
[DEBUG] Executing hooks for PreToolUse:Glob
[DEBUG] Getting matching hook commands for PreToolUse with query: Glob
[DEBUG] Found 1 hook matchers in settings
[DEBUG] Matched 0 unique hooks for query "Glob" (0 before deduplication)
[DEBUG] Found 0 hook commands to execute
[DEBUG] Executing hooks for PostToolUse:Glob
[DEBUG] Getting matching hook commands for PostToolUse with query: Glob
[DEBUG] Found 0 hook matchers in settings
[DEBUG] Matched 0 unique hooks for query "Glob" (0 before deduplication)
[DEBUG] Found 0 hook commands to execute
[DEBUG] Executing hooks for PostToolUse:Glob
[DEBUG] Getting matching hook commands for PostToolUse with query: Glob
[DEBUG] Found 0 hook matchers in settings
[DEBUG] Matched 0 unique hooks for query "Glob" (0 before deduplication)
[DEBUG] Found 0 hook commands to execute
[DEBUG] Hooks: getAsyncHookResponseAttachments called
[DEBUG] Hooks: checkForNewResponses called
[DEBUG] Hooks: Found 0 total hooks in registry
[DEBUG] Hooks: checkForNewResponses returning 0 responses
[DEBUG] Slash commands included in SlashCommand tool: /seek
[DEBUG] Stream started - received first chunk
[DEBUG] executePreToolHooks called for tool: Read
[DEBUG] Executing hooks for PreToolUse:Read
[DEBUG] Getting matching hook commands for PreToolUse with query: Read
[DEBUG] Found 1 hook matchers in settings
[DEBUG] Matched 0 unique hooks for query "Read" (0 before deduplication)
[DEBUG] Found 0 hook commands to execute
[DEBUG] executePreToolHooks called for tool: Read
[DEBUG] Executing hooks for PreToolUse:Read
[DEBUG] Getting matching hook commands for PreToolUse with query: Read
[DEBUG] Found 1 hook matchers in settings
[DEBUG] Matched 0 unique hooks for query "Read" (0 before deduplication)
[DEBUG] Found 0 hook commands to execute
[DEBUG] Executing hooks for PostToolUse:Read
[DEBUG] Getting matching hook commands for PostToolUse with query: Read
[DEBUG] Found 0 hook matchers in settings
[DEBUG] Matched 0 unique hooks for query "Read" (0 before deduplication)
[DEBUG] Found 0 hook commands to execute
[DEBUG] Executing hooks for PostToolUse:Read
[DEBUG] Getting matching hook commands for PostToolUse with query: Read
[DEBUG] Found 0 hook matchers in settings
[DEBUG] Matched 0 unique hooks for query "Read" (0 before deduplication)
[DEBUG] Found 0 hook commands to execute
[DEBUG] Hooks: getAsyncHookResponseAttachments called
[DEBUG] Hooks: checkForNewResponses called
[DEBUG] Hooks: Found 0 total hooks in registry
[DEBUG] Hooks: checkForNewResponses returning 0 responses
[DEBUG] Slash commands included in SlashCommand tool: /seek
[DEBUG] Stream started - received first chunk
[DEBUG] executePreToolHooks called for tool: WebFetch
[DEBUG] Executing hooks for PreToolUse:WebFetch
[DEBUG] Getting matching hook commands for PreToolUse with query: WebFetch
[DEBUG] Found 1 hook matchers in settings
[DEBUG] Matched 0 unique hooks for query "WebFetch" (0 before deduplication)
[DEBUG] Found 0 hook commands to execute
[DEBUG] Executing hooks for PostToolUse:WebFetch
[DEBUG] Getting matching hook commands for PostToolUse with query: WebFetch
[DEBUG] Found 0 hook matchers in settings
[DEBUG] Matched 0 unique hooks for query "WebFetch" (0 before deduplication)
[DEBUG] Found 0 hook commands to execute
[DEBUG] Hooks: getAsyncHookResponseAttachments called
[DEBUG] Hooks: checkForNewResponses called
[DEBUG] Hooks: Found 0 total hooks in registry
[DEBUG] Hooks: checkForNewResponses returning 0 responses
[DEBUG] Slash commands included in SlashCommand tool: /seek
[DEBUG] Stream started - received first chunk
[DEBUG] executePreToolHooks called for tool: WebSearch
[DEBUG] Executing hooks for PreToolUse:WebSearch
[DEBUG] Getting matching hook commands for PreToolUse with query: WebSearch
[DEBUG] Found 1 hook matchers in settings
[DEBUG] Matched 0 unique hooks for query "WebSearch" (0 before deduplication)
[DEBUG] Found 0 hook commands to execute
[DEBUG] Stream started - received first chunk
[DEBUG] Executing hooks for PostToolUse:WebSearch
[DEBUG] Getting matching hook commands for PostToolUse with query: WebSearch
[DEBUG] Found 0 hook matchers in settings
[DEBUG] Matched 0 unique hooks for query "WebSearch" (0 before deduplication)
[DEBUG] Found 0 hook commands to execute
[DEBUG] Hooks: getAsyncHookResponseAttachments called
[DEBUG] Hooks: checkForNewResponses called
[DEBUG] Hooks: Found 0 total hooks in registry
[DEBUG] Hooks: checkForNewResponses returning 0 responses
[DEBUG] Slash commands included in SlashCommand tool: /seek
[DEBUG] Stream started - received first chunk
[DEBUG] executePreToolHooks called for tool: WebFetch
[DEBUG] Executing hooks for PreToolUse:WebFetch
[DEBUG] Getting matching hook commands for PreToolUse with query: WebFetch
[DEBUG] Found 1 hook matchers in settings
[DEBUG] Matched 0 unique hooks for query "WebFetch" (0 before deduplication)
[DEBUG] Found 0 hook commands to execute
[DEBUG] Executing hooks for PostToolUse:WebFetch
[DEBUG] Getting matching hook commands for PostToolUse with query: WebFetch
[DEBUG] Found 0 hook matchers in settings
[DEBUG] Matched 0 unique hooks for query "WebFetch" (0 before deduplication)
[DEBUG] Found 0 hook commands to execute
[DEBUG] Hooks: getAsyncHookResponseAttachments called
[DEBUG] Hooks: checkForNewResponses called
[DEBUG] Hooks: Found 0 total hooks in registry
[DEBUG] Hooks: checkForNewResponses returning 0 responses
[DEBUG] Slash commands included in SlashCommand tool: /seek
[DEBUG] Stream started - received first chunk
[DEBUG] executePreToolHooks called for tool: WebSearch
[DEBUG] Executing hooks for PreToolUse:WebSearch
[DEBUG] Getting matching hook commands for PreToolUse with query: WebSearch
[DEBUG] Found 1 hook matchers in settings
[DEBUG] Matched 0 unique hooks for query "WebSearch" (0 before deduplication)
[DEBUG] Found 0 hook commands to execute
[DEBUG] Stream started - received first chunk
[DEBUG] Executing hooks for PostToolUse:WebSearch
[DEBUG] Getting matching hook commands for PostToolUse with query: WebSearch
[DEBUG] Found 0 hook matchers in settings
[DEBUG] Matched 0 unique hooks for query "WebSearch" (0 before deduplication)
[DEBUG] Found 0 hook commands to execute
[DEBUG] Hooks: getAsyncHookResponseAttachments called
[DEBUG] Hooks: checkForNewResponses called
[DEBUG] Hooks: Found 0 total hooks in registry
[DEBUG] Hooks: checkForNewResponses returning 0 responses
[DEBUG] Slash commands included in SlashCommand tool: /seek
[DEBUG] Stream started - received first chunk
[DEBUG] executePreToolHooks called for tool: WebFetch
[DEBUG] Executing hooks for PreToolUse:WebFetch
[DEBUG] Getting matching hook commands for PreToolUse with query: WebFetch
[DEBUG] Found 1 hook matchers in settings
[DEBUG] Matched 0 unique hooks for query "WebFetch" (0 before deduplication)
[DEBUG] Found 0 hook commands to execute
[DEBUG] Getting matching hook commands for Notification with query: undefined
[DEBUG] Found 0 hook matchers in settings
[DEBUG] Matched 0 unique hooks for query "no match query" (0 before deduplication)
[DEBUG] Persisting permission update: addRules to source 'localSettings'
[DEBUG] Persisting 1 allow rule(s) to localSettings
[DEBUG] Writing to temp file: /Users/walterday/Git/MerlinMines/Apps/sbi/.claude/settings.local.json.tmp.40262.1760547584028
[DEBUG] Preserving file permissions: 100644
[DEBUG] Temp file written successfully, size: 1687 bytes
[DEBUG] Applied original permissions to temp file
[DEBUG] Renaming /Users/walterday/Git/MerlinMines/Apps/sbi/.claude/settings.local.json.tmp.40262.1760547584028 to /Users/walterday/Git/MerlinMines/Apps/sbi/.claude/settings.local.json
[DEBUG] File /Users/walterday/Git/MerlinMines/Apps/sbi/.claude/settings.local.json written atomically
[DEBUG] Applying permission update: Adding 1 allow rule(s) to destination 'localSettings': ["WebFetch(domain:api.github.com)"]
[DEBUG] AutoUpdaterWrapper: Installation type: npm-global, using native: false
[DEBUG] AutoUpdater: Detected installation type: npm-global
[DEBUG] AutoUpdater: Using global update method
[DEBUG] Executing hooks for PostToolUse:WebFetch
[DEBUG] Getting matching hook commands for PostToolUse with query: WebFetch
[DEBUG] Found 0 hook matchers in settings
[DEBUG] Matched 0 unique hooks for query "WebFetch" (0 before deduplication)
[DEBUG] Found 0 hook commands to execute
[DEBUG] Hooks: getAsyncHookResponseAttachments called
[DEBUG] Hooks: checkForNewResponses called
[DEBUG] Hooks: Found 0 total hooks in registry
[DEBUG] Hooks: checkForNewResponses returning 0 responses
[DEBUG] Slash commands included in SlashCommand tool: /seek
[DEBUG] Stream started - received first chunk
[DEBUG] executePreToolHooks called for tool: Read
[DEBUG] Executing hooks for PreToolUse:Read
[DEBUG] Getting matching hook commands for PreToolUse with query: Read
[DEBUG] Found 1 hook matchers in settings
[DEBUG] Matched 0 unique hooks for query "Read" (0 before deduplication)
[DEBUG] Found 0 hook commands to execute
[DEBUG] Executing hooks for PostToolUse:Read
[DEBUG] Getting matching hook commands for PostToolUse with query: Read
[DEBUG] Found 0 hook matchers in settings
[DEBUG] Matched 0 unique hooks for query "Read" (0 before deduplication)
[DEBUG] Found 0 hook commands to execute
[DEBUG] Hooks: getAsyncHookResponseAttachments called
[DEBUG] Hooks: checkForNewResponses called
[DEBUG] Hooks: Found 0 total hooks in registry
[DEBUG] Hooks: checkForNewResponses returning 0 responses
[DEBUG] Slash commands included in SlashCommand tool: /seek
[DEBUG] Stream started - received first chunk
[DEBUG] executePreToolHooks called for tool: Edit
[DEBUG] Executing hooks for PreToolUse:Edit
[DEBUG] Getting matching hook commands for PreToolUse with query: Edit
[DEBUG] Found 1 hook matchers in settings
[DEBUG] Matched 1 unique hooks for query "Edit" (1 before deduplication)
[DEBUG] Found 1 hook commands to execute
[DEBUG] Executing hook command: /Users/walterday/.claude/scripts/validate-claude.sh with timeout 60000ms
[DEBUG] Hook command completed with status 0: /Users/walterday/.claude/scripts/validate-claude.sh
[DEBUG] Hook output does not start with {, treating as plain text
[DEBUG] FileHistory: Tracked file modification for /Users/walterday/Git/MerlinMines/Apps/sbi/.github/workflows/wolfi-base-enhanced.yaml
[DEBUG] Writing to temp file: /Users/walterday/Git/MerlinMines/Apps/sbi/.github/workflows/wolfi-base-enhanced.yaml.tmp.40262.1760547611177
[DEBUG] Preserving file permissions: 100644
[DEBUG] Temp file written successfully, size: 19179 bytes
[DEBUG] Applied original permissions to temp file
[DEBUG] Renaming /Users/walterday/Git/MerlinMines/Apps/sbi/.github/workflows/wolfi-base-enhanced.yaml.tmp.40262.1760547611177 to /Users/walterday/Git/MerlinMines/Apps/sbi/.github/workflows/wolfi-base-enhanced.yaml
[DEBUG] File /Users/walterday/Git/MerlinMines/Apps/sbi/.github/workflows/wolfi-base-enhanced.yaml written atomically
[DEBUG] Executing hooks for PostToolUse:Edit
[DEBUG] Getting matching hook commands for PostToolUse with query: Edit
[DEBUG] Found 0 hook matchers in settings
[DEBUG] Matched 0 unique hooks for query "Edit" (0 before deduplication)
[DEBUG] Found 0 hook commands to execute
[DEBUG] Hooks: getAsyncHookResponseAttachments called
[DEBUG] Hooks: checkForNewResponses called
[DEBUG] Hooks: Found 0 total hooks in registry
[DEBUG] Hooks: checkForNewResponses returning 0 responses
[DEBUG] Slash commands included in SlashCommand tool: /seek
[DEBUG] Stream started - received first chunk
[DEBUG] executePreToolHooks called for tool: Bash
[DEBUG] Executing hooks for PreToolUse:Bash
[DEBUG] Getting matching hook commands for PreToolUse with query: Bash
[DEBUG] Found 1 hook matchers in settings
[DEBUG] Matched 0 unique hooks for query "Bash" (0 before deduplication)
[DEBUG] Found 0 hook commands to execute
[DEBUG] Permission suggestions for Bash: [
  {
    "type": "addRules",
    "rules": [
      {
        "toolName": "Bash",
        "ruleContent": "curl -s https://api.github.com/repos/chainguard-dev/apko/releases/latest"
      }
    ],
    "behavior": "allow",
    "destination": "localSettings"
  }
]
[DEBUG] Persisting permission update: addRules to source 'localSettings'
[DEBUG] Persisting 1 allow rule(s) to localSettings
[DEBUG] Writing to temp file: /Users/walterday/Git/MerlinMines/Apps/sbi/.claude/settings.local.json.tmp.40262.1760547625411
[DEBUG] Preserving file permissions: 100644
[DEBUG] Temp file written successfully, size: 1775 bytes
[DEBUG] Applied original permissions to temp file
[DEBUG] Renaming /Users/walterday/Git/MerlinMines/Apps/sbi/.claude/settings.local.json.tmp.40262.1760547625411 to /Users/walterday/Git/MerlinMines/Apps/sbi/.claude/settings.local.json
[DEBUG] File /Users/walterday/Git/MerlinMines/Apps/sbi/.claude/settings.local.json written atomically
[DEBUG] Applying permission update: Adding 1 allow rule(s) to destination 'localSettings': ["Bash(curl -s https://api.github.com/repos/chainguard-dev/apko/releases/latest)"]
[DEBUG] AutoUpdaterWrapper: Installation type: npm-global, using native: false
[DEBUG] AutoUpdater: Detected installation type: npm-global
[DEBUG] AutoUpdater: Using global update method
[DEBUG] Executing hooks for PostToolUse:Bash
[DEBUG] Getting matching hook commands for PostToolUse with query: Bash
[DEBUG] Found 0 hook matchers in settings
[DEBUG] Matched 0 unique hooks for query "Bash" (0 before deduplication)
[DEBUG] Found 0 hook commands to execute
[DEBUG] Hooks: getAsyncHookResponseAttachments called
[DEBUG] Hooks: checkForNewResponses called
[DEBUG] Hooks: Found 0 total hooks in registry
[DEBUG] Hooks: checkForNewResponses returning 0 responses
[DEBUG] Slash commands included in SlashCommand tool: /seek
[DEBUG] Stream started - received first chunk
[DEBUG] executePreToolHooks called for tool: Edit
[DEBUG] Executing hooks for PreToolUse:Edit
[DEBUG] Getting matching hook commands for PreToolUse with query: Edit
[DEBUG] Found 1 hook matchers in settings
[DEBUG] Matched 1 unique hooks for query "Edit" (1 before deduplication)
[DEBUG] Found 1 hook commands to execute
[DEBUG] Executing hook command: /Users/walterday/.claude/scripts/validate-claude.sh with timeout 60000ms
[DEBUG] Hook command completed with status 0: /Users/walterday/.claude/scripts/validate-claude.sh
[DEBUG] Hook output does not start with {, treating as plain text
[DEBUG] Writing to temp file: /Users/walterday/Git/MerlinMines/Apps/sbi/.github/workflows/wolfi-base-enhanced.yaml.tmp.40262.1760547637563
[DEBUG] Preserving file permissions: 100644
[DEBUG] Temp file written successfully, size: 19236 bytes
[DEBUG] Applied original permissions to temp file
[DEBUG] Renaming /Users/walterday/Git/MerlinMines/Apps/sbi/.github/workflows/wolfi-base-enhanced.yaml.tmp.40262.1760547637563 to /Users/walterday/Git/MerlinMines/Apps/sbi/.github/workflows/wolfi-base-enhanced.yaml
[DEBUG] File /Users/walterday/Git/MerlinMines/Apps/sbi/.github/workflows/wolfi-base-enhanced.yaml written atomically
[DEBUG] Executing hooks for PostToolUse:Edit
[DEBUG] Getting matching hook commands for PostToolUse with query: Edit
[DEBUG] Found 0 hook matchers in settings
[DEBUG] Matched 0 unique hooks for query "Edit" (0 before deduplication)
[DEBUG] Found 0 hook commands to execute
[DEBUG] Hooks: getAsyncHookResponseAttachments called
[DEBUG] Hooks: checkForNewResponses called
[DEBUG] Hooks: Found 0 total hooks in registry
[DEBUG] Hooks: checkForNewResponses returning 0 responses
[DEBUG] Slash commands included in SlashCommand tool: /seek
[DEBUG] Stream started - received first chunk
[DEBUG] executePreToolHooks called for tool: Bash
[DEBUG] Executing hooks for PreToolUse:Bash
[DEBUG] Getting matching hook commands for PreToolUse with query: Bash
[DEBUG] Found 1 hook matchers in settings
[DEBUG] Matched 0 unique hooks for query "Bash" (0 before deduplication)
[DEBUG] Found 0 hook commands to execute
[DEBUG] Executing hooks for PostToolUse:Bash
[DEBUG] Getting matching hook commands for PostToolUse with query: Bash
[DEBUG] Found 0 hook matchers in settings
[DEBUG] Matched 0 unique hooks for query "Bash" (0 before deduplication)
[DEBUG] Found 0 hook commands to execute
[DEBUG] Hooks: getAsyncHookResponseAttachments called
[DEBUG] Hooks: checkForNewResponses called
[DEBUG] Hooks: Found 0 total hooks in registry
[DEBUG] Hooks: checkForNewResponses returning 0 responses
[DEBUG] Slash commands included in SlashCommand tool: /seek
[DEBUG] Stream started - received first chunk
[DEBUG] executePreToolHooks called for tool: Bash
[DEBUG] Executing hooks for PreToolUse:Bash
[DEBUG] Getting matching hook commands for PreToolUse with query: Bash
[DEBUG] Found 1 hook matchers in settings
[DEBUG] Matched 0 unique hooks for query "Bash" (0 before deduplication)
[DEBUG] Found 0 hook commands to execute
[DEBUG] Executing hooks for PostToolUse:Bash
[DEBUG] Getting matching hook commands for PostToolUse with query: Bash
[DEBUG] Found 0 hook matchers in settings
[DEBUG] Matched 0 unique hooks for query "Bash" (0 before deduplication)
[DEBUG] Found 0 hook commands to execute
[DEBUG] Hooks: getAsyncHookResponseAttachments called
[DEBUG] Hooks: checkForNewResponses called
[DEBUG] Hooks: Found 0 total hooks in registry
[DEBUG] Hooks: checkForNewResponses returning 0 responses
[DEBUG] Slash commands included in SlashCommand tool: /seek
[DEBUG] Stream started - received first chunk
[DEBUG] Writing to temp file: /Users/walterday/.claude.json.tmp.40262.1760547657401
[DEBUG] Preserving file permissions: 100644
[DEBUG] Temp file written successfully, size: 1990651 bytes
[DEBUG] Applied original permissions to temp file
[DEBUG] Renaming /Users/walterday/.claude.json.tmp.40262.1760547657401 to /Users/walterday/.claude.json
[DEBUG] File /Users/walterday/.claude.json written atomically
[DEBUG] Executing hooks for Stop
[DEBUG] Getting matching hook commands for Stop with query: undefined
[DEBUG] Found 0 hook matchers in settings
[DEBUG] Matched 0 unique hooks for query "no match query" (0 before deduplication)
[DEBUG] Found 0 hook commands to execute
[DEBUG] Writing to temp file: /Users/walterday/.claude.json.tmp.40262.1760547657448
[DEBUG] Preserving file permissions: 100644
[DEBUG] Temp file written successfully, size: 1990651 bytes
[DEBUG] Applied original permissions to temp file
[DEBUG] Renaming /Users/walterday/.claude.json.tmp.40262.1760547657448 to /Users/walterday/.claude.json
[DEBUG] File /Users/walterday/.claude.json written atomically
[DEBUG] Writing to temp file: /Users/walterday/.claude.json.tmp.40262.1760547657492
[DEBUG] Preserving file permissions: 100644
[DEBUG] Temp file written successfully, size: 2063339 bytes
[DEBUG] Applied original permissions to temp file
[DEBUG] Renaming /Users/walterday/.claude.json.tmp.40262.1760547657492 to /Users/walterday/.claude.json
[DEBUG] File /Users/walterday/.claude.json written atomically
[DEBUG] Writing to temp file: /Users/walterday/.claude.json.tmp.40262.1760547657541
[DEBUG] Preserving file permissions: 100644
[DEBUG] Temp file written successfully, size: 2135725 bytes
[DEBUG] Applied original permissions to temp file
[DEBUG] Renaming /Users/walterday/.claude.json.tmp.40262.1760547657541 to /Users/walterday/.claude.json
[DEBUG] File /Users/walterday/.claude.json written atomically
[DEBUG] AutoUpdaterWrapper: Installation type: npm-global, using native: false
[DEBUG] Hooks: getAsyncHookResponseAttachments called
[DEBUG] Hooks: checkForNewResponses called
[DEBUG] Hooks: Found 0 total hooks in registry
[DEBUG] Hooks: checkForNewResponses returning 0 responses
[DEBUG] Executing hooks for UserPromptSubmit
[DEBUG] Getting matching hook commands for UserPromptSubmit with query: undefined
[DEBUG] Found 1 hook matchers in settings
[DEBUG] Matched 1 unique hooks for query "no match query" (1 before deduplication)
[DEBUG] Found 1 hook commands to execute
[DEBUG] Executing hook command: /Users/walterday/.claude/hooks/post-branch-create.sh with timeout 60000ms
[DEBUG] Hook command completed with status 0: /Users/walterday/.claude/hooks/post-branch-create.sh
[DEBUG] Hook output does not start with {, treating as plain text
[DEBUG] FileHistory: Making snapshot for message 65f6666a-fc4c-406e-8a51-6bdbc7627762
[DEBUG] FileHistory: Added snapshot for 65f6666a-fc4c-406e-8a51-6bdbc7627762, tracking 1 files
[DEBUG] Slash commands included in SlashCommand tool: /seek
[DEBUG] AutoUpdater: Detected installation type: npm-global
[DEBUG] AutoUpdater: Using global update method
[DEBUG] Stream started - received first chunk
[DEBUG] executePreToolHooks called for tool: Bash
[DEBUG] Executing hooks for PreToolUse:Bash
[DEBUG] Getting matching hook commands for PreToolUse with query: Bash
[DEBUG] Found 1 hook matchers in settings
[DEBUG] Matched 0 unique hooks for query "Bash" (0 before deduplication)
[DEBUG] Found 0 hook commands to execute
[DEBUG] Executing hooks for PostToolUse:Bash
[DEBUG] Getting matching hook commands for PostToolUse with query: Bash
[DEBUG] Found 0 hook matchers in settings
[DEBUG] Matched 0 unique hooks for query "Bash" (0 before deduplication)
[DEBUG] Found 0 hook commands to execute
[DEBUG] Hooks: getAsyncHookResponseAttachments called
[DEBUG] Hooks: checkForNewResponses called
[DEBUG] Hooks: Found 0 total hooks in registry
[DEBUG] Hooks: checkForNewResponses returning 0 responses
[DEBUG] Slash commands included in SlashCommand tool: /seek
[DEBUG] Stream started - received first chunk
[DEBUG] executePreToolHooks called for tool: Bash
[DEBUG] Executing hooks for PreToolUse:Bash
[DEBUG] Getting matching hook commands for PreToolUse with query: Bash
[DEBUG] Found 1 hook matchers in settings
[DEBUG] Matched 0 unique hooks for query "Bash" (0 before deduplication)
[DEBUG] Found 0 hook commands to execute
[DEBUG] Permission suggestions for Bash: [
  {
    "type": "addRules",
    "rules": [
      {
        "toolName": "Bash",
        "ruleContent": "git commit:*"
      }
    ],
    "behavior": "allow",
    "destination": "localSettings"
  }
]
[DEBUG] Getting matching hook commands for Notification with query: undefined
[DEBUG] Found 0 hook matchers in settings
[DEBUG] Matched 0 unique hooks for query "no match query" (0 before deduplication)
[DEBUG] Persisting permission update: addRules to source 'localSettings'
[DEBUG] Persisting 1 allow rule(s) to localSettings
[DEBUG] Writing to temp file: /Users/walterday/Git/MerlinMines/Apps/sbi/.claude/settings.local.json.tmp.40262.1760548058967
[DEBUG] Preserving file permissions: 100644
[DEBUG] Temp file written successfully, size: 1803 bytes
[DEBUG] Applied original permissions to temp file
[DEBUG] Renaming /Users/walterday/Git/MerlinMines/Apps/sbi/.claude/settings.local.json.tmp.40262.1760548058967 to /Users/walterday/Git/MerlinMines/Apps/sbi/.claude/settings.local.json
[DEBUG] File /Users/walterday/Git/MerlinMines/Apps/sbi/.claude/settings.local.json written atomically
[DEBUG] Applying permission update: Adding 1 allow rule(s) to destination 'localSettings': ["Bash(git commit:*)"]
[DEBUG] AutoUpdaterWrapper: Installation type: npm-global, using native: false
[DEBUG] AutoUpdater: Detected installation type: npm-global
[DEBUG] AutoUpdater: Using global update method
[DEBUG] Executing hooks for PostToolUse:Bash
[DEBUG] Getting matching hook commands for PostToolUse with query: Bash
[DEBUG] Found 0 hook matchers in settings
[DEBUG] Matched 0 unique hooks for query "Bash" (0 before deduplication)
[DEBUG] Found 0 hook commands to execute
[DEBUG] Hooks: getAsyncHookResponseAttachments called
[DEBUG] Hooks: checkForNewResponses called
[DEBUG] Hooks: Found 0 total hooks in registry
[DEBUG] Hooks: checkForNewResponses returning 0 responses
[DEBUG] Slash commands included in SlashCommand tool: /seek
[DEBUG] Stream started - received first chunk
[DEBUG] executePreToolHooks called for tool: Bash
[DEBUG] Executing hooks for PreToolUse:Bash
[DEBUG] Getting matching hook commands for PreToolUse with query: Bash
[DEBUG] Found 1 hook matchers in settings
[DEBUG] Matched 0 unique hooks for query "Bash" (0 before deduplication)
[DEBUG] Found 0 hook commands to execute
[DEBUG] Executing hooks for PostToolUse:Bash
[DEBUG] Getting matching hook commands for PostToolUse with query: Bash
[DEBUG] Found 0 hook matchers in settings
[DEBUG] Matched 0 unique hooks for query "Bash" (0 before deduplication)
[DEBUG] Found 0 hook commands to execute
[DEBUG] Hooks: getAsyncHookResponseAttachments called
[DEBUG] Hooks: checkForNewResponses called
[DEBUG] Hooks: Found 0 total hooks in registry
[DEBUG] Hooks: checkForNewResponses returning 0 responses
[DEBUG] Slash commands included in SlashCommand tool: /seek
[DEBUG] Stream started - received first chunk
[DEBUG] Writing to temp file: /Users/walterday/.claude.json.tmp.40262.1760548069691
[DEBUG] Preserving file permissions: 100644
[DEBUG] Temp file written successfully, size: 2135725 bytes
[DEBUG] Applied original permissions to temp file
[DEBUG] Renaming /Users/walterday/.claude.json.tmp.40262.1760548069691 to /Users/walterday/.claude.json
[DEBUG] File /Users/walterday/.claude.json written atomically
[DEBUG] Executing hooks for Stop
[DEBUG] Getting matching hook commands for Stop with query: undefined
[DEBUG] Found 0 hook matchers in settings
[DEBUG] Matched 0 unique hooks for query "no match query" (0 before deduplication)
[DEBUG] Found 0 hook commands to execute
[DEBUG] Writing to temp file: /Users/walterday/.claude.json.tmp.40262.1760548069742
[DEBUG] Preserving file permissions: 100644
[DEBUG] Temp file written successfully, size: 2135725 bytes
[DEBUG] Applied original permissions to temp file
[DEBUG] Renaming /Users/walterday/.claude.json.tmp.40262.1760548069742 to /Users/walterday/.claude.json
[DEBUG] File /Users/walterday/.claude.json written atomically
[DEBUG] Writing to temp file: /Users/walterday/.claude.json.tmp.40262.1760548069793
[DEBUG] Preserving file permissions: 100644
[DEBUG] Temp file written successfully, size: 2135808 bytes
[DEBUG] Applied original permissions to temp file
[DEBUG] Renaming /Users/walterday/.claude.json.tmp.40262.1760548069793 to /Users/walterday/.claude.json
[DEBUG] File /Users/walterday/.claude.json written atomically
[DEBUG] AutoUpdaterWrapper: Installation type: npm-global, using native: false
[DEBUG] AutoUpdater: Detected installation type: npm-global
[DEBUG] AutoUpdater: Using global update method
[DEBUG] Hooks: getAsyncHookResponseAttachments called
[DEBUG] Hooks: checkForNewResponses called
[DEBUG] Hooks: Found 0 total hooks in registry
[DEBUG] Hooks: checkForNewResponses returning 0 responses
[DEBUG] Executing hooks for UserPromptSubmit
[DEBUG] Getting matching hook commands for UserPromptSubmit with query: undefined
[DEBUG] Found 1 hook matchers in settings
[DEBUG] Matched 1 unique hooks for query "no match query" (1 before deduplication)
[DEBUG] Found 1 hook commands to execute
[DEBUG] Executing hook command: /Users/walterday/.claude/hooks/post-branch-create.sh with timeout 60000ms
[DEBUG] Hook command completed with status 0: /Users/walterday/.claude/hooks/post-branch-create.sh
[DEBUG] Hook output does not start with {, treating as plain text
[DEBUG] FileHistory: Making snapshot for message 5463f2ce-0f99-41d6-88b4-6b372b486961
[DEBUG] FileHistory: Added snapshot for 5463f2ce-0f99-41d6-88b4-6b372b486961, tracking 1 files
[DEBUG] Slash commands included in SlashCommand tool: /seek
[DEBUG] Stream started - received first chunk
[DEBUG] executePreToolHooks called for tool: Bash
[DEBUG] Executing hooks for PreToolUse:Bash
[DEBUG] Getting matching hook commands for PreToolUse with query: Bash
[DEBUG] Found 1 hook matchers in settings
[DEBUG] Matched 0 unique hooks for query "Bash" (0 before deduplication)
[DEBUG] Found 0 hook commands to execute
[DEBUG] Permission suggestions for Bash: [
  {
    "type": "addRules",
    "rules": [
      {
        "toolName": "Bash",
        "ruleContent": "gh run view:*"
      }
    ],
    "behavior": "allow",
    "destination": "localSettings"
  }
]
[DEBUG] Getting matching hook commands for Notification with query: undefined
[DEBUG] Found 0 hook matchers in settings
[DEBUG] Matched 0 unique hooks for query "no match query" (0 before deduplication)
[DEBUG] Persisting permission update: addRules to source 'localSettings'
[DEBUG] Persisting 1 allow rule(s) to localSettings
[DEBUG] Writing to temp file: /Users/walterday/Git/MerlinMines/Apps/sbi/.claude/settings.local.json.tmp.40262.1760548641284
[DEBUG] Preserving file permissions: 100644
[DEBUG] Temp file written successfully, size: 1832 bytes
[DEBUG] Applied original permissions to temp file
[DEBUG] Renaming /Users/walterday/Git/MerlinMines/Apps/sbi/.claude/settings.local.json.tmp.40262.1760548641284 to /Users/walterday/Git/MerlinMines/Apps/sbi/.claude/settings.local.json
[DEBUG] File /Users/walterday/Git/MerlinMines/Apps/sbi/.claude/settings.local.json written atomically
[DEBUG] Applying permission update: Adding 1 allow rule(s) to destination 'localSettings': ["Bash(gh run view:*)"]
[DEBUG] AutoUpdaterWrapper: Installation type: npm-global, using native: false
[DEBUG] AutoUpdater: Detected installation type: npm-global
[DEBUG] AutoUpdater: Using global update method
[DEBUG] Executing hooks for PostToolUse:Bash
[DEBUG] Getting matching hook commands for PostToolUse with query: Bash
[DEBUG] Found 0 hook matchers in settings
[DEBUG] Matched 0 unique hooks for query "Bash" (0 before deduplication)
[DEBUG] Found 0 hook commands to execute
[DEBUG] Hooks: getAsyncHookResponseAttachments called
[DEBUG] Hooks: checkForNewResponses called
[DEBUG] Hooks: Found 0 total hooks in registry
[DEBUG] Hooks: checkForNewResponses returning 0 responses
[DEBUG] Slash commands included in SlashCommand tool: /seek
[DEBUG] Stream started - received first chunk
[DEBUG] executePreToolHooks called for tool: Bash
[DEBUG] Executing hooks for PreToolUse:Bash
[DEBUG] Getting matching hook commands for PreToolUse with query: Bash
[DEBUG] Found 1 hook matchers in settings
[DEBUG] Matched 0 unique hooks for query "Bash" (0 before deduplication)
[DEBUG] Found 0 hook commands to execute
[DEBUG] Permission suggestions for Bash: [
  {
    "type": "addRules",
    "rules": [
      {
        "toolName": "Bash",
        "ruleContent": "curl -sL https://github.com/chainguard-dev/apko/releases/download/v0.30.16/apko_0.30.16_linux_amd64.tar.gz"
      }
    ],
    "behavior": "allow",
    "destination": "localSettings"
  },
  {
    "type": "addRules",
    "rules": [
      {
        "toolName": "Bash",
        "ruleContent": "tar:*"
      }
    ],
    "behavior": "allow",
    "destination": "localSettings"
  }
]
[DEBUG] Persisting permission update: addRules to source 'localSettings'
[DEBUG] Persisting 1 allow rule(s) to localSettings
[DEBUG] Writing to temp file: /Users/walterday/Git/MerlinMines/Apps/sbi/.claude/settings.local.json.tmp.40262.1760548663293
[DEBUG] Preserving file permissions: 100644
[DEBUG] Temp file written successfully, size: 1954 bytes
[DEBUG] Applied original permissions to temp file
[DEBUG] Renaming /Users/walterday/Git/MerlinMines/Apps/sbi/.claude/settings.local.json.tmp.40262.1760548663293 to /Users/walterday/Git/MerlinMines/Apps/sbi/.claude/settings.local.json
[DEBUG] File /Users/walterday/Git/MerlinMines/Apps/sbi/.claude/settings.local.json written atomically
[DEBUG] Persisting permission update: addRules to source 'localSettings'
[DEBUG] Persisting 1 allow rule(s) to localSettings
[DEBUG] Writing to temp file: /Users/walterday/Git/MerlinMines/Apps/sbi/.claude/settings.local.json.tmp.40262.1760548663309
[DEBUG] Preserving file permissions: 100644
[DEBUG] Temp file written successfully, size: 1975 bytes
[DEBUG] Applied original permissions to temp file
[DEBUG] Renaming /Users/walterday/Git/MerlinMines/Apps/sbi/.claude/settings.local.json.tmp.40262.1760548663309 to /Users/walterday/Git/MerlinMines/Apps/sbi/.claude/settings.local.json
[DEBUG] File /Users/walterday/Git/MerlinMines/Apps/sbi/.claude/settings.local.json written atomically
[DEBUG] Applying permission update: Adding 1 allow rule(s) to destination 'localSettings': ["Bash(curl -sL https://github.com/chainguard-dev/apko/releases/download/v0.30.16/apko_0.30.16_linux_amd64.tar.gz)"]
[DEBUG] Applying permission update: Adding 1 allow rule(s) to destination 'localSettings': ["Bash(tar:*)"]
[DEBUG] AutoUpdaterWrapper: Installation type: npm-global, using native: false
[DEBUG] AutoUpdater: Detected installation type: npm-global
[DEBUG] AutoUpdater: Using global update method
[DEBUG] Executing hooks for PostToolUse:Bash
[DEBUG] Getting matching hook commands for PostToolUse with query: Bash
[DEBUG] Found 0 hook matchers in settings
[DEBUG] Matched 0 unique hooks for query "Bash" (0 before deduplication)
[DEBUG] Found 0 hook commands to execute
[DEBUG] Hooks: getAsyncHookResponseAttachments called
[DEBUG] Hooks: checkForNewResponses called
[DEBUG] Hooks: Found 0 total hooks in registry
[DEBUG] Hooks: checkForNewResponses returning 0 responses
[DEBUG] Slash commands included in SlashCommand tool: /seek
[DEBUG] Stream started - received first chunk
[DEBUG] executePreToolHooks called for tool: Edit
[DEBUG] Executing hooks for PreToolUse:Edit
[DEBUG] Getting matching hook commands for PreToolUse with query: Edit
[DEBUG] Found 1 hook matchers in settings
[DEBUG] Matched 1 unique hooks for query "Edit" (1 before deduplication)
[DEBUG] Found 1 hook commands to execute
[DEBUG] Executing hook command: /Users/walterday/.claude/scripts/validate-claude.sh with timeout 60000ms
[DEBUG] Hook command completed with status 0: /Users/walterday/.claude/scripts/validate-claude.sh
[DEBUG] Hook output does not start with {, treating as plain text
[DEBUG] Writing to temp file: /Users/walterday/Git/MerlinMines/Apps/sbi/.github/workflows/wolfi-base-enhanced.yaml.tmp.40262.1760548676247
[DEBUG] Preserving file permissions: 100644
[DEBUG] Temp file written successfully, size: 19273 bytes
[DEBUG] Applied original permissions to temp file
[DEBUG] Renaming /Users/walterday/Git/MerlinMines/Apps/sbi/.github/workflows/wolfi-base-enhanced.yaml.tmp.40262.1760548676247 to /Users/walterday/Git/MerlinMines/Apps/sbi/.github/workflows/wolfi-base-enhanced.yaml
[DEBUG] File /Users/walterday/Git/MerlinMines/Apps/sbi/.github/workflows/wolfi-base-enhanced.yaml written atomically
[DEBUG] Executing hooks for PostToolUse:Edit
[DEBUG] Getting matching hook commands for PostToolUse with query: Edit
[DEBUG] Found 0 hook matchers in settings
[DEBUG] Matched 0 unique hooks for query "Edit" (0 before deduplication)
[DEBUG] Found 0 hook commands to execute
[DEBUG] Hooks: getAsyncHookResponseAttachments called
[DEBUG] Hooks: checkForNewResponses called
[DEBUG] Hooks: Found 0 total hooks in registry
[DEBUG] Hooks: checkForNewResponses returning 0 responses
[DEBUG] Slash commands included in SlashCommand tool: /seek
[DEBUG] Stream started - received first chunk
[DEBUG] executePreToolHooks called for tool: Bash
[DEBUG] Executing hooks for PreToolUse:Bash
[DEBUG] Getting matching hook commands for PreToolUse with query: Bash
[DEBUG] Found 1 hook matchers in settings
[DEBUG] Matched 0 unique hooks for query "Bash" (0 before deduplication)
[DEBUG] Found 0 hook commands to execute
[DEBUG] Permission suggestions for Bash: [
  {
    "type": "addRules",
    "rules": [
      {
        "toolName": "Bash",
        "ruleContent": "curl -fsSL https://github.com/chainguard-dev/apko/releases/download/v0.30.16/apko_0.30.16_linux_amd64.tar.gz"
      }
    ],
    "behavior": "allow",
    "destination": "localSettings"
  }
]
[DEBUG] Getting matching hook commands for Notification with query: undefined
[DEBUG] Found 0 hook matchers in settings
[DEBUG] Matched 0 unique hooks for query "no match query" (0 before deduplication)
[DEBUG] Persisting permission update: addRules to source 'localSettings'
[DEBUG] Persisting 1 allow rule(s) to localSettings
[DEBUG] Writing to temp file: /Users/walterday/Git/MerlinMines/Apps/sbi/.claude/settings.local.json.tmp.40262.1760548705166
[DEBUG] Preserving file permissions: 100644
[DEBUG] Temp file written successfully, size: 2099 bytes
[DEBUG] Applied original permissions to temp file
[DEBUG] Renaming /Users/walterday/Git/MerlinMines/Apps/sbi/.claude/settings.local.json.tmp.40262.1760548705166 to /Users/walterday/Git/MerlinMines/Apps/sbi/.claude/settings.local.json
[DEBUG] File /Users/walterday/Git/MerlinMines/Apps/sbi/.claude/settings.local.json written atomically
[DEBUG] Applying permission update: Adding 1 allow rule(s) to destination 'localSettings': ["Bash(curl -fsSL https://github.com/chainguard-dev/apko/releases/download/v0.30.16/apko_0.30.16_linux_amd64.tar.gz)"]
[DEBUG] AutoUpdaterWrapper: Installation type: npm-global, using native: false
[DEBUG] AutoUpdater: Detected installation type: npm-global
[DEBUG] AutoUpdater: Using global update method
[DEBUG] Hooks: getAsyncHookResponseAttachments called
[DEBUG] Hooks: checkForNewResponses called
[DEBUG] Hooks: Found 0 total hooks in registry
[DEBUG] Hooks: checkForNewResponses returning 0 responses
[DEBUG] Slash commands included in SlashCommand tool: /seek
[DEBUG] Stream started - received first chunk
[DEBUG] executePreToolHooks called for tool: Edit
[DEBUG] Executing hooks for PreToolUse:Edit
[DEBUG] Getting matching hook commands for PreToolUse with query: Edit
[DEBUG] Found 1 hook matchers in settings
[DEBUG] Matched 1 unique hooks for query "Edit" (1 before deduplication)
[DEBUG] Found 1 hook commands to execute
[DEBUG] Executing hook command: /Users/walterday/.claude/scripts/validate-claude.sh with timeout 60000ms
[DEBUG] Hook command completed with status 0: /Users/walterday/.claude/scripts/validate-claude.sh
[DEBUG] Hook output does not start with {, treating as plain text
[DEBUG] Writing to temp file: /Users/walterday/Git/MerlinMines/Apps/sbi/.github/workflows/wolfi-base-enhanced.yaml.tmp.40262.1760548719262
[DEBUG] Preserving file permissions: 100644
[DEBUG] Temp file written successfully, size: 19498 bytes
[DEBUG] Applied original permissions to temp file
[DEBUG] Renaming /Users/walterday/Git/MerlinMines/Apps/sbi/.github/workflows/wolfi-base-enhanced.yaml.tmp.40262.1760548719262 to /Users/walterday/Git/MerlinMines/Apps/sbi/.github/workflows/wolfi-base-enhanced.yaml
[DEBUG] File /Users/walterday/Git/MerlinMines/Apps/sbi/.github/workflows/wolfi-base-enhanced.yaml written atomically
[DEBUG] Executing hooks for PostToolUse:Edit
[DEBUG] Getting matching hook commands for PostToolUse with query: Edit
[DEBUG] Found 0 hook matchers in settings
[DEBUG] Matched 0 unique hooks for query "Edit" (0 before deduplication)
[DEBUG] Found 0 hook commands to execute
[DEBUG] Hooks: getAsyncHookResponseAttachments called
[DEBUG] Hooks: checkForNewResponses called
[DEBUG] Hooks: Found 0 total hooks in registry
[DEBUG] Hooks: checkForNewResponses returning 0 responses
[DEBUG] Slash commands included in SlashCommand tool: /seek
[DEBUG] Stream started - received first chunk
[DEBUG] executePreToolHooks called for tool: Bash
[DEBUG] Executing hooks for PreToolUse:Bash
[DEBUG] Getting matching hook commands for PreToolUse with query: Bash
[DEBUG] Found 1 hook matchers in settings
[DEBUG] Matched 0 unique hooks for query "Bash" (0 before deduplication)
[DEBUG] Found 0 hook commands to execute
[DEBUG] Executing hooks for PostToolUse:Bash
[DEBUG] Getting matching hook commands for PostToolUse with query: Bash
[DEBUG] Found 0 hook matchers in settings
[DEBUG] Matched 0 unique hooks for query "Bash" (0 before deduplication)
[DEBUG] Found 0 hook commands to execute
[DEBUG] Hooks: getAsyncHookResponseAttachments called
[DEBUG] Hooks: checkForNewResponses called
[DEBUG] Hooks: Found 0 total hooks in registry
[DEBUG] Hooks: checkForNewResponses returning 0 responses
[DEBUG] Slash commands included in SlashCommand tool: /seek
[DEBUG] Stream started - received first chunk
[DEBUG] Writing to temp file: /Users/walterday/.claude.json.tmp.40262.1760548731839
[DEBUG] Preserving file permissions: 100644
[DEBUG] Temp file written successfully, size: 2135808 bytes
[DEBUG] Applied original permissions to temp file
[DEBUG] Renaming /Users/walterday/.claude.json.tmp.40262.1760548731839 to /Users/walterday/.claude.json
[DEBUG] File /Users/walterday/.claude.json written atomically
[DEBUG] executePreToolHooks called for tool: Bash
[DEBUG] Executing hooks for PreToolUse:Bash
[DEBUG] Getting matching hook commands for PreToolUse with query: Bash
[DEBUG] Found 1 hook matchers in settings
[DEBUG] Matched 0 unique hooks for query "Bash" (0 before deduplication)
[DEBUG] Found 0 hook commands to execute
[DEBUG] Executing hooks for PostToolUse:Bash
[DEBUG] Getting matching hook commands for PostToolUse with query: Bash
[DEBUG] Found 0 hook matchers in settings
[DEBUG] Matched 0 unique hooks for query "Bash" (0 before deduplication)
[DEBUG] Found 0 hook commands to execute
[DEBUG] Hooks: getAsyncHookResponseAttachments called
[DEBUG] Hooks: checkForNewResponses called
[DEBUG] Hooks: Found 0 total hooks in registry
[DEBUG] Hooks: checkForNewResponses returning 0 responses
[DEBUG] Slash commands included in SlashCommand tool: /seek
[DEBUG] Stream started - received first chunk
[DEBUG] executePreToolHooks called for tool: Bash
[DEBUG] Executing hooks for PreToolUse:Bash
[DEBUG] Getting matching hook commands for PreToolUse with query: Bash
[DEBUG] Found 1 hook matchers in settings
[DEBUG] Matched 0 unique hooks for query "Bash" (0 before deduplication)
[DEBUG] Found 0 hook commands to execute
[DEBUG] Executing hooks for PostToolUse:Bash
[DEBUG] Getting matching hook commands for PostToolUse with query: Bash
[DEBUG] Found 0 hook matchers in settings
[DEBUG] Matched 0 unique hooks for query "Bash" (0 before deduplication)
[DEBUG] Found 0 hook commands to execute
[DEBUG] Hooks: getAsyncHookResponseAttachments called
[DEBUG] Hooks: checkForNewResponses called
[DEBUG] Hooks: Found 0 total hooks in registry
[DEBUG] Hooks: checkForNewResponses returning 0 responses
[DEBUG] Slash commands included in SlashCommand tool: /seek
[DEBUG] Stream started - received first chunk
[DEBUG] executePreToolHooks called for tool: Bash
[DEBUG] Executing hooks for PreToolUse:Bash
[DEBUG] Getting matching hook commands for PreToolUse with query: Bash
[DEBUG] Found 1 hook matchers in settings
[DEBUG] Matched 0 unique hooks for query "Bash" (0 before deduplication)
[DEBUG] Found 0 hook commands to execute
[DEBUG] Permission suggestions for Bash: [
  {
    "type": "addRules",
    "rules": [
      {
        "toolName": "Bash",
        "ruleContent": "gh run list:*"
      }
    ],
    "behavior": "allow",
    "destination": "localSettings"
  }
]
[DEBUG] Persisting permission update: addRules to source 'localSettings'
[DEBUG] Persisting 1 allow rule(s) to localSettings
[DEBUG] Writing to temp file: /Users/walterday/Git/MerlinMines/Apps/sbi/.claude/settings.local.json.tmp.40262.1760548754487
[DEBUG] Preserving file permissions: 100644
[DEBUG] Temp file written successfully, size: 2128 bytes
[DEBUG] Applied original permissions to temp file
[DEBUG] Renaming /Users/walterday/Git/MerlinMines/Apps/sbi/.claude/settings.local.json.tmp.40262.1760548754487 to /Users/walterday/Git/MerlinMines/Apps/sbi/.claude/settings.local.json
[DEBUG] File /Users/walterday/Git/MerlinMines/Apps/sbi/.claude/settings.local.json written atomically
[DEBUG] Applying permission update: Adding 1 allow rule(s) to destination 'localSettings': ["Bash(gh run list:*)"]
[DEBUG] AutoUpdaterWrapper: Installation type: npm-global, using native: false
[DEBUG] AutoUpdater: Detected installation type: npm-global
[DEBUG] AutoUpdater: Using global update method
[DEBUG] Executing hooks for PostToolUse:Bash
[DEBUG] Getting matching hook commands for PostToolUse with query: Bash
[DEBUG] Found 0 hook matchers in settings
[DEBUG] Matched 0 unique hooks for query "Bash" (0 before deduplication)
[DEBUG] Found 0 hook commands to execute
[DEBUG] Hooks: getAsyncHookResponseAttachments called
[DEBUG] Hooks: checkForNewResponses called
[DEBUG] Hooks: Found 0 total hooks in registry
[DEBUG] Hooks: checkForNewResponses returning 0 responses
[DEBUG] Slash commands included in SlashCommand tool: /seek
[DEBUG] Stream started - received first chunk
[DEBUG] executePreToolHooks called for tool: Bash
[DEBUG] Executing hooks for PreToolUse:Bash
[DEBUG] Getting matching hook commands for PreToolUse with query: Bash
[DEBUG] Found 1 hook matchers in settings
[DEBUG] Matched 0 unique hooks for query "Bash" (0 before deduplication)
[DEBUG] Found 0 hook commands to execute
[DEBUG] Permission suggestions for Bash: [
  {
    "type": "addRules",
    "rules": [
      {
        "toolName": "Bash",
        "ruleContent": "gh run watch:*"
      }
    ],
    "behavior": "allow",
    "destination": "localSettings"
  }
]
[DEBUG] AutoUpdaterWrapper: Installation type: npm-global, using native: false
[DEBUG] AutoUpdater: Detected installation type: npm-global
[DEBUG] AutoUpdater: Using global update method
[DEBUG] Executing hooks for PostToolUse:Bash
[DEBUG] Getting matching hook commands for PostToolUse with query: Bash
[DEBUG] Found 0 hook matchers in settings
[DEBUG] Matched 0 unique hooks for query "Bash" (0 before deduplication)
[DEBUG] Found 0 hook commands to execute
[DEBUG] Hooks: getAsyncHookResponseAttachments called
[DEBUG] Hooks: checkForNewResponses called
[DEBUG] Hooks: Found 0 total hooks in registry
[DEBUG] Hooks: checkForNewResponses returning 0 responses
[DEBUG] Slash commands included in SlashCommand tool: /seek
[DEBUG] Stream started - received first chunk
[DEBUG] executePreToolHooks called for tool: Bash
[DEBUG] Executing hooks for PreToolUse:Bash
[DEBUG] Getting matching hook commands for PreToolUse with query: Bash
[DEBUG] Found 1 hook matchers in settings
[DEBUG] Matched 0 unique hooks for query "Bash" (0 before deduplication)
[DEBUG] Found 0 hook commands to execute
[DEBUG] Executing hooks for PostToolUse:Bash
[DEBUG] Getting matching hook commands for PostToolUse with query: Bash
[DEBUG] Found 0 hook matchers in settings
[DEBUG] Matched 0 unique hooks for query "Bash" (0 before deduplication)
[DEBUG] Found 0 hook commands to execute
[DEBUG] Hooks: getAsyncHookResponseAttachments called
[DEBUG] Hooks: checkForNewResponses called
[DEBUG] Hooks: Found 0 total hooks in registry
[DEBUG] Hooks: checkForNewResponses returning 0 responses
[DEBUG] Slash commands included in SlashCommand tool: /seek
[DEBUG] Stream started - received first chunk
[DEBUG] executePreToolHooks called for tool: Bash
[DEBUG] Executing hooks for PreToolUse:Bash
[DEBUG] Getting matching hook commands for PreToolUse with query: Bash
[DEBUG] Found 1 hook matchers in settings
[DEBUG] Matched 0 unique hooks for query "Bash" (0 before deduplication)
[DEBUG] Found 0 hook commands to execute
[DEBUG] Executing hooks for PostToolUse:Bash
[DEBUG] Getting matching hook commands for PostToolUse with query: Bash
[DEBUG] Found 0 hook matchers in settings
[DEBUG] Matched 0 unique hooks for query "Bash" (0 before deduplication)
[DEBUG] Found 0 hook commands to execute
[DEBUG] Hooks: getAsyncHookResponseAttachments called
[DEBUG] Hooks: checkForNewResponses called
[DEBUG] Hooks: Found 0 total hooks in registry
[DEBUG] Hooks: checkForNewResponses returning 0 responses
[DEBUG] Slash commands included in SlashCommand tool: /seek
[DEBUG] Stream started - received first chunk
[DEBUG] executePreToolHooks called for tool: Bash
[DEBUG] Executing hooks for PreToolUse:Bash
[DEBUG] Getting matching hook commands for PreToolUse with query: Bash
[DEBUG] Found 1 hook matchers in settings
[DEBUG] Matched 0 unique hooks for query "Bash" (0 before deduplication)
[DEBUG] Found 0 hook commands to execute
[DEBUG] Permission suggestions for Bash: [
  {
    "type": "addRules",
    "rules": [
      {
        "toolName": "Bash",
        "ruleContent": "gh api:*"
      }
    ],
    "behavior": "allow",
    "destination": "localSettings"
  }
]
[DEBUG] Getting matching hook commands for Notification with query: undefined
[DEBUG] Found 0 hook matchers in settings
[DEBUG] Matched 0 unique hooks for query "no match query" (0 before deduplication)
[DEBUG] Persisting permission update: addRules to source 'localSettings'
[DEBUG] Persisting 1 allow rule(s) to localSettings
[DEBUG] Writing to temp file: /Users/walterday/Git/MerlinMines/Apps/sbi/.claude/settings.local.json.tmp.40262.1760548812540
[DEBUG] Preserving file permissions: 100644
[DEBUG] Temp file written successfully, size: 2152 bytes
[DEBUG] Applied original permissions to temp file
[DEBUG] Renaming /Users/walterday/Git/MerlinMines/Apps/sbi/.claude/settings.local.json.tmp.40262.1760548812540 to /Users/walterday/Git/MerlinMines/Apps/sbi/.claude/settings.local.json
[DEBUG] File /Users/walterday/Git/MerlinMines/Apps/sbi/.claude/settings.local.json written atomically
[DEBUG] Applying permission update: Adding 1 allow rule(s) to destination 'localSettings': ["Bash(gh api:*)"]
[DEBUG] AutoUpdaterWrapper: Installation type: npm-global, using native: false
[DEBUG] AutoUpdater: Detected installation type: npm-global
[DEBUG] AutoUpdater: Using global update method
[DEBUG] Executing hooks for PostToolUse:Bash
[DEBUG] Getting matching hook commands for PostToolUse with query: Bash
[DEBUG] Found 0 hook matchers in settings
[DEBUG] Matched 0 unique hooks for query "Bash" (0 before deduplication)
[DEBUG] Found 0 hook commands to execute
[DEBUG] Hooks: getAsyncHookResponseAttachments called
[DEBUG] Hooks: checkForNewResponses called
[DEBUG] Hooks: Found 0 total hooks in registry
[DEBUG] Hooks: checkForNewResponses returning 0 responses
[DEBUG] Slash commands included in SlashCommand tool: /seek
[DEBUG] Stream started - received first chunk
[DEBUG] executePreToolHooks called for tool: Bash
[DEBUG] Executing hooks for PreToolUse:Bash
[DEBUG] Getting matching hook commands for PreToolUse with query: Bash
[DEBUG] Found 1 hook matchers in settings
[DEBUG] Matched 0 unique hooks for query "Bash" (0 before deduplication)
[DEBUG] Found 0 hook commands to execute
[DEBUG] Hooks: getAsyncHookResponseAttachments called
[DEBUG] Hooks: checkForNewResponses called
[DEBUG] Hooks: Found 0 total hooks in registry
[DEBUG] Hooks: checkForNewResponses returning 0 responses
[DEBUG] Slash commands included in SlashCommand tool: /seek
[DEBUG] Stream started - received first chunk
[DEBUG] Writing to temp file: /Users/walterday/.claude.json.tmp.40262.1760548826585
[DEBUG] Preserving file permissions: 100644
[DEBUG] Temp file written successfully, size: 2135808 bytes
[DEBUG] Applied original permissions to temp file
[DEBUG] Renaming /Users/walterday/.claude.json.tmp.40262.1760548826585 to /Users/walterday/.claude.json
[DEBUG] File /Users/walterday/.claude.json written atomically
[DEBUG] Writing to temp file: /Users/walterday/.claude.json.tmp.40262.1760548839062
[DEBUG] Preserving file permissions: 100644
[DEBUG] Temp file written successfully, size: 2135808 bytes
[DEBUG] Applied original permissions to temp file
[DEBUG] Renaming /Users/walterday/.claude.json.tmp.40262.1760548839062 to /Users/walterday/.claude.json
[DEBUG] File /Users/walterday/.claude.json written atomically
[DEBUG] Executing hooks for Stop
[DEBUG] Getting matching hook commands for Stop with query: undefined
[DEBUG] Found 0 hook matchers in settings
[DEBUG] Matched 0 unique hooks for query "no match query" (0 before deduplication)
[DEBUG] Found 0 hook commands to execute
[DEBUG] Writing to temp file: /Users/walterday/.claude.json.tmp.40262.1760548839110
[DEBUG] Preserving file permissions: 100644
[DEBUG] Temp file written successfully, size: 2135808 bytes
[DEBUG] Applied original permissions to temp file
[DEBUG] Renaming /Users/walterday/.claude.json.tmp.40262.1760548839110 to /Users/walterday/.claude.json
[DEBUG] File /Users/walterday/.claude.json written atomically
[DEBUG] Hooks: getAsyncHookResponseAttachments called
[DEBUG] Hooks: checkForNewResponses called
[DEBUG] Hooks: Found 0 total hooks in registry
[DEBUG] Hooks: checkForNewResponses returning 0 responses
[DEBUG] Executing hooks for UserPromptSubmit
[DEBUG] Getting matching hook commands for UserPromptSubmit with query: undefined
[DEBUG] Found 1 hook matchers in settings
[DEBUG] Matched 1 unique hooks for query "no match query" (1 before deduplication)
[DEBUG] Found 1 hook commands to execute
[DEBUG] Executing hook command: /Users/walterday/.claude/hooks/post-branch-create.sh with timeout 60000ms
[DEBUG] Hook command completed with status 0: /Users/walterday/.claude/hooks/post-branch-create.sh
[DEBUG] Hook output does not start with {, treating as plain text
[DEBUG] FileHistory: Making snapshot for message c79a0fc0-2e90-4d37-8166-72735cd01dfa
[DEBUG] FileHistory: Added snapshot for c79a0fc0-2e90-4d37-8166-72735cd01dfa, tracking 1 files
[DEBUG] Slash commands included in SlashCommand tool: /seek
[DEBUG] Stream started - received first chunk
[DEBUG] executePreToolHooks called for tool: Read
[DEBUG] Executing hooks for PreToolUse:Read
[DEBUG] Getting matching hook commands for PreToolUse with query: Read
[DEBUG] Found 1 hook matchers in settings
[DEBUG] Matched 0 unique hooks for query "Read" (0 before deduplication)
[DEBUG] Found 0 hook commands to execute
[DEBUG] Executing hooks for PostToolUse:Read
[DEBUG] Getting matching hook commands for PostToolUse with query: Read
[DEBUG] Found 0 hook matchers in settings
[DEBUG] Matched 0 unique hooks for query "Read" (0 before deduplication)
[DEBUG] Found 0 hook commands to execute
[DEBUG] Hooks: getAsyncHookResponseAttachments called
[DEBUG] Hooks: checkForNewResponses called
[DEBUG] Hooks: Found 0 total hooks in registry
[DEBUG] Hooks: checkForNewResponses returning 0 responses
[DEBUG] Slash commands included in SlashCommand tool: /seek
[DEBUG] Stream started - received first chunk
[DEBUG] executePreToolHooks called for tool: Bash
[DEBUG] Executing hooks for PreToolUse:Bash
[DEBUG] Getting matching hook commands for PreToolUse with query: Bash
[DEBUG] Found 1 hook matchers in settings
[DEBUG] Matched 0 unique hooks for query "Bash" (0 before deduplication)
[DEBUG] Found 0 hook commands to execute
[DEBUG] Executing hooks for PostToolUse:Bash
[DEBUG] Getting matching hook commands for PostToolUse with query: Bash
[DEBUG] Found 0 hook matchers in settings
[DEBUG] Matched 0 unique hooks for query "Bash" (0 before deduplication)
[DEBUG] Found 0 hook commands to execute
[DEBUG] Hooks: getAsyncHookResponseAttachments called
[DEBUG] Hooks: checkForNewResponses called
[DEBUG] Hooks: Found 0 total hooks in registry
[DEBUG] Hooks: checkForNewResponses returning 0 responses
[DEBUG] Slash commands included in SlashCommand tool: /seek
[DEBUG] Stream started - received first chunk
[DEBUG] executePreToolHooks called for tool: Bash
[DEBUG] Executing hooks for PreToolUse:Bash
[DEBUG] Getting matching hook commands for PreToolUse with query: Bash
[DEBUG] Found 1 hook matchers in settings
[DEBUG] Matched 0 unique hooks for query "Bash" (0 before deduplication)
[DEBUG] Found 0 hook commands to execute
[DEBUG] Executing hooks for PostToolUse:Bash
[DEBUG] Getting matching hook commands for PostToolUse with query: Bash
[DEBUG] Found 0 hook matchers in settings
[DEBUG] Matched 0 unique hooks for query "Bash" (0 before deduplication)
[DEBUG] Found 0 hook commands to execute
[DEBUG] Hooks: getAsyncHookResponseAttachments called
[DEBUG] Hooks: checkForNewResponses called
[DEBUG] Hooks: Found 0 total hooks in registry
[DEBUG] Hooks: checkForNewResponses returning 0 responses
[DEBUG] Slash commands included in SlashCommand tool: /seek
[DEBUG] Stream started - received first chunk
[DEBUG] executePreToolHooks called for tool: Bash
[DEBUG] Executing hooks for PreToolUse:Bash
[DEBUG] Getting matching hook commands for PreToolUse with query: Bash
[DEBUG] Found 1 hook matchers in settings
[DEBUG] Matched 0 unique hooks for query "Bash" (0 before deduplication)
[DEBUG] Found 0 hook commands to execute
[DEBUG] Executing hooks for PostToolUse:Bash
[DEBUG] Getting matching hook commands for PostToolUse with query: Bash
[DEBUG] Found 0 hook matchers in settings
[DEBUG] Matched 0 unique hooks for query "Bash" (0 before deduplication)
[DEBUG] Found 0 hook commands to execute
[DEBUG] Hooks: getAsyncHookResponseAttachments called
[DEBUG] Hooks: checkForNewResponses called
[DEBUG] Hooks: Found 0 total hooks in registry
[DEBUG] Hooks: checkForNewResponses returning 0 responses
[DEBUG] Slash commands included in SlashCommand tool: /seek
[DEBUG] Stream started - received first chunk
[DEBUG] executePreToolHooks called for tool: Bash
[DEBUG] Executing hooks for PreToolUse:Bash
[DEBUG] Getting matching hook commands for PreToolUse with query: Bash
[DEBUG] Found 1 hook matchers in settings
[DEBUG] Matched 0 unique hooks for query "Bash" (0 before deduplication)
[DEBUG] Found 0 hook commands to execute
[DEBUG] Executing hooks for PostToolUse:Bash
[DEBUG] Getting matching hook commands for PostToolUse with query: Bash
[DEBUG] Found 0 hook matchers in settings
[DEBUG] Matched 0 unique hooks for query "Bash" (0 before deduplication)
[DEBUG] Found 0 hook commands to execute
[DEBUG] Hooks: getAsyncHookResponseAttachments called
[DEBUG] Hooks: checkForNewResponses called
[DEBUG] Hooks: Found 0 total hooks in registry
[DEBUG] Hooks: checkForNewResponses returning 0 responses
[DEBUG] Slash commands included in SlashCommand tool: /seek
[DEBUG] Stream started - received first chunk
[DEBUG] executePreToolHooks called for tool: Bash
[DEBUG] Executing hooks for PreToolUse:Bash
[DEBUG] Getting matching hook commands for PreToolUse with query: Bash
[DEBUG] Found 1 hook matchers in settings
[DEBUG] Matched 0 unique hooks for query "Bash" (0 before deduplication)
[DEBUG] Found 0 hook commands to execute
[DEBUG] Executing hooks for PostToolUse:Bash
[DEBUG] Getting matching hook commands for PostToolUse with query: Bash
[DEBUG] Found 0 hook matchers in settings
[DEBUG] Matched 0 unique hooks for query "Bash" (0 before deduplication)
[DEBUG] Found 0 hook commands to execute
[DEBUG] Hooks: getAsyncHookResponseAttachments called
[DEBUG] Hooks: checkForNewResponses called
[DEBUG] Hooks: Found 0 total hooks in registry
[DEBUG] Hooks: checkForNewResponses returning 0 responses
[DEBUG] Slash commands included in SlashCommand tool: /seek
[DEBUG] Stream started - received first chunk
[DEBUG] Writing to temp file: /Users/walterday/.claude.json.tmp.40262.1760548885943
[DEBUG] Preserving file permissions: 100644
[DEBUG] Temp file written successfully, size: 2135808 bytes
[DEBUG] Applied original permissions to temp file
[DEBUG] Renaming /Users/walterday/.claude.json.tmp.40262.1760548885943 to /Users/walterday/.claude.json
[DEBUG] File /Users/walterday/.claude.json written atomically
[DEBUG] Executing hooks for Stop
[DEBUG] Getting matching hook commands for Stop with query: undefined
[DEBUG] Found 0 hook matchers in settings
[DEBUG] Matched 0 unique hooks for query "no match query" (0 before deduplication)
[DEBUG] Found 0 hook commands to execute
[DEBUG] Writing to temp file: /Users/walterday/.claude.json.tmp.40262.1760548885997
[DEBUG] Preserving file permissions: 100644
[DEBUG] Temp file written successfully, size: 2135808 bytes
[DEBUG] Applied original permissions to temp file
[DEBUG] Renaming /Users/walterday/.claude.json.tmp.40262.1760548885997 to /Users/walterday/.claude.json
[DEBUG] File /Users/walterday/.claude.json written atomically
[DEBUG] Writing to temp file: /Users/walterday/.claude.json.tmp.40262.1760548886044
[DEBUG] Preserving file permissions: 100644
[DEBUG] Temp file written successfully, size: 2135929 bytes
[DEBUG] Applied original permissions to temp file
[DEBUG] Renaming /Users/walterday/.claude.json.tmp.40262.1760548886044 to /Users/walterday/.claude.json
[DEBUG] File /Users/walterday/.claude.json written atomically
[DEBUG] Writing to temp file: /Users/walterday/.claude.json.tmp.40262.1760548886094
[DEBUG] Preserving file permissions: 100644
[DEBUG] Temp file written successfully, size: 2136124 bytes
[DEBUG] Applied original permissions to temp file
[DEBUG] Renaming /Users/walterday/.claude.json.tmp.40262.1760548886094 to /Users/walterday/.claude.json
[DEBUG] File /Users/walterday/.claude.json written atomically
[DEBUG] Hooks: getAsyncHookResponseAttachments called
[DEBUG] Hooks: checkForNewResponses called
[DEBUG] Hooks: Found 0 total hooks in registry
[DEBUG] Hooks: checkForNewResponses returning 0 responses
[DEBUG] Executing hooks for UserPromptSubmit
[DEBUG] Getting matching hook commands for UserPromptSubmit with query: undefined
[DEBUG] Found 1 hook matchers in settings
[DEBUG] Matched 1 unique hooks for query "no match query" (1 before deduplication)
[DEBUG] Found 1 hook commands to execute
[DEBUG] Executing hook command: /Users/walterday/.claude/hooks/post-branch-create.sh with timeout 60000ms
[DEBUG] Hook command completed with status 0: /Users/walterday/.claude/hooks/post-branch-create.sh
[DEBUG] Hook output does not start with {, treating as plain text
[DEBUG] FileHistory: Making snapshot for message 0b0980f3-49b9-4012-b9e5-fa0439981dff
[DEBUG] FileHistory: Added snapshot for 0b0980f3-49b9-4012-b9e5-fa0439981dff, tracking 1 files
[DEBUG] Slash commands included in SlashCommand tool: /seek
[DEBUG] Stream started - received first chunk
[DEBUG] executePreToolHooks called for tool: TodoWrite
[DEBUG] Executing hooks for PreToolUse:TodoWrite
[DEBUG] Getting matching hook commands for PreToolUse with query: TodoWrite
[DEBUG] Found 1 hook matchers in settings
[DEBUG] Matched 0 unique hooks for query "TodoWrite" (0 before deduplication)
[DEBUG] Found 0 hook commands to execute
[DEBUG] Writing to temp file: /Users/walterday/.claude/todos/7c26d555-5ec0-406e-8406-0ef5ec3e6c29-agent-27838f57-e7af-4fd1-9ff5-c923bf330fa8.json.tmp.40262.1760549003021
[DEBUG] Temp file written successfully, size: 2 bytes
[DEBUG] Renaming /Users/walterday/.claude/todos/7c26d555-5ec0-406e-8406-0ef5ec3e6c29-agent-27838f57-e7af-4fd1-9ff5-c923bf330fa8.json.tmp.40262.1760549003021 to /Users/walterday/.claude/todos/7c26d555-5ec0-406e-8406-0ef5ec3e6c29-agent-27838f57-e7af-4fd1-9ff5-c923bf330fa8.json
[DEBUG] File /Users/walterday/.claude/todos/7c26d555-5ec0-406e-8406-0ef5ec3e6c29-agent-27838f57-e7af-4fd1-9ff5-c923bf330fa8.json written atomically
[DEBUG] Writing to temp file: /Users/walterday/.claude/todos/7c26d555-5ec0-406e-8406-0ef5ec3e6c29-agent-7c26d555-5ec0-406e-8406-0ef5ec3e6c29.json.tmp.40262.1760549003036
[DEBUG] Temp file written successfully, size: 444 bytes
[DEBUG] Renaming /Users/walterday/.claude/todos/7c26d555-5ec0-406e-8406-0ef5ec3e6c29-agent-7c26d555-5ec0-406e-8406-0ef5ec3e6c29.json.tmp.40262.1760549003036 to /Users/walterday/.claude/todos/7c26d555-5ec0-406e-8406-0ef5ec3e6c29-agent-7c26d555-5ec0-406e-8406-0ef5ec3e6c29.json
[DEBUG] File /Users/walterday/.claude/todos/7c26d555-5ec0-406e-8406-0ef5ec3e6c29-agent-7c26d555-5ec0-406e-8406-0ef5ec3e6c29.json written atomically
[DEBUG] Executing hooks for PostToolUse:TodoWrite
[DEBUG] Getting matching hook commands for PostToolUse with query: TodoWrite
[DEBUG] Found 0 hook matchers in settings
[DEBUG] Matched 0 unique hooks for query "TodoWrite" (0 before deduplication)
[DEBUG] Found 0 hook commands to execute
[DEBUG] Hooks: getAsyncHookResponseAttachments called
[DEBUG] Hooks: checkForNewResponses called
[DEBUG] Hooks: Found 0 total hooks in registry
[DEBUG] Hooks: checkForNewResponses returning 0 responses
[DEBUG] Slash commands included in SlashCommand tool: /seek
[DEBUG] Stream started - received first chunk
[DEBUG] Writing to temp file: /Users/walterday/.claude.json.tmp.40262.1760549016115
[DEBUG] Preserving file permissions: 100644
[DEBUG] Temp file written successfully, size: 2136124 bytes
[DEBUG] Applied original permissions to temp file
[DEBUG] Renaming /Users/walterday/.claude.json.tmp.40262.1760549016115 to /Users/walterday/.claude.json
[DEBUG] File /Users/walterday/.claude.json written atomically
[DEBUG] Executing hooks for Stop
[DEBUG] Getting matching hook commands for Stop with query: undefined
[DEBUG] Found 0 hook matchers in settings
[DEBUG] Matched 0 unique hooks for query "no match query" (0 before deduplication)
[DEBUG] Found 0 hook commands to execute
[DEBUG] Writing to temp file: /Users/walterday/.claude.json.tmp.40262.1760549016172
[DEBUG] Preserving file permissions: 100644
[DEBUG] Temp file written successfully, size: 2136124 bytes
[DEBUG] Applied original permissions to temp file
[DEBUG] Renaming /Users/walterday/.claude.json.tmp.40262.1760549016172 to /Users/walterday/.claude.json
[DEBUG] File /Users/walterday/.claude.json written atomically
[DEBUG] Writing to temp file: /Users/walterday/.claude.json.tmp.40262.1760549016220
[DEBUG] Preserving file permissions: 100644
[DEBUG] Temp file written successfully, size: 2142693 bytes
[DEBUG] Applied original permissions to temp file
[DEBUG] Renaming /Users/walterday/.claude.json.tmp.40262.1760549016220 to /Users/walterday/.claude.json
[DEBUG] File /Users/walterday/.claude.json written atomically
[DEBUG] Hooks: getAsyncHookResponseAttachments called
[DEBUG] Hooks: checkForNewResponses called
[DEBUG] Hooks: Found 0 total hooks in registry
[DEBUG] Hooks: checkForNewResponses returning 0 responses
[DEBUG] Executing hooks for UserPromptSubmit
[DEBUG] Getting matching hook commands for UserPromptSubmit with query: undefined
[DEBUG] Found 1 hook matchers in settings
[DEBUG] Matched 1 unique hooks for query "no match query" (1 before deduplication)
[DEBUG] Found 1 hook commands to execute
[DEBUG] Executing hook command: /Users/walterday/.claude/hooks/post-branch-create.sh with timeout 60000ms
[DEBUG] Hook command completed with status 0: /Users/walterday/.claude/hooks/post-branch-create.sh
[DEBUG] Hook output does not start with {, treating as plain text
[DEBUG] FileHistory: Making snapshot for message 3bf348a5-cd35-4e5e-b7bc-9c8af0156451
[DEBUG] FileHistory: Added snapshot for 3bf348a5-cd35-4e5e-b7bc-9c8af0156451, tracking 1 files
[DEBUG] Slash commands included in SlashCommand tool: /seek
[DEBUG] Stream started - received first chunk
[DEBUG] executePreToolHooks called for tool: WebSearch
[DEBUG] Executing hooks for PreToolUse:WebSearch
[DEBUG] Getting matching hook commands for PreToolUse with query: WebSearch
[DEBUG] Found 1 hook matchers in settings
[DEBUG] Matched 0 unique hooks for query "WebSearch" (0 before deduplication)
[DEBUG] Found 0 hook commands to execute
[DEBUG] Stream started - received first chunk
[DEBUG] Executing hooks for PostToolUse:WebSearch
[DEBUG] Getting matching hook commands for PostToolUse with query: WebSearch
[DEBUG] Found 0 hook matchers in settings
[DEBUG] Matched 0 unique hooks for query "WebSearch" (0 before deduplication)
[DEBUG] Found 0 hook commands to execute
[DEBUG] Hooks: getAsyncHookResponseAttachments called
[DEBUG] Hooks: checkForNewResponses called
[DEBUG] Hooks: Found 0 total hooks in registry
[DEBUG] Hooks: checkForNewResponses returning 0 responses
[DEBUG] Slash commands included in SlashCommand tool: /seek
[DEBUG] Stream started - received first chunk
[DEBUG] executePreToolHooks called for tool: WebFetch
[DEBUG] Executing hooks for PreToolUse:WebFetch
[DEBUG] Getting matching hook commands for PreToolUse with query: WebFetch
[DEBUG] Found 1 hook matchers in settings
[DEBUG] Matched 0 unique hooks for query "WebFetch" (0 before deduplication)
[DEBUG] Found 0 hook commands to execute
[DEBUG] Getting matching hook commands for Notification with query: undefined
[DEBUG] Found 0 hook matchers in settings
[DEBUG] Matched 0 unique hooks for query "no match query" (0 before deduplication)
[DEBUG] Persisting permission update: addRules to source 'localSettings'
[DEBUG] Persisting 1 allow rule(s) to localSettings
[DEBUG] Writing to temp file: /Users/walterday/Git/MerlinMines/Apps/sbi/.claude/settings.local.json.tmp.40262.1760549107260
[DEBUG] Preserving file permissions: 100644
[DEBUG] Temp file written successfully, size: 2196 bytes
[DEBUG] Applied original permissions to temp file
[DEBUG] Renaming /Users/walterday/Git/MerlinMines/Apps/sbi/.claude/settings.local.json.tmp.40262.1760549107260 to /Users/walterday/Git/MerlinMines/Apps/sbi/.claude/settings.local.json
[DEBUG] File /Users/walterday/Git/MerlinMines/Apps/sbi/.claude/settings.local.json written atomically
[DEBUG] Applying permission update: Adding 1 allow rule(s) to destination 'localSettings': ["WebFetch(domain:stackoverflow.com)"]
[DEBUG] AutoUpdaterWrapper: Installation type: npm-global, using native: false
[DEBUG] AutoUpdater: Detected installation type: npm-global
[DEBUG] AutoUpdater: Using global update method
[DEBUG] Executing hooks for PostToolUse:WebFetch
[DEBUG] Getting matching hook commands for PostToolUse with query: WebFetch
[DEBUG] Found 0 hook matchers in settings
[DEBUG] Matched 0 unique hooks for query "WebFetch" (0 before deduplication)
[DEBUG] Found 0 hook commands to execute
[DEBUG] Hooks: getAsyncHookResponseAttachments called
[DEBUG] Hooks: checkForNewResponses called
[DEBUG] Hooks: Found 0 total hooks in registry
[DEBUG] Hooks: checkForNewResponses returning 0 responses
[DEBUG] Slash commands included in SlashCommand tool: /seek
[DEBUG] Stream started - received first chunk
[DEBUG] executePreToolHooks called for tool: Read
[DEBUG] Executing hooks for PreToolUse:Read
[DEBUG] Getting matching hook commands for PreToolUse with query: Read
[DEBUG] Found 1 hook matchers in settings
[DEBUG] Matched 0 unique hooks for query "Read" (0 before deduplication)
[DEBUG] Found 0 hook commands to execute
[DEBUG] Executing hooks for PostToolUse:Read
[DEBUG] Getting matching hook commands for PostToolUse with query: Read
[DEBUG] Found 0 hook matchers in settings
[DEBUG] Matched 0 unique hooks for query "Read" (0 before deduplication)
[DEBUG] Found 0 hook commands to execute
[DEBUG] Hooks: getAsyncHookResponseAttachments called
[DEBUG] Hooks: checkForNewResponses called
[DEBUG] Hooks: Found 0 total hooks in registry
[DEBUG] Hooks: checkForNewResponses returning 0 responses
[DEBUG] Slash commands included in SlashCommand tool: /seek
[DEBUG] Stream started - received first chunk
[DEBUG] executePreToolHooks called for tool: Edit
[DEBUG] Executing hooks for PreToolUse:Edit
[DEBUG] Getting matching hook commands for PreToolUse with query: Edit
[DEBUG] Found 1 hook matchers in settings
[DEBUG] Matched 1 unique hooks for query "Edit" (1 before deduplication)
[DEBUG] Found 1 hook commands to execute
[DEBUG] Executing hook command: /Users/walterday/.claude/scripts/validate-claude.sh with timeout 60000ms
[DEBUG] Hook command completed with status 0: /Users/walterday/.claude/scripts/validate-claude.sh
[DEBUG] Hook output does not start with {, treating as plain text
[DEBUG] Writing to temp file: /Users/walterday/Git/MerlinMines/Apps/sbi/.github/workflows/wolfi-base-enhanced.yaml.tmp.40262.1760549131618
[DEBUG] Preserving file permissions: 100644
[DEBUG] Temp file written successfully, size: 19629 bytes
[DEBUG] Applied original permissions to temp file
[DEBUG] Renaming /Users/walterday/Git/MerlinMines/Apps/sbi/.github/workflows/wolfi-base-enhanced.yaml.tmp.40262.1760549131618 to /Users/walterday/Git/MerlinMines/Apps/sbi/.github/workflows/wolfi-base-enhanced.yaml
[DEBUG] File /Users/walterday/Git/MerlinMines/Apps/sbi/.github/workflows/wolfi-base-enhanced.yaml written atomically
[DEBUG] Executing hooks for PostToolUse:Edit
[DEBUG] Getting matching hook commands for PostToolUse with query: Edit
[DEBUG] Found 0 hook matchers in settings
[DEBUG] Matched 0 unique hooks for query "Edit" (0 before deduplication)
[DEBUG] Found 0 hook commands to execute
[DEBUG] Hooks: getAsyncHookResponseAttachments called
[DEBUG] Hooks: checkForNewResponses called
[DEBUG] Hooks: Found 0 total hooks in registry
[DEBUG] Hooks: checkForNewResponses returning 0 responses
[DEBUG] Slash commands included in SlashCommand tool: /seek
[DEBUG] Stream started - received first chunk
[DEBUG] executePreToolHooks called for tool: Bash
[DEBUG] Executing hooks for PreToolUse:Bash
[DEBUG] Getting matching hook commands for PreToolUse with query: Bash
[DEBUG] Found 1 hook matchers in settings
[DEBUG] Matched 0 unique hooks for query "Bash" (0 before deduplication)
[DEBUG] Found 0 hook commands to execute
[DEBUG] Executing hooks for PostToolUse:Bash
[DEBUG] Getting matching hook commands for PostToolUse with query: Bash
[DEBUG] Found 0 hook matchers in settings
[DEBUG] Matched 0 unique hooks for query "Bash" (0 before deduplication)
[DEBUG] Found 0 hook commands to execute
[DEBUG] Hooks: getAsyncHookResponseAttachments called
[DEBUG] Hooks: checkForNewResponses called
[DEBUG] Hooks: Found 0 total hooks in registry
[DEBUG] Hooks: checkForNewResponses returning 0 responses
[DEBUG] Slash commands included in SlashCommand tool: /seek
[DEBUG] Stream started - received first chunk
[DEBUG] executePreToolHooks called for tool: Bash
[DEBUG] Executing hooks for PreToolUse:Bash
[DEBUG] Getting matching hook commands for PreToolUse with query: Bash
[DEBUG] Found 1 hook matchers in settings
[DEBUG] Matched 0 unique hooks for query "Bash" (0 before deduplication)
[DEBUG] Found 0 hook commands to execute
[DEBUG] Executing hooks for PostToolUse:Bash
[DEBUG] Getting matching hook commands for PostToolUse with query: Bash
[DEBUG] Found 0 hook matchers in settings
[DEBUG] Matched 0 unique hooks for query "Bash" (0 before deduplication)
[DEBUG] Found 0 hook commands to execute
[DEBUG] Hooks: getAsyncHookResponseAttachments called
[DEBUG] Hooks: checkForNewResponses called
[DEBUG] Hooks: Found 0 total hooks in registry
[DEBUG] Hooks: checkForNewResponses returning 0 responses
[DEBUG] Slash commands included in SlashCommand tool: /seek
[DEBUG] Stream started - received first chunk
[DEBUG] executePreToolHooks called for tool: Bash
[DEBUG] Executing hooks for PreToolUse:Bash
[DEBUG] Getting matching hook commands for PreToolUse with query: Bash
[DEBUG] Found 1 hook matchers in settings
[DEBUG] Matched 0 unique hooks for query "Bash" (0 before deduplication)
[DEBUG] Found 0 hook commands to execute
[DEBUG] Executing hooks for PostToolUse:Bash
[DEBUG] Getting matching hook commands for PostToolUse with query: Bash
[DEBUG] Found 0 hook matchers in settings
[DEBUG] Matched 0 unique hooks for query "Bash" (0 before deduplication)
[DEBUG] Found 0 hook commands to execute
[DEBUG] Hooks: getAsyncHookResponseAttachments called
[DEBUG] Hooks: checkForNewResponses called
[DEBUG] Hooks: Found 0 total hooks in registry
[DEBUG] Hooks: checkForNewResponses returning 0 responses
[DEBUG] Slash commands included in SlashCommand tool: /seek
[DEBUG] Stream started - received first chunk
[DEBUG] executePreToolHooks called for tool: Bash
[DEBUG] Executing hooks for PreToolUse:Bash
[DEBUG] Getting matching hook commands for PreToolUse with query: Bash
[DEBUG] Found 1 hook matchers in settings
[DEBUG] Matched 0 unique hooks for query "Bash" (0 before deduplication)
[DEBUG] Found 0 hook commands to execute
[DEBUG] Executing hooks for PostToolUse:Bash
[DEBUG] Getting matching hook commands for PostToolUse with query: Bash
[DEBUG] Found 0 hook matchers in settings
[DEBUG] Matched 0 unique hooks for query "Bash" (0 before deduplication)
[DEBUG] Found 0 hook commands to execute
[DEBUG] Hooks: getAsyncHookResponseAttachments called
[DEBUG] Hooks: checkForNewResponses called
[DEBUG] Hooks: Found 0 total hooks in registry
[DEBUG] Hooks: checkForNewResponses returning 0 responses
[DEBUG] Slash commands included in SlashCommand tool: /seek
[DEBUG] Stream started - received first chunk
[DEBUG] executePreToolHooks called for tool: Bash
[DEBUG] Executing hooks for PreToolUse:Bash
[DEBUG] Getting matching hook commands for PreToolUse with query: Bash
[DEBUG] Found 1 hook matchers in settings
[DEBUG] Matched 0 unique hooks for query "Bash" (0 before deduplication)
[DEBUG] Found 0 hook commands to execute
[DEBUG] Permission suggestions for Bash: [
  {
    "type": "addRules",
    "rules": [
      {
        "toolName": "Bash",
        "ruleContent": "gh run watch:*"
      }
    ],
    "behavior": "allow",
    "destination": "localSettings"
  }
]
[DEBUG] AutoUpdaterWrapper: Installation type: npm-global, using native: false
[DEBUG] AutoUpdater: Detected installation type: npm-global
[DEBUG] AutoUpdater: Using global update method
[DEBUG] Executing hooks for PostToolUse:Bash
[DEBUG] Getting matching hook commands for PostToolUse with query: Bash
[DEBUG] Found 0 hook matchers in settings
[DEBUG] Matched 0 unique hooks for query "Bash" (0 before deduplication)
[DEBUG] Found 0 hook commands to execute
[DEBUG] Hooks: getAsyncHookResponseAttachments called
[DEBUG] Hooks: checkForNewResponses called
[DEBUG] Hooks: Found 0 total hooks in registry
[DEBUG] Hooks: checkForNewResponses returning 0 responses
[DEBUG] Slash commands included in SlashCommand tool: /seek
[DEBUG] Stream started - received first chunk
[DEBUG] executePreToolHooks called for tool: Bash
[DEBUG] Executing hooks for PreToolUse:Bash
[DEBUG] Getting matching hook commands for PreToolUse with query: Bash
[DEBUG] Found 1 hook matchers in settings
[DEBUG] Matched 0 unique hooks for query "Bash" (0 before deduplication)
[DEBUG] Found 0 hook commands to execute
[DEBUG] Executing hooks for PostToolUse:Bash
[DEBUG] Getting matching hook commands for PostToolUse with query: Bash
[DEBUG] Found 0 hook matchers in settings
[DEBUG] Matched 0 unique hooks for query "Bash" (0 before deduplication)
[DEBUG] Found 0 hook commands to execute
[DEBUG] Hooks: getAsyncHookResponseAttachments called
[DEBUG] Hooks: checkForNewResponses called
[DEBUG] Hooks: Found 0 total hooks in registry
[DEBUG] Hooks: checkForNewResponses returning 0 responses
[DEBUG] Slash commands included in SlashCommand tool: /seek
[DEBUG] Stream started - received first chunk
[DEBUG] executePreToolHooks called for tool: WebSearch
[DEBUG] Executing hooks for PreToolUse:WebSearch
[DEBUG] Getting matching hook commands for PreToolUse with query: WebSearch
[DEBUG] Found 1 hook matchers in settings
[DEBUG] Matched 0 unique hooks for query "WebSearch" (0 before deduplication)
[DEBUG] Found 0 hook commands to execute
[DEBUG] Stream started - received first chunk
[DEBUG] Executing hooks for PostToolUse:WebSearch
[DEBUG] Getting matching hook commands for PostToolUse with query: WebSearch
[DEBUG] Found 0 hook matchers in settings
[DEBUG] Matched 0 unique hooks for query "WebSearch" (0 before deduplication)
[DEBUG] Found 0 hook commands to execute
[DEBUG] Hooks: getAsyncHookResponseAttachments called
[DEBUG] Hooks: checkForNewResponses called
[DEBUG] Hooks: Found 0 total hooks in registry
[DEBUG] Hooks: checkForNewResponses returning 0 responses
[DEBUG] Slash commands included in SlashCommand tool: /seek
[DEBUG] Stream started - received first chunk
[DEBUG] executePreToolHooks called for tool: Write
[DEBUG] Executing hooks for PreToolUse:Write
[DEBUG] Getting matching hook commands for PreToolUse with query: Write
[DEBUG] Found 1 hook matchers in settings
[DEBUG] Matched 1 unique hooks for query "Write" (1 before deduplication)
[DEBUG] Found 1 hook commands to execute
[DEBUG] Executing hook command: /Users/walterday/.claude/scripts/validate-claude.sh with timeout 60000ms
[DEBUG] Hook command completed with status 0: /Users/walterday/.claude/scripts/validate-claude.sh
[DEBUG] Hook output does not start with {, treating as plain text
[DEBUG] FileHistory: Tracked file modification for /Users/walterday/Git/MerlinMines/Apps/sbi/containers/wolfi-base/first-push.sh
[DEBUG] Writing to temp file: /Users/walterday/Git/MerlinMines/Apps/sbi/containers/wolfi-base/first-push.sh.tmp.40262.1760549250531
[DEBUG] Temp file written successfully, size: 1682 bytes
[DEBUG] Renaming /Users/walterday/Git/MerlinMines/Apps/sbi/containers/wolfi-base/first-push.sh.tmp.40262.1760549250531 to /Users/walterday/Git/MerlinMines/Apps/sbi/containers/wolfi-base/first-push.sh
[DEBUG] File /Users/walterday/Git/MerlinMines/Apps/sbi/containers/wolfi-base/first-push.sh written atomically
[DEBUG] Executing hooks for PostToolUse:Write
[DEBUG] Getting matching hook commands for PostToolUse with query: Write
[DEBUG] Found 0 hook matchers in settings
[DEBUG] Matched 0 unique hooks for query "Write" (0 before deduplication)
[DEBUG] Found 0 hook commands to execute
[DEBUG] Hooks: getAsyncHookResponseAttachments called
[DEBUG] Hooks: checkForNewResponses called
[DEBUG] Hooks: Found 0 total hooks in registry
[DEBUG] Hooks: checkForNewResponses returning 0 responses
[DEBUG] Slash commands included in SlashCommand tool: /seek
[DEBUG] Stream started - received first chunk
[DEBUG] executePreToolHooks called for tool: Bash
[DEBUG] Executing hooks for PreToolUse:Bash
[DEBUG] Getting matching hook commands for PreToolUse with query: Bash
[DEBUG] Found 1 hook matchers in settings
[DEBUG] Matched 0 unique hooks for query "Bash" (0 before deduplication)
[DEBUG] Found 0 hook commands to execute
[DEBUG] Executing hooks for PostToolUse:Bash
[DEBUG] Getting matching hook commands for PostToolUse with query: Bash
[DEBUG] Found 0 hook matchers in settings
[DEBUG] Matched 0 unique hooks for query "Bash" (0 before deduplication)
[DEBUG] Found 0 hook commands to execute
[DEBUG] Hooks: getAsyncHookResponseAttachments called
[DEBUG] Hooks: checkForNewResponses called
[DEBUG] Hooks: Found 0 total hooks in registry
[DEBUG] Hooks: checkForNewResponses returning 0 responses
[DEBUG] Slash commands included in SlashCommand tool: /seek
[DEBUG] Stream started - received first chunk
[DEBUG] executePreToolHooks called for tool: TodoWrite
[DEBUG] Executing hooks for PreToolUse:TodoWrite
[DEBUG] Getting matching hook commands for PreToolUse with query: TodoWrite
[DEBUG] Found 1 hook matchers in settings
[DEBUG] Matched 0 unique hooks for query "TodoWrite" (0 before deduplication)
[DEBUG] Found 0 hook commands to execute
[DEBUG] Writing to temp file: /Users/walterday/.claude/todos/7c26d555-5ec0-406e-8406-0ef5ec3e6c29-agent-27838f57-e7af-4fd1-9ff5-c923bf330fa8.json.tmp.40262.1760549261870
[DEBUG] Preserving file permissions: 100644
[DEBUG] Temp file written successfully, size: 2 bytes
[DEBUG] Applied original permissions to temp file
[DEBUG] Renaming /Users/walterday/.claude/todos/7c26d555-5ec0-406e-8406-0ef5ec3e6c29-agent-27838f57-e7af-4fd1-9ff5-c923bf330fa8.json.tmp.40262.1760549261870 to /Users/walterday/.claude/todos/7c26d555-5ec0-406e-8406-0ef5ec3e6c29-agent-27838f57-e7af-4fd1-9ff5-c923bf330fa8.json
[DEBUG] File /Users/walterday/.claude/todos/7c26d555-5ec0-406e-8406-0ef5ec3e6c29-agent-27838f57-e7af-4fd1-9ff5-c923bf330fa8.json written atomically
[DEBUG] Writing to temp file: /Users/walterday/.claude/todos/7c26d555-5ec0-406e-8406-0ef5ec3e6c29-agent-7c26d555-5ec0-406e-8406-0ef5ec3e6c29.json.tmp.40262.1760549261889
[DEBUG] Preserving file permissions: 100644
[DEBUG] Temp file written successfully, size: 604 bytes
[DEBUG] Applied original permissions to temp file
[DEBUG] Renaming /Users/walterday/.claude/todos/7c26d555-5ec0-406e-8406-0ef5ec3e6c29-agent-7c26d555-5ec0-406e-8406-0ef5ec3e6c29.json.tmp.40262.1760549261889 to /Users/walterday/.claude/todos/7c26d555-5ec0-406e-8406-0ef5ec3e6c29-agent-7c26d555-5ec0-406e-8406-0ef5ec3e6c29.json
[DEBUG] File /Users/walterday/.claude/todos/7c26d555-5ec0-406e-8406-0ef5ec3e6c29-agent-7c26d555-5ec0-406e-8406-0ef5ec3e6c29.json written atomically
[DEBUG] Executing hooks for PostToolUse:TodoWrite
[DEBUG] Getting matching hook commands for PostToolUse with query: TodoWrite
[DEBUG] Found 0 hook matchers in settings
[DEBUG] Matched 0 unique hooks for query "TodoWrite" (0 before deduplication)
[DEBUG] Found 0 hook commands to execute
[DEBUG] Hooks: getAsyncHookResponseAttachments called
[DEBUG] Hooks: checkForNewResponses called
[DEBUG] Hooks: Found 0 total hooks in registry
[DEBUG] Hooks: checkForNewResponses returning 0 responses
[DEBUG] Slash commands included in SlashCommand tool: /seek
[DEBUG] Stream started - received first chunk
[DEBUG] Writing to temp file: /Users/walterday/.claude.json.tmp.40262.1760549271577
[DEBUG] Preserving file permissions: 100644
[DEBUG] Temp file written successfully, size: 2142693 bytes
[DEBUG] Applied original permissions to temp file
[DEBUG] Renaming /Users/walterday/.claude.json.tmp.40262.1760549271577 to /Users/walterday/.claude.json
[DEBUG] File /Users/walterday/.claude.json written atomically
[DEBUG] Writing to temp file: /Users/walterday/.claude.json.tmp.40262.1760549273230
[DEBUG] Preserving file permissions: 100644
[DEBUG] Temp file written successfully, size: 2142693 bytes
[DEBUG] Applied original permissions to temp file
[DEBUG] Renaming /Users/walterday/.claude.json.tmp.40262.1760549273230 to /Users/walterday/.claude.json
[DEBUG] File /Users/walterday/.claude.json written atomically
[DEBUG] Executing hooks for Stop
[DEBUG] Getting matching hook commands for Stop with query: undefined
[DEBUG] Found 0 hook matchers in settings
[DEBUG] Matched 0 unique hooks for query "no match query" (0 before deduplication)
[DEBUG] Found 0 hook commands to execute
[DEBUG] Writing to temp file: /Users/walterday/.claude.json.tmp.40262.1760549273286
[DEBUG] Preserving file permissions: 100644
[DEBUG] Temp file written successfully, size: 2142693 bytes
[DEBUG] Applied original permissions to temp file
[DEBUG] Renaming /Users/walterday/.claude.json.tmp.40262.1760549273286 to /Users/walterday/.claude.json
[DEBUG] File /Users/walterday/.claude.json written atomically
[DEBUG] Hooks: getAsyncHookResponseAttachments called
[DEBUG] Hooks: checkForNewResponses called
[DEBUG] Hooks: Found 0 total hooks in registry
[DEBUG] Hooks: checkForNewResponses returning 0 responses
[DEBUG] Executing hooks for UserPromptSubmit
[DEBUG] Getting matching hook commands for UserPromptSubmit with query: undefined
[DEBUG] Found 1 hook matchers in settings
[DEBUG] Matched 1 unique hooks for query "no match query" (1 before deduplication)
[DEBUG] Found 1 hook commands to execute
[DEBUG] Executing hook command: /Users/walterday/.claude/hooks/post-branch-create.sh with timeout 60000ms
[DEBUG] Hook command completed with status 0: /Users/walterday/.claude/hooks/post-branch-create.sh
[DEBUG] Hook output does not start with {, treating as plain text
[DEBUG] FileHistory: Making snapshot for message 8ec05367-8e5d-4e5d-a435-0a9d12a0a739
[DEBUG] FileHistory: Added snapshot for 8ec05367-8e5d-4e5d-a435-0a9d12a0a739, tracking 2 files
[DEBUG] Slash commands included in SlashCommand tool: /seek
[DEBUG] Stream started - received first chunk
[DEBUG] Writing to temp file: /Users/walterday/.claude.json.tmp.40262.1760549284256
[DEBUG] Preserving file permissions: 100644
[DEBUG] Temp file written successfully, size: 2142693 bytes
[DEBUG] Applied original permissions to temp file
[DEBUG] Renaming /Users/walterday/.claude.json.tmp.40262.1760549284256 to /Users/walterday/.claude.json
[DEBUG] File /Users/walterday/.claude.json written atomically
[DEBUG] Executing hooks for Stop
[DEBUG] Getting matching hook commands for Stop with query: undefined
[DEBUG] Found 0 hook matchers in settings
[DEBUG] Matched 0 unique hooks for query "no match query" (0 before deduplication)
[DEBUG] Found 0 hook commands to execute
[DEBUG] Writing to temp file: /Users/walterday/.claude.json.tmp.40262.1760549284313
[DEBUG] Preserving file permissions: 100644
[DEBUG] Temp file written successfully, size: 2142693 bytes
[DEBUG] Applied original permissions to temp file
[DEBUG] Renaming /Users/walterday/.claude.json.tmp.40262.1760549284313 to /Users/walterday/.claude.json
[DEBUG] File /Users/walterday/.claude.json written atomically
[DEBUG] Writing to temp file: /Users/walterday/.claude.json.tmp.40262.1760549284362
[DEBUG] Preserving file permissions: 100644
[DEBUG] Temp file written successfully, size: 2142856 bytes
[DEBUG] Applied original permissions to temp file
[DEBUG] Renaming /Users/walterday/.claude.json.tmp.40262.1760549284362 to /Users/walterday/.claude.json
[DEBUG] File /Users/walterday/.claude.json written atomically
[DEBUG] Writing to temp file: /Users/walterday/.claude.json.tmp.40262.1760549284410
[DEBUG] Preserving file permissions: 100644
[DEBUG] Temp file written successfully, size: 2143074 bytes
[DEBUG] Applied original permissions to temp file
[DEBUG] Renaming /Users/walterday/.claude.json.tmp.40262.1760549284410 to /Users/walterday/.claude.json
[DEBUG] File /Users/walterday/.claude.json written atomically
[DEBUG] Hooks: getAsyncHookResponseAttachments called
[DEBUG] Hooks: checkForNewResponses called
[DEBUG] Hooks: Found 0 total hooks in registry
[DEBUG] Hooks: checkForNewResponses returning 0 responses
[DEBUG] Executing hooks for UserPromptSubmit
[DEBUG] Getting matching hook commands for UserPromptSubmit with query: undefined
[DEBUG] Found 1 hook matchers in settings
[DEBUG] Matched 1 unique hooks for query "no match query" (1 before deduplication)
[DEBUG] Found 1 hook commands to execute
[DEBUG] Executing hook command: /Users/walterday/.claude/hooks/post-branch-create.sh with timeout 60000ms
[DEBUG] Hook command completed with status 0: /Users/walterday/.claude/hooks/post-branch-create.sh
[DEBUG] Hook output does not start with {, treating as plain text
[DEBUG] FileHistory: Making snapshot for message 86eae283-f47f-45bc-b502-4ae85c087527
[DEBUG] FileHistory: Added snapshot for 86eae283-f47f-45bc-b502-4ae85c087527, tracking 2 files
[DEBUG] Slash commands included in SlashCommand tool: /seek
[DEBUG] Stream started - received first chunk
[DEBUG] executePreToolHooks called for tool: Bash
[DEBUG] Executing hooks for PreToolUse:Bash
[DEBUG] Getting matching hook commands for PreToolUse with query: Bash
[DEBUG] Found 1 hook matchers in settings
[DEBUG] Matched 0 unique hooks for query "Bash" (0 before deduplication)
[DEBUG] Found 0 hook commands to execute
[DEBUG] Permission suggestions for Bash: [
  {
    "type": "addRules",
    "rules": [
      {
        "toolName": "Bash",
        "ruleContent": "gh workflow run:*"
      }
    ],
    "behavior": "allow",
    "destination": "localSettings"
  }
]
[DEBUG] Persisting permission update: addRules to source 'localSettings'
[DEBUG] Persisting 1 allow rule(s) to localSettings
[DEBUG] Writing to temp file: /Users/walterday/Git/MerlinMines/Apps/sbi/.claude/settings.local.json.tmp.40262.1760549362440
[DEBUG] Preserving file permissions: 100644
[DEBUG] Temp file written successfully, size: 2229 bytes
[DEBUG] Applied original permissions to temp file
[DEBUG] Renaming /Users/walterday/Git/MerlinMines/Apps/sbi/.claude/settings.local.json.tmp.40262.1760549362440 to /Users/walterday/Git/MerlinMines/Apps/sbi/.claude/settings.local.json
[DEBUG] File /Users/walterday/Git/MerlinMines/Apps/sbi/.claude/settings.local.json written atomically
[DEBUG] Applying permission update: Adding 1 allow rule(s) to destination 'localSettings': ["Bash(gh workflow run:*)"]
[DEBUG] AutoUpdaterWrapper: Installation type: npm-global, using native: false
[DEBUG] AutoUpdater: Detected installation type: npm-global
[DEBUG] AutoUpdater: Using global update method
[DEBUG] Executing hooks for PostToolUse:Bash
[DEBUG] Getting matching hook commands for PostToolUse with query: Bash
[DEBUG] Found 0 hook matchers in settings
[DEBUG] Matched 0 unique hooks for query "Bash" (0 before deduplication)
[DEBUG] Found 0 hook commands to execute
[DEBUG] Hooks: getAsyncHookResponseAttachments called
[DEBUG] Hooks: checkForNewResponses called
[DEBUG] Hooks: Found 0 total hooks in registry
[DEBUG] Hooks: checkForNewResponses returning 0 responses
[DEBUG] Slash commands included in SlashCommand tool: /seek
[DEBUG] Stream started - received first chunk
[DEBUG] executePreToolHooks called for tool: Bash
[DEBUG] Executing hooks for PreToolUse:Bash
[DEBUG] Getting matching hook commands for PreToolUse with query: Bash
[DEBUG] Found 1 hook matchers in settings
[DEBUG] Matched 0 unique hooks for query "Bash" (0 before deduplication)
[DEBUG] Found 0 hook commands to execute
[DEBUG] Executing hooks for PostToolUse:Bash
[DEBUG] Getting matching hook commands for PostToolUse with query: Bash
[DEBUG] Found 0 hook matchers in settings
[DEBUG] Matched 0 unique hooks for query "Bash" (0 before deduplication)
[DEBUG] Found 0 hook commands to execute
[DEBUG] Hooks: getAsyncHookResponseAttachments called
[DEBUG] Hooks: checkForNewResponses called
[DEBUG] Hooks: Found 0 total hooks in registry
[DEBUG] Hooks: checkForNewResponses returning 0 responses
[DEBUG] Slash commands included in SlashCommand tool: /seek
[DEBUG] Stream started - received first chunk
[DEBUG] executePreToolHooks called for tool: Bash
[DEBUG] Executing hooks for PreToolUse:Bash
[DEBUG] Getting matching hook commands for PreToolUse with query: Bash
[DEBUG] Found 1 hook matchers in settings
[DEBUG] Matched 0 unique hooks for query "Bash" (0 before deduplication)
[DEBUG] Found 0 hook commands to execute
[DEBUG] Permission suggestions for Bash: [
  {
    "type": "addRules",
    "rules": [
      {
        "toolName": "Bash",
        "ruleContent": "gh run watch:*"
      }
    ],
    "behavior": "allow",
    "destination": "localSettings"
  }
]
[DEBUG] Persisting permission update: addRules to source 'localSettings'
[DEBUG] Persisting 1 allow rule(s) to localSettings
[DEBUG] Writing to temp file: /Users/walterday/Git/MerlinMines/Apps/sbi/.claude/settings.local.json.tmp.40262.1760549384761
[DEBUG] Preserving file permissions: 100644
[DEBUG] Temp file written successfully, size: 2259 bytes
[DEBUG] Applied original permissions to temp file
[DEBUG] Renaming /Users/walterday/Git/MerlinMines/Apps/sbi/.claude/settings.local.json.tmp.40262.1760549384761 to /Users/walterday/Git/MerlinMines/Apps/sbi/.claude/settings.local.json
[DEBUG] File /Users/walterday/Git/MerlinMines/Apps/sbi/.claude/settings.local.json written atomically
[DEBUG] Applying permission update: Adding 1 allow rule(s) to destination 'localSettings': ["Bash(gh run watch:*)"]
[DEBUG] AutoUpdaterWrapper: Installation type: npm-global, using native: false
[DEBUG] AutoUpdater: Detected installation type: npm-global
[DEBUG] AutoUpdater: Using global update method
[DEBUG] Executing hooks for PostToolUse:Bash
[DEBUG] Getting matching hook commands for PostToolUse with query: Bash
[DEBUG] Found 0 hook matchers in settings
[DEBUG] Matched 0 unique hooks for query "Bash" (0 before deduplication)
[DEBUG] Found 0 hook commands to execute
[DEBUG] Hooks: getAsyncHookResponseAttachments called
[DEBUG] Hooks: checkForNewResponses called
[DEBUG] Hooks: Found 0 total hooks in registry
[DEBUG] Hooks: checkForNewResponses returning 0 responses
[DEBUG] Slash commands included in SlashCommand tool: /seek
[DEBUG] Stream started - received first chunk
[DEBUG] executePreToolHooks called for tool: Bash
[DEBUG] Executing hooks for PreToolUse:Bash
[DEBUG] Getting matching hook commands for PreToolUse with query: Bash
[DEBUG] Found 1 hook matchers in settings
[DEBUG] Matched 0 unique hooks for query "Bash" (0 before deduplication)
[DEBUG] Found 0 hook commands to execute
[DEBUG] Executing hooks for PostToolUse:Bash
[DEBUG] Getting matching hook commands for PostToolUse with query: Bash
[DEBUG] Found 0 hook matchers in settings
[DEBUG] Matched 0 unique hooks for query "Bash" (0 before deduplication)
[DEBUG] Found 0 hook commands to execute
[DEBUG] Hooks: getAsyncHookResponseAttachments called
[DEBUG] Hooks: checkForNewResponses called
[DEBUG] Hooks: Found 0 total hooks in registry
[DEBUG] Hooks: checkForNewResponses returning 0 responses
[DEBUG] Slash commands included in SlashCommand tool: /seek
[DEBUG] Stream started - received first chunk
[DEBUG] executePreToolHooks called for tool: WebSearch
[DEBUG] Executing hooks for PreToolUse:WebSearch
[DEBUG] Getting matching hook commands for PreToolUse with query: WebSearch
[DEBUG] Found 1 hook matchers in settings
[DEBUG] Matched 0 unique hooks for query "WebSearch" (0 before deduplication)
[DEBUG] Found 0 hook commands to execute
[DEBUG] Stream started - received first chunk
[DEBUG] Executing hooks for PostToolUse:WebSearch
[DEBUG] Getting matching hook commands for PostToolUse with query: WebSearch
[DEBUG] Found 0 hook matchers in settings
[DEBUG] Matched 0 unique hooks for query "WebSearch" (0 before deduplication)
[DEBUG] Found 0 hook commands to execute
[DEBUG] Hooks: getAsyncHookResponseAttachments called
[DEBUG] Hooks: checkForNewResponses called
[DEBUG] Hooks: Found 0 total hooks in registry
[DEBUG] Hooks: checkForNewResponses returning 0 responses
[DEBUG] Slash commands included in SlashCommand tool: /seek
[DEBUG] Stream started - received first chunk
[DEBUG] executePreToolHooks called for tool: WebFetch
[DEBUG] Executing hooks for PreToolUse:WebFetch
[DEBUG] Getting matching hook commands for PreToolUse with query: WebFetch
[DEBUG] Found 1 hook matchers in settings
[DEBUG] Matched 0 unique hooks for query "WebFetch" (0 before deduplication)
[DEBUG] Found 0 hook commands to execute
[DEBUG] Getting matching hook commands for Notification with query: undefined
[DEBUG] Found 0 hook matchers in settings
[DEBUG] Matched 0 unique hooks for query "no match query" (0 before deduplication)
[DEBUG] Persisting permission update: addRules to source 'localSettings'
[DEBUG] Persisting 1 allow rule(s) to localSettings
[DEBUG] Writing to temp file: /Users/walterday/Git/MerlinMines/Apps/sbi/.claude/settings.local.json.tmp.40262.1760549496273
[DEBUG] Preserving file permissions: 100644
[DEBUG] Temp file written successfully, size: 2301 bytes
[DEBUG] Applied original permissions to temp file
[DEBUG] Renaming /Users/walterday/Git/MerlinMines/Apps/sbi/.claude/settings.local.json.tmp.40262.1760549496273 to /Users/walterday/Git/MerlinMines/Apps/sbi/.claude/settings.local.json
[DEBUG] File /Users/walterday/Git/MerlinMines/Apps/sbi/.claude/settings.local.json written atomically
[DEBUG] Applying permission update: Adding 1 allow rule(s) to destination 'localSettings': ["WebFetch(domain:docs.github.com)"]
[DEBUG] AutoUpdaterWrapper: Installation type: npm-global, using native: false
[DEBUG] AutoUpdater: Detected installation type: npm-global
[DEBUG] AutoUpdater: Using global update method
[DEBUG] Executing hooks for PostToolUse:WebFetch
[DEBUG] Getting matching hook commands for PostToolUse with query: WebFetch
[DEBUG] Found 0 hook matchers in settings
[DEBUG] Matched 0 unique hooks for query "WebFetch" (0 before deduplication)
[DEBUG] Found 0 hook commands to execute
[DEBUG] Hooks: getAsyncHookResponseAttachments called
[DEBUG] Hooks: checkForNewResponses called
[DEBUG] Hooks: Found 0 total hooks in registry
[DEBUG] Hooks: checkForNewResponses returning 0 responses
[DEBUG] Slash commands included in SlashCommand tool: /seek
[DEBUG] Writing to temp file: /Users/walterday/.claude.json.tmp.40262.1760549507962
[DEBUG] Preserving file permissions: 100644
[DEBUG] Temp file written successfully, size: 2143074 bytes
[DEBUG] Applied original permissions to temp file
[DEBUG] Renaming /Users/walterday/.claude.json.tmp.40262.1760549507962 to /Users/walterday/.claude.json
[DEBUG] File /Users/walterday/.claude.json written atomically
[DEBUG] Stream started - received first chunk
[DEBUG] executePreToolHooks called for tool: WebSearch
[DEBUG] Executing hooks for PreToolUse:WebSearch
[DEBUG] Getting matching hook commands for PreToolUse with query: WebSearch
[DEBUG] Found 1 hook matchers in settings
[DEBUG] Matched 0 unique hooks for query "WebSearch" (0 before deduplication)
[DEBUG] Found 0 hook commands to execute
[DEBUG] Stream started - received first chunk
[DEBUG] Executing hooks for PostToolUse:WebSearch
[DEBUG] Getting matching hook commands for PostToolUse with query: WebSearch
[DEBUG] Found 0 hook matchers in settings
[DEBUG] Matched 0 unique hooks for query "WebSearch" (0 before deduplication)
[DEBUG] Found 0 hook commands to execute
[DEBUG] Hooks: getAsyncHookResponseAttachments called
[DEBUG] Hooks: checkForNewResponses called
[DEBUG] Hooks: Found 0 total hooks in registry
[DEBUG] Hooks: checkForNewResponses returning 0 responses
[DEBUG] Slash commands included in SlashCommand tool: /seek
[DEBUG] Stream started - received first chunk
[DEBUG] executePreToolHooks called for tool: Write
[DEBUG] Executing hooks for PreToolUse:Write
[DEBUG] Getting matching hook commands for PreToolUse with query: Write
[DEBUG] Found 1 hook matchers in settings
[DEBUG] Matched 1 unique hooks for query "Write" (1 before deduplication)
[DEBUG] Found 1 hook commands to execute
[DEBUG] Executing hook command: /Users/walterday/.claude/scripts/validate-claude.sh with timeout 60000ms
[DEBUG] Hook command completed with status 0: /Users/walterday/.claude/scripts/validate-claude.sh
[DEBUG] Hook output does not start with {, treating as plain text
[DEBUG] FileHistory: Tracked file modification for /Users/walterday/Git/MerlinMines/Apps/sbi/fix-package-permissions.sh
[DEBUG] Writing to temp file: /Users/walterday/Git/MerlinMines/Apps/sbi/fix-package-permissions.sh.tmp.40262.1760549555742
[DEBUG] Temp file written successfully, size: 2725 bytes
[DEBUG] Renaming /Users/walterday/Git/MerlinMines/Apps/sbi/fix-package-permissions.sh.tmp.40262.1760549555742 to /Users/walterday/Git/MerlinMines/Apps/sbi/fix-package-permissions.sh
[DEBUG] File /Users/walterday/Git/MerlinMines/Apps/sbi/fix-package-permissions.sh written atomically
[DEBUG] Executing hooks for PostToolUse:Write
[DEBUG] Getting matching hook commands for PostToolUse with query: Write
[DEBUG] Found 0 hook matchers in settings
[DEBUG] Matched 0 unique hooks for query "Write" (0 before deduplication)
[DEBUG] Found 0 hook commands to execute
[DEBUG] Hooks: getAsyncHookResponseAttachments called
[DEBUG] Hooks: checkForNewResponses called
[DEBUG] Hooks: Found 0 total hooks in registry
[DEBUG] Hooks: checkForNewResponses returning 0 responses
[DEBUG] Slash commands included in SlashCommand tool: /seek
[DEBUG] Stream started - received first chunk
[DEBUG] executePreToolHooks called for tool: Bash
[DEBUG] Executing hooks for PreToolUse:Bash
[DEBUG] Getting matching hook commands for PreToolUse with query: Bash
[DEBUG] Found 1 hook matchers in settings
[DEBUG] Matched 0 unique hooks for query "Bash" (0 before deduplication)
[DEBUG] Found 0 hook commands to execute
[DEBUG] Executing hooks for PostToolUse:Bash
[DEBUG] Getting matching hook commands for PostToolUse with query: Bash
[DEBUG] Found 0 hook matchers in settings
[DEBUG] Matched 0 unique hooks for query "Bash" (0 before deduplication)
[DEBUG] Found 0 hook commands to execute
[DEBUG] Hooks: getAsyncHookResponseAttachments called
[DEBUG] Hooks: checkForNewResponses called
[DEBUG] Hooks: Found 0 total hooks in registry
[DEBUG] Hooks: checkForNewResponses returning 0 responses
[DEBUG] Slash commands included in SlashCommand tool: /seek
[DEBUG] Stream started - received first chunk
[DEBUG] executePreToolHooks called for tool: Bash
[DEBUG] Executing hooks for PreToolUse:Bash
[DEBUG] Getting matching hook commands for PreToolUse with query: Bash
[DEBUG] Found 1 hook matchers in settings
[DEBUG] Matched 0 unique hooks for query "Bash" (0 before deduplication)
[DEBUG] Found 0 hook commands to execute
[DEBUG] Permission suggestions for Bash: [
  {
    "type": "addRules",
    "rules": [
      {
        "toolName": "Bash",
        "ruleContent": "./fix-package-permissions.sh:*"
      }
    ],
    "behavior": "allow",
    "destination": "localSettings"
  }
]
[DEBUG] AutoUpdaterWrapper: Installation type: npm-global, using native: false
[DEBUG] AutoUpdater: Detected installation type: npm-global
[DEBUG] AutoUpdater: Using global update method
[DEBUG] Hooks: getAsyncHookResponseAttachments called
[DEBUG] Hooks: checkForNewResponses called
[DEBUG] Hooks: Found 0 total hooks in registry
[DEBUG] Hooks: checkForNewResponses returning 0 responses
[DEBUG] Slash commands included in SlashCommand tool: /seek
[DEBUG] Stream started - received first chunk
[DEBUG] executePreToolHooks called for tool: Bash
[DEBUG] Executing hooks for PreToolUse:Bash
[DEBUG] Getting matching hook commands for PreToolUse with query: Bash
[DEBUG] Found 1 hook matchers in settings
[DEBUG] Matched 0 unique hooks for query "Bash" (0 before deduplication)
[DEBUG] Found 0 hook commands to execute
[DEBUG] Executing hooks for PostToolUse:Bash
[DEBUG] Getting matching hook commands for PostToolUse with query: Bash
[DEBUG] Found 0 hook matchers in settings
[DEBUG] Matched 0 unique hooks for query "Bash" (0 before deduplication)
[DEBUG] Found 0 hook commands to execute
[DEBUG] Hooks: getAsyncHookResponseAttachments called
[DEBUG] Hooks: checkForNewResponses called
[DEBUG] Hooks: Found 0 total hooks in registry
[DEBUG] Hooks: checkForNewResponses returning 0 responses
[DEBUG] Slash commands included in SlashCommand tool: /seek
[DEBUG] Stream started - received first chunk
[DEBUG] Writing to temp file: /Users/walterday/.claude.json.tmp.40262.1760549587342
[DEBUG] Preserving file permissions: 100644
[DEBUG] Temp file written successfully, size: 2143074 bytes
[DEBUG] Applied original permissions to temp file
[DEBUG] Renaming /Users/walterday/.claude.json.tmp.40262.1760549587342 to /Users/walterday/.claude.json
[DEBUG] File /Users/walterday/.claude.json written atomically
[DEBUG] Executing hooks for Stop
[DEBUG] Getting matching hook commands for Stop with query: undefined
[DEBUG] Found 0 hook matchers in settings
[DEBUG] Matched 0 unique hooks for query "no match query" (0 before deduplication)
[DEBUG] Found 0 hook commands to execute
[DEBUG] Writing to temp file: /Users/walterday/.claude.json.tmp.40262.1760549587396
[DEBUG] Preserving file permissions: 100644
[DEBUG] Temp file written successfully, size: 2143074 bytes
[DEBUG] Applied original permissions to temp file
[DEBUG] Renaming /Users/walterday/.claude.json.tmp.40262.1760549587396 to /Users/walterday/.claude.json
[DEBUG] File /Users/walterday/.claude.json written atomically
[DEBUG] Writing to temp file: /Users/walterday/.claude.json.tmp.40262.1760549587443
[DEBUG] Preserving file permissions: 100644
[DEBUG] Temp file written successfully, size: 2143194 bytes
[DEBUG] Applied original permissions to temp file
[DEBUG] Renaming /Users/walterday/.claude.json.tmp.40262.1760549587443 to /Users/walterday/.claude.json
[DEBUG] File /Users/walterday/.claude.json written atomically
[DEBUG] Hooks: getAsyncHookResponseAttachments called
[DEBUG] Hooks: checkForNewResponses called
[DEBUG] Hooks: Found 0 total hooks in registry
[DEBUG] Hooks: checkForNewResponses returning 0 responses
[DEBUG] Executing hooks for UserPromptSubmit
[DEBUG] Getting matching hook commands for UserPromptSubmit with query: undefined
[DEBUG] Found 1 hook matchers in settings
[DEBUG] Matched 1 unique hooks for query "no match query" (1 before deduplication)
[DEBUG] Found 1 hook commands to execute
[DEBUG] Executing hook command: /Users/walterday/.claude/hooks/post-branch-create.sh with timeout 60000ms
[DEBUG] Hook command completed with status 0: /Users/walterday/.claude/hooks/post-branch-create.sh
[DEBUG] Hook output does not start with {, treating as plain text
[DEBUG] FileHistory: Making snapshot for message e97b06f7-7192-481a-9c5a-c736ed6800b3
[DEBUG] FileHistory: Added snapshot for e97b06f7-7192-481a-9c5a-c736ed6800b3, tracking 3 files
[DEBUG] Slash commands included in SlashCommand tool: /seek
[DEBUG] Stream started - received first chunk
[DEBUG] executePreToolHooks called for tool: Bash
[DEBUG] Executing hooks for PreToolUse:Bash
[DEBUG] Getting matching hook commands for PreToolUse with query: Bash
[DEBUG] Found 1 hook matchers in settings
[DEBUG] Matched 0 unique hooks for query "Bash" (0 before deduplication)
[DEBUG] Found 0 hook commands to execute
[DEBUG] Executing hooks for PostToolUse:Bash
[DEBUG] Getting matching hook commands for PostToolUse with query: Bash
[DEBUG] Found 0 hook matchers in settings
[DEBUG] Matched 0 unique hooks for query "Bash" (0 before deduplication)
[DEBUG] Found 0 hook commands to execute
[DEBUG] Hooks: getAsyncHookResponseAttachments called
[DEBUG] Hooks: checkForNewResponses called
[DEBUG] Hooks: Found 0 total hooks in registry
[DEBUG] Hooks: checkForNewResponses returning 0 responses
[DEBUG] Slash commands included in SlashCommand tool: /seek
[DEBUG] Stream started - received first chunk
[DEBUG] executePreToolHooks called for tool: Bash
[DEBUG] Executing hooks for PreToolUse:Bash
[DEBUG] Getting matching hook commands for PreToolUse with query: Bash
[DEBUG] Found 1 hook matchers in settings
[DEBUG] Matched 0 unique hooks for query "Bash" (0 before deduplication)
[DEBUG] Found 0 hook commands to execute
[DEBUG] Executing hooks for PostToolUse:Bash
[DEBUG] Getting matching hook commands for PostToolUse with query: Bash
[DEBUG] Found 0 hook matchers in settings
[DEBUG] Matched 0 unique hooks for query "Bash" (0 before deduplication)
[DEBUG] Found 0 hook commands to execute
[DEBUG] Hooks: getAsyncHookResponseAttachments called
[DEBUG] Hooks: checkForNewResponses called
[DEBUG] Hooks: Found 0 total hooks in registry
[DEBUG] Hooks: checkForNewResponses returning 0 responses
[DEBUG] Slash commands included in SlashCommand tool: /seek
[DEBUG] Stream started - received first chunk
[DEBUG] executePreToolHooks called for tool: Bash
[DEBUG] Executing hooks for PreToolUse:Bash
[DEBUG] Getting matching hook commands for PreToolUse with query: Bash
[DEBUG] Found 1 hook matchers in settings
[DEBUG] Matched 0 unique hooks for query "Bash" (0 before deduplication)
[DEBUG] Found 0 hook commands to execute
[DEBUG] Executing hooks for PostToolUse:Bash
[DEBUG] Getting matching hook commands for PostToolUse with query: Bash
[DEBUG] Found 0 hook matchers in settings
[DEBUG] Matched 0 unique hooks for query "Bash" (0 before deduplication)
[DEBUG] Found 0 hook commands to execute
[DEBUG] Hooks: getAsyncHookResponseAttachments called
[DEBUG] Hooks: checkForNewResponses called
[DEBUG] Hooks: Found 0 total hooks in registry
[DEBUG] Hooks: checkForNewResponses returning 0 responses
[DEBUG] Slash commands included in SlashCommand tool: /seek
[DEBUG] Stream started - received first chunk
[DEBUG] executePreToolHooks called for tool: Bash
[DEBUG] Executing hooks for PreToolUse:Bash
[DEBUG] Getting matching hook commands for PreToolUse with query: Bash
[DEBUG] Found 1 hook matchers in settings
[DEBUG] Matched 0 unique hooks for query "Bash" (0 before deduplication)
[DEBUG] Found 0 hook commands to execute
[DEBUG] Executing hooks for PostToolUse:Bash
[DEBUG] Getting matching hook commands for PostToolUse with query: Bash
[DEBUG] Found 0 hook matchers in settings
[DEBUG] Matched 0 unique hooks for query "Bash" (0 before deduplication)
[DEBUG] Found 0 hook commands to execute
[DEBUG] Hooks: getAsyncHookResponseAttachments called
[DEBUG] Hooks: checkForNewResponses called
[DEBUG] Hooks: Found 0 total hooks in registry
[DEBUG] Hooks: checkForNewResponses returning 0 responses
[DEBUG] Slash commands included in SlashCommand tool: /seek
[DEBUG] Stream started - received first chunk
[DEBUG] executePreToolHooks called for tool: WebSearch
[DEBUG] Executing hooks for PreToolUse:WebSearch
[DEBUG] Getting matching hook commands for PreToolUse with query: WebSearch
[DEBUG] Found 1 hook matchers in settings
[DEBUG] Matched 0 unique hooks for query "WebSearch" (0 before deduplication)
[DEBUG] Found 0 hook commands to execute
[DEBUG] Stream started - received first chunk
[DEBUG] Writing to temp file: /Users/walterday/.claude.json.tmp.40262.1760549702136
[DEBUG] Preserving file permissions: 100644
[DEBUG] Temp file written successfully, size: 2143194 bytes
[DEBUG] Applied original permissions to temp file
[DEBUG] Renaming /Users/walterday/.claude.json.tmp.40262.1760549702136 to /Users/walterday/.claude.json
[DEBUG] File /Users/walterday/.claude.json written atomically
[DEBUG] Streaming aborted by user: Request was aborted.
[ERROR] Error in non-streaming fallback: Request was aborted.
[DEBUG] Executing hooks for PostToolUse:WebSearch
[DEBUG] Getting matching hook commands for PostToolUse with query: WebSearch
[DEBUG] Found 0 hook matchers in settings
[DEBUG] Matched 0 unique hooks for query "WebSearch" (0 before deduplication)
[DEBUG] Found 0 hook commands to execute
[DEBUG] Writing to temp file: /Users/walterday/.claude.json.tmp.40262.1760549702207
[DEBUG] Preserving file permissions: 100644
[DEBUG] Temp file written successfully, size: 2143194 bytes
[DEBUG] Applied original permissions to temp file
[DEBUG] Renaming /Users/walterday/.claude.json.tmp.40262.1760549702207 to /Users/walterday/.claude.json
[DEBUG] File /Users/walterday/.claude.json written atomically
[DEBUG] Writing to temp file: /Users/walterday/.claude.json.tmp.40262.1760549702255
[DEBUG] Preserving file permissions: 100644
[DEBUG] Temp file written successfully, size: 2143324 bytes
[DEBUG] Applied original permissions to temp file
[DEBUG] Renaming /Users/walterday/.claude.json.tmp.40262.1760549702255 to /Users/walterday/.claude.json
[DEBUG] File /Users/walterday/.claude.json written atomically
[DEBUG] Hooks: getAsyncHookResponseAttachments called
[DEBUG] Hooks: checkForNewResponses called
[DEBUG] Hooks: Found 0 total hooks in registry
[DEBUG] Hooks: checkForNewResponses returning 0 responses
[DEBUG] Executing hooks for UserPromptSubmit
[DEBUG] Getting matching hook commands for UserPromptSubmit with query: undefined
[DEBUG] Found 1 hook matchers in settings
[DEBUG] Matched 1 unique hooks for query "no match query" (1 before deduplication)
[DEBUG] Found 1 hook commands to execute
[DEBUG] Executing hook command: /Users/walterday/.claude/hooks/post-branch-create.sh with timeout 60000ms
[DEBUG] Hook command completed with status 0: /Users/walterday/.claude/hooks/post-branch-create.sh
[DEBUG] Hook output does not start with {, treating as plain text
[DEBUG] FileHistory: Making snapshot for message 8960a65f-ee50-4c95-8f95-5d7f8332a794
[DEBUG] FileHistory: Added snapshot for 8960a65f-ee50-4c95-8f95-5d7f8332a794, tracking 3 files
[DEBUG] Slash commands included in SlashCommand tool: /seek
[DEBUG] Stream started - received first chunk
[DEBUG] executePreToolHooks called for tool: Bash
[DEBUG] Executing hooks for PreToolUse:Bash
[DEBUG] Getting matching hook commands for PreToolUse with query: Bash
[DEBUG] Found 1 hook matchers in settings
[DEBUG] Matched 0 unique hooks for query "Bash" (0 before deduplication)
[DEBUG] Found 0 hook commands to execute
[DEBUG] Executing hooks for PostToolUse:Bash
[DEBUG] Getting matching hook commands for PostToolUse with query: Bash
[DEBUG] Found 0 hook matchers in settings
[DEBUG] Matched 0 unique hooks for query "Bash" (0 before deduplication)
[DEBUG] Found 0 hook commands to execute
[DEBUG] Hooks: getAsyncHookResponseAttachments called
[DEBUG] Hooks: checkForNewResponses called
[DEBUG] Hooks: Found 0 total hooks in registry
[DEBUG] Hooks: checkForNewResponses returning 0 responses
[DEBUG] Slash commands included in SlashCommand tool: /seek
[DEBUG] Stream started - received first chunk
[DEBUG] executePreToolHooks called for tool: Bash
[DEBUG] Executing hooks for PreToolUse:Bash
[DEBUG] Getting matching hook commands for PreToolUse with query: Bash
[DEBUG] Found 1 hook matchers in settings
[DEBUG] Matched 0 unique hooks for query "Bash" (0 before deduplication)
[DEBUG] Found 0 hook commands to execute
[DEBUG] Executing hooks for PostToolUse:Bash
[DEBUG] Getting matching hook commands for PostToolUse with query: Bash
[DEBUG] Found 0 hook matchers in settings
[DEBUG] Matched 0 unique hooks for query "Bash" (0 before deduplication)
[DEBUG] Found 0 hook commands to execute
[DEBUG] Hooks: getAsyncHookResponseAttachments called
[DEBUG] Hooks: checkForNewResponses called
[DEBUG] Hooks: Found 0 total hooks in registry
[DEBUG] Hooks: checkForNewResponses returning 0 responses
[DEBUG] Slash commands included in SlashCommand tool: /seek
[DEBUG] Stream started - received first chunk
[DEBUG] executePreToolHooks called for tool: Bash
[DEBUG] Executing hooks for PreToolUse:Bash
[DEBUG] Getting matching hook commands for PreToolUse with query: Bash
[DEBUG] Found 1 hook matchers in settings
[DEBUG] Matched 0 unique hooks for query "Bash" (0 before deduplication)
[DEBUG] Found 0 hook commands to execute
[DEBUG] Executing hooks for PostToolUse:Bash
[DEBUG] Getting matching hook commands for PostToolUse with query: Bash
[DEBUG] Found 0 hook matchers in settings
[DEBUG] Matched 0 unique hooks for query "Bash" (0 before deduplication)
[DEBUG] Found 0 hook commands to execute
[DEBUG] Hooks: getAsyncHookResponseAttachments called
[DEBUG] Hooks: checkForNewResponses called
[DEBUG] Hooks: Found 0 total hooks in registry
[DEBUG] Hooks: checkForNewResponses returning 0 responses
[DEBUG] Slash commands included in SlashCommand tool: /seek
[DEBUG] Stream started - received first chunk
[DEBUG] executePreToolHooks called for tool: Bash
[DEBUG] Executing hooks for PreToolUse:Bash
[DEBUG] Getting matching hook commands for PreToolUse with query: Bash
[DEBUG] Found 1 hook matchers in settings
[DEBUG] Matched 0 unique hooks for query "Bash" (0 before deduplication)
[DEBUG] Found 0 hook commands to execute
[DEBUG] Executing hooks for PostToolUse:Bash
[DEBUG] Getting matching hook commands for PostToolUse with query: Bash
[DEBUG] Found 0 hook matchers in settings
[DEBUG] Matched 0 unique hooks for query "Bash" (0 before deduplication)
[DEBUG] Found 0 hook commands to execute
[DEBUG] Hooks: getAsyncHookResponseAttachments called
[DEBUG] Hooks: checkForNewResponses called
[DEBUG] Hooks: Found 0 total hooks in registry
[DEBUG] Hooks: checkForNewResponses returning 0 responses
[DEBUG] Slash commands included in SlashCommand tool: /seek
[DEBUG] Stream started - received first chunk
[DEBUG] executePreToolHooks called for tool: TodoWrite
[DEBUG] Executing hooks for PreToolUse:TodoWrite
[DEBUG] Getting matching hook commands for PreToolUse with query: TodoWrite
[DEBUG] Found 1 hook matchers in settings
[DEBUG] Matched 0 unique hooks for query "TodoWrite" (0 before deduplication)
[DEBUG] Found 0 hook commands to execute
[DEBUG] Writing to temp file: /Users/walterday/.claude/todos/7c26d555-5ec0-406e-8406-0ef5ec3e6c29-agent-27838f57-e7af-4fd1-9ff5-c923bf330fa8.json.tmp.40262.1760549772523
[DEBUG] Preserving file permissions: 100644
[DEBUG] Temp file written successfully, size: 2 bytes
[DEBUG] Applied original permissions to temp file
[DEBUG] Renaming /Users/walterday/.claude/todos/7c26d555-5ec0-406e-8406-0ef5ec3e6c29-agent-27838f57-e7af-4fd1-9ff5-c923bf330fa8.json.tmp.40262.1760549772523 to /Users/walterday/.claude/todos/7c26d555-5ec0-406e-8406-0ef5ec3e6c29-agent-27838f57-e7af-4fd1-9ff5-c923bf330fa8.json
[DEBUG] File /Users/walterday/.claude/todos/7c26d555-5ec0-406e-8406-0ef5ec3e6c29-agent-27838f57-e7af-4fd1-9ff5-c923bf330fa8.json written atomically
[DEBUG] Writing to temp file: /Users/walterday/.claude/todos/7c26d555-5ec0-406e-8406-0ef5ec3e6c29-agent-7c26d555-5ec0-406e-8406-0ef5ec3e6c29.json.tmp.40262.1760549772538
[DEBUG] Preserving file permissions: 100644
[DEBUG] Temp file written successfully, size: 717 bytes
[DEBUG] Applied original permissions to temp file
[DEBUG] Renaming /Users/walterday/.claude/todos/7c26d555-5ec0-406e-8406-0ef5ec3e6c29-agent-7c26d555-5ec0-406e-8406-0ef5ec3e6c29.json.tmp.40262.1760549772538 to /Users/walterday/.claude/todos/7c26d555-5ec0-406e-8406-0ef5ec3e6c29-agent-7c26d555-5ec0-406e-8406-0ef5ec3e6c29.json
[DEBUG] File /Users/walterday/.claude/todos/7c26d555-5ec0-406e-8406-0ef5ec3e6c29-agent-7c26d555-5ec0-406e-8406-0ef5ec3e6c29.json written atomically
[DEBUG] Executing hooks for PostToolUse:TodoWrite
[DEBUG] Getting matching hook commands for PostToolUse with query: TodoWrite
[DEBUG] Found 0 hook matchers in settings
[DEBUG] Matched 0 unique hooks for query "TodoWrite" (0 before deduplication)
[DEBUG] Found 0 hook commands to execute
[DEBUG] Hooks: getAsyncHookResponseAttachments called
[DEBUG] Hooks: checkForNewResponses called
[DEBUG] Hooks: Found 0 total hooks in registry
[DEBUG] Hooks: checkForNewResponses returning 0 responses
[DEBUG] Slash commands included in SlashCommand tool: /seek
[DEBUG] Stream started - received first chunk
[DEBUG] executePreToolHooks called for tool: Read
[DEBUG] Executing hooks for PreToolUse:Read
[DEBUG] Getting matching hook commands for PreToolUse with query: Read
[DEBUG] Found 1 hook matchers in settings
[DEBUG] Matched 0 unique hooks for query "Read" (0 before deduplication)
[DEBUG] Found 0 hook commands to execute
[DEBUG] Executing hooks for PostToolUse:Read
[DEBUG] Getting matching hook commands for PostToolUse with query: Read
[DEBUG] Found 0 hook matchers in settings
[DEBUG] Matched 0 unique hooks for query "Read" (0 before deduplication)
[DEBUG] Found 0 hook commands to execute
[DEBUG] Hooks: getAsyncHookResponseAttachments called
[DEBUG] Hooks: checkForNewResponses called
[DEBUG] Hooks: Found 0 total hooks in registry
[DEBUG] Hooks: checkForNewResponses returning 0 responses
[DEBUG] Slash commands included in SlashCommand tool: /seek
[DEBUG] Stream started - received first chunk
[DEBUG] executePreToolHooks called for tool: Edit
[DEBUG] Executing hooks for PreToolUse:Edit
[DEBUG] Getting matching hook commands for PreToolUse with query: Edit
[DEBUG] Found 1 hook matchers in settings
[DEBUG] Matched 1 unique hooks for query "Edit" (1 before deduplication)
[DEBUG] Found 1 hook commands to execute
[DEBUG] Executing hook command: /Users/walterday/.claude/scripts/validate-claude.sh with timeout 60000ms
[DEBUG] Hook command completed with status 0: /Users/walterday/.claude/scripts/validate-claude.sh
[DEBUG] Hook output does not start with {, treating as plain text
[DEBUG] Writing to temp file: /Users/walterday/Git/MerlinMines/Apps/sbi/.github/workflows/wolfi-base-enhanced.yaml.tmp.40262.1760549792762
[DEBUG] Preserving file permissions: 100644
[DEBUG] Temp file written successfully, size: 19619 bytes
[DEBUG] Applied original permissions to temp file
[DEBUG] Renaming /Users/walterday/Git/MerlinMines/Apps/sbi/.github/workflows/wolfi-base-enhanced.yaml.tmp.40262.1760549792762 to /Users/walterday/Git/MerlinMines/Apps/sbi/.github/workflows/wolfi-base-enhanced.yaml
[DEBUG] File /Users/walterday/Git/MerlinMines/Apps/sbi/.github/workflows/wolfi-base-enhanced.yaml written atomically
[DEBUG] Executing hooks for PostToolUse:Edit
[DEBUG] Getting matching hook commands for PostToolUse with query: Edit
[DEBUG] Found 0 hook matchers in settings
[DEBUG] Matched 0 unique hooks for query "Edit" (0 before deduplication)
[DEBUG] Found 0 hook commands to execute
[DEBUG] Hooks: getAsyncHookResponseAttachments called
[DEBUG] Hooks: checkForNewResponses called
[DEBUG] Hooks: Found 0 total hooks in registry
[DEBUG] Hooks: checkForNewResponses returning 0 responses
[DEBUG] Slash commands included in SlashCommand tool: /seek
[DEBUG] Stream started - received first chunk
[DEBUG] executePreToolHooks called for tool: Bash
[DEBUG] Executing hooks for PreToolUse:Bash
[DEBUG] Getting matching hook commands for PreToolUse with query: Bash
[DEBUG] Found 1 hook matchers in settings
[DEBUG] Matched 0 unique hooks for query "Bash" (0 before deduplication)
[DEBUG] Found 0 hook commands to execute
[DEBUG] Executing hooks for PostToolUse:Bash
[DEBUG] Getting matching hook commands for PostToolUse with query: Bash
[DEBUG] Found 0 hook matchers in settings
[DEBUG] Matched 0 unique hooks for query "Bash" (0 before deduplication)
[DEBUG] Found 0 hook commands to execute
[DEBUG] Hooks: getAsyncHookResponseAttachments called
[DEBUG] Hooks: checkForNewResponses called
[DEBUG] Hooks: Found 0 total hooks in registry
[DEBUG] Hooks: checkForNewResponses returning 0 responses
[DEBUG] Slash commands included in SlashCommand tool: /seek
[DEBUG] Stream started - received first chunk
[DEBUG] executePreToolHooks called for tool: Bash
[DEBUG] Executing hooks for PreToolUse:Bash
[DEBUG] Getting matching hook commands for PreToolUse with query: Bash
[DEBUG] Found 1 hook matchers in settings
[DEBUG] Matched 0 unique hooks for query "Bash" (0 before deduplication)
[DEBUG] Found 0 hook commands to execute
[DEBUG] Executing hooks for PostToolUse:Bash
[DEBUG] Getting matching hook commands for PostToolUse with query: Bash
[DEBUG] Found 0 hook matchers in settings
[DEBUG] Matched 0 unique hooks for query "Bash" (0 before deduplication)
[DEBUG] Found 0 hook commands to execute
[DEBUG] Hooks: getAsyncHookResponseAttachments called
[DEBUG] Hooks: checkForNewResponses called
[DEBUG] Hooks: Found 0 total hooks in registry
[DEBUG] Hooks: checkForNewResponses returning 0 responses
[DEBUG] Slash commands included in SlashCommand tool: /seek
[DEBUG] Stream started - received first chunk
[DEBUG] executePreToolHooks called for tool: Bash
[DEBUG] Executing hooks for PreToolUse:Bash
[DEBUG] Getting matching hook commands for PreToolUse with query: Bash
[DEBUG] Found 1 hook matchers in settings
[DEBUG] Matched 0 unique hooks for query "Bash" (0 before deduplication)
[DEBUG] Found 0 hook commands to execute
[DEBUG] Executing hooks for PostToolUse:Bash
[DEBUG] Getting matching hook commands for PostToolUse with query: Bash
[DEBUG] Found 0 hook matchers in settings
[DEBUG] Matched 0 unique hooks for query "Bash" (0 before deduplication)
[DEBUG] Found 0 hook commands to execute
[DEBUG] Hooks: getAsyncHookResponseAttachments called
[DEBUG] Hooks: checkForNewResponses called
[DEBUG] Hooks: Found 0 total hooks in registry
[DEBUG] Hooks: checkForNewResponses returning 0 responses
[DEBUG] Slash commands included in SlashCommand tool: /seek
[DEBUG] Stream started - received first chunk
[DEBUG] executePreToolHooks called for tool: TodoWrite
[DEBUG] Executing hooks for PreToolUse:TodoWrite
[DEBUG] Getting matching hook commands for PreToolUse with query: TodoWrite
[DEBUG] Found 1 hook matchers in settings
[DEBUG] Matched 0 unique hooks for query "TodoWrite" (0 before deduplication)
[DEBUG] Found 0 hook commands to execute
[DEBUG] Writing to temp file: /Users/walterday/.claude/todos/7c26d555-5ec0-406e-8406-0ef5ec3e6c29-agent-27838f57-e7af-4fd1-9ff5-c923bf330fa8.json.tmp.40262.1760549883532
[DEBUG] Preserving file permissions: 100644
[DEBUG] Temp file written successfully, size: 2 bytes
[DEBUG] Applied original permissions to temp file
[DEBUG] Renaming /Users/walterday/.claude/todos/7c26d555-5ec0-406e-8406-0ef5ec3e6c29-agent-27838f57-e7af-4fd1-9ff5-c923bf330fa8.json.tmp.40262.1760549883532 to /Users/walterday/.claude/todos/7c26d555-5ec0-406e-8406-0ef5ec3e6c29-agent-27838f57-e7af-4fd1-9ff5-c923bf330fa8.json
[DEBUG] File /Users/walterday/.claude/todos/7c26d555-5ec0-406e-8406-0ef5ec3e6c29-agent-27838f57-e7af-4fd1-9ff5-c923bf330fa8.json written atomically
[DEBUG] Writing to temp file: /Users/walterday/.claude/todos/7c26d555-5ec0-406e-8406-0ef5ec3e6c29-agent-7c26d555-5ec0-406e-8406-0ef5ec3e6c29.json.tmp.40262.1760549883548
[DEBUG] Preserving file permissions: 100644
[DEBUG] Temp file written successfully, size: 2 bytes
[DEBUG] Applied original permissions to temp file
[DEBUG] Renaming /Users/walterday/.claude/todos/7c26d555-5ec0-406e-8406-0ef5ec3e6c29-agent-7c26d555-5ec0-406e-8406-0ef5ec3e6c29.json.tmp.40262.1760549883548 to /Users/walterday/.claude/todos/7c26d555-5ec0-406e-8406-0ef5ec3e6c29-agent-7c26d555-5ec0-406e-8406-0ef5ec3e6c29.json
[DEBUG] File /Users/walterday/.claude/todos/7c26d555-5ec0-406e-8406-0ef5ec3e6c29-agent-7c26d555-5ec0-406e-8406-0ef5ec3e6c29.json written atomically
[DEBUG] Executing hooks for PostToolUse:TodoWrite
[DEBUG] Getting matching hook commands for PostToolUse with query: TodoWrite
[DEBUG] Found 0 hook matchers in settings
[DEBUG] Matched 0 unique hooks for query "TodoWrite" (0 before deduplication)
[DEBUG] Found 0 hook commands to execute
[DEBUG] Hooks: getAsyncHookResponseAttachments called
[DEBUG] Hooks: checkForNewResponses called
[DEBUG] Hooks: Found 0 total hooks in registry
[DEBUG] Hooks: checkForNewResponses returning 0 responses
[DEBUG] Slash commands included in SlashCommand tool: /seek
[DEBUG] Stream started - received first chunk
[DEBUG] Writing to temp file: /Users/walterday/.claude.json.tmp.40262.1760549899115
[DEBUG] Preserving file permissions: 100644
[DEBUG] Temp file written successfully, size: 2143324 bytes
[DEBUG] Applied original permissions to temp file
[DEBUG] Renaming /Users/walterday/.claude.json.tmp.40262.1760549899115 to /Users/walterday/.claude.json
[DEBUG] File /Users/walterday/.claude.json written atomically
[DEBUG] Executing hooks for Stop
[DEBUG] Getting matching hook commands for Stop with query: undefined
[DEBUG] Found 0 hook matchers in settings
[DEBUG] Matched 0 unique hooks for query "no match query" (0 before deduplication)
[DEBUG] Found 0 hook commands to execute
[DEBUG] Writing to temp file: /Users/walterday/.claude.json.tmp.40262.1760549899183
[DEBUG] Preserving file permissions: 100644
[DEBUG] Temp file written successfully, size: 2143324 bytes
[DEBUG] Applied original permissions to temp file
[DEBUG] Renaming /Users/walterday/.claude.json.tmp.40262.1760549899183 to /Users/walterday/.claude.json
[DEBUG] File /Users/walterday/.claude.json written atomically
[DEBUG] Writing to temp file: /Users/walterday/.claude.json.tmp.40262.1760549899232
[DEBUG] Preserving file permissions: 100644
[DEBUG] Temp file written successfully, size: 2143482 bytes
[DEBUG] Applied original permissions to temp file
[DEBUG] Renaming /Users/walterday/.claude.json.tmp.40262.1760549899232 to /Users/walterday/.claude.json
[DEBUG] File /Users/walterday/.claude.json written atomically
[DEBUG] Getting matching hook commands for Notification with query: undefined
[DEBUG] Found 0 hook matchers in settings
[DEBUG] Matched 0 unique hooks for query "no match query" (0 before deduplication)
[DEBUG] Hooks: getAsyncHookResponseAttachments called
[DEBUG] Hooks: checkForNewResponses called
[DEBUG] Hooks: Found 0 total hooks in registry
[DEBUG] Hooks: checkForNewResponses returning 0 responses
[DEBUG] Executing hooks for UserPromptSubmit
[DEBUG] Getting matching hook commands for UserPromptSubmit with query: undefined
[DEBUG] Found 1 hook matchers in settings
[DEBUG] Matched 1 unique hooks for query "no match query" (1 before deduplication)
[DEBUG] Found 1 hook commands to execute
[DEBUG] Executing hook command: /Users/walterday/.claude/hooks/post-branch-create.sh with timeout 60000ms
[DEBUG] Hook command completed with status 0: /Users/walterday/.claude/hooks/post-branch-create.sh
[DEBUG] Hook output does not start with {, treating as plain text
[DEBUG] FileHistory: Making snapshot for message a4503209-5874-4679-8c33-ebf23a1208f9
[DEBUG] FileHistory: Added snapshot for a4503209-5874-4679-8c33-ebf23a1208f9, tracking 3 files
[DEBUG] Slash commands included in SlashCommand tool: /seek
[DEBUG] Stream started - received first chunk
[DEBUG] executePreToolHooks called for tool: Bash
[DEBUG] Executing hooks for PreToolUse:Bash
[DEBUG] Getting matching hook commands for PreToolUse with query: Bash
[DEBUG] Found 1 hook matchers in settings
[DEBUG] Matched 0 unique hooks for query "Bash" (0 before deduplication)
[DEBUG] Found 0 hook commands to execute
[DEBUG] Executing hooks for PostToolUse:Bash
[DEBUG] Getting matching hook commands for PostToolUse with query: Bash
[DEBUG] Found 0 hook matchers in settings
[DEBUG] Matched 0 unique hooks for query "Bash" (0 before deduplication)
[DEBUG] Found 0 hook commands to execute
[DEBUG] Hooks: getAsyncHookResponseAttachments called
[DEBUG] Hooks: checkForNewResponses called
[DEBUG] Hooks: Found 0 total hooks in registry
[DEBUG] Hooks: checkForNewResponses returning 0 responses
[DEBUG] Slash commands included in SlashCommand tool: /seek
[DEBUG] Stream started - received first chunk
[DEBUG] executePreToolHooks called for tool: Read
[DEBUG] Executing hooks for PreToolUse:Read
[DEBUG] Getting matching hook commands for PreToolUse with query: Read
[DEBUG] Found 1 hook matchers in settings
[DEBUG] Matched 0 unique hooks for query "Read" (0 before deduplication)
[DEBUG] Found 0 hook commands to execute
[DEBUG] Executing hooks for PostToolUse:Read
[DEBUG] Getting matching hook commands for PostToolUse with query: Read
[DEBUG] Found 0 hook matchers in settings
[DEBUG] Matched 0 unique hooks for query "Read" (0 before deduplication)
[DEBUG] Found 0 hook commands to execute
[DEBUG] Hooks: getAsyncHookResponseAttachments called
[DEBUG] Hooks: checkForNewResponses called
[DEBUG] Hooks: Found 0 total hooks in registry
[DEBUG] Hooks: checkForNewResponses returning 0 responses
[DEBUG] Slash commands included in SlashCommand tool: /seek
[DEBUG] Stream started - received first chunk
[DEBUG] executePreToolHooks called for tool: Edit
[DEBUG] Executing hooks for PreToolUse:Edit
[DEBUG] Getting matching hook commands for PreToolUse with query: Edit
[DEBUG] Found 1 hook matchers in settings
[DEBUG] Matched 1 unique hooks for query "Edit" (1 before deduplication)
[DEBUG] Found 1 hook commands to execute
[DEBUG] Executing hook command: /Users/walterday/.claude/scripts/validate-claude.sh with timeout 60000ms
[DEBUG] Hook command completed with status 0: /Users/walterday/.claude/scripts/validate-claude.sh
[DEBUG] Hook output does not start with {, treating as plain text
[DEBUG] Writing to temp file: /Users/walterday/Git/MerlinMines/Apps/sbi/.github/workflows/wolfi-base-enhanced.yaml.tmp.40262.1760550483711
[DEBUG] Preserving file permissions: 100644
[DEBUG] Temp file written successfully, size: 19718 bytes
[DEBUG] Applied original permissions to temp file
[DEBUG] Renaming /Users/walterday/Git/MerlinMines/Apps/sbi/.github/workflows/wolfi-base-enhanced.yaml.tmp.40262.1760550483711 to /Users/walterday/Git/MerlinMines/Apps/sbi/.github/workflows/wolfi-base-enhanced.yaml
[DEBUG] File /Users/walterday/Git/MerlinMines/Apps/sbi/.github/workflows/wolfi-base-enhanced.yaml written atomically
[DEBUG] Executing hooks for PostToolUse:Edit
[DEBUG] Getting matching hook commands for PostToolUse with query: Edit
[DEBUG] Found 0 hook matchers in settings
[DEBUG] Matched 0 unique hooks for query "Edit" (0 before deduplication)
[DEBUG] Found 0 hook commands to execute
[DEBUG] Hooks: getAsyncHookResponseAttachments called
[DEBUG] Hooks: checkForNewResponses called
[DEBUG] Hooks: Found 0 total hooks in registry
[DEBUG] Hooks: checkForNewResponses returning 0 responses
[DEBUG] Slash commands included in SlashCommand tool: /seek
[DEBUG] Stream started - received first chunk
[DEBUG] executePreToolHooks called for tool: Bash
[DEBUG] Executing hooks for PreToolUse:Bash
[DEBUG] Getting matching hook commands for PreToolUse with query: Bash
[DEBUG] Found 1 hook matchers in settings
[DEBUG] Matched 0 unique hooks for query "Bash" (0 before deduplication)
[DEBUG] Found 0 hook commands to execute
[DEBUG] Executing hooks for PostToolUse:Bash
[DEBUG] Getting matching hook commands for PostToolUse with query: Bash
[DEBUG] Found 0 hook matchers in settings
[DEBUG] Matched 0 unique hooks for query "Bash" (0 before deduplication)
[DEBUG] Found 0 hook commands to execute
[DEBUG] Hooks: getAsyncHookResponseAttachments called
[DEBUG] Hooks: checkForNewResponses called
[DEBUG] Hooks: Found 0 total hooks in registry
[DEBUG] Hooks: checkForNewResponses returning 0 responses
[DEBUG] Slash commands included in SlashCommand tool: /seek
[DEBUG] Stream started - received first chunk
[DEBUG] executePreToolHooks called for tool: Bash
[DEBUG] Executing hooks for PreToolUse:Bash
[DEBUG] Getting matching hook commands for PreToolUse with query: Bash
[DEBUG] Found 1 hook matchers in settings
[DEBUG] Matched 0 unique hooks for query "Bash" (0 before deduplication)
[DEBUG] Found 0 hook commands to execute
[DEBUG] Executing hooks for PostToolUse:Bash
[DEBUG] Getting matching hook commands for PostToolUse with query: Bash
[DEBUG] Found 0 hook matchers in settings
[DEBUG] Matched 0 unique hooks for query "Bash" (0 before deduplication)
[DEBUG] Found 0 hook commands to execute
[DEBUG] Hooks: getAsyncHookResponseAttachments called
[DEBUG] Hooks: checkForNewResponses called
[DEBUG] Hooks: Found 0 total hooks in registry
[DEBUG] Hooks: checkForNewResponses returning 0 responses
[DEBUG] Slash commands included in SlashCommand tool: /seek
[DEBUG] Stream started - received first chunk
[DEBUG] executePreToolHooks called for tool: Bash
[DEBUG] Executing hooks for PreToolUse:Bash
[DEBUG] Getting matching hook commands for PreToolUse with query: Bash
[DEBUG] Found 1 hook matchers in settings
[DEBUG] Matched 0 unique hooks for query "Bash" (0 before deduplication)
[DEBUG] Found 0 hook commands to execute
[DEBUG] Executing hooks for PostToolUse:Bash
[DEBUG] Getting matching hook commands for PostToolUse with query: Bash
[DEBUG] Found 0 hook matchers in settings
[DEBUG] Matched 0 unique hooks for query "Bash" (0 before deduplication)
[DEBUG] Found 0 hook commands to execute
[DEBUG] Hooks: getAsyncHookResponseAttachments called
[DEBUG] Hooks: checkForNewResponses called
[DEBUG] Hooks: Found 0 total hooks in registry
[DEBUG] Hooks: checkForNewResponses returning 0 responses
[DEBUG] Slash commands included in SlashCommand tool: /seek
[DEBUG] Stream started - received first chunk
[DEBUG] Writing to temp file: /Users/walterday/.claude.json.tmp.40262.1760550542928
[DEBUG] Preserving file permissions: 100644
[DEBUG] Temp file written successfully, size: 2143482 bytes
[DEBUG] Applied original permissions to temp file
[DEBUG] Renaming /Users/walterday/.claude.json.tmp.40262.1760550542928 to /Users/walterday/.claude.json
[DEBUG] File /Users/walterday/.claude.json written atomically
[DEBUG] Executing hooks for Stop
[DEBUG] Getting matching hook commands for Stop with query: undefined
[DEBUG] Found 0 hook matchers in settings
[DEBUG] Matched 0 unique hooks for query "no match query" (0 before deduplication)
[DEBUG] Found 0 hook commands to execute
[DEBUG] Writing to temp file: /Users/walterday/.claude.json.tmp.40262.1760550542982
[DEBUG] Preserving file permissions: 100644
[DEBUG] Temp file written successfully, size: 2143482 bytes
[DEBUG] Applied original permissions to temp file
[DEBUG] Renaming /Users/walterday/.claude.json.tmp.40262.1760550542982 to /Users/walterday/.claude.json
[DEBUG] File /Users/walterday/.claude.json written atomically
[DEBUG] Writing to temp file: /Users/walterday/.claude.json.tmp.40262.1760550543032
[DEBUG] Preserving file permissions: 100644
[DEBUG] Temp file written successfully, size: 2143663 bytes
[DEBUG] Applied original permissions to temp file
[DEBUG] Renaming /Users/walterday/.claude.json.tmp.40262.1760550543032 to /Users/walterday/.claude.json
[DEBUG] File /Users/walterday/.claude.json written atomically
[DEBUG] Getting matching hook commands for Notification with query: undefined
[DEBUG] Found 0 hook matchers in settings
[DEBUG] Matched 0 unique hooks for query "no match query" (0 before deduplication)
[DEBUG] Hooks: getAsyncHookResponseAttachments called
[DEBUG] Hooks: checkForNewResponses called
[DEBUG] Hooks: Found 0 total hooks in registry
[DEBUG] Hooks: checkForNewResponses returning 0 responses
[DEBUG] Executing hooks for UserPromptSubmit
[DEBUG] Getting matching hook commands for UserPromptSubmit with query: undefined
[DEBUG] Found 1 hook matchers in settings
[DEBUG] Matched 1 unique hooks for query "no match query" (1 before deduplication)
[DEBUG] Found 1 hook commands to execute
[DEBUG] Executing hook command: /Users/walterday/.claude/hooks/post-branch-create.sh with timeout 60000ms
[DEBUG] Hook command completed with status 0: /Users/walterday/.claude/hooks/post-branch-create.sh
[DEBUG] Hook output does not start with {, treating as plain text
[DEBUG] FileHistory: Making snapshot for message 39dfb040-13ab-45ce-a4f1-a72eb0869c1e
[DEBUG] FileHistory: Added snapshot for 39dfb040-13ab-45ce-a4f1-a72eb0869c1e, tracking 3 files
[DEBUG] Slash commands included in SlashCommand tool: /seek
[DEBUG] Stream started - received first chunk
[DEBUG] executePreToolHooks called for tool: Bash
[DEBUG] Executing hooks for PreToolUse:Bash
[DEBUG] Getting matching hook commands for PreToolUse with query: Bash
[DEBUG] Found 1 hook matchers in settings
[DEBUG] Matched 0 unique hooks for query "Bash" (0 before deduplication)
[DEBUG] Found 0 hook commands to execute
[DEBUG] Permission suggestions for Bash: [
  {
    "type": "addRules",
    "rules": [
      {
        "toolName": "Bash",
        "ruleContent": "git rm:*"
      }
    ],
    "behavior": "allow",
    "destination": "localSettings"
  }
]
[DEBUG] Persisting permission update: addRules to source 'localSettings'
[DEBUG] Persisting 1 allow rule(s) to localSettings
[DEBUG] Writing to temp file: /Users/walterday/Git/MerlinMines/Apps/sbi/.claude/settings.local.json.tmp.40262.1760550594274
[DEBUG] Preserving file permissions: 100644
[DEBUG] Temp file written successfully, size: 2325 bytes
[DEBUG] Applied original permissions to temp file
[DEBUG] Renaming /Users/walterday/Git/MerlinMines/Apps/sbi/.claude/settings.local.json.tmp.40262.1760550594274 to /Users/walterday/Git/MerlinMines/Apps/sbi/.claude/settings.local.json
[DEBUG] File /Users/walterday/Git/MerlinMines/Apps/sbi/.claude/settings.local.json written atomically
[DEBUG] Applying permission update: Adding 1 allow rule(s) to destination 'localSettings': ["Bash(git rm:*)"]
[DEBUG] AutoUpdaterWrapper: Installation type: npm-global, using native: false
[DEBUG] Executing hooks for PostToolUse:Bash
[DEBUG] Getting matching hook commands for PostToolUse with query: Bash
[DEBUG] Found 0 hook matchers in settings
[DEBUG] Matched 0 unique hooks for query "Bash" (0 before deduplication)
[DEBUG] Found 0 hook commands to execute
[DEBUG] Hooks: getAsyncHookResponseAttachments called
[DEBUG] Hooks: checkForNewResponses called
[DEBUG] Hooks: Found 0 total hooks in registry
[DEBUG] Hooks: checkForNewResponses returning 0 responses
[DEBUG] Slash commands included in SlashCommand tool: /seek
[DEBUG] AutoUpdater: Detected installation type: npm-global
[DEBUG] AutoUpdater: Using global update method
[DEBUG] Stream started - received first chunk
[DEBUG] executePreToolHooks called for tool: Bash
[DEBUG] Executing hooks for PreToolUse:Bash
[DEBUG] Getting matching hook commands for PreToolUse with query: Bash
[DEBUG] Found 1 hook matchers in settings
[DEBUG] Matched 0 unique hooks for query "Bash" (0 before deduplication)
[DEBUG] Found 0 hook commands to execute
[DEBUG] Executing hooks for PostToolUse:Bash
[DEBUG] Getting matching hook commands for PostToolUse with query: Bash
[DEBUG] Found 0 hook matchers in settings
[DEBUG] Matched 0 unique hooks for query "Bash" (0 before deduplication)
[DEBUG] Found 0 hook commands to execute
[DEBUG] Hooks: getAsyncHookResponseAttachments called
[DEBUG] Hooks: checkForNewResponses called
[DEBUG] Hooks: Found 0 total hooks in registry
[DEBUG] Hooks: checkForNewResponses returning 0 responses
[DEBUG] Slash commands included in SlashCommand tool: /seek
[DEBUG] Stream started - received first chunk
[DEBUG] executePreToolHooks called for tool: Bash
[DEBUG] Executing hooks for PreToolUse:Bash
[DEBUG] Getting matching hook commands for PreToolUse with query: Bash
[DEBUG] Found 1 hook matchers in settings
[DEBUG] Matched 0 unique hooks for query "Bash" (0 before deduplication)
[DEBUG] Found 0 hook commands to execute
[DEBUG] Executing hooks for PostToolUse:Bash
[DEBUG] Getting matching hook commands for PostToolUse with query: Bash
[DEBUG] Found 0 hook matchers in settings
[DEBUG] Matched 0 unique hooks for query "Bash" (0 before deduplication)
[DEBUG] Found 0 hook commands to execute
[DEBUG] Hooks: getAsyncHookResponseAttachments called
[DEBUG] Hooks: checkForNewResponses called
[DEBUG] Hooks: Found 0 total hooks in registry
[DEBUG] Hooks: checkForNewResponses returning 0 responses
[DEBUG] Slash commands included in SlashCommand tool: /seek
[DEBUG] Stream started - received first chunk
[DEBUG] executePreToolHooks called for tool: Bash
[DEBUG] Executing hooks for PreToolUse:Bash
[DEBUG] Getting matching hook commands for PreToolUse with query: Bash
[DEBUG] Found 1 hook matchers in settings
[DEBUG] Matched 0 unique hooks for query "Bash" (0 before deduplication)
[DEBUG] Found 0 hook commands to execute
[DEBUG] Executing hooks for PostToolUse:Bash
[DEBUG] Getting matching hook commands for PostToolUse with query: Bash
[DEBUG] Found 0 hook matchers in settings
[DEBUG] Matched 0 unique hooks for query "Bash" (0 before deduplication)
[DEBUG] Found 0 hook commands to execute
[DEBUG] Hooks: getAsyncHookResponseAttachments called
[DEBUG] Hooks: checkForNewResponses called
[DEBUG] Hooks: Found 0 total hooks in registry
[DEBUG] Hooks: checkForNewResponses returning 0 responses
[DEBUG] Slash commands included in SlashCommand tool: /seek
[DEBUG] Stream started - received first chunk
[DEBUG] executePreToolHooks called for tool: Read
[DEBUG] Executing hooks for PreToolUse:Read
[DEBUG] Getting matching hook commands for PreToolUse with query: Read
[DEBUG] Found 1 hook matchers in settings
[DEBUG] Matched 0 unique hooks for query "Read" (0 before deduplication)
[DEBUG] Found 0 hook commands to execute
[DEBUG] Executing hooks for PostToolUse:Read
[DEBUG] Getting matching hook commands for PostToolUse with query: Read
[DEBUG] Found 0 hook matchers in settings
[DEBUG] Matched 0 unique hooks for query "Read" (0 before deduplication)
[DEBUG] Found 0 hook commands to execute
[DEBUG] Hooks: getAsyncHookResponseAttachments called
[DEBUG] Hooks: checkForNewResponses called
[DEBUG] Hooks: Found 0 total hooks in registry
[DEBUG] Hooks: checkForNewResponses returning 0 responses
[DEBUG] Slash commands included in SlashCommand tool: /seek
[DEBUG] Stream started - received first chunk
[DEBUG] AutoUpdaterWrapper: Installation type: npm-global, using native: false
[DEBUG] Writing to temp file: /Users/walterday/.claude.json.tmp.40262.1760550624234
[DEBUG] Preserving file permissions: 100644
[DEBUG] Temp file written successfully, size: 2143663 bytes
[DEBUG] Applied original permissions to temp file
[DEBUG] Renaming /Users/walterday/.claude.json.tmp.40262.1760550624234 to /Users/walterday/.claude.json
[DEBUG] File /Users/walterday/.claude.json written atomically
[DEBUG] AutoUpdater: Detected installation type: npm-global
[DEBUG] AutoUpdater: Using global update method
[DEBUG] executePreToolHooks called for tool: Edit
[DEBUG] Executing hooks for PreToolUse:Edit
[DEBUG] Getting matching hook commands for PreToolUse with query: Edit
[DEBUG] Found 1 hook matchers in settings
[DEBUG] Matched 1 unique hooks for query "Edit" (1 before deduplication)
[DEBUG] Found 1 hook commands to execute
[DEBUG] Executing hook command: /Users/walterday/.claude/scripts/validate-claude.sh with timeout 60000ms
[DEBUG] Hook command completed with status 0: /Users/walterday/.claude/scripts/validate-claude.sh
[DEBUG] Hook output does not start with {, treating as plain text
[DEBUG] FileHistory: Tracked file modification for /Users/walterday/Git/MerlinMines/Apps/sbi/README.md
[DEBUG] Writing to temp file: /Users/walterday/Git/MerlinMines/Apps/sbi/README.md.tmp.40262.1760550625992
[DEBUG] Preserving file permissions: 100644
[DEBUG] Temp file written successfully, size: 5857 bytes
[DEBUG] Applied original permissions to temp file
[DEBUG] Renaming /Users/walterday/Git/MerlinMines/Apps/sbi/README.md.tmp.40262.1760550625992 to /Users/walterday/Git/MerlinMines/Apps/sbi/README.md
[DEBUG] File /Users/walterday/Git/MerlinMines/Apps/sbi/README.md written atomically
[DEBUG] Executing hooks for PostToolUse:Edit
[DEBUG] Getting matching hook commands for PostToolUse with query: Edit
[DEBUG] Found 0 hook matchers in settings
[DEBUG] Matched 0 unique hooks for query "Edit" (0 before deduplication)
[DEBUG] Found 0 hook commands to execute
[DEBUG] Hooks: getAsyncHookResponseAttachments called
[DEBUG] Hooks: checkForNewResponses called
[DEBUG] Hooks: Found 0 total hooks in registry
[DEBUG] Hooks: checkForNewResponses returning 0 responses
[DEBUG] Slash commands included in SlashCommand tool: /seek
[DEBUG] Stream started - received first chunk
[DEBUG] executePreToolHooks called for tool: Edit
[DEBUG] Executing hooks for PreToolUse:Edit
[DEBUG] Getting matching hook commands for PreToolUse with query: Edit
[DEBUG] Found 1 hook matchers in settings
[DEBUG] Matched 1 unique hooks for query "Edit" (1 before deduplication)
[DEBUG] Found 1 hook commands to execute
[DEBUG] Executing hook command: /Users/walterday/.claude/scripts/validate-claude.sh with timeout 60000ms
[DEBUG] Hook command completed with status 0: /Users/walterday/.claude/scripts/validate-claude.sh
[DEBUG] Hook output does not start with {, treating as plain text
[DEBUG] Writing to temp file: /Users/walterday/Git/MerlinMines/Apps/sbi/README.md.tmp.40262.1760550634521
[DEBUG] Preserving file permissions: 100644
[DEBUG] Temp file written successfully, size: 5917 bytes
[DEBUG] Applied original permissions to temp file
[DEBUG] Renaming /Users/walterday/Git/MerlinMines/Apps/sbi/README.md.tmp.40262.1760550634521 to /Users/walterday/Git/MerlinMines/Apps/sbi/README.md
[DEBUG] File /Users/walterday/Git/MerlinMines/Apps/sbi/README.md written atomically
[DEBUG] Executing hooks for PostToolUse:Edit
[DEBUG] Getting matching hook commands for PostToolUse with query: Edit
[DEBUG] Found 0 hook matchers in settings
[DEBUG] Matched 0 unique hooks for query "Edit" (0 before deduplication)
[DEBUG] Found 0 hook commands to execute
[DEBUG] Hooks: getAsyncHookResponseAttachments called
[DEBUG] Hooks: checkForNewResponses called
[DEBUG] Hooks: Found 0 total hooks in registry
[DEBUG] Hooks: checkForNewResponses returning 0 responses
[DEBUG] Slash commands included in SlashCommand tool: /seek
[DEBUG] Stream started - received first chunk
[DEBUG] executePreToolHooks called for tool: Read
[DEBUG] Executing hooks for PreToolUse:Read
[DEBUG] Getting matching hook commands for PreToolUse with query: Read
[DEBUG] Found 1 hook matchers in settings
[DEBUG] Matched 0 unique hooks for query "Read" (0 before deduplication)
[DEBUG] Found 0 hook commands to execute
[DEBUG] Executing hooks for PostToolUse:Read
[DEBUG] Getting matching hook commands for PostToolUse with query: Read
[DEBUG] Found 0 hook matchers in settings
[DEBUG] Matched 0 unique hooks for query "Read" (0 before deduplication)
[DEBUG] Found 0 hook commands to execute
[DEBUG] Hooks: getAsyncHookResponseAttachments called
[DEBUG] Hooks: checkForNewResponses called
[DEBUG] Hooks: Found 0 total hooks in registry
[DEBUG] Hooks: checkForNewResponses returning 0 responses
[DEBUG] Slash commands included in SlashCommand tool: /seek
[DEBUG] Stream started - received first chunk
[DEBUG] executePreToolHooks called for tool: Edit
[DEBUG] Executing hooks for PreToolUse:Edit
[DEBUG] Getting matching hook commands for PreToolUse with query: Edit
[DEBUG] Found 1 hook matchers in settings
[DEBUG] Matched 1 unique hooks for query "Edit" (1 before deduplication)
[DEBUG] Found 1 hook commands to execute
[DEBUG] Executing hook command: /Users/walterday/.claude/scripts/validate-claude.sh with timeout 60000ms
[DEBUG] Hook command completed with status 1: /Users/walterday/.claude/scripts/validate-claude.sh
[DEBUG] Hook stdout:  Validating CLAUDE.md...
  Warning: CLAUDE.md has only       95 lines (expected >200)
   File may have been truncated!
 Missing sections:
   - Linear Integration
   - Architecture Overview
   - D...
[DEBUG] Hook output does not start with {, treating as plain text
[DEBUG] FileHistory: Tracked file modification for /Users/walterday/Git/MerlinMines/Apps/sbi/CLAUDE.md
[DEBUG] Writing to temp file: /Users/walterday/Git/MerlinMines/Apps/sbi/CLAUDE.md.tmp.40262.1760550646578
[DEBUG] Preserving file permissions: 100644
[DEBUG] Temp file written successfully, size: 3656 bytes
[DEBUG] Applied original permissions to temp file
[DEBUG] Renaming /Users/walterday/Git/MerlinMines/Apps/sbi/CLAUDE.md.tmp.40262.1760550646578 to /Users/walterday/Git/MerlinMines/Apps/sbi/CLAUDE.md
[DEBUG] File /Users/walterday/Git/MerlinMines/Apps/sbi/CLAUDE.md written atomically
[DEBUG] Executing hooks for PostToolUse:Edit
[DEBUG] Getting matching hook commands for PostToolUse with query: Edit
[DEBUG] Found 0 hook matchers in settings
[DEBUG] Matched 0 unique hooks for query "Edit" (0 before deduplication)
[DEBUG] Found 0 hook commands to execute
[DEBUG] Hooks: getAsyncHookResponseAttachments called
[DEBUG] Hooks: checkForNewResponses called
[DEBUG] Hooks: Found 0 total hooks in registry
[DEBUG] Hooks: checkForNewResponses returning 0 responses
[DEBUG] Slash commands included in SlashCommand tool: /seek
[DEBUG] AutoUpdaterWrapper: Installation type: npm-global, using native: false
[DEBUG] AutoUpdater: Detected installation type: npm-global
[DEBUG] AutoUpdater: Using global update method
[DEBUG] Stream started - received first chunk
[DEBUG] executePreToolHooks called for tool: Bash
[DEBUG] Executing hooks for PreToolUse:Bash
[DEBUG] Getting matching hook commands for PreToolUse with query: Bash
[DEBUG] Found 1 hook matchers in settings
[DEBUG] Matched 0 unique hooks for query "Bash" (0 before deduplication)
[DEBUG] Found 0 hook commands to execute
[DEBUG] Executing hooks for PostToolUse:Bash
[DEBUG] Getting matching hook commands for PostToolUse with query: Bash
[DEBUG] Found 0 hook matchers in settings
[DEBUG] Matched 0 unique hooks for query "Bash" (0 before deduplication)
[DEBUG] Found 0 hook commands to execute
[DEBUG] Hooks: getAsyncHookResponseAttachments called
[DEBUG] Hooks: checkForNewResponses called
[DEBUG] Hooks: Found 0 total hooks in registry
[DEBUG] Hooks: checkForNewResponses returning 0 responses
[DEBUG] Slash commands included in SlashCommand tool: /seek
[DEBUG] AutoUpdaterWrapper: Installation type: npm-global, using native: false
[DEBUG] AutoUpdater: Detected installation type: npm-global
[DEBUG] AutoUpdater: Using global update method
[DEBUG] Stream started - received first chunk
[DEBUG] AutoUpdaterWrapper: Installation type: npm-global, using native: false
[DEBUG] executePreToolHooks called for tool: Bash
[DEBUG] Executing hooks for PreToolUse:Bash
[DEBUG] Getting matching hook commands for PreToolUse with query: Bash
[DEBUG] Found 1 hook matchers in settings
[DEBUG] Matched 0 unique hooks for query "Bash" (0 before deduplication)
[DEBUG] Found 0 hook commands to execute
[DEBUG] AutoUpdater: Detected installation type: npm-global
[DEBUG] AutoUpdater: Using global update method
[DEBUG] Executing hooks for PostToolUse:Bash
[DEBUG] Getting matching hook commands for PostToolUse with query: Bash
[DEBUG] Found 0 hook matchers in settings
[DEBUG] Matched 0 unique hooks for query "Bash" (0 before deduplication)
[DEBUG] Found 0 hook commands to execute
[DEBUG] Hooks: getAsyncHookResponseAttachments called
[DEBUG] Hooks: checkForNewResponses called
[DEBUG] Hooks: Found 0 total hooks in registry
[DEBUG] Hooks: checkForNewResponses returning 0 responses
[DEBUG] Slash commands included in SlashCommand tool: /seek
[DEBUG] Stream started - received first chunk
[DEBUG] Writing to temp file: /Users/walterday/.claude.json.tmp.40262.1760550678171
[DEBUG] Preserving file permissions: 100644
[DEBUG] Temp file written successfully, size: 2143663 bytes
[DEBUG] Applied original permissions to temp file
[DEBUG] Renaming /Users/walterday/.claude.json.tmp.40262.1760550678171 to /Users/walterday/.claude.json
[DEBUG] File /Users/walterday/.claude.json written atomically
[DEBUG] Writing to temp file: /Users/walterday/.claude.json.tmp.40262.1760550680002
[DEBUG] Preserving file permissions: 100644
[DEBUG] Temp file written successfully, size: 2143663 bytes
[DEBUG] Applied original permissions to temp file
[DEBUG] Renaming /Users/walterday/.claude.json.tmp.40262.1760550680002 to /Users/walterday/.claude.json
[DEBUG] File /Users/walterday/.claude.json written atomically
[DEBUG] Executing hooks for Stop
[DEBUG] Getting matching hook commands for Stop with query: undefined
[DEBUG] Found 0 hook matchers in settings
[DEBUG] Matched 0 unique hooks for query "no match query" (0 before deduplication)
[DEBUG] Found 0 hook commands to execute
[DEBUG] Writing to temp file: /Users/walterday/.claude.json.tmp.40262.1760550680057
[DEBUG] Preserving file permissions: 100644
[DEBUG] Temp file written successfully, size: 2143663 bytes
[DEBUG] Applied original permissions to temp file
[DEBUG] Renaming /Users/walterday/.claude.json.tmp.40262.1760550680057 to /Users/walterday/.claude.json
[DEBUG] File /Users/walterday/.claude.json written atomically
[DEBUG] Getting matching hook commands for PreCompact with query: manual
[DEBUG] Found 0 hook matchers in settings
[DEBUG] Matched 0 unique hooks for query "manual" (0 before deduplication)
[DEBUG] Stream started - received first chunk
[DEBUG] Writing to temp file: /Users/walterday/.claude.json.tmp.40262.1760550702680
[DEBUG] Preserving file permissions: 100644
[DEBUG] Temp file written successfully, size: 2143663 bytes
[DEBUG] Applied original permissions to temp file
[DEBUG] Renaming /Users/walterday/.claude.json.tmp.40262.1760550702680 to /Users/walterday/.claude.json
[DEBUG] File /Users/walterday/.claude.json written atomically
[DEBUG] Writing to temp file: /Users/walterday/.claude/settings.json.tmp.40262.1760550773976
[DEBUG] Preserving file permissions: 100644
[DEBUG] Temp file written successfully, size: 632 bytes
[DEBUG] Applied original permissions to temp file
[DEBUG] Renaming /Users/walterday/.claude/settings.json.tmp.40262.1760550773976 to /Users/walterday/.claude/settings.json
[DEBUG] File /Users/walterday/.claude/settings.json written atomically
[DEBUG] Executing hooks for SessionStart:compact
[DEBUG] Getting matching hook commands for SessionStart with query: compact
[DEBUG] Found 0 hook matchers in settings
[DEBUG] Matched 0 unique hooks for query "compact" (0 before deduplication)
[DEBUG] Found 0 hook commands to execute
[DEBUG] FileHistory: Making snapshot for message 8a04a0e4-a3f4-4eb5-aee5-1db43afd2bcc
[DEBUG] FileHistory: Added snapshot for 8a04a0e4-a3f4-4eb5-aee5-1db43afd2bcc, tracking 5 files
[DEBUG] FileHistory: Making snapshot for message 78879cc4-ae01-43a0-ba19-b4e197f86b44
[DEBUG] FileHistory: Added snapshot for 78879cc4-ae01-43a0-ba19-b4e197f86b44, tracking 5 files
[DEBUG] Writing to temp file: /Users/walterday/.claude.json.tmp.40262.1760550785603
[DEBUG] Preserving file permissions: 100644
[DEBUG] Temp file written successfully, size: 2143555 bytes
[DEBUG] Applied original permissions to temp file
[DEBUG] Renaming /Users/walterday/.claude.json.tmp.40262.1760550785603 to /Users/walterday/.claude.json
[DEBUG] File /Users/walterday/.claude.json written atomically
[DEBUG] Writing to temp file: /Users/walterday/.claude.json.tmp.40262.1760550785645
[DEBUG] Preserving file permissions: 100644
[DEBUG] Temp file written successfully, size: 2143555 bytes
[DEBUG] Applied original permissions to temp file
[DEBUG] Renaming /Users/walterday/.claude.json.tmp.40262.1760550785645 to /Users/walterday/.claude.json
[DEBUG] File /Users/walterday/.claude.json written atomically
[DEBUG] Writing to temp file: /Users/walterday/.claude.json.tmp.40262.1760550785701
[DEBUG] Preserving file permissions: 100644
[DEBUG] Temp file written successfully, size: 2143663 bytes
[DEBUG] Applied original permissions to temp file
[DEBUG] Renaming /Users/walterday/.claude.json.tmp.40262.1760550785701 to /Users/walterday/.claude.json
[DEBUG] File /Users/walterday/.claude.json written atomically
[DEBUG] Writing to temp file: /Users/walterday/.claude.json.tmp.40262.1760550785746
[DEBUG] Preserving file permissions: 100644
[DEBUG] Temp file written successfully, size: 2143663 bytes
[DEBUG] Applied original permissions to temp file
[DEBUG] Renaming /Users/walterday/.claude.json.tmp.40262.1760550785746 to /Users/walterday/.claude.json
[DEBUG] File /Users/walterday/.claude.json written atomically
[DEBUG] Hooks: getAsyncHookResponseAttachments called
[DEBUG] Hooks: checkForNewResponses called
[DEBUG] Hooks: Found 0 total hooks in registry
[DEBUG] Hooks: checkForNewResponses returning 0 responses
[DEBUG] Executing hooks for UserPromptSubmit
[DEBUG] Getting matching hook commands for UserPromptSubmit with query: undefined
[DEBUG] Found 1 hook matchers in settings
[DEBUG] Matched 1 unique hooks for query "no match query" (1 before deduplication)
[DEBUG] Found 1 hook commands to execute
[DEBUG] Executing hook command: /Users/walterday/.claude/hooks/post-branch-create.sh with timeout 60000ms
[DEBUG] Hook command completed with status 0: /Users/walterday/.claude/hooks/post-branch-create.sh
[DEBUG] Hook output does not start with {, treating as plain text
[DEBUG] FileHistory: Making snapshot for message e9e63765-96a1-4a17-9b44-c8edeb570c98
[DEBUG] FileHistory: Added snapshot for e9e63765-96a1-4a17-9b44-c8edeb570c98, tracking 5 files
[DEBUG] Slash commands included in SlashCommand tool: /seek
[DEBUG] Stream started - received first chunk
[DEBUG] executePreToolHooks called for tool: Read
[DEBUG] Executing hooks for PreToolUse:Read
[DEBUG] Getting matching hook commands for PreToolUse with query: Read
[DEBUG] Found 1 hook matchers in settings
[DEBUG] Matched 0 unique hooks for query "Read" (0 before deduplication)
[DEBUG] Found 0 hook commands to execute
[DEBUG] Executing hooks for PostToolUse:Read
[DEBUG] Getting matching hook commands for PostToolUse with query: Read
[DEBUG] Found 0 hook matchers in settings
[DEBUG] Matched 0 unique hooks for query "Read" (0 before deduplication)
[DEBUG] Found 0 hook commands to execute
[DEBUG] Hooks: getAsyncHookResponseAttachments called
[DEBUG] Hooks: checkForNewResponses called
[DEBUG] Hooks: Found 0 total hooks in registry
[DEBUG] Hooks: checkForNewResponses returning 0 responses
[DEBUG] Slash commands included in SlashCommand tool: /seek
[DEBUG] Stream started - received first chunk
[DEBUG] Writing to temp file: /Users/walterday/.claude.json.tmp.40262.1760550825917
[DEBUG] Preserving file permissions: 100644
[DEBUG] Temp file written successfully, size: 2143663 bytes
[DEBUG] Applied original permissions to temp file
[DEBUG] Renaming /Users/walterday/.claude.json.tmp.40262.1760550825917 to /Users/walterday/.claude.json
[DEBUG] File /Users/walterday/.claude.json written atomically
[DEBUG] Executing hooks for Stop
[DEBUG] Getting matching hook commands for Stop with query: undefined
[DEBUG] Found 0 hook matchers in settings
[DEBUG] Matched 0 unique hooks for query "no match query" (0 before deduplication)
[DEBUG] Found 0 hook commands to execute
[DEBUG] Writing to temp file: /Users/walterday/.claude.json.tmp.40262.1760550825964
[DEBUG] Preserving file permissions: 100644
[DEBUG] Temp file written successfully, size: 2143663 bytes
[DEBUG] Applied original permissions to temp file
[DEBUG] Renaming /Users/walterday/.claude.json.tmp.40262.1760550825964 to /Users/walterday/.claude.json
[DEBUG] File /Users/walterday/.claude.json written atomically
[DEBUG] Writing to temp file: /Users/walterday/.claude.json.tmp.40262.1760550826010
[DEBUG] Preserving file permissions: 100644
[DEBUG] Temp file written successfully, size: 2143821 bytes
[DEBUG] Applied original permissions to temp file
[DEBUG] Renaming /Users/walterday/.claude.json.tmp.40262.1760550826010 to /Users/walterday/.claude.json
[DEBUG] File /Users/walterday/.claude.json written atomically
[DEBUG] Writing to temp file: /Users/walterday/.claude.json.tmp.40262.1760550826059
[DEBUG] Preserving file permissions: 100644
[DEBUG] Temp file written successfully, size: 2143965 bytes
[DEBUG] Applied original permissions to temp file
[DEBUG] Renaming /Users/walterday/.claude.json.tmp.40262.1760550826059 to /Users/walterday/.claude.json
[DEBUG] File /Users/walterday/.claude.json written atomically
[DEBUG] Writing to temp file: /Users/walterday/.claude.json.tmp.40262.1760550826152
[DEBUG] Preserving file permissions: 100644
[DEBUG] Temp file written successfully, size: 2144083 bytes
[DEBUG] Applied original permissions to temp file
[DEBUG] Renaming /Users/walterday/.claude.json.tmp.40262.1760550826152 to /Users/walterday/.claude.json
[DEBUG] File /Users/walterday/.claude.json written atomically
[DEBUG] Hooks: getAsyncHookResponseAttachments called
[DEBUG] Hooks: checkForNewResponses called
[DEBUG] Hooks: Found 0 total hooks in registry
[DEBUG] Hooks: checkForNewResponses returning 0 responses
[DEBUG] Executing hooks for UserPromptSubmit
[DEBUG] Getting matching hook commands for UserPromptSubmit with query: undefined
[DEBUG] Found 1 hook matchers in settings
[DEBUG] Matched 1 unique hooks for query "no match query" (1 before deduplication)
[DEBUG] Found 1 hook commands to execute
[DEBUG] Executing hook command: /Users/walterday/.claude/hooks/post-branch-create.sh with timeout 60000ms
[DEBUG] Hook command completed with status 0: /Users/walterday/.claude/hooks/post-branch-create.sh
[DEBUG] Hook output does not start with {, treating as plain text
[DEBUG] FileHistory: Making snapshot for message 56ad757d-92d6-445f-bc05-d86d7d2eef2f
[DEBUG] FileHistory: Added snapshot for 56ad757d-92d6-445f-bc05-d86d7d2eef2f, tracking 5 files
[DEBUG] Slash commands included in SlashCommand tool: /seek
[DEBUG] Stream started - received first chunk
[DEBUG] executePreToolHooks called for tool: Edit
[DEBUG] Executing hooks for PreToolUse:Edit
[DEBUG] Getting matching hook commands for PreToolUse with query: Edit
[DEBUG] Found 1 hook matchers in settings
[DEBUG] Matched 1 unique hooks for query "Edit" (1 before deduplication)
[DEBUG] Found 1 hook commands to execute
[DEBUG] Executing hook command: /Users/walterday/.claude/scripts/validate-claude.sh with timeout 60000ms
[DEBUG] Hook command completed with status 0: /Users/walterday/.claude/scripts/validate-claude.sh
[DEBUG] Hook output does not start with {, treating as plain text
[DEBUG] Writing to temp file: /Users/walterday/Git/MerlinMines/Apps/sbi/.github/workflows/wolfi-base-enhanced.yaml.tmp.40262.1760550895261
[DEBUG] Preserving file permissions: 100644
[DEBUG] Temp file written successfully, size: 19663 bytes
[DEBUG] Applied original permissions to temp file
[DEBUG] Renaming /Users/walterday/Git/MerlinMines/Apps/sbi/.github/workflows/wolfi-base-enhanced.yaml.tmp.40262.1760550895261 to /Users/walterday/Git/MerlinMines/Apps/sbi/.github/workflows/wolfi-base-enhanced.yaml
[DEBUG] File /Users/walterday/Git/MerlinMines/Apps/sbi/.github/workflows/wolfi-base-enhanced.yaml written atomically
[DEBUG] Executing hooks for PostToolUse:Edit
[DEBUG] Getting matching hook commands for PostToolUse with query: Edit
[DEBUG] Found 0 hook matchers in settings
[DEBUG] Matched 0 unique hooks for query "Edit" (0 before deduplication)
[DEBUG] Found 0 hook commands to execute
[DEBUG] Hooks: getAsyncHookResponseAttachments called
[DEBUG] Hooks: checkForNewResponses called
[DEBUG] Hooks: Found 0 total hooks in registry
[DEBUG] Hooks: checkForNewResponses returning 0 responses
[DEBUG] Slash commands included in SlashCommand tool: /seek
[DEBUG] Stream started - received first chunk
[DEBUG] Writing to temp file: /Users/walterday/.claude.json.tmp.40262.1760550903233
[DEBUG] Preserving file permissions: 100644
[DEBUG] Temp file written successfully, size: 2143654 bytes
[DEBUG] Applied original permissions to temp file
[DEBUG] Renaming /Users/walterday/.claude.json.tmp.40262.1760550903233 to /Users/walterday/.claude.json
[DEBUG] File /Users/walterday/.claude.json written atomically
[DEBUG] Executing hooks for Stop
[DEBUG] Getting matching hook commands for Stop with query: undefined
[DEBUG] Found 0 hook matchers in settings
[DEBUG] Matched 0 unique hooks for query "no match query" (0 before deduplication)
[DEBUG] Found 0 hook commands to execute
[DEBUG] Writing to temp file: /Users/walterday/.claude.json.tmp.40262.1760550903281
[DEBUG] Preserving file permissions: 100644
[DEBUG] Temp file written successfully, size: 2143654 bytes
[DEBUG] Applied original permissions to temp file
[DEBUG] Renaming /Users/walterday/.claude.json.tmp.40262.1760550903281 to /Users/walterday/.claude.json
[DEBUG] File /Users/walterday/.claude.json written atomically
[DEBUG] Writing to temp file: /Users/walterday/.claude.json.tmp.40262.1760550903327
[DEBUG] Preserving file permissions: 100644
[DEBUG] Temp file written successfully, size: 2143822 bytes
[DEBUG] Applied original permissions to temp file
[DEBUG] Renaming /Users/walterday/.claude.json.tmp.40262.1760550903327 to /Users/walterday/.claude.json
[DEBUG] File /Users/walterday/.claude.json written atomically
[DEBUG] Hooks: getAsyncHookResponseAttachments called
[DEBUG] Hooks: checkForNewResponses called
[DEBUG] Hooks: Found 0 total hooks in registry
[DEBUG] Hooks: checkForNewResponses returning 0 responses
[DEBUG] Executing hooks for UserPromptSubmit
[DEBUG] Getting matching hook commands for UserPromptSubmit with query: undefined
[DEBUG] Found 1 hook matchers in settings
[DEBUG] Matched 1 unique hooks for query "no match query" (1 before deduplication)
[DEBUG] Found 1 hook commands to execute
[DEBUG] Executing hook command: /Users/walterday/.claude/hooks/post-branch-create.sh with timeout 60000ms
[DEBUG] Hook command completed with status 0: /Users/walterday/.claude/hooks/post-branch-create.sh
[DEBUG] Hook output does not start with {, treating as plain text
[DEBUG] FileHistory: Making snapshot for message 63a6b708-fe2c-40d4-9793-c88248957cd7
[DEBUG] FileHistory: Added snapshot for 63a6b708-fe2c-40d4-9793-c88248957cd7, tracking 5 files
[DEBUG] Slash commands included in SlashCommand tool: /seek
[DEBUG] Stream started - received first chunk
[DEBUG] executePreToolHooks called for tool: Bash
[DEBUG] Executing hooks for PreToolUse:Bash
[DEBUG] Getting matching hook commands for PreToolUse with query: Bash
[DEBUG] Found 1 hook matchers in settings
[DEBUG] Matched 0 unique hooks for query "Bash" (0 before deduplication)
[DEBUG] Found 0 hook commands to execute
[DEBUG] Executing hooks for PostToolUse:Bash
[DEBUG] Getting matching hook commands for PostToolUse with query: Bash
[DEBUG] Found 0 hook matchers in settings
[DEBUG] Matched 0 unique hooks for query "Bash" (0 before deduplication)
[DEBUG] Found 0 hook commands to execute
[DEBUG] executePreToolHooks called for tool: Bash
[DEBUG] Executing hooks for PreToolUse:Bash
[DEBUG] Getting matching hook commands for PreToolUse with query: Bash
[DEBUG] Found 1 hook matchers in settings
[DEBUG] Matched 0 unique hooks for query "Bash" (0 before deduplication)
[DEBUG] Found 0 hook commands to execute
[DEBUG] Executing hooks for PostToolUse:Bash
[DEBUG] Getting matching hook commands for PostToolUse with query: Bash
[DEBUG] Found 0 hook matchers in settings
[DEBUG] Matched 0 unique hooks for query "Bash" (0 before deduplication)
[DEBUG] Found 0 hook commands to execute
[DEBUG] Hooks: getAsyncHookResponseAttachments called
[DEBUG] Hooks: checkForNewResponses called
[DEBUG] Hooks: Found 0 total hooks in registry
[DEBUG] Hooks: checkForNewResponses returning 0 responses
[DEBUG] Slash commands included in SlashCommand tool: /seek
[DEBUG] Stream started - received first chunk
[DEBUG] Writing to temp file: /Users/walterday/.claude.json.tmp.40262.1760550942200
[DEBUG] Preserving file permissions: 100644
[DEBUG] Temp file written successfully, size: 2143822 bytes
[DEBUG] Applied original permissions to temp file
[DEBUG] Renaming /Users/walterday/.claude.json.tmp.40262.1760550942200 to /Users/walterday/.claude.json
[DEBUG] File /Users/walterday/.claude.json written atomically
[DEBUG] Executing hooks for Stop
[DEBUG] Getting matching hook commands for Stop with query: undefined
[DEBUG] Found 0 hook matchers in settings
[DEBUG] Matched 0 unique hooks for query "no match query" (0 before deduplication)
[DEBUG] Found 0 hook commands to execute
[DEBUG] Writing to temp file: /Users/walterday/.claude.json.tmp.40262.1760550942247
[DEBUG] Preserving file permissions: 100644
[DEBUG] Temp file written successfully, size: 2143822 bytes
[DEBUG] Applied original permissions to temp file
[DEBUG] Renaming /Users/walterday/.claude.json.tmp.40262.1760550942247 to /Users/walterday/.claude.json
[DEBUG] File /Users/walterday/.claude.json written atomically
[DEBUG] Writing to temp file: /Users/walterday/.claude.json.tmp.40262.1760550942293
[DEBUG] Preserving file permissions: 100644
[DEBUG] Temp file written successfully, size: 2143909 bytes
[DEBUG] Applied original permissions to temp file
[DEBUG] Renaming /Users/walterday/.claude.json.tmp.40262.1760550942293 to /Users/walterday/.claude.json
[DEBUG] File /Users/walterday/.claude.json written atomically
[DEBUG] Hooks: getAsyncHookResponseAttachments called
[DEBUG] Hooks: checkForNewResponses called
[DEBUG] Hooks: Found 0 total hooks in registry
[DEBUG] Hooks: checkForNewResponses returning 0 responses
[DEBUG] Executing hooks for UserPromptSubmit
[DEBUG] Getting matching hook commands for UserPromptSubmit with query: undefined
[DEBUG] Found 1 hook matchers in settings
[DEBUG] Matched 1 unique hooks for query "no match query" (1 before deduplication)
[DEBUG] Found 1 hook commands to execute
[DEBUG] Executing hook command: /Users/walterday/.claude/hooks/post-branch-create.sh with timeout 60000ms
[DEBUG] Hook command completed with status 0: /Users/walterday/.claude/hooks/post-branch-create.sh
[DEBUG] Hook output does not start with {, treating as plain text
[DEBUG] FileHistory: Making snapshot for message 01c20aed-cbb5-4abb-9d0e-24728c1a09c2
[DEBUG] FileHistory: Added snapshot for 01c20aed-cbb5-4abb-9d0e-24728c1a09c2, tracking 5 files
[DEBUG] Slash commands included in SlashCommand tool: /seek
[DEBUG] Stream started - received first chunk
[DEBUG] executePreToolHooks called for tool: Read
[DEBUG] Executing hooks for PreToolUse:Read
[DEBUG] Getting matching hook commands for PreToolUse with query: Read
[DEBUG] Found 1 hook matchers in settings
[DEBUG] Matched 0 unique hooks for query "Read" (0 before deduplication)
[DEBUG] Found 0 hook commands to execute
[DEBUG] Executing hooks for PostToolUse:Read
[DEBUG] Getting matching hook commands for PostToolUse with query: Read
[DEBUG] Found 0 hook matchers in settings
[DEBUG] Matched 0 unique hooks for query "Read" (0 before deduplication)
[DEBUG] Found 0 hook commands to execute
[DEBUG] executePreToolHooks called for tool: Bash
[DEBUG] Executing hooks for PreToolUse:Bash
[DEBUG] Getting matching hook commands for PreToolUse with query: Bash
[DEBUG] Found 1 hook matchers in settings
[DEBUG] Matched 0 unique hooks for query "Bash" (0 before deduplication)
[DEBUG] Found 0 hook commands to execute
[DEBUG] Permission suggestions for Bash: [
  {
    "type": "addRules",
    "rules": [
      {
        "toolName": "Bash",
        "ruleContent": "apko version:*"
      }
    ],
    "behavior": "allow",
    "destination": "localSettings"
  }
]
[DEBUG] Getting matching hook commands for Notification with query: undefined
[DEBUG] Found 0 hook matchers in settings
[DEBUG] Matched 0 unique hooks for query "no match query" (0 before deduplication)
[DEBUG] AutoUpdaterWrapper: Installation type: npm-global, using native: false
[DEBUG] Executing hooks for PostToolUse:Bash
[DEBUG] Getting matching hook commands for PostToolUse with query: Bash
[DEBUG] Found 0 hook matchers in settings
[DEBUG] Matched 0 unique hooks for query "Bash" (0 before deduplication)
[DEBUG] Found 0 hook commands to execute
[DEBUG] Hooks: getAsyncHookResponseAttachments called
[DEBUG] Hooks: checkForNewResponses called
[DEBUG] Hooks: Found 0 total hooks in registry
[DEBUG] Hooks: checkForNewResponses returning 0 responses
[DEBUG] Slash commands included in SlashCommand tool: /seek
[DEBUG] AutoUpdater: Detected installation type: npm-global
[DEBUG] AutoUpdater: Using global update method
[DEBUG] Stream started - received first chunk
[DEBUG] executePreToolHooks called for tool: WebFetch
[DEBUG] Executing hooks for PreToolUse:WebFetch
[DEBUG] Getting matching hook commands for PreToolUse with query: WebFetch
[DEBUG] Found 1 hook matchers in settings
[DEBUG] Matched 0 unique hooks for query "WebFetch" (0 before deduplication)
[DEBUG] Found 0 hook commands to execute
[DEBUG] Executing hooks for PostToolUse:WebFetch
[DEBUG] Getting matching hook commands for PostToolUse with query: WebFetch
[DEBUG] Found 0 hook matchers in settings
[DEBUG] Matched 0 unique hooks for query "WebFetch" (0 before deduplication)
[DEBUG] Found 0 hook commands to execute
[DEBUG] Hooks: getAsyncHookResponseAttachments called
[DEBUG] Hooks: checkForNewResponses called
[DEBUG] Hooks: Found 0 total hooks in registry
[DEBUG] Hooks: checkForNewResponses returning 0 responses
[DEBUG] Slash commands included in SlashCommand tool: /seek
[DEBUG] Stream started - received first chunk
[DEBUG] executePreToolHooks called for tool: Bash
[DEBUG] Executing hooks for PreToolUse:Bash
[DEBUG] Getting matching hook commands for PreToolUse with query: Bash
[DEBUG] Found 1 hook matchers in settings
[DEBUG] Matched 0 unique hooks for query "Bash" (0 before deduplication)
[DEBUG] Found 0 hook commands to execute
[DEBUG] Permission suggestions for Bash: [
  {
    "type": "addRules",
    "rules": [
      {
        "toolName": "Bash",
        "ruleContent": "apko publish:*"
      }
    ],
    "behavior": "allow",
    "destination": "localSettings"
  }
]
[DEBUG] Getting matching hook commands for Notification with query: undefined
[DEBUG] Found 0 hook matchers in settings
[DEBUG] Matched 0 unique hooks for query "no match query" (0 before deduplication)
[DEBUG] Persisting permission update: addRules to source 'localSettings'
[DEBUG] Persisting 1 allow rule(s) to localSettings
[DEBUG] Writing to temp file: /Users/walterday/Git/MerlinMines/Apps/sbi/.claude/settings.local.json.tmp.40262.1760551054045
[DEBUG] Preserving file permissions: 100644
[DEBUG] Temp file written successfully, size: 2355 bytes
[DEBUG] Applied original permissions to temp file
[DEBUG] Renaming /Users/walterday/Git/MerlinMines/Apps/sbi/.claude/settings.local.json.tmp.40262.1760551054045 to /Users/walterday/Git/MerlinMines/Apps/sbi/.claude/settings.local.json
[DEBUG] File /Users/walterday/Git/MerlinMines/Apps/sbi/.claude/settings.local.json written atomically
[DEBUG] Applying permission update: Adding 1 allow rule(s) to destination 'localSettings': ["Bash(apko publish:*)"]
[DEBUG] AutoUpdaterWrapper: Installation type: npm-global, using native: false
[DEBUG] AutoUpdater: Detected installation type: npm-global
[DEBUG] AutoUpdater: Using global update method
[DEBUG] Executing hooks for PostToolUse:Bash
[DEBUG] Getting matching hook commands for PostToolUse with query: Bash
[DEBUG] Found 0 hook matchers in settings
[DEBUG] Matched 0 unique hooks for query "Bash" (0 before deduplication)
[DEBUG] Found 0 hook commands to execute
[DEBUG] Hooks: getAsyncHookResponseAttachments called
[DEBUG] Hooks: checkForNewResponses called
[DEBUG] Hooks: Found 0 total hooks in registry
[DEBUG] Hooks: checkForNewResponses returning 0 responses
[DEBUG] Slash commands included in SlashCommand tool: /seek
[DEBUG] Stream started - received first chunk
[DEBUG] executePreToolHooks called for tool: Bash
[DEBUG] Executing hooks for PreToolUse:Bash
[DEBUG] Getting matching hook commands for PreToolUse with query: Bash
[DEBUG] Found 1 hook matchers in settings
[DEBUG] Matched 0 unique hooks for query "Bash" (0 before deduplication)
[DEBUG] Found 0 hook commands to execute
[DEBUG] Executing hooks for PostToolUse:Bash
[DEBUG] Getting matching hook commands for PostToolUse with query: Bash
[DEBUG] Found 0 hook matchers in settings
[DEBUG] Matched 0 unique hooks for query "Bash" (0 before deduplication)
[DEBUG] Found 0 hook commands to execute
[DEBUG] Hooks: getAsyncHookResponseAttachments called
[DEBUG] Hooks: checkForNewResponses called
[DEBUG] Hooks: Found 0 total hooks in registry
[DEBUG] Hooks: checkForNewResponses returning 0 responses
[DEBUG] Slash commands included in SlashCommand tool: /seek
[DEBUG] Stream started - received first chunk
[DEBUG] executePreToolHooks called for tool: Edit
[DEBUG] Executing hooks for PreToolUse:Edit
[DEBUG] Getting matching hook commands for PreToolUse with query: Edit
[DEBUG] Found 1 hook matchers in settings
[DEBUG] Matched 1 unique hooks for query "Edit" (1 before deduplication)
[DEBUG] Found 1 hook commands to execute
[DEBUG] Executing hook command: /Users/walterday/.claude/scripts/validate-claude.sh with timeout 60000ms
[DEBUG] Hook command completed with status 0: /Users/walterday/.claude/scripts/validate-claude.sh
[DEBUG] Hook output does not start with {, treating as plain text
[DEBUG] Writing to temp file: /Users/walterday/Git/MerlinMines/Apps/sbi/.github/workflows/wolfi-base-enhanced.yaml.tmp.40262.1760551064889
[DEBUG] Preserving file permissions: 100644
[DEBUG] Temp file written successfully, size: 19693 bytes
[DEBUG] Applied original permissions to temp file
[DEBUG] Renaming /Users/walterday/Git/MerlinMines/Apps/sbi/.github/workflows/wolfi-base-enhanced.yaml.tmp.40262.1760551064889 to /Users/walterday/Git/MerlinMines/Apps/sbi/.github/workflows/wolfi-base-enhanced.yaml
[DEBUG] File /Users/walterday/Git/MerlinMines/Apps/sbi/.github/workflows/wolfi-base-enhanced.yaml written atomically
[DEBUG] Executing hooks for PostToolUse:Edit
[DEBUG] Getting matching hook commands for PostToolUse with query: Edit
[DEBUG] Found 0 hook matchers in settings
[DEBUG] Matched 0 unique hooks for query "Edit" (0 before deduplication)
[DEBUG] Found 0 hook commands to execute
[DEBUG] Hooks: getAsyncHookResponseAttachments called
[DEBUG] Hooks: checkForNewResponses called
[DEBUG] Hooks: Found 0 total hooks in registry
[DEBUG] Hooks: checkForNewResponses returning 0 responses
[DEBUG] Slash commands included in SlashCommand tool: /seek
[DEBUG] Stream started - received first chunk
[DEBUG] executePreToolHooks called for tool: Edit
[DEBUG] Executing hooks for PreToolUse:Edit
[DEBUG] Getting matching hook commands for PreToolUse with query: Edit
[DEBUG] Found 1 hook matchers in settings
[DEBUG] Matched 1 unique hooks for query "Edit" (1 before deduplication)
[DEBUG] Found 1 hook commands to execute
[DEBUG] Executing hook command: /Users/walterday/.claude/scripts/validate-claude.sh with timeout 60000ms
[DEBUG] Hook command completed with status 0: /Users/walterday/.claude/scripts/validate-claude.sh
[DEBUG] Hook output does not start with {, treating as plain text
[DEBUG] Writing to temp file: /Users/walterday/Git/MerlinMines/Apps/sbi/.github/workflows/wolfi-base-enhanced.yaml.tmp.40262.1760551070277
[DEBUG] Preserving file permissions: 100644
[DEBUG] Temp file written successfully, size: 19723 bytes
[DEBUG] Applied original permissions to temp file
[DEBUG] Renaming /Users/walterday/Git/MerlinMines/Apps/sbi/.github/workflows/wolfi-base-enhanced.yaml.tmp.40262.1760551070277 to /Users/walterday/Git/MerlinMines/Apps/sbi/.github/workflows/wolfi-base-enhanced.yaml
[DEBUG] File /Users/walterday/Git/MerlinMines/Apps/sbi/.github/workflows/wolfi-base-enhanced.yaml written atomically
[DEBUG] Executing hooks for PostToolUse:Edit
[DEBUG] Getting matching hook commands for PostToolUse with query: Edit
[DEBUG] Found 0 hook matchers in settings
[DEBUG] Matched 0 unique hooks for query "Edit" (0 before deduplication)
[DEBUG] Found 0 hook commands to execute
[DEBUG] Hooks: getAsyncHookResponseAttachments called
[DEBUG] Hooks: checkForNewResponses called
[DEBUG] Hooks: Found 0 total hooks in registry
[DEBUG] Hooks: checkForNewResponses returning 0 responses
[DEBUG] Slash commands included in SlashCommand tool: /seek
[DEBUG] Stream started - received first chunk
[DEBUG] executePreToolHooks called for tool: Edit
[DEBUG] Executing hooks for PreToolUse:Edit
[DEBUG] Getting matching hook commands for PreToolUse with query: Edit
[DEBUG] Found 1 hook matchers in settings
[DEBUG] Matched 1 unique hooks for query "Edit" (1 before deduplication)
[DEBUG] Found 1 hook commands to execute
[DEBUG] Executing hook command: /Users/walterday/.claude/scripts/validate-claude.sh with timeout 60000ms
[DEBUG] Hook command completed with status 0: /Users/walterday/.claude/scripts/validate-claude.sh
[DEBUG] Hook output does not start with {, treating as plain text
[DEBUG] Writing to temp file: /Users/walterday/Git/MerlinMines/Apps/sbi/.github/workflows/wolfi-base-enhanced.yaml.tmp.40262.1760551076230
[DEBUG] Preserving file permissions: 100644
[DEBUG] Temp file written successfully, size: 19757 bytes
[DEBUG] Applied original permissions to temp file
[DEBUG] Renaming /Users/walterday/Git/MerlinMines/Apps/sbi/.github/workflows/wolfi-base-enhanced.yaml.tmp.40262.1760551076230 to /Users/walterday/Git/MerlinMines/Apps/sbi/.github/workflows/wolfi-base-enhanced.yaml
[DEBUG] File /Users/walterday/Git/MerlinMines/Apps/sbi/.github/workflows/wolfi-base-enhanced.yaml written atomically
[DEBUG] Executing hooks for PostToolUse:Edit
[DEBUG] Getting matching hook commands for PostToolUse with query: Edit
[DEBUG] Found 0 hook matchers in settings
[DEBUG] Matched 0 unique hooks for query "Edit" (0 before deduplication)
[DEBUG] Found 0 hook commands to execute
[DEBUG] Hooks: getAsyncHookResponseAttachments called
[DEBUG] Hooks: checkForNewResponses called
[DEBUG] Hooks: Found 0 total hooks in registry
[DEBUG] Hooks: checkForNewResponses returning 0 responses
[DEBUG] Slash commands included in SlashCommand tool: /seek
[DEBUG] Stream started - received first chunk
[DEBUG] executePreToolHooks called for tool: Bash
[DEBUG] Executing hooks for PreToolUse:Bash
[DEBUG] Getting matching hook commands for PreToolUse with query: Bash
[DEBUG] Found 1 hook matchers in settings
[DEBUG] Matched 0 unique hooks for query "Bash" (0 before deduplication)
[DEBUG] Found 0 hook commands to execute
[DEBUG] executePreToolHooks called for tool: Bash
[DEBUG] Executing hooks for PreToolUse:Bash
[DEBUG] Getting matching hook commands for PreToolUse with query: Bash
[DEBUG] Found 1 hook matchers in settings
[DEBUG] Matched 0 unique hooks for query "Bash" (0 before deduplication)
[DEBUG] Found 0 hook commands to execute
[DEBUG] Executing hooks for PostToolUse:Bash
[DEBUG] Getting matching hook commands for PostToolUse with query: Bash
[DEBUG] Found 0 hook matchers in settings
[DEBUG] Matched 0 unique hooks for query "Bash" (0 before deduplication)
[DEBUG] Found 0 hook commands to execute
[DEBUG] Hooks: getAsyncHookResponseAttachments called
[DEBUG] Hooks: checkForNewResponses called
[DEBUG] Hooks: Found 0 total hooks in registry
[DEBUG] Hooks: checkForNewResponses returning 0 responses
[DEBUG] Slash commands included in SlashCommand tool: /seek
[DEBUG] Stream started - received first chunk
[DEBUG] executePreToolHooks called for tool: Bash
[DEBUG] Executing hooks for PreToolUse:Bash
[DEBUG] Getting matching hook commands for PreToolUse with query: Bash
[DEBUG] Found 1 hook matchers in settings
[DEBUG] Matched 0 unique hooks for query "Bash" (0 before deduplication)
[DEBUG] Found 0 hook commands to execute
[DEBUG] Executing hooks for PostToolUse:Bash
[DEBUG] Getting matching hook commands for PostToolUse with query: Bash
[DEBUG] Found 0 hook matchers in settings
[DEBUG] Matched 0 unique hooks for query "Bash" (0 before deduplication)
[DEBUG] Found 0 hook commands to execute
[DEBUG] Hooks: getAsyncHookResponseAttachments called
[DEBUG] Hooks: checkForNewResponses called
[DEBUG] Hooks: Found 0 total hooks in registry
[DEBUG] Hooks: checkForNewResponses returning 0 responses
[DEBUG] Slash commands included in SlashCommand tool: /seek
[DEBUG] Stream started - received first chunk
[DEBUG] executePreToolHooks called for tool: Bash
[DEBUG] Executing hooks for PreToolUse:Bash
[DEBUG] Getting matching hook commands for PreToolUse with query: Bash
[DEBUG] Found 1 hook matchers in settings
[DEBUG] Matched 0 unique hooks for query "Bash" (0 before deduplication)
[DEBUG] Found 0 hook commands to execute
[DEBUG] Executing hooks for PostToolUse:Bash
[DEBUG] Getting matching hook commands for PostToolUse with query: Bash
[DEBUG] Found 0 hook matchers in settings
[DEBUG] Matched 0 unique hooks for query "Bash" (0 before deduplication)
[DEBUG] Found 0 hook commands to execute
[DEBUG] executePreToolHooks called for tool: Bash
[DEBUG] Executing hooks for PreToolUse:Bash
[DEBUG] Getting matching hook commands for PreToolUse with query: Bash
[DEBUG] Found 1 hook matchers in settings
[DEBUG] Matched 0 unique hooks for query "Bash" (0 before deduplication)
[DEBUG] Found 0 hook commands to execute
[DEBUG] Executing hooks for PostToolUse:Bash
[DEBUG] Getting matching hook commands for PostToolUse with query: Bash
[DEBUG] Found 0 hook matchers in settings
[DEBUG] Matched 0 unique hooks for query "Bash" (0 before deduplication)
[DEBUG] Found 0 hook commands to execute
[DEBUG] Hooks: getAsyncHookResponseAttachments called
[DEBUG] Hooks: checkForNewResponses called
[DEBUG] Hooks: Found 0 total hooks in registry
[DEBUG] Hooks: checkForNewResponses returning 0 responses
[DEBUG] Slash commands included in SlashCommand tool: /seek
[DEBUG] Stream started - received first chunk
[DEBUG] Writing to temp file: /Users/walterday/.claude.json.tmp.40262.1760551100077
[DEBUG] Preserving file permissions: 100644
[DEBUG] Temp file written successfully, size: 2143909 bytes
[DEBUG] Applied original permissions to temp file
[DEBUG] Renaming /Users/walterday/.claude.json.tmp.40262.1760551100077 to /Users/walterday/.claude.json
[DEBUG] File /Users/walterday/.claude.json written atomically
[DEBUG] Executing hooks for Stop
[DEBUG] Getting matching hook commands for Stop with query: undefined
[DEBUG] Found 0 hook matchers in settings
[DEBUG] Matched 0 unique hooks for query "no match query" (0 before deduplication)
[DEBUG] Found 0 hook commands to execute
[DEBUG] Writing to temp file: /Users/walterday/.claude.json.tmp.40262.1760551100124
[DEBUG] Preserving file permissions: 100644
[DEBUG] Temp file written successfully, size: 2143909 bytes
[DEBUG] Applied original permissions to temp file
[DEBUG] Renaming /Users/walterday/.claude.json.tmp.40262.1760551100124 to /Users/walterday/.claude.json
[DEBUG] File /Users/walterday/.claude.json written atomically
[DEBUG] Writing to temp file: /Users/walterday/.claude.json.tmp.40262.1760551100174
[DEBUG] Preserving file permissions: 100644
[DEBUG] Temp file written successfully, size: 2144228 bytes
[DEBUG] Applied original permissions to temp file
[DEBUG] Renaming /Users/walterday/.claude.json.tmp.40262.1760551100174 to /Users/walterday/.claude.json
[DEBUG] File /Users/walterday/.claude.json written atomically
[DEBUG] AutoUpdaterWrapper: Installation type: npm-global, using native: false
[DEBUG] AutoUpdater: Detected installation type: npm-global
[DEBUG] AutoUpdater: Using global update method
[DEBUG] AutoUpdaterWrapper: Installation type: npm-global, using native: false
[DEBUG] Slash commands included in SlashCommand tool: /seek
[DEBUG] Slash commands included in SlashCommand tool: /seek
[DEBUG] AutoUpdater: Detected installation type: npm-global
[DEBUG] AutoUpdater: Using global update method
[DEBUG] FileHistory: Making snapshot for message 6917f615-2e7a-4e22-9c0f-9e3626d2dfb2
[DEBUG] FileHistory: Added snapshot for 6917f615-2e7a-4e22-9c0f-9e3626d2dfb2, tracking 5 files
[DEBUG] Writing to temp file: /Users/walterday/.claude.json.tmp.40262.1760551226241
[DEBUG] Preserving file permissions: 100644
[DEBUG] Temp file written successfully, size: 2144228 bytes
[DEBUG] Applied original permissions to temp file
[DEBUG] Renaming /Users/walterday/.claude.json.tmp.40262.1760551226241 to /Users/walterday/.claude.json
[DEBUG] File /Users/walterday/.claude.json written atomically
[DEBUG] Writing to temp file: /Users/walterday/.claude.json.tmp.40262.1760551226294
[DEBUG] Preserving file permissions: 100644
[DEBUG] Temp file written successfully, size: 2144314 bytes
[DEBUG] Applied original permissions to temp file
[DEBUG] Renaming /Users/walterday/.claude.json.tmp.40262.1760551226294 to /Users/walterday/.claude.json
[DEBUG] File /Users/walterday/.claude.json written atomically
[DEBUG] AutoUpdaterWrapper: Installation type: npm-global, using native: false
[DEBUG] AutoUpdaterWrapper: Installation type: npm-global, using native: false
[DEBUG] Slash commands included in SlashCommand tool: /seek
[DEBUG] Slash commands included in SlashCommand tool: /seek
[DEBUG] AutoUpdater: Detected installation type: npm-global
[DEBUG] AutoUpdater: Using global update method
[DEBUG] FileHistory: Making snapshot for message 8b02fea7-812e-4ff3-858c-b84c3e4a713a
[DEBUG] FileHistory: Added snapshot for 8b02fea7-812e-4ff3-858c-b84c3e4a713a, tracking 5 files
[DEBUG] Writing to temp file: /Users/walterday/.claude.json.tmp.40262.1760551240912
[DEBUG] Preserving file permissions: 100644
[DEBUG] Temp file written successfully, size: 2144314 bytes
[DEBUG] Applied original permissions to temp file
[DEBUG] Renaming /Users/walterday/.claude.json.tmp.40262.1760551240912 to /Users/walterday/.claude.json
[DEBUG] File /Users/walterday/.claude.json written atomically
[DEBUG] Hooks: getAsyncHookResponseAttachments called
[DEBUG] Hooks: checkForNewResponses called
[DEBUG] Hooks: Found 0 total hooks in registry
[DEBUG] Hooks: checkForNewResponses returning 0 responses
[DEBUG] Executing hooks for UserPromptSubmit
[DEBUG] Getting matching hook commands for UserPromptSubmit with query: undefined
[DEBUG] Found 1 hook matchers in settings
[DEBUG] Matched 1 unique hooks for query "no match query" (1 before deduplication)
[DEBUG] Found 1 hook commands to execute
[DEBUG] Executing hook command: /Users/walterday/.claude/hooks/post-branch-create.sh with timeout 60000ms
[DEBUG] Hook command completed with status 0: /Users/walterday/.claude/hooks/post-branch-create.sh
[DEBUG] Hook output does not start with {, treating as plain text
[DEBUG] FileHistory: Making snapshot for message ec0f7c78-dfde-4a5a-ad67-2399cea00c65
[DEBUG] FileHistory: Added snapshot for ec0f7c78-dfde-4a5a-ad67-2399cea00c65, tracking 5 files
[DEBUG] Slash commands included in SlashCommand tool: /seek
[DEBUG] Stream started - received first chunk
[DEBUG] executePreToolHooks called for tool: Bash
[DEBUG] Executing hooks for PreToolUse:Bash
[DEBUG] Getting matching hook commands for PreToolUse with query: Bash
[DEBUG] Found 1 hook matchers in settings
[DEBUG] Matched 0 unique hooks for query "Bash" (0 before deduplication)
[DEBUG] Found 0 hook commands to execute
[DEBUG] Executing hooks for PostToolUse:Bash
[DEBUG] Getting matching hook commands for PostToolUse with query: Bash
[DEBUG] Found 0 hook matchers in settings
[DEBUG] Matched 0 unique hooks for query "Bash" (0 before deduplication)
[DEBUG] Found 0 hook commands to execute
[DEBUG] Hooks: getAsyncHookResponseAttachments called
[DEBUG] Hooks: checkForNewResponses called
[DEBUG] Hooks: Found 0 total hooks in registry
[DEBUG] Hooks: checkForNewResponses returning 0 responses
[DEBUG] Slash commands included in SlashCommand tool: /seek
[DEBUG] Stream started - received first chunk
[DEBUG] executePreToolHooks called for tool: Bash
[DEBUG] Executing hooks for PreToolUse:Bash
[DEBUG] Getting matching hook commands for PreToolUse with query: Bash
[DEBUG] Found 1 hook matchers in settings
[DEBUG] Matched 0 unique hooks for query "Bash" (0 before deduplication)
[DEBUG] Found 0 hook commands to execute
[DEBUG] Hooks: getAsyncHookResponseAttachments called
[DEBUG] Hooks: checkForNewResponses called
[DEBUG] Hooks: Found 0 total hooks in registry
[DEBUG] Hooks: checkForNewResponses returning 0 responses
[DEBUG] Slash commands included in SlashCommand tool: /seek
[DEBUG] Stream started - received first chunk
[DEBUG] executePreToolHooks called for tool: Bash
[DEBUG] Executing hooks for PreToolUse:Bash
[DEBUG] Getting matching hook commands for PreToolUse with query: Bash
[DEBUG] Found 1 hook matchers in settings
[DEBUG] Matched 0 unique hooks for query "Bash" (0 before deduplication)
[DEBUG] Found 0 hook commands to execute
[DEBUG] Executing hooks for PostToolUse:Bash
[DEBUG] Getting matching hook commands for PostToolUse with query: Bash
[DEBUG] Found 0 hook matchers in settings
[DEBUG] Matched 0 unique hooks for query "Bash" (0 before deduplication)
[DEBUG] Found 0 hook commands to execute
[DEBUG] Hooks: getAsyncHookResponseAttachments called
[DEBUG] Hooks: checkForNewResponses called
[DEBUG] Hooks: Found 0 total hooks in registry
[DEBUG] Hooks: checkForNewResponses returning 0 responses
[DEBUG] Slash commands included in SlashCommand tool: /seek
[DEBUG] Stream started - received first chunk
[DEBUG] executePreToolHooks called for tool: Read
[DEBUG] Executing hooks for PreToolUse:Read
[DEBUG] Getting matching hook commands for PreToolUse with query: Read
[DEBUG] Found 1 hook matchers in settings
[DEBUG] Matched 0 unique hooks for query "Read" (0 before deduplication)
[DEBUG] Found 0 hook commands to execute
[DEBUG] executePreToolHooks called for tool: WebFetch
[DEBUG] Executing hooks for PreToolUse:WebFetch
[DEBUG] Getting matching hook commands for PreToolUse with query: WebFetch
[DEBUG] Found 1 hook matchers in settings
[DEBUG] Matched 0 unique hooks for query "WebFetch" (0 before deduplication)
[DEBUG] Found 0 hook commands to execute
[DEBUG] Executing hooks for PostToolUse:Read
[DEBUG] Getting matching hook commands for PostToolUse with query: Read
[DEBUG] Found 0 hook matchers in settings
[DEBUG] Matched 0 unique hooks for query "Read" (0 before deduplication)
[DEBUG] Found 0 hook commands to execute
[DEBUG] Executing hooks for PostToolUse:WebFetch
[DEBUG] Getting matching hook commands for PostToolUse with query: WebFetch
[DEBUG] Found 0 hook matchers in settings
[DEBUG] Matched 0 unique hooks for query "WebFetch" (0 before deduplication)
[DEBUG] Found 0 hook commands to execute
[DEBUG] Hooks: getAsyncHookResponseAttachments called
[DEBUG] Hooks: checkForNewResponses called
[DEBUG] Hooks: Found 0 total hooks in registry
[DEBUG] Hooks: checkForNewResponses returning 0 responses
[DEBUG] Slash commands included in SlashCommand tool: /seek
[DEBUG] Stream started - received first chunk
[DEBUG] Writing to temp file: /Users/walterday/.claude/settings.json.tmp.40262.1760551291435
[DEBUG] Preserving file permissions: 100644
[DEBUG] Temp file written successfully, size: 631 bytes
[DEBUG] Applied original permissions to temp file
[DEBUG] Renaming /Users/walterday/.claude/settings.json.tmp.40262.1760551291435 to /Users/walterday/.claude/settings.json
[DEBUG] File /Users/walterday/.claude/settings.json written atomically
[DEBUG] executePreToolHooks called for tool: Edit
[DEBUG] Executing hooks for PreToolUse:Edit
[DEBUG] Getting matching hook commands for PreToolUse with query: Edit
[DEBUG] Found 1 hook matchers in settings
[DEBUG] Matched 1 unique hooks for query "Edit" (1 before deduplication)
[DEBUG] Found 1 hook commands to execute
[DEBUG] Executing hook command: /Users/walterday/.claude/scripts/validate-claude.sh with timeout 60000ms
[DEBUG] Hook command completed with status 0: /Users/walterday/.claude/scripts/validate-claude.sh
[DEBUG] Hook output does not start with {, treating as plain text
[DEBUG] FileHistory: Tracked file modification for /Users/walterday/Git/MerlinMines/Apps/sbi/.github/workflows/wolfi-package-updates.yaml
[DEBUG] Writing to temp file: /Users/walterday/Git/MerlinMines/Apps/sbi/.github/workflows/wolfi-package-updates.yaml.tmp.40262.1760551294402
[DEBUG] Preserving file permissions: 100644
[DEBUG] Temp file written successfully, size: 12219 bytes
[DEBUG] Applied original permissions to temp file
[DEBUG] Renaming /Users/walterday/Git/MerlinMines/Apps/sbi/.github/workflows/wolfi-package-updates.yaml.tmp.40262.1760551294402 to /Users/walterday/Git/MerlinMines/Apps/sbi/.github/workflows/wolfi-package-updates.yaml
[DEBUG] File /Users/walterday/Git/MerlinMines/Apps/sbi/.github/workflows/wolfi-package-updates.yaml written atomically
[DEBUG] Executing hooks for PostToolUse:Edit
[DEBUG] Getting matching hook commands for PostToolUse with query: Edit
[DEBUG] Found 0 hook matchers in settings
[DEBUG] Matched 0 unique hooks for query "Edit" (0 before deduplication)
[DEBUG] Found 0 hook commands to execute
[DEBUG] Hooks: getAsyncHookResponseAttachments called
[DEBUG] Hooks: checkForNewResponses called
[DEBUG] Hooks: Found 0 total hooks in registry
[DEBUG] Hooks: checkForNewResponses returning 0 responses
[DEBUG] Slash commands included in SlashCommand tool: /seek
[DEBUG] Stream started - received first chunk
[DEBUG] executePreToolHooks called for tool: Bash
[DEBUG] Executing hooks for PreToolUse:Bash
[DEBUG] Getting matching hook commands for PreToolUse with query: Bash
[DEBUG] Found 1 hook matchers in settings
[DEBUG] Matched 0 unique hooks for query "Bash" (0 before deduplication)
[DEBUG] Found 0 hook commands to execute
[DEBUG] Executing hooks for PostToolUse:Bash
[DEBUG] Getting matching hook commands for PostToolUse with query: Bash
[DEBUG] Found 0 hook matchers in settings
[DEBUG] Matched 0 unique hooks for query "Bash" (0 before deduplication)
[DEBUG] Found 0 hook commands to execute
[DEBUG] executePreToolHooks called for tool: Bash
[DEBUG] Executing hooks for PreToolUse:Bash
[DEBUG] Getting matching hook commands for PreToolUse with query: Bash
[DEBUG] Found 1 hook matchers in settings
[DEBUG] Matched 0 unique hooks for query "Bash" (0 before deduplication)
[DEBUG] Found 0 hook commands to execute
[DEBUG] Executing hooks for PostToolUse:Bash
[DEBUG] Getting matching hook commands for PostToolUse with query: Bash
[DEBUG] Found 0 hook matchers in settings
[DEBUG] Matched 0 unique hooks for query "Bash" (0 before deduplication)
[DEBUG] Found 0 hook commands to execute
[DEBUG] Hooks: getAsyncHookResponseAttachments called
[DEBUG] Hooks: checkForNewResponses called
[DEBUG] Hooks: Found 0 total hooks in registry
[DEBUG] Hooks: checkForNewResponses returning 0 responses
[DEBUG] Slash commands included in SlashCommand tool: /seek
[DEBUG] Stream started - received first chunk
[DEBUG] Writing to temp file: /Users/walterday/.claude.json.tmp.40262.1760551309311
[DEBUG] Preserving file permissions: 100644
[DEBUG] Temp file written successfully, size: 2144314 bytes
[DEBUG] Applied original permissions to temp file
[DEBUG] Renaming /Users/walterday/.claude.json.tmp.40262.1760551309311 to /Users/walterday/.claude.json
[DEBUG] File /Users/walterday/.claude.json written atomically
[DEBUG] Executing hooks for Stop
[DEBUG] Getting matching hook commands for Stop with query: undefined
[DEBUG] Found 0 hook matchers in settings
[DEBUG] Matched 0 unique hooks for query "no match query" (0 before deduplication)
[DEBUG] Found 0 hook commands to execute
[DEBUG] Writing to temp file: /Users/walterday/.claude.json.tmp.40262.1760551309360
[DEBUG] Preserving file permissions: 100644
[DEBUG] Temp file written successfully, size: 2144314 bytes
[DEBUG] Applied original permissions to temp file
[DEBUG] Renaming /Users/walterday/.claude.json.tmp.40262.1760551309360 to /Users/walterday/.claude.json
[DEBUG] File /Users/walterday/.claude.json written atomically
[DEBUG] Writing to temp file: /Users/walterday/.claude.json.tmp.40262.1760551309407
[DEBUG] Preserving file permissions: 100644
[DEBUG] Temp file written successfully, size: 2144499 bytes
[DEBUG] Applied original permissions to temp file
[DEBUG] Renaming /Users/walterday/.claude.json.tmp.40262.1760551309407 to /Users/walterday/.claude.json
[DEBUG] File /Users/walterday/.claude.json written atomically
[DEBUG] Hooks: getAsyncHookResponseAttachments called
[DEBUG] Hooks: checkForNewResponses called
[DEBUG] Hooks: Found 0 total hooks in registry
[DEBUG] Hooks: checkForNewResponses returning 0 responses
[DEBUG] Executing hooks for UserPromptSubmit
[DEBUG] Getting matching hook commands for UserPromptSubmit with query: undefined
[DEBUG] Found 1 hook matchers in settings
[DEBUG] Matched 1 unique hooks for query "no match query" (1 before deduplication)
[DEBUG] Found 1 hook commands to execute
[DEBUG] Executing hook command: /Users/walterday/.claude/hooks/post-branch-create.sh with timeout 60000ms
[DEBUG] Hook command completed with status 0: /Users/walterday/.claude/hooks/post-branch-create.sh
[DEBUG] Hook output does not start with {, treating as plain text
[DEBUG] FileHistory: Making snapshot for message 5e721816-ed34-4226-9947-88afc263219a
[DEBUG] FileHistory: Added snapshot for 5e721816-ed34-4226-9947-88afc263219a, tracking 6 files
[DEBUG] Slash commands included in SlashCommand tool: /seek
[DEBUG] Stream started - received first chunk
[DEBUG] executePreToolHooks called for tool: Bash
[DEBUG] Executing hooks for PreToolUse:Bash
[DEBUG] Getting matching hook commands for PreToolUse with query: Bash
[DEBUG] Found 1 hook matchers in settings
[DEBUG] Matched 0 unique hooks for query "Bash" (0 before deduplication)
[DEBUG] Found 0 hook commands to execute
[DEBUG] executePreToolHooks called for tool: Read
[DEBUG] Executing hooks for PreToolUse:Read
[DEBUG] Getting matching hook commands for PreToolUse with query: Read
[DEBUG] Found 1 hook matchers in settings
[DEBUG] Matched 0 unique hooks for query "Read" (0 before deduplication)
[DEBUG] Found 0 hook commands to execute
[DEBUG] Executing hooks for PostToolUse:Read
[DEBUG] Getting matching hook commands for PostToolUse with query: Read
[DEBUG] Found 0 hook matchers in settings
[DEBUG] Matched 0 unique hooks for query "Read" (0 before deduplication)
[DEBUG] Found 0 hook commands to execute
[DEBUG] Executing hooks for PostToolUse:Bash
[DEBUG] Getting matching hook commands for PostToolUse with query: Bash
[DEBUG] Found 0 hook matchers in settings
[DEBUG] Matched 0 unique hooks for query "Bash" (0 before deduplication)
[DEBUG] Found 0 hook commands to execute
[DEBUG] Hooks: getAsyncHookResponseAttachments called
[DEBUG] Hooks: checkForNewResponses called
[DEBUG] Hooks: Found 0 total hooks in registry
[DEBUG] Hooks: checkForNewResponses returning 0 responses
[DEBUG] Slash commands included in SlashCommand tool: /seek
[DEBUG] Stream started - received first chunk
[DEBUG] executePreToolHooks called for tool: Bash
[DEBUG] Executing hooks for PreToolUse:Bash
[DEBUG] Getting matching hook commands for PreToolUse with query: Bash
[DEBUG] Found 1 hook matchers in settings
[DEBUG] Matched 0 unique hooks for query "Bash" (0 before deduplication)
[DEBUG] Found 0 hook commands to execute
[DEBUG] Permission suggestions for Bash: [
  {
    "type": "addRules",
    "rules": [
      {
        "toolName": "Bash",
        "ruleContent": "git fetch:*"
      }
    ],
    "behavior": "allow",
    "destination": "localSettings"
  }
]
[DEBUG] Persisting permission update: addRules to source 'localSettings'
[DEBUG] Persisting 1 allow rule(s) to localSettings
[DEBUG] Writing to temp file: /Users/walterday/Git/MerlinMines/Apps/sbi/.claude/settings.local.json.tmp.40262.1760551982127
[DEBUG] Preserving file permissions: 100644
[DEBUG] Temp file written successfully, size: 2382 bytes
[DEBUG] Applied original permissions to temp file
[DEBUG] Renaming /Users/walterday/Git/MerlinMines/Apps/sbi/.claude/settings.local.json.tmp.40262.1760551982127 to /Users/walterday/Git/MerlinMines/Apps/sbi/.claude/settings.local.json
[DEBUG] File /Users/walterday/Git/MerlinMines/Apps/sbi/.claude/settings.local.json written atomically
[DEBUG] Applying permission update: Adding 1 allow rule(s) to destination 'localSettings': ["Bash(git fetch:*)"]
[DEBUG] AutoUpdaterWrapper: Installation type: npm-global, using native: false
[DEBUG] AutoUpdater: Detected installation type: npm-global
[DEBUG] AutoUpdater: Using global update method
[DEBUG] Executing hooks for PostToolUse:Bash
[DEBUG] Getting matching hook commands for PostToolUse with query: Bash
[DEBUG] Found 0 hook matchers in settings
[DEBUG] Matched 0 unique hooks for query "Bash" (0 before deduplication)
[DEBUG] Found 0 hook commands to execute
[DEBUG] executePreToolHooks called for tool: Bash
[DEBUG] Executing hooks for PreToolUse:Bash
[DEBUG] Getting matching hook commands for PreToolUse with query: Bash
[DEBUG] Found 1 hook matchers in settings
[DEBUG] Matched 0 unique hooks for query "Bash" (0 before deduplication)
[DEBUG] Found 0 hook commands to execute
[DEBUG] Executing hooks for PostToolUse:Bash
[DEBUG] Getting matching hook commands for PostToolUse with query: Bash
[DEBUG] Found 0 hook matchers in settings
[DEBUG] Matched 0 unique hooks for query "Bash" (0 before deduplication)
[DEBUG] Found 0 hook commands to execute
[DEBUG] Hooks: getAsyncHookResponseAttachments called
[DEBUG] Hooks: checkForNewResponses called
[DEBUG] Hooks: Found 0 total hooks in registry
[DEBUG] Hooks: checkForNewResponses returning 0 responses
[DEBUG] Slash commands included in SlashCommand tool: /seek
[DEBUG] Stream started - received first chunk
[DEBUG] executePreToolHooks called for tool: WebFetch
[DEBUG] Executing hooks for PreToolUse:WebFetch
[DEBUG] Getting matching hook commands for PreToolUse with query: WebFetch
[DEBUG] Found 1 hook matchers in settings
[DEBUG] Matched 0 unique hooks for query "WebFetch" (0 before deduplication)
[DEBUG] Found 0 hook commands to execute
[DEBUG] Getting matching hook commands for Notification with query: undefined
[DEBUG] Found 0 hook matchers in settings
[DEBUG] Matched 0 unique hooks for query "no match query" (0 before deduplication)
[DEBUG] Persisting permission update: addRules to source 'localSettings'
[DEBUG] Persisting 1 allow rule(s) to localSettings
[DEBUG] Writing to temp file: /Users/walterday/Git/MerlinMines/Apps/sbi/.claude/settings.local.json.tmp.40262.1760552056967
[DEBUG] Preserving file permissions: 100644
[DEBUG] Temp file written successfully, size: 2434 bytes
[DEBUG] Applied original permissions to temp file
[DEBUG] Renaming /Users/walterday/Git/MerlinMines/Apps/sbi/.claude/settings.local.json.tmp.40262.1760552056967 to /Users/walterday/Git/MerlinMines/Apps/sbi/.claude/settings.local.json
[DEBUG] File /Users/walterday/Git/MerlinMines/Apps/sbi/.claude/settings.local.json written atomically
[DEBUG] Applying permission update: Adding 1 allow rule(s) to destination 'localSettings': ["WebFetch(domain:raw.githubusercontent.com)"]
[DEBUG] AutoUpdaterWrapper: Installation type: npm-global, using native: false
[DEBUG] AutoUpdater: Detected installation type: npm-global
[DEBUG] AutoUpdater: Using global update method
[DEBUG] Executing hooks for PostToolUse:WebFetch
[DEBUG] Getting matching hook commands for PostToolUse with query: WebFetch
[DEBUG] Found 0 hook matchers in settings
[DEBUG] Matched 0 unique hooks for query "WebFetch" (0 before deduplication)
[DEBUG] Found 0 hook commands to execute
[DEBUG] Hooks: getAsyncHookResponseAttachments called
[DEBUG] Hooks: checkForNewResponses called
[DEBUG] Hooks: Found 0 total hooks in registry
[DEBUG] Hooks: checkForNewResponses returning 0 responses
[DEBUG] Slash commands included in SlashCommand tool: /seek
[DEBUG] Stream started - received first chunk
[DEBUG] executePreToolHooks called for tool: Bash
[DEBUG] Executing hooks for PreToolUse:Bash
[DEBUG] Getting matching hook commands for PreToolUse with query: Bash
[DEBUG] Found 1 hook matchers in settings
[DEBUG] Matched 0 unique hooks for query "Bash" (0 before deduplication)
[DEBUG] Found 0 hook commands to execute
[DEBUG] Executing hooks for PostToolUse:Bash
[DEBUG] Getting matching hook commands for PostToolUse with query: Bash
[DEBUG] Found 0 hook matchers in settings
[DEBUG] Matched 0 unique hooks for query "Bash" (0 before deduplication)
[DEBUG] Found 0 hook commands to execute
[DEBUG] Hooks: getAsyncHookResponseAttachments called
[DEBUG] Hooks: checkForNewResponses called
[DEBUG] Hooks: Found 0 total hooks in registry
[DEBUG] Hooks: checkForNewResponses returning 0 responses
[DEBUG] Slash commands included in SlashCommand tool: /seek
[DEBUG] Stream started - received first chunk
[DEBUG] executePreToolHooks called for tool: Bash
[DEBUG] Executing hooks for PreToolUse:Bash
[DEBUG] Getting matching hook commands for PreToolUse with query: Bash
[DEBUG] Found 1 hook matchers in settings
[DEBUG] Matched 0 unique hooks for query "Bash" (0 before deduplication)
[DEBUG] Found 0 hook commands to execute
[DEBUG] Permission suggestions for Bash: [
  {
    "type": "addRules",
    "rules": [
      {
        "toolName": "Bash",
        "ruleContent": "curl -s \"https://raw.githubusercontent.com/The-Mines/sbi/main/.github/workflows/wolfi-package-updates.yaml\""
      }
    ],
    "behavior": "allow",
    "destination": "localSettings"
  },
  {
    "type": "addRules",
    "rules": [
      {
        "toolName": "Bash",
        "ruleContent": "cat:*"
      }
    ],
    "behavior": "allow",
    "destination": "localSettings"
  }
]
[DEBUG] Getting matching hook commands for Notification with query: undefined
[DEBUG] Found 0 hook matchers in settings
[DEBUG] Matched 0 unique hooks for query "no match query" (0 before deduplication)
[DEBUG] Persisting permission update: addRules to source 'localSettings'
[DEBUG] Persisting 1 allow rule(s) to localSettings
[DEBUG] Writing to temp file: /Users/walterday/Git/MerlinMines/Apps/sbi/.claude/settings.local.json.tmp.40262.1760552121506
[DEBUG] Preserving file permissions: 100644
[DEBUG] Temp file written successfully, size: 2559 bytes
[DEBUG] Applied original permissions to temp file
[DEBUG] Renaming /Users/walterday/Git/MerlinMines/Apps/sbi/.claude/settings.local.json.tmp.40262.1760552121506 to /Users/walterday/Git/MerlinMines/Apps/sbi/.claude/settings.local.json
[DEBUG] File /Users/walterday/Git/MerlinMines/Apps/sbi/.claude/settings.local.json written atomically
[DEBUG] Persisting permission update: addRules to source 'localSettings'
[DEBUG] Persisting 1 allow rule(s) to localSettings
[DEBUG] Writing to temp file: /Users/walterday/Git/MerlinMines/Apps/sbi/.claude/settings.local.json.tmp.40262.1760552121520
[DEBUG] Preserving file permissions: 100644
[DEBUG] Temp file written successfully, size: 2580 bytes
[DEBUG] Applied original permissions to temp file
[DEBUG] Renaming /Users/walterday/Git/MerlinMines/Apps/sbi/.claude/settings.local.json.tmp.40262.1760552121520 to /Users/walterday/Git/MerlinMines/Apps/sbi/.claude/settings.local.json
[DEBUG] File /Users/walterday/Git/MerlinMines/Apps/sbi/.claude/settings.local.json written atomically
[DEBUG] Applying permission update: Adding 1 allow rule(s) to destination 'localSettings': ["Bash(curl -s \"https://raw.githubusercontent.com/The-Mines/sbi/main/.github/workflows/wolfi-package-updates.yaml\")"]
[DEBUG] Applying permission update: Adding 1 allow rule(s) to destination 'localSettings': ["Bash(cat:*)"]
[DEBUG] AutoUpdaterWrapper: Installation type: npm-global, using native: false
[DEBUG] AutoUpdater: Detected installation type: npm-global
[DEBUG] AutoUpdater: Using global update method
[DEBUG] Executing hooks for PostToolUse:Bash
[DEBUG] Getting matching hook commands for PostToolUse with query: Bash
[DEBUG] Found 0 hook matchers in settings
[DEBUG] Matched 0 unique hooks for query "Bash" (0 before deduplication)
[DEBUG] Found 0 hook commands to execute
[DEBUG] Hooks: getAsyncHookResponseAttachments called
[DEBUG] Hooks: checkForNewResponses called
[DEBUG] Hooks: Found 0 total hooks in registry
[DEBUG] Hooks: checkForNewResponses returning 0 responses
[DEBUG] Slash commands included in SlashCommand tool: /seek
[DEBUG] Stream started - received first chunk
[DEBUG] executePreToolHooks called for tool: Bash
[DEBUG] Executing hooks for PreToolUse:Bash
[DEBUG] Getting matching hook commands for PreToolUse with query: Bash
[DEBUG] Found 1 hook matchers in settings
[DEBUG] Matched 0 unique hooks for query "Bash" (0 before deduplication)
[DEBUG] Found 0 hook commands to execute
[DEBUG] Executing hooks for PostToolUse:Bash
[DEBUG] Getting matching hook commands for PostToolUse with query: Bash
[DEBUG] Found 0 hook matchers in settings
[DEBUG] Matched 0 unique hooks for query "Bash" (0 before deduplication)
[DEBUG] Found 0 hook commands to execute
[DEBUG] executePreToolHooks called for tool: Bash
[DEBUG] Executing hooks for PreToolUse:Bash
[DEBUG] Getting matching hook commands for PreToolUse with query: Bash
[DEBUG] Found 1 hook matchers in settings
[DEBUG] Matched 0 unique hooks for query "Bash" (0 before deduplication)
[DEBUG] Found 0 hook commands to execute
[DEBUG] Executing hooks for PostToolUse:Bash
[DEBUG] Getting matching hook commands for PostToolUse with query: Bash
[DEBUG] Found 0 hook matchers in settings
[DEBUG] Matched 0 unique hooks for query "Bash" (0 before deduplication)
[DEBUG] Found 0 hook commands to execute
[DEBUG] Hooks: getAsyncHookResponseAttachments called
[DEBUG] Hooks: checkForNewResponses called
[DEBUG] Hooks: Found 0 total hooks in registry
[DEBUG] Hooks: checkForNewResponses returning 0 responses
[DEBUG] Slash commands included in SlashCommand tool: /seek
[DEBUG] Stream started - received first chunk
[DEBUG] executePreToolHooks called for tool: Bash
[DEBUG] Executing hooks for PreToolUse:Bash
[DEBUG] Getting matching hook commands for PreToolUse with query: Bash
[DEBUG] Found 1 hook matchers in settings
[DEBUG] Matched 0 unique hooks for query "Bash" (0 before deduplication)
[DEBUG] Found 0 hook commands to execute
[DEBUG] Executing hooks for PostToolUse:Bash
[DEBUG] Getting matching hook commands for PostToolUse with query: Bash
[DEBUG] Found 0 hook matchers in settings
[DEBUG] Matched 0 unique hooks for query "Bash" (0 before deduplication)
[DEBUG] Found 0 hook commands to execute
[DEBUG] Hooks: getAsyncHookResponseAttachments called
[DEBUG] Hooks: checkForNewResponses called
[DEBUG] Hooks: Found 0 total hooks in registry
[DEBUG] Hooks: checkForNewResponses returning 0 responses
[DEBUG] Slash commands included in SlashCommand tool: /seek
[DEBUG] Stream started - received first chunk
[DEBUG] executePreToolHooks called for tool: Bash
[DEBUG] Executing hooks for PreToolUse:Bash
[DEBUG] Getting matching hook commands for PreToolUse with query: Bash
[DEBUG] Found 1 hook matchers in settings
[DEBUG] Matched 0 unique hooks for query "Bash" (0 before deduplication)
[DEBUG] Found 0 hook commands to execute
[DEBUG] Executing hooks for PostToolUse:Bash
[DEBUG] Getting matching hook commands for PostToolUse with query: Bash
[DEBUG] Found 0 hook matchers in settings
[DEBUG] Matched 0 unique hooks for query "Bash" (0 before deduplication)
[DEBUG] Found 0 hook commands to execute
[DEBUG] Hooks: getAsyncHookResponseAttachments called
[DEBUG] Hooks: checkForNewResponses called
[DEBUG] Hooks: Found 0 total hooks in registry
[DEBUG] Hooks: checkForNewResponses returning 0 responses
[DEBUG] Slash commands included in SlashCommand tool: /seek
[DEBUG] Stream started - received first chunk
[DEBUG] executePreToolHooks called for tool: Bash
[DEBUG] Executing hooks for PreToolUse:Bash
[DEBUG] Getting matching hook commands for PreToolUse with query: Bash
[DEBUG] Found 1 hook matchers in settings
[DEBUG] Matched 0 unique hooks for query "Bash" (0 before deduplication)
[DEBUG] Found 0 hook commands to execute
[DEBUG] Executing hooks for PostToolUse:Bash
[DEBUG] Getting matching hook commands for PostToolUse with query: Bash
[DEBUG] Found 0 hook matchers in settings
[DEBUG] Matched 0 unique hooks for query "Bash" (0 before deduplication)
[DEBUG] Found 0 hook commands to execute
[DEBUG] Hooks: getAsyncHookResponseAttachments called
[DEBUG] Hooks: checkForNewResponses called
[DEBUG] Hooks: Found 0 total hooks in registry
[DEBUG] Hooks: checkForNewResponses returning 0 responses
[DEBUG] Slash commands included in SlashCommand tool: /seek
[DEBUG] Stream started - received first chunk
[DEBUG] executePreToolHooks called for tool: Read
[DEBUG] Executing hooks for PreToolUse:Read
[DEBUG] Getting matching hook commands for PreToolUse with query: Read
[DEBUG] Found 1 hook matchers in settings
[DEBUG] Matched 0 unique hooks for query "Read" (0 before deduplication)
[DEBUG] Found 0 hook commands to execute
[DEBUG] Executing hooks for PostToolUse:Read
[DEBUG] Getting matching hook commands for PostToolUse with query: Read
[DEBUG] Found 0 hook matchers in settings
[DEBUG] Matched 0 unique hooks for query "Read" (0 before deduplication)
[DEBUG] Found 0 hook commands to execute
[DEBUG] Hooks: getAsyncHookResponseAttachments called
[DEBUG] Hooks: checkForNewResponses called
[DEBUG] Hooks: Found 0 total hooks in registry
[DEBUG] Hooks: checkForNewResponses returning 0 responses
[DEBUG] Slash commands included in SlashCommand tool: /seek
[DEBUG] Stream started - received first chunk
[DEBUG] executePreToolHooks called for tool: Edit
[DEBUG] Executing hooks for PreToolUse:Edit
[DEBUG] Getting matching hook commands for PreToolUse with query: Edit
[DEBUG] Found 1 hook matchers in settings
[DEBUG] Matched 1 unique hooks for query "Edit" (1 before deduplication)
[DEBUG] Found 1 hook commands to execute
[DEBUG] Executing hook command: /Users/walterday/.claude/scripts/validate-claude.sh with timeout 60000ms
[DEBUG] Hook command completed with status 0: /Users/walterday/.claude/scripts/validate-claude.sh
[DEBUG] Hook output does not start with {, treating as plain text
[DEBUG] Writing to temp file: /Users/walterday/Git/MerlinMines/Apps/sbi/.github/workflows/wolfi-package-updates.yaml.tmp.40262.1760552202644
[DEBUG] Preserving file permissions: 100644
[DEBUG] Temp file written successfully, size: 12695 bytes
[DEBUG] Applied original permissions to temp file
[DEBUG] Renaming /Users/walterday/Git/MerlinMines/Apps/sbi/.github/workflows/wolfi-package-updates.yaml.tmp.40262.1760552202644 to /Users/walterday/Git/MerlinMines/Apps/sbi/.github/workflows/wolfi-package-updates.yaml
[DEBUG] File /Users/walterday/Git/MerlinMines/Apps/sbi/.github/workflows/wolfi-package-updates.yaml written atomically
[DEBUG] Executing hooks for PostToolUse:Edit
[DEBUG] Getting matching hook commands for PostToolUse with query: Edit
[DEBUG] Found 0 hook matchers in settings
[DEBUG] Matched 0 unique hooks for query "Edit" (0 before deduplication)
[DEBUG] Found 0 hook commands to execute
[DEBUG] Hooks: getAsyncHookResponseAttachments called
[DEBUG] Hooks: checkForNewResponses called
[DEBUG] Hooks: Found 0 total hooks in registry
[DEBUG] Hooks: checkForNewResponses returning 0 responses
[DEBUG] Slash commands included in SlashCommand tool: /seek
[DEBUG] Stream started - received first chunk
[DEBUG] executePreToolHooks called for tool: Bash
[DEBUG] Executing hooks for PreToolUse:Bash
[DEBUG] Getting matching hook commands for PreToolUse with query: Bash
[DEBUG] Found 1 hook matchers in settings
[DEBUG] Matched 0 unique hooks for query "Bash" (0 before deduplication)
[DEBUG] Found 0 hook commands to execute
[DEBUG] Getting matching hook commands for Notification with query: undefined
[DEBUG] Found 0 hook matchers in settings
[DEBUG] Matched 0 unique hooks for query "no match query" (0 before deduplication)
[DEBUG] AutoUpdaterWrapper: Installation type: npm-global, using native: false
[DEBUG] AutoUpdater: Detected installation type: npm-global
[DEBUG] AutoUpdater: Using global update method
[DEBUG] Executing hooks for PostToolUse:Bash
[DEBUG] Getting matching hook commands for PostToolUse with query: Bash
[DEBUG] Found 0 hook matchers in settings
[DEBUG] Matched 0 unique hooks for query "Bash" (0 before deduplication)
[DEBUG] Found 0 hook commands to execute
[DEBUG] executePreToolHooks called for tool: Bash
[DEBUG] Executing hooks for PreToolUse:Bash
[DEBUG] Getting matching hook commands for PreToolUse with query: Bash
[DEBUG] Found 1 hook matchers in settings
[DEBUG] Matched 0 unique hooks for query "Bash" (0 before deduplication)
[DEBUG] Found 0 hook commands to execute
[DEBUG] Executing hooks for PostToolUse:Bash
[DEBUG] Getting matching hook commands for PostToolUse with query: Bash
[DEBUG] Found 0 hook matchers in settings
[DEBUG] Matched 0 unique hooks for query "Bash" (0 before deduplication)
[DEBUG] Found 0 hook commands to execute
[DEBUG] Hooks: getAsyncHookResponseAttachments called
[DEBUG] Hooks: checkForNewResponses called
[DEBUG] Hooks: Found 0 total hooks in registry
[DEBUG] Hooks: checkForNewResponses returning 0 responses
[DEBUG] Slash commands included in SlashCommand tool: /seek
[DEBUG] Stream started - received first chunk
[DEBUG] executePreToolHooks called for tool: Bash
[DEBUG] Executing hooks for PreToolUse:Bash
[DEBUG] Getting matching hook commands for PreToolUse with query: Bash
[DEBUG] Found 1 hook matchers in settings
[DEBUG] Matched 0 unique hooks for query "Bash" (0 before deduplication)
[DEBUG] Found 0 hook commands to execute
[DEBUG] Executing hooks for PostToolUse:Bash
[DEBUG] Getting matching hook commands for PostToolUse with query: Bash
[DEBUG] Found 0 hook matchers in settings
[DEBUG] Matched 0 unique hooks for query "Bash" (0 before deduplication)
[DEBUG] Found 0 hook commands to execute
[DEBUG] Hooks: getAsyncHookResponseAttachments called
[DEBUG] Hooks: checkForNewResponses called
[DEBUG] Hooks: Found 0 total hooks in registry
[DEBUG] Hooks: checkForNewResponses returning 0 responses
[DEBUG] Slash commands included in SlashCommand tool: /seek
[DEBUG] Stream started - received first chunk
[DEBUG] executePreToolHooks called for tool: Bash
[DEBUG] Executing hooks for PreToolUse:Bash
[DEBUG] Getting matching hook commands for PreToolUse with query: Bash
[DEBUG] Found 1 hook matchers in settings
[DEBUG] Matched 0 unique hooks for query "Bash" (0 before deduplication)
[DEBUG] Found 0 hook commands to execute
[DEBUG] Executing hooks for PostToolUse:Bash
[DEBUG] Getting matching hook commands for PostToolUse with query: Bash
[DEBUG] Found 0 hook matchers in settings
[DEBUG] Matched 0 unique hooks for query "Bash" (0 before deduplication)
[DEBUG] Found 0 hook commands to execute
[DEBUG] Hooks: getAsyncHookResponseAttachments called
[DEBUG] Hooks: checkForNewResponses called
[DEBUG] Hooks: Found 0 total hooks in registry
[DEBUG] Hooks: checkForNewResponses returning 0 responses
[DEBUG] Slash commands included in SlashCommand tool: /seek
[DEBUG] Stream started - received first chunk
[DEBUG] executePreToolHooks called for tool: Bash
[DEBUG] Executing hooks for PreToolUse:Bash
[DEBUG] Getting matching hook commands for PreToolUse with query: Bash
[DEBUG] Found 1 hook matchers in settings
[DEBUG] Matched 0 unique hooks for query "Bash" (0 before deduplication)
[DEBUG] Found 0 hook commands to execute
[DEBUG] Executing hooks for PostToolUse:Bash
[DEBUG] Getting matching hook commands for PostToolUse with query: Bash
[DEBUG] Found 0 hook matchers in settings
[DEBUG] Matched 0 unique hooks for query "Bash" (0 before deduplication)
[DEBUG] Found 0 hook commands to execute
[DEBUG] Hooks: getAsyncHookResponseAttachments called
[DEBUG] Hooks: checkForNewResponses called
[DEBUG] Hooks: Found 0 total hooks in registry
[DEBUG] Hooks: checkForNewResponses returning 0 responses
[DEBUG] Slash commands included in SlashCommand tool: /seek
[DEBUG] Stream started - received first chunk
[DEBUG] Writing to temp file: /Users/walterday/.claude.json.tmp.40262.1760552598331
[DEBUG] Preserving file permissions: 100644
[DEBUG] Temp file written successfully, size: 2144499 bytes
[DEBUG] Applied original permissions to temp file
[DEBUG] Renaming /Users/walterday/.claude.json.tmp.40262.1760552598331 to /Users/walterday/.claude.json
[DEBUG] File /Users/walterday/.claude.json written atomically
[DEBUG] Executing hooks for Stop
[DEBUG] Getting matching hook commands for Stop with query: undefined
[DEBUG] Found 0 hook matchers in settings
[DEBUG] Matched 0 unique hooks for query "no match query" (0 before deduplication)
[DEBUG] Found 0 hook commands to execute
[DEBUG] Writing to temp file: /Users/walterday/.claude.json.tmp.40262.1760552598392
[DEBUG] Preserving file permissions: 100644
[DEBUG] Temp file written successfully, size: 2144499 bytes
[DEBUG] Applied original permissions to temp file
[DEBUG] Renaming /Users/walterday/.claude.json.tmp.40262.1760552598392 to /Users/walterday/.claude.json
[DEBUG] File /Users/walterday/.claude.json written atomically
[DEBUG] Writing to temp file: /Users/walterday/.claude.json.tmp.40262.1760552598445
[DEBUG] Preserving file permissions: 100644
[DEBUG] Temp file written successfully, size: 2144929 bytes
[DEBUG] Applied original permissions to temp file
[DEBUG] Renaming /Users/walterday/.claude.json.tmp.40262.1760552598445 to /Users/walterday/.claude.json
[DEBUG] File /Users/walterday/.claude.json written atomically
[DEBUG] Getting matching hook commands for Notification with query: undefined
[DEBUG] Found 0 hook matchers in settings
[DEBUG] Matched 0 unique hooks for query "no match query" (0 before deduplication)
[DEBUG] AutoUpdater: Detected installation type: npm-global
[DEBUG] AutoUpdater: Using global update method
[DEBUG] AutoUpdater: Detected installation type: npm-global
[DEBUG] AutoUpdater: Using global update method
[DEBUG] AutoUpdater: Detected installation type: npm-global
[DEBUG] AutoUpdater: Using global update method
[DEBUG] AutoUpdater: Detected installation type: npm-global
[DEBUG] AutoUpdater: Using global update method
[DEBUG] AutoUpdater: Detected installation type: npm-global
[DEBUG] AutoUpdater: Using global update method
[DEBUG] AutoUpdater: Detected installation type: npm-global
[DEBUG] AutoUpdater: Using global update method
[DEBUG] npm view failed with code 1
[DEBUG] npm stderr: (empty)
[DEBUG] Getting matching hook commands for SessionEnd with query: undefined
[DEBUG] Found 0 hook matchers in settings
[DEBUG] Matched 0 unique hooks for query "no match query" (0 before deduplication)
[DEBUG] Cleaned up session snapshot: /Users/walterday/.claude/shell-snapshots/snapshot-bash-1760547440356-odorv4.sh
[DEBUG] MCP server "basic-memory": Sending SIGINT to MCP server process
[DEBUG] MCP server "basic-memory": SIGINT failed, sending SIGTERM to MCP server process
[ERROR] MCP server "basic-memory" Server stderr: /opt/homebrew/Cellar/python@3.13/3.13.7/Frameworks/Python.framework/Versions/3.13/lib/python3.13/multiprocessing/resource_tracker.py:324: UserWarning: resource_tracker: There appear to be 8 leaked semaphore objects to clean up at shutdown: {'/mp-e5kah5rb', '/mp-y8d3lgil', '/mp-58ih7mx5', '/mp-iyfwayh6', '/mp-p55junqz', '/mp-0gst5tbg', '/mp-ycdmcu7a', '/mp-wn1yedqn'}
  warnings.warn(
[DEBUG] MCP server "basic-memory": MCP server process exited cleanly
[DEBUG] Writing to temp file: /Users/walterday/.claude.json.tmp.40262.1760572909133
[DEBUG] Preserving file permissions: 100644
[DEBUG] Temp file written successfully, size: 2145365 bytes
[DEBUG] Applied original permissions to temp file
[DEBUG] Renaming /Users/walterday/.claude.json.tmp.40262.1760572909133 to /Users/walterday/.claude.json
[DEBUG] File /Users/walterday/.claude.json written atomically
